FE...
======================================================================
ERROR: test_parse_arguments_2 (ClassEval_2_0.ArgumentParserTestParseArguments.test_parse_arguments_2)
----------------------------------------------------------------------
Traceback (most recent call last):
  File "/Users/snigdhaghoshdastidar/Desktop/CS540/classeval_evaluation/ClassEval_2_0.py", line 147, in test_parse_arguments_2
    result, missing_args = self.parser.parse_arguments(command_str)
                           ^^^^^^^^^^^^^^^^^^^^^^^^^^^^^^^^^^^^^^^^
  File "/Users/snigdhaghoshdastidar/Desktop/CS540/classeval_evaluation/ClassEval_2_0.py", line 42, in parse_arguments
    arg_name, arg_value = arg[2:].split("=")
    ^^^^^^^^^^^^^^^^^^^
ValueError: not enough values to unpack (expected 2, got 1)

======================================================================
FAIL: test_parse_arguments_1 (ClassEval_2_0.ArgumentParserTestParseArguments.test_parse_arguments_1)
----------------------------------------------------------------------
Traceback (most recent call last):
  File "/Users/snigdhaghoshdastidar/Desktop/CS540/classeval_evaluation/ClassEval_2_0.py", line 139, in test_parse_arguments_1
    self.assertEqual(self.parser.get_argument("age"), 25)
AssertionError: '25' != 25

----------------------------------------------------------------------
Ran 5 tests in 0.001s

FAILED (failures=1, errors=1)
.....
----------------------------------------------------------------------
Ran 5 tests in 0.000s

OK
.....
----------------------------------------------------------------------
Ran 5 tests in 0.000s

OK
EEEEE
======================================================================
ERROR: test_convert_type_1 (ClassEval_2_0.ArgumentParserTestConvertType.test_convert_type_1)
----------------------------------------------------------------------
Traceback (most recent call last):
  File "/Users/snigdhaghoshdastidar/Desktop/CS540/classeval_evaluation/ClassEval_2_0.py", line 276, in test_convert_type_1
    result = self.parser._convert_type("age", "25")
             ^^^^^^^^^^^^^^^^^^^^^^^^^^^^^^^^^^^^^^
TypeError: ArgumentParser._convert_type() takes 2 positional arguments but 3 were given

======================================================================
ERROR: test_convert_type_2 (ClassEval_2_0.ArgumentParserTestConvertType.test_convert_type_2)
----------------------------------------------------------------------
Traceback (most recent call last):
  File "/Users/snigdhaghoshdastidar/Desktop/CS540/classeval_evaluation/ClassEval_2_0.py", line 282, in test_convert_type_2
    result = self.parser._convert_type("age", "twenty-five")
             ^^^^^^^^^^^^^^^^^^^^^^^^^^^^^^^^^^^^^^^^^^^^^^^
TypeError: ArgumentParser._convert_type() takes 2 positional arguments but 3 were given

======================================================================
ERROR: test_convert_type_3 (ClassEval_2_0.ArgumentParserTestConvertType.test_convert_type_3)
----------------------------------------------------------------------
Traceback (most recent call last):
  File "/Users/snigdhaghoshdastidar/Desktop/CS540/classeval_evaluation/ClassEval_2_0.py", line 287, in test_convert_type_3
    result = self.parser._convert_type("age", "25")
             ^^^^^^^^^^^^^^^^^^^^^^^^^^^^^^^^^^^^^^
TypeError: ArgumentParser._convert_type() takes 2 positional arguments but 3 were given

======================================================================
ERROR: test_convert_type_4 (ClassEval_2_0.ArgumentParserTestConvertType.test_convert_type_4)
----------------------------------------------------------------------
Traceback (most recent call last):
  File "/Users/snigdhaghoshdastidar/Desktop/CS540/classeval_evaluation/ClassEval_2_0.py", line 292, in test_convert_type_4
    result = self.parser._convert_type("verbose", "True")
             ^^^^^^^^^^^^^^^^^^^^^^^^^^^^^^^^^^^^^^^^^^^^
TypeError: ArgumentParser._convert_type() takes 2 positional arguments but 3 were given

======================================================================
ERROR: test_convert_type_5 (ClassEval_2_0.ArgumentParserTestConvertType.test_convert_type_5)
----------------------------------------------------------------------
Traceback (most recent call last):
  File "/Users/snigdhaghoshdastidar/Desktop/CS540/classeval_evaluation/ClassEval_2_0.py", line 297, in test_convert_type_5
    result = self.parser._convert_type("verbose", "False")
             ^^^^^^^^^^^^^^^^^^^^^^^^^^^^^^^^^^^^^^^^^^^^^
TypeError: ArgumentParser._convert_type() takes 2 positional arguments but 3 were given

----------------------------------------------------------------------
Ran 5 tests in 0.001s

FAILED (errors=5)
E
======================================================================
ERROR: test_main (ClassEval_2_0.ArgumentParserTestMain.test_main)
----------------------------------------------------------------------
Traceback (most recent call last):
  File "/Users/snigdhaghoshdastidar/Desktop/CS540/classeval_evaluation/ClassEval_2_0.py", line 313, in test_main
    parser.parse_arguments(command)
  File "/Users/snigdhaghoshdastidar/Desktop/CS540/classeval_evaluation/ClassEval_2_0.py", line 42, in parse_arguments
    arg_name, arg_value = arg[2:].split("=")
    ^^^^^^^^^^^^^^^^^^^
ValueError: not enough values to unpack (expected 2, got 1)

----------------------------------------------------------------------
Ran 1 test in 0.000s

FAILED (errors=1)
.....
----------------------------------------------------------------------
Ran 5 tests in 0.000s

OK
.....
----------------------------------------------------------------------
Ran 5 tests in 0.000s

OK
.
----------------------------------------------------------------------
Ran 1 test in 0.000s

OK
.....
----------------------------------------------------------------------
Ran 5 tests in 0.000s

OK
.......
----------------------------------------------------------------------
Ran 7 tests in 0.001s

OK
...
----------------------------------------------------------------------
Ran 3 tests in 0.000s

OK
.....
----------------------------------------------------------------------
Ran 5 tests in 0.001s

OK
.....
----------------------------------------------------------------------
Ran 5 tests in 0.000s

OK
.....
----------------------------------------------------------------------
Ran 5 tests in 0.001s

OK
.....
----------------------------------------------------------------------
Ran 5 tests in 0.001s

OK
.
----------------------------------------------------------------------
Ran 1 test in 0.000s

OK
.....
----------------------------------------------------------------------
Ran 5 tests in 0.000s

OK
.....
----------------------------------------------------------------------
Ran 5 tests in 0.000s

OK
.....
----------------------------------------------------------------------
Ran 5 tests in 0.000s

OK
.....
----------------------------------------------------------------------
Ran 5 tests in 0.000s

OK
.
----------------------------------------------------------------------
Ran 1 test in 0.000s

OK
.....
----------------------------------------------------------------------
Ran 5 tests in 0.000s

OK
.....
----------------------------------------------------------------------
Ran 5 tests in 0.000s

OK
F.EF.
======================================================================
ERROR: test_bad_character_heuristic_3 (ClassEval_15_0.BoyerMooreSearchTestBadCharacterHeuristic.test_bad_character_heuristic_3)
----------------------------------------------------------------------
Traceback (most recent call last):
  File "/Users/snigdhaghoshdastidar/Desktop/CS540/classeval_evaluation/ClassEval_15_0.py", line 126, in test_bad_character_heuristic_3
    self.assertEqual(boyerMooreSearch.bad_character_heuristic(), [0, 1, 2, 3, 4, 5, 6])
                     ^^^^^^^^^^^^^^^^^^^^^^^^^^^^^^^^^^^^^^^^^^
  File "/Users/snigdhaghoshdastidar/Desktop/CS540/classeval_evaluation/ClassEval_15_0.py", line 54, in bad_character_heuristic
    while i <= self.textLen - self.patLen:
          ^^^^^^^^^^^^^^^^^^^^^^^^^^^^^^^
func_timeout.dafunc.FunctionTimedOut5762641487194266714: Function run_unit_test (args=(<test_pipeline.AutoTest object at 0x11c0eec00>, 'ClassEval_15_0', 'BoyerMooreSearchTestBadCharacterHeuristic', 'ChatGPT_greedy_Data_Formatting')) (kwargs={}) timed out after 5.000000 seconds.


======================================================================
FAIL: test_bad_character_heuristic (ClassEval_15_0.BoyerMooreSearchTestBadCharacterHeuristic.test_bad_character_heuristic)
----------------------------------------------------------------------
Traceback (most recent call last):
  File "/Users/snigdhaghoshdastidar/Desktop/CS540/classeval_evaluation/ClassEval_15_0.py", line 118, in test_bad_character_heuristic
    self.assertEqual(boyerMooreSearch.bad_character_heuristic(), [0, 3])
AssertionError: Lists differ: [0] != [0, 3]

Second list contains 1 additional elements.
First extra element 1:
3

- [0]
+ [0, 3]

======================================================================
FAIL: test_bad_character_heuristic_4 (ClassEval_15_0.BoyerMooreSearchTestBadCharacterHeuristic.test_bad_character_heuristic_4)
----------------------------------------------------------------------
Traceback (most recent call last):
  File "/Users/snigdhaghoshdastidar/Desktop/CS540/classeval_evaluation/ClassEval_15_0.py", line 130, in test_bad_character_heuristic_4
    self.assertEqual(boyerMooreSearch.bad_character_heuristic(), [0, 4])
AssertionError: Lists differ: [0] != [0, 4]

Second list contains 1 additional elements.
First extra element 1:
4

- [0]
+ [0, 4]

----------------------------------------------------------------------
Ran 5 tests in 5.020s

FAILED (failures=2, errors=1)
F
======================================================================
FAIL: test_main (ClassEval_15_0.BoyerMooreSearchTestMain.test_main)
----------------------------------------------------------------------
Traceback (most recent call last):
  File "/Users/snigdhaghoshdastidar/Desktop/CS540/classeval_evaluation/ClassEval_15_0.py", line 141, in test_main
    self.assertEqual(boyerMooreSearch.bad_character_heuristic(), [0, 3])
AssertionError: Lists differ: [0] != [0, 3]

Second list contains 1 additional elements.
First extra element 1:
3

- [0]
+ [0, 3]

----------------------------------------------------------------------
Ran 1 test in 0.001s

FAILED (failures=1)
.....
----------------------------------------------------------------------
Ran 5 tests in 0.001s

OK
.....
----------------------------------------------------------------------
Ran 5 tests in 0.001s

OK
.....
----------------------------------------------------------------------
Ran 5 tests in 0.000s

OK
.....
----------------------------------------------------------------------
Ran 5 tests in 0.000s

OK
.....
----------------------------------------------------------------------
Ran 5 tests in 0.000s

OK
.....E
======================================================================
ERROR: test_convert_key_6 (ClassEval_18_0.CamelCaseMapTestConvertKey.test_convert_key_6)
----------------------------------------------------------------------
Traceback (most recent call last):
  File "/Users/snigdhaghoshdastidar/Desktop/CS540/classeval_evaluation/ClassEval_18_0.py", line 307, in test_convert_key_6
    self.assertEqual(camelize_map._convert_key(1234), 1234)
                     ^^^^^^^^^^^^^^^^^^^^^^^^^^^^^^^
  File "/Users/snigdhaghoshdastidar/Desktop/CS540/classeval_evaluation/ClassEval_18_0.py", line 87, in _convert_key
    return self._to_camel_case(key)
           ^^^^^^^^^^^^^^^^^^^^^^^^
  File "/Users/snigdhaghoshdastidar/Desktop/CS540/classeval_evaluation/ClassEval_18_0.py", line 99, in _to_camel_case
    words = key.split('_')
            ^^^^^^^^^
AttributeError: 'int' object has no attribute 'split'

----------------------------------------------------------------------
Ran 6 tests in 0.001s

FAILED (errors=1)
.....
----------------------------------------------------------------------
Ran 5 tests in 0.002s

OK
.
----------------------------------------------------------------------
Ran 1 test in 0.000s

OK
.....E
======================================================================
ERROR: test_convert_6 (ClassEval_27_0.CurrencyConverterTestConvert.test_convert_6)
----------------------------------------------------------------------
Traceback (most recent call last):
  File "/Users/snigdhaghoshdastidar/Desktop/CS540/classeval_evaluation/ClassEval_27_0.py", line 109, in test_convert_6
    res = cc.convert(64, '???', 'USD')
          ^^^^^^^^^^^^^^^^^^^^^^^^^^^^
  File "/Users/snigdhaghoshdastidar/Desktop/CS540/classeval_evaluation/ClassEval_27_0.py", line 36, in convert
    return amount * (self.rates[to_currency] / self.rates[from_currency])
                                               ~~~~~~~~~~^^^^^^^^^^^^^^^
KeyError: '???'

----------------------------------------------------------------------
Ran 6 tests in 0.001s

FAILED (errors=1)
.....
----------------------------------------------------------------------
Ran 5 tests in 0.000s

OK
......
----------------------------------------------------------------------
Ran 6 tests in 0.000s

OK
......
----------------------------------------------------------------------
Ran 6 tests in 0.000s

OK
.
----------------------------------------------------------------------
Ran 1 test in 0.000s

OK
.......
----------------------------------------------------------------------
Ran 7 tests in 0.000s

OK
..F...
======================================================================
FAIL: test_vigenere_decipher_3 (ClassEval_32_0.DecryptionUtilsTestVigenereDecipher.test_vigenere_decipher_3)
----------------------------------------------------------------------
Traceback (most recent call last):
  File "/Users/snigdhaghoshdastidar/Desktop/CS540/classeval_evaluation/ClassEval_32_0.py", line 140, in test_vigenere_decipher_3
    self.assertEqual(d.vigenere_decipher('LpPjOjE'), 'AbCdEfG')
AssertionError: 'UbWdYfA' != 'AbCdEfG'
- UbWdYfA
+ AbCdEfG


----------------------------------------------------------------------
Ran 6 tests in 0.001s

FAILED (failures=1)
EE.EE
======================================================================
ERROR: test_rail_fence_decipher (ClassEval_32_0.DecryptionUtilsTestRailFenceDecipher.test_rail_fence_decipher)
----------------------------------------------------------------------
Traceback (most recent call last):
  File "/Users/snigdhaghoshdastidar/Desktop/CS540/classeval_evaluation/ClassEval_32_0.py", line 158, in test_rail_fence_decipher
    self.assertEqual(d.rail_fence_decipher('Hoo!el,Wrdl l', 3), 'Hello, World!')
                     ^^^^^^^^^^^^^^^^^^^^^^^^^^^^^^^^^^^^^^^^^
  File "/Users/snigdhaghoshdastidar/Desktop/CS540/classeval_evaluation/ClassEval_32_0.py", line 90, in rail_fence_decipher
    plaintext += fence[row][col]
                 ~~~~~^^^^^
IndexError: list index out of range

======================================================================
ERROR: test_rail_fence_decipher_2 (ClassEval_32_0.DecryptionUtilsTestRailFenceDecipher.test_rail_fence_decipher_2)
----------------------------------------------------------------------
Traceback (most recent call last):
  File "/Users/snigdhaghoshdastidar/Desktop/CS540/classeval_evaluation/ClassEval_32_0.py", line 162, in test_rail_fence_decipher_2
    self.assertEqual(d.rail_fence_decipher('Hoo!el,Wrdl l', 4), 'H!W reoldll,o')
                     ^^^^^^^^^^^^^^^^^^^^^^^^^^^^^^^^^^^^^^^^^
  File "/Users/snigdhaghoshdastidar/Desktop/CS540/classeval_evaluation/ClassEval_32_0.py", line 90, in rail_fence_decipher
    plaintext += fence[row][col]
                 ~~~~~^^^^^
IndexError: list index out of range

======================================================================
ERROR: test_rail_fence_decipher_4 (ClassEval_32_0.DecryptionUtilsTestRailFenceDecipher.test_rail_fence_decipher_4)
----------------------------------------------------------------------
Traceback (most recent call last):
  File "/Users/snigdhaghoshdastidar/Desktop/CS540/classeval_evaluation/ClassEval_32_0.py", line 170, in test_rail_fence_decipher_4
    self.assertEqual(d.rail_fence_decipher('Hoo!el,Wrdl l', 6), 'Holrll d,!oeW')
                     ^^^^^^^^^^^^^^^^^^^^^^^^^^^^^^^^^^^^^^^^^
  File "/Users/snigdhaghoshdastidar/Desktop/CS540/classeval_evaluation/ClassEval_32_0.py", line 90, in rail_fence_decipher
    plaintext += fence[row][col]
                 ~~~~~^^^^^
IndexError: list index out of range

======================================================================
ERROR: test_rail_fence_decipher_5 (ClassEval_32_0.DecryptionUtilsTestRailFenceDecipher.test_rail_fence_decipher_5)
----------------------------------------------------------------------
Traceback (most recent call last):
  File "/Users/snigdhaghoshdastidar/Desktop/CS540/classeval_evaluation/ClassEval_32_0.py", line 174, in test_rail_fence_decipher_5
    self.assertEqual(d.rail_fence_decipher('Hoo!el,Wrdl l', 7), 'Hoe,rll dWl!o')
                     ^^^^^^^^^^^^^^^^^^^^^^^^^^^^^^^^^^^^^^^^^
  File "/Users/snigdhaghoshdastidar/Desktop/CS540/classeval_evaluation/ClassEval_32_0.py", line 90, in rail_fence_decipher
    plaintext += fence[row][col]
                 ~~~~~^^^^^
IndexError: list index out of range

----------------------------------------------------------------------
Ran 5 tests in 0.001s

FAILED (errors=4)
E
======================================================================
ERROR: test_main (ClassEval_32_0.DecryptionUtilsTestMain.test_main)
----------------------------------------------------------------------
Traceback (most recent call last):
  File "/Users/snigdhaghoshdastidar/Desktop/CS540/classeval_evaluation/ClassEval_32_0.py", line 182, in test_main
    self.assertEqual(d.rail_fence_decipher('Hoo!el,Wrdl l', 3), 'Hello, World!')
                     ^^^^^^^^^^^^^^^^^^^^^^^^^^^^^^^^^^^^^^^^^
  File "/Users/snigdhaghoshdastidar/Desktop/CS540/classeval_evaluation/ClassEval_32_0.py", line 90, in rail_fence_decipher
    plaintext += fence[row][col]
                 ~~~~~^^^^^
IndexError: list index out of range

----------------------------------------------------------------------
Ran 1 test in 0.000s

FAILED (errors=1)
......
----------------------------------------------------------------------
Ran 6 tests in 0.001s

OK
...F.
======================================================================
FAIL: test_vigenere_cipher_4 (ClassEval_37_0.EncryptionUtilsTestVigenereCipher.test_vigenere_cipher_4)
----------------------------------------------------------------------
Traceback (most recent call last):
  File "/Users/snigdhaghoshdastidar/Desktop/CS540/classeval_evaluation/ClassEval_37_0.py", line 121, in test_vigenere_cipher_4
    self.assertEqual(encryption_utils.vigenere_cipher("Hello, World! 123"), "Rijvs, Uyvjn! 123")
AssertionError: 'Rijvs, Ambpb! 123' != 'Rijvs, Uyvjn! 123'
- Rijvs, Ambpb! 123
+ Rijvs, Uyvjn! 123


----------------------------------------------------------------------
Ran 5 tests in 0.001s

FAILED (failures=1)
......
----------------------------------------------------------------------
Ran 6 tests in 0.000s

OK
.
----------------------------------------------------------------------
Ran 1 test in 0.000s

OK
......E
======================================================================
ERROR: test_interpolate_1d_7 (ClassEval_46_0.InterpolationTestInterpolate1d.test_interpolate_1d_7)
----------------------------------------------------------------------
Traceback (most recent call last):
  File "/Users/snigdhaghoshdastidar/Desktop/CS540/classeval_evaluation/ClassEval_46_0.py", line 96, in test_interpolate_1d_7
    self.assertEqual(interpolation.interpolate_1d([], [], [[], []]), [])
                     ^^^^^^^^^^^^^^^^^^^^^^^^^^^^^^^^^^^^^^^^^^^^^^
  File "/Users/snigdhaghoshdastidar/Desktop/CS540/classeval_evaluation/ClassEval_46_0.py", line 26, in interpolate_1d
    if xi <= x[0]:
             ~^^^
IndexError: list index out of range

----------------------------------------------------------------------
Ran 7 tests in 0.001s

FAILED (errors=1)
FFFFF
======================================================================
FAIL: test_interpolate_2d (ClassEval_46_0.InterpolationTestInterpolate2d.test_interpolate_2d)
----------------------------------------------------------------------
Traceback (most recent call last):
  File "/Users/snigdhaghoshdastidar/Desktop/CS540/classeval_evaluation/ClassEval_46_0.py", line 102, in test_interpolate_2d
    self.assertEqual(
AssertionError: Lists differ: [3.5, 7.5] != [3.0, 7.0]

First differing element 0:
3.5
3.0

- [3.5, 7.5]
?    ^    ^

+ [3.0, 7.0]
?    ^    ^


======================================================================
FAIL: test_interpolate_2d_2 (ClassEval_46_0.InterpolationTestInterpolate2d.test_interpolate_2d_2)
----------------------------------------------------------------------
Traceback (most recent call last):
  File "/Users/snigdhaghoshdastidar/Desktop/CS540/classeval_evaluation/ClassEval_46_0.py", line 108, in test_interpolate_2d_2
    self.assertEqual(
AssertionError: Lists differ: [None, None] != [4.5]

First differing element 0:
None
4.5

First list contains 1 additional elements.
First extra element 1:
None

- [None, None]
+ [4.5]

======================================================================
FAIL: test_interpolate_2d_3 (ClassEval_46_0.InterpolationTestInterpolate2d.test_interpolate_2d_3)
----------------------------------------------------------------------
Traceback (most recent call last):
  File "/Users/snigdhaghoshdastidar/Desktop/CS540/classeval_evaluation/ClassEval_46_0.py", line 114, in test_interpolate_2d_3
    self.assertEqual(
AssertionError: Lists differ: [None, None] != [7.5]

First differing element 0:
None
7.5

First list contains 1 additional elements.
First extra element 1:
None

- [None, None]
+ [7.5]

======================================================================
FAIL: test_interpolate_2d_4 (ClassEval_46_0.InterpolationTestInterpolate2d.test_interpolate_2d_4)
----------------------------------------------------------------------
Traceback (most recent call last):
  File "/Users/snigdhaghoshdastidar/Desktop/CS540/classeval_evaluation/ClassEval_46_0.py", line 120, in test_interpolate_2d_4
    self.assertEqual(
AssertionError: Lists differ: [None, None] != [9.0]

First differing element 0:
None
9.0

First list contains 1 additional elements.
First extra element 1:
None

- [None, None]
+ [9.0]

======================================================================
FAIL: test_interpolate_2d_5 (ClassEval_46_0.InterpolationTestInterpolate2d.test_interpolate_2d_5)
----------------------------------------------------------------------
Traceback (most recent call last):
  File "/Users/snigdhaghoshdastidar/Desktop/CS540/classeval_evaluation/ClassEval_46_0.py", line 126, in test_interpolate_2d_5
    self.assertEqual(
AssertionError: Lists differ: [3.5, 7.5] != [3.0, 7.0]

First differing element 0:
3.5
3.0

- [3.5, 7.5]
?    ^    ^

+ [3.0, 7.0]
?    ^    ^


----------------------------------------------------------------------
Ran 5 tests in 0.003s

FAILED (failures=5)
F
======================================================================
FAIL: test_main (ClassEval_46_0.InterpolationTestMain.test_main)
----------------------------------------------------------------------
Traceback (most recent call last):
  File "/Users/snigdhaghoshdastidar/Desktop/CS540/classeval_evaluation/ClassEval_46_0.py", line 135, in test_main
    self.assertEqual(
AssertionError: Lists differ: [3.5, 7.5] != [3.0, 7.0]

First differing element 0:
3.5
3.0

- [3.5, 7.5]
?    ^    ^

+ [3.0, 7.0]
?    ^    ^


----------------------------------------------------------------------
Ran 1 test in 0.000s

FAILED (failures=1)
.....
----------------------------------------------------------------------
Ran 5 tests in 0.001s

OK
.....
----------------------------------------------------------------------
Ran 5 tests in 0.001s

OK
.....
----------------------------------------------------------------------
Ran 5 tests in 0.000s

OK
.
----------------------------------------------------------------------
Ran 1 test in 0.000s

OK
FFFFF
======================================================================
FAIL: test_palindromic_length (ClassEval_55_0.ManacherTestPalindromicLength.test_palindromic_length)
----------------------------------------------------------------------
Traceback (most recent call last):
  File "/Users/snigdhaghoshdastidar/Desktop/CS540/classeval_evaluation/ClassEval_55_0.py", line 43, in test_palindromic_length
    self.assertEqual(manacher.palindromic_length(2, 1, 'a|b|a|b|a'), 2)
AssertionError: None != 2

======================================================================
FAIL: test_palindromic_length_2 (ClassEval_55_0.ManacherTestPalindromicLength.test_palindromic_length_2)
----------------------------------------------------------------------
Traceback (most recent call last):
  File "/Users/snigdhaghoshdastidar/Desktop/CS540/classeval_evaluation/ClassEval_55_0.py", line 46, in test_palindromic_length_2
    self.assertEqual(manacher.palindromic_length(2, 1, 'a|b|a|b|a|x|s|e'), 2)
AssertionError: None != 2

======================================================================
FAIL: test_palindromic_length_3 (ClassEval_55_0.ManacherTestPalindromicLength.test_palindromic_length_3)
----------------------------------------------------------------------
Traceback (most recent call last):
  File "/Users/snigdhaghoshdastidar/Desktop/CS540/classeval_evaluation/ClassEval_55_0.py", line 50, in test_palindromic_length_3
    self.assertEqual(manacher.palindromic_length(2, 3, 'a|b|a|b|a|x'), 0)
AssertionError: None != 0

======================================================================
FAIL: test_palindromic_length_4 (ClassEval_55_0.ManacherTestPalindromicLength.test_palindromic_length_4)
----------------------------------------------------------------------
Traceback (most recent call last):
  File "/Users/snigdhaghoshdastidar/Desktop/CS540/classeval_evaluation/ClassEval_55_0.py", line 54, in test_palindromic_length_4
    self.assertEqual(manacher.palindromic_length(9, 2, 'a|b|a|b|a|x'), 0)
AssertionError: None != 0

======================================================================
FAIL: test_palindromic_length_5 (ClassEval_55_0.ManacherTestPalindromicLength.test_palindromic_length_5)
----------------------------------------------------------------------
Traceback (most recent call last):
  File "/Users/snigdhaghoshdastidar/Desktop/CS540/classeval_evaluation/ClassEval_55_0.py", line 58, in test_palindromic_length_5
    self.assertEqual(manacher.palindromic_length(4, 1, 'a|b|a|b|a|x'), 4)
AssertionError: None != 4

----------------------------------------------------------------------
Ran 5 tests in 0.002s

FAILED (failures=5)
FFFFF
======================================================================
FAIL: test_palindromic_string (ClassEval_55_0.ManacherTestPalindromicString.test_palindromic_string)
----------------------------------------------------------------------
Traceback (most recent call last):
  File "/Users/snigdhaghoshdastidar/Desktop/CS540/classeval_evaluation/ClassEval_55_0.py", line 64, in test_palindromic_string
    self.assertEqual(manacher.palindromic_string(), 'ababa')
AssertionError: None != 'ababa'

======================================================================
FAIL: test_palindromic_string_2 (ClassEval_55_0.ManacherTestPalindromicString.test_palindromic_string_2)
----------------------------------------------------------------------
Traceback (most recent call last):
  File "/Users/snigdhaghoshdastidar/Desktop/CS540/classeval_evaluation/ClassEval_55_0.py", line 68, in test_palindromic_string_2
    self.assertEqual(manacher.palindromic_string(), 'ababa')
AssertionError: None != 'ababa'

======================================================================
FAIL: test_palindromic_string_3 (ClassEval_55_0.ManacherTestPalindromicString.test_palindromic_string_3)
----------------------------------------------------------------------
Traceback (most recent call last):
  File "/Users/snigdhaghoshdastidar/Desktop/CS540/classeval_evaluation/ClassEval_55_0.py", line 72, in test_palindromic_string_3
    self.assertEqual(manacher.palindromic_string(), 'ababa')
AssertionError: None != 'ababa'

======================================================================
FAIL: test_palindromic_string_4 (ClassEval_55_0.ManacherTestPalindromicString.test_palindromic_string_4)
----------------------------------------------------------------------
Traceback (most recent call last):
  File "/Users/snigdhaghoshdastidar/Desktop/CS540/classeval_evaluation/ClassEval_55_0.py", line 76, in test_palindromic_string_4
    self.assertEqual(manacher.palindromic_string(), 'ababa')
AssertionError: None != 'ababa'

======================================================================
FAIL: test_palindromic_string_5 (ClassEval_55_0.ManacherTestPalindromicString.test_palindromic_string_5)
----------------------------------------------------------------------
Traceback (most recent call last):
  File "/Users/snigdhaghoshdastidar/Desktop/CS540/classeval_evaluation/ClassEval_55_0.py", line 80, in test_palindromic_string_5
    self.assertEqual(manacher.palindromic_string(), 'aba')
AssertionError: None != 'aba'

----------------------------------------------------------------------
Ran 5 tests in 0.002s

FAILED (failures=5)
F
======================================================================
FAIL: test_main (ClassEval_55_0.ManacherTestMain.test_main)
----------------------------------------------------------------------
Traceback (most recent call last):
  File "/Users/snigdhaghoshdastidar/Desktop/CS540/classeval_evaluation/ClassEval_55_0.py", line 86, in test_main
    self.assertEqual(manacher.palindromic_length(2, 1, 'a|b|a|b|a'), 2)
AssertionError: None != 2

----------------------------------------------------------------------
Ran 1 test in 0.000s

FAILED (failures=1)
EEEEE
======================================================================
ERROR: test_decimal_to_binary (ClassEval_64_0.NumberConverterTestDecimalToBinary.test_decimal_to_binary)
----------------------------------------------------------------------
Traceback (most recent call last):
  File "/Users/snigdhaghoshdastidar/Desktop/CS540/classeval_evaluation/ClassEval_64_0.py", line 19, in test_decimal_to_binary
    self.assertEqual('1010010110110111', NumberConverter.decimal_to_binary(42423))
                                         ^^^^^^^^^^^^^^^
NameError: name 'NumberConverter' is not defined

======================================================================
ERROR: test_decimal_to_binary_2 (ClassEval_64_0.NumberConverterTestDecimalToBinary.test_decimal_to_binary_2)
----------------------------------------------------------------------
Traceback (most recent call last):
  File "/Users/snigdhaghoshdastidar/Desktop/CS540/classeval_evaluation/ClassEval_64_0.py", line 22, in test_decimal_to_binary_2
    self.assertEqual('101001100010111', NumberConverter.decimal_to_binary(21271))
                                        ^^^^^^^^^^^^^^^
NameError: name 'NumberConverter' is not defined

======================================================================
ERROR: test_decimal_to_binary_3 (ClassEval_64_0.NumberConverterTestDecimalToBinary.test_decimal_to_binary_3)
----------------------------------------------------------------------
Traceback (most recent call last):
  File "/Users/snigdhaghoshdastidar/Desktop/CS540/classeval_evaluation/ClassEval_64_0.py", line 25, in test_decimal_to_binary_3
    self.assertEqual('1010010111010111', NumberConverter.decimal_to_binary(42455))
                                         ^^^^^^^^^^^^^^^
NameError: name 'NumberConverter' is not defined

======================================================================
ERROR: test_decimal_to_binary_4 (ClassEval_64_0.NumberConverterTestDecimalToBinary.test_decimal_to_binary_4)
----------------------------------------------------------------------
Traceback (most recent call last):
  File "/Users/snigdhaghoshdastidar/Desktop/CS540/classeval_evaluation/ClassEval_64_0.py", line 28, in test_decimal_to_binary_4
    self.assertEqual('10100101110101011', NumberConverter.decimal_to_binary(84907))
                                          ^^^^^^^^^^^^^^^
NameError: name 'NumberConverter' is not defined

======================================================================
ERROR: test_decimal_to_binary_5 (ClassEval_64_0.NumberConverterTestDecimalToBinary.test_decimal_to_binary_5)
----------------------------------------------------------------------
Traceback (most recent call last):
  File "/Users/snigdhaghoshdastidar/Desktop/CS540/classeval_evaluation/ClassEval_64_0.py", line 31, in test_decimal_to_binary_5
    self.assertEqual('101001011101010111', NumberConverter.decimal_to_binary(169815))
                                           ^^^^^^^^^^^^^^^
NameError: name 'NumberConverter' is not defined

----------------------------------------------------------------------
Ran 5 tests in 0.021s

FAILED (errors=5)
EEEEE
======================================================================
ERROR: test_binary_to_decimal (ClassEval_64_0.NumberConverterTestBinaryToDecimal.test_binary_to_decimal)
----------------------------------------------------------------------
Traceback (most recent call last):
  File "/Users/snigdhaghoshdastidar/Desktop/CS540/classeval_evaluation/ClassEval_64_0.py", line 35, in test_binary_to_decimal
    self.assertEqual(42423, NumberConverter.binary_to_decimal('1010010110110111'))
                            ^^^^^^^^^^^^^^^
NameError: name 'NumberConverter' is not defined

======================================================================
ERROR: test_binary_to_decimal_2 (ClassEval_64_0.NumberConverterTestBinaryToDecimal.test_binary_to_decimal_2)
----------------------------------------------------------------------
Traceback (most recent call last):
  File "/Users/snigdhaghoshdastidar/Desktop/CS540/classeval_evaluation/ClassEval_64_0.py", line 38, in test_binary_to_decimal_2
    self.assertEqual(10615, NumberConverter.binary_to_decimal('10100101110111'))
                            ^^^^^^^^^^^^^^^
NameError: name 'NumberConverter' is not defined

======================================================================
ERROR: test_binary_to_decimal_3 (ClassEval_64_0.NumberConverterTestBinaryToDecimal.test_binary_to_decimal_3)
----------------------------------------------------------------------
Traceback (most recent call last):
  File "/Users/snigdhaghoshdastidar/Desktop/CS540/classeval_evaluation/ClassEval_64_0.py", line 41, in test_binary_to_decimal_3
    self.assertEqual(42455, NumberConverter.binary_to_decimal('1010010111010111'))
                            ^^^^^^^^^^^^^^^
NameError: name 'NumberConverter' is not defined

======================================================================
ERROR: test_binary_to_decimal_4 (ClassEval_64_0.NumberConverterTestBinaryToDecimal.test_binary_to_decimal_4)
----------------------------------------------------------------------
Traceback (most recent call last):
  File "/Users/snigdhaghoshdastidar/Desktop/CS540/classeval_evaluation/ClassEval_64_0.py", line 44, in test_binary_to_decimal_4
    self.assertEqual(169819, NumberConverter.binary_to_decimal('101001011101011011'))
                             ^^^^^^^^^^^^^^^
NameError: name 'NumberConverter' is not defined

======================================================================
ERROR: test_binary_to_decimal_5 (ClassEval_64_0.NumberConverterTestBinaryToDecimal.test_binary_to_decimal_5)
----------------------------------------------------------------------
Traceback (most recent call last):
  File "/Users/snigdhaghoshdastidar/Desktop/CS540/classeval_evaluation/ClassEval_64_0.py", line 47, in test_binary_to_decimal_5
    self.assertEqual(339639, NumberConverter.binary_to_decimal('1010010111010110111'))
                             ^^^^^^^^^^^^^^^
NameError: name 'NumberConverter' is not defined

----------------------------------------------------------------------
Ran 5 tests in 0.021s

FAILED (errors=5)
EEEEE
======================================================================
ERROR: test_decimal_to_octal (ClassEval_64_0.NumberConvertTestDecimalToOctal.test_decimal_to_octal)
----------------------------------------------------------------------
Traceback (most recent call last):
  File "/Users/snigdhaghoshdastidar/Desktop/CS540/classeval_evaluation/ClassEval_64_0.py", line 51, in test_decimal_to_octal
    self.assertEqual('122667', NumberConverter.decimal_to_octal(42423))
                               ^^^^^^^^^^^^^^^
NameError: name 'NumberConverter' is not defined

======================================================================
ERROR: test_decimal_to_octal_2 (ClassEval_64_0.NumberConvertTestDecimalToOctal.test_decimal_to_octal_2)
----------------------------------------------------------------------
Traceback (most recent call last):
  File "/Users/snigdhaghoshdastidar/Desktop/CS540/classeval_evaluation/ClassEval_64_0.py", line 54, in test_decimal_to_octal_2
    self.assertEqual('51427', NumberConverter.decimal_to_octal(21271))
                              ^^^^^^^^^^^^^^^
NameError: name 'NumberConverter' is not defined

======================================================================
ERROR: test_decimal_to_octal_3 (ClassEval_64_0.NumberConvertTestDecimalToOctal.test_decimal_to_octal_3)
----------------------------------------------------------------------
Traceback (most recent call last):
  File "/Users/snigdhaghoshdastidar/Desktop/CS540/classeval_evaluation/ClassEval_64_0.py", line 57, in test_decimal_to_octal_3
    self.assertEqual('245653', NumberConverter.decimal_to_octal(84907))
                               ^^^^^^^^^^^^^^^
NameError: name 'NumberConverter' is not defined

======================================================================
ERROR: test_decimal_to_octal_4 (ClassEval_64_0.NumberConvertTestDecimalToOctal.test_decimal_to_octal_4)
----------------------------------------------------------------------
Traceback (most recent call last):
  File "/Users/snigdhaghoshdastidar/Desktop/CS540/classeval_evaluation/ClassEval_64_0.py", line 60, in test_decimal_to_octal_4
    self.assertEqual('513527', NumberConverter.decimal_to_octal(169815))
                               ^^^^^^^^^^^^^^^
NameError: name 'NumberConverter' is not defined

======================================================================
ERROR: test_decimal_to_octal_5 (ClassEval_64_0.NumberConvertTestDecimalToOctal.test_decimal_to_octal_5)
----------------------------------------------------------------------
Traceback (most recent call last):
  File "/Users/snigdhaghoshdastidar/Desktop/CS540/classeval_evaluation/ClassEval_64_0.py", line 63, in test_decimal_to_octal_5
    self.assertEqual('1227256', NumberConverter.decimal_to_octal(339630))
                                ^^^^^^^^^^^^^^^
NameError: name 'NumberConverter' is not defined

----------------------------------------------------------------------
Ran 5 tests in 0.018s

FAILED (errors=5)
EEEEE
======================================================================
ERROR: test_octal_to_decimal (ClassEval_64_0.NumberConvertTestOctalToDecimal.test_octal_to_decimal)
----------------------------------------------------------------------
Traceback (most recent call last):
  File "/Users/snigdhaghoshdastidar/Desktop/CS540/classeval_evaluation/ClassEval_64_0.py", line 67, in test_octal_to_decimal
    self.assertEqual(42423, NumberConverter.octal_to_decimal('122667'))
                            ^^^^^^^^^^^^^^^
NameError: name 'NumberConverter' is not defined

======================================================================
ERROR: test_octal_to_decimal_2 (ClassEval_64_0.NumberConvertTestOctalToDecimal.test_octal_to_decimal_2)
----------------------------------------------------------------------
Traceback (most recent call last):
  File "/Users/snigdhaghoshdastidar/Desktop/CS540/classeval_evaluation/ClassEval_64_0.py", line 70, in test_octal_to_decimal_2
    self.assertEqual(21271, NumberConverter.octal_to_decimal('51427'))
                            ^^^^^^^^^^^^^^^
NameError: name 'NumberConverter' is not defined

======================================================================
ERROR: test_octal_to_decimal_3 (ClassEval_64_0.NumberConvertTestOctalToDecimal.test_octal_to_decimal_3)
----------------------------------------------------------------------
Traceback (most recent call last):
  File "/Users/snigdhaghoshdastidar/Desktop/CS540/classeval_evaluation/ClassEval_64_0.py", line 73, in test_octal_to_decimal_3
    self.assertEqual(84907, NumberConverter.octal_to_decimal('245653'))
                            ^^^^^^^^^^^^^^^
NameError: name 'NumberConverter' is not defined

======================================================================
ERROR: test_octal_to_decimal_4 (ClassEval_64_0.NumberConvertTestOctalToDecimal.test_octal_to_decimal_4)
----------------------------------------------------------------------
Traceback (most recent call last):
  File "/Users/snigdhaghoshdastidar/Desktop/CS540/classeval_evaluation/ClassEval_64_0.py", line 76, in test_octal_to_decimal_4
    self.assertEqual(169815, NumberConverter.octal_to_decimal('513527'))
                             ^^^^^^^^^^^^^^^
NameError: name 'NumberConverter' is not defined

======================================================================
ERROR: test_octal_to_decimal_5 (ClassEval_64_0.NumberConvertTestOctalToDecimal.test_octal_to_decimal_5)
----------------------------------------------------------------------
Traceback (most recent call last):
  File "/Users/snigdhaghoshdastidar/Desktop/CS540/classeval_evaluation/ClassEval_64_0.py", line 79, in test_octal_to_decimal_5
    self.assertEqual(339630, NumberConverter.octal_to_decimal('1227256'))
                             ^^^^^^^^^^^^^^^
NameError: name 'NumberConverter' is not defined

----------------------------------------------------------------------
Ran 5 tests in 0.018s

FAILED (errors=5)
EEEEE
======================================================================
ERROR: test_decimal_to_hex (ClassEval_64_0.NumberConvertTestDecimalToHex.test_decimal_to_hex)
----------------------------------------------------------------------
Traceback (most recent call last):
  File "/Users/snigdhaghoshdastidar/Desktop/CS540/classeval_evaluation/ClassEval_64_0.py", line 83, in test_decimal_to_hex
    self.assertEqual('a5b7', NumberConverter.decimal_to_hex(42423))
                             ^^^^^^^^^^^^^^^
NameError: name 'NumberConverter' is not defined

======================================================================
ERROR: test_decimal_to_hex_2 (ClassEval_64_0.NumberConvertTestDecimalToHex.test_decimal_to_hex_2)
----------------------------------------------------------------------
Traceback (most recent call last):
  File "/Users/snigdhaghoshdastidar/Desktop/CS540/classeval_evaluation/ClassEval_64_0.py", line 86, in test_decimal_to_hex_2
    self.assertEqual('5317', NumberConverter.decimal_to_hex(21271))
                             ^^^^^^^^^^^^^^^
NameError: name 'NumberConverter' is not defined

======================================================================
ERROR: test_decimal_to_hex_3 (ClassEval_64_0.NumberConvertTestDecimalToHex.test_decimal_to_hex_3)
----------------------------------------------------------------------
Traceback (most recent call last):
  File "/Users/snigdhaghoshdastidar/Desktop/CS540/classeval_evaluation/ClassEval_64_0.py", line 89, in test_decimal_to_hex_3
    self.assertEqual('14bab', NumberConverter.decimal_to_hex(84907))
                              ^^^^^^^^^^^^^^^
NameError: name 'NumberConverter' is not defined

======================================================================
ERROR: test_decimal_to_hex_4 (ClassEval_64_0.NumberConvertTestDecimalToHex.test_decimal_to_hex_4)
----------------------------------------------------------------------
Traceback (most recent call last):
  File "/Users/snigdhaghoshdastidar/Desktop/CS540/classeval_evaluation/ClassEval_64_0.py", line 92, in test_decimal_to_hex_4
    self.assertEqual('29757', NumberConverter.decimal_to_hex(169815))
                              ^^^^^^^^^^^^^^^
NameError: name 'NumberConverter' is not defined

======================================================================
ERROR: test_decimal_to_hex_5 (ClassEval_64_0.NumberConvertTestDecimalToHex.test_decimal_to_hex_5)
----------------------------------------------------------------------
Traceback (most recent call last):
  File "/Users/snigdhaghoshdastidar/Desktop/CS540/classeval_evaluation/ClassEval_64_0.py", line 95, in test_decimal_to_hex_5
    self.assertEqual('52eb7', NumberConverter.decimal_to_hex(339639))
                              ^^^^^^^^^^^^^^^
NameError: name 'NumberConverter' is not defined

----------------------------------------------------------------------
Ran 5 tests in 0.019s

FAILED (errors=5)
EEEEE
======================================================================
ERROR: test_hex_to_decimal (ClassEval_64_0.NumberConvertTestHexToDecimal.test_hex_to_decimal)
----------------------------------------------------------------------
Traceback (most recent call last):
  File "/Users/snigdhaghoshdastidar/Desktop/CS540/classeval_evaluation/ClassEval_64_0.py", line 99, in test_hex_to_decimal
    self.assertEqual(42423, NumberConverter.hex_to_decimal('a5b7'))
                            ^^^^^^^^^^^^^^^
NameError: name 'NumberConverter' is not defined

======================================================================
ERROR: test_hex_to_decimal_2 (ClassEval_64_0.NumberConvertTestHexToDecimal.test_hex_to_decimal_2)
----------------------------------------------------------------------
Traceback (most recent call last):
  File "/Users/snigdhaghoshdastidar/Desktop/CS540/classeval_evaluation/ClassEval_64_0.py", line 102, in test_hex_to_decimal_2
    self.assertEqual(21207, NumberConverter.hex_to_decimal('52d7'))
                            ^^^^^^^^^^^^^^^
NameError: name 'NumberConverter' is not defined

======================================================================
ERROR: test_hex_to_decimal_3 (ClassEval_64_0.NumberConvertTestHexToDecimal.test_hex_to_decimal_3)
----------------------------------------------------------------------
Traceback (most recent call last):
  File "/Users/snigdhaghoshdastidar/Desktop/CS540/classeval_evaluation/ClassEval_64_0.py", line 105, in test_hex_to_decimal_3
    self.assertEqual(84627, NumberConverter.hex_to_decimal('14a93'))
                            ^^^^^^^^^^^^^^^
NameError: name 'NumberConverter' is not defined

======================================================================
ERROR: test_hex_to_decimal_4 (ClassEval_64_0.NumberConvertTestHexToDecimal.test_hex_to_decimal_4)
----------------------------------------------------------------------
Traceback (most recent call last):
  File "/Users/snigdhaghoshdastidar/Desktop/CS540/classeval_evaluation/ClassEval_64_0.py", line 108, in test_hex_to_decimal_4
    self.assertEqual(170615, NumberConverter.hex_to_decimal('29a77'))
                             ^^^^^^^^^^^^^^^
NameError: name 'NumberConverter' is not defined

======================================================================
ERROR: test_hex_to_decimal_5 (ClassEval_64_0.NumberConvertTestHexToDecimal.test_hex_to_decimal_5)
----------------------------------------------------------------------
Traceback (most recent call last):
  File "/Users/snigdhaghoshdastidar/Desktop/CS540/classeval_evaluation/ClassEval_64_0.py", line 111, in test_hex_to_decimal_5
    self.assertEqual(342647, NumberConverter.hex_to_decimal('53a77'))
                             ^^^^^^^^^^^^^^^
NameError: name 'NumberConverter' is not defined

----------------------------------------------------------------------
Ran 5 tests in 0.018s

FAILED (errors=5)
E
======================================================================
ERROR: test_main (ClassEval_64_0.NumberConvertTestMain.test_main)
----------------------------------------------------------------------
Traceback (most recent call last):
  File "/Users/snigdhaghoshdastidar/Desktop/CS540/classeval_evaluation/ClassEval_64_0.py", line 115, in test_main
    self.assertEqual('1010010110110111', NumberConverter.decimal_to_binary(42423))
                                         ^^^^^^^^^^^^^^^
NameError: name 'NumberConverter' is not defined

----------------------------------------------------------------------
Ran 1 test in 0.004s

FAILED (errors=1)
FFFFFE
======================================================================
ERROR: test_format_6 (ClassEval_65_0.NumberWordFormatterTestFormat.test_format_6)
----------------------------------------------------------------------
Traceback (most recent call last):
  File "/Users/snigdhaghoshdastidar/Desktop/CS540/classeval_evaluation/ClassEval_65_0.py", line 129, in test_format_6
    self.assertEqual(formatter.format(None), "")
                     ^^^^^^^^^^^^^^^^^^^^^^
  File "/Users/snigdhaghoshdastidar/Desktop/CS540/classeval_evaluation/ClassEval_65_0.py", line 36, in format
    return self.format_string(x_str)
           ^^^^^^^^^^^^^^^^^^^^^^^^^
  File "/Users/snigdhaghoshdastidar/Desktop/CS540/classeval_evaluation/ClassEval_65_0.py", line 48, in format_string
    hundreds = self.NUMBER[int(x[0])]
                           ^^^^^^^^^
ValueError: invalid literal for int() with base 10: 'N'

======================================================================
FAIL: test_format_1 (ClassEval_65_0.NumberWordFormatterTestFormat.test_format_1)
----------------------------------------------------------------------
Traceback (most recent call last):
  File "/Users/snigdhaghoshdastidar/Desktop/CS540/classeval_evaluation/ClassEval_65_0.py", line 108, in test_format_1
    self.assertEqual(formatter.format(123456),
AssertionError: 'ONE HUNDRED AND TWENTY THREE' != 'ONE HUNDRED AND TWENTY THREE THOUSAND FOUR HUNDRED AND FIFTY SIX ONLY'
- ONE HUNDRED AND TWENTY THREE
+ ONE HUNDRED AND TWENTY THREE THOUSAND FOUR HUNDRED AND FIFTY SIX ONLY


======================================================================
FAIL: test_format_2 (ClassEval_65_0.NumberWordFormatterTestFormat.test_format_2)
----------------------------------------------------------------------
Traceback (most recent call last):
  File "/Users/snigdhaghoshdastidar/Desktop/CS540/classeval_evaluation/ClassEval_65_0.py", line 113, in test_format_2
    self.assertEqual(formatter.format(1000), "ONE THOUSAND ONLY")
AssertionError: 'ONE HUNDRED' != 'ONE THOUSAND ONLY'
- ONE HUNDRED
+ ONE THOUSAND ONLY


======================================================================
FAIL: test_format_3 (ClassEval_65_0.NumberWordFormatterTestFormat.test_format_3)
----------------------------------------------------------------------
Traceback (most recent call last):
  File "/Users/snigdhaghoshdastidar/Desktop/CS540/classeval_evaluation/ClassEval_65_0.py", line 117, in test_format_3
    self.assertEqual(formatter.format(1000000), "ONE MILLION ONLY")
AssertionError: 'ONE HUNDRED' != 'ONE MILLION ONLY'
- ONE HUNDRED
+ ONE MILLION ONLY


======================================================================
FAIL: test_format_4 (ClassEval_65_0.NumberWordFormatterTestFormat.test_format_4)
----------------------------------------------------------------------
Traceback (most recent call last):
  File "/Users/snigdhaghoshdastidar/Desktop/CS540/classeval_evaluation/ClassEval_65_0.py", line 121, in test_format_4
    self.assertEqual(formatter.format(1.23), "ONE AND CENTS TWENTY THREE ONLY")
AssertionError: 'ONE POINT TWENTY THREE ONLY' != 'ONE AND CENTS TWENTY THREE ONLY'
- ONE POINT TWENTY THREE ONLY
?     ^^^
+ ONE AND CENTS TWENTY THREE ONLY
?     ^^^^^^  +


======================================================================
FAIL: test_format_5 (ClassEval_65_0.NumberWordFormatterTestFormat.test_format_5)
----------------------------------------------------------------------
Traceback (most recent call last):
  File "/Users/snigdhaghoshdastidar/Desktop/CS540/classeval_evaluation/ClassEval_65_0.py", line 125, in test_format_5
    self.assertEqual(formatter.format(0), "ZERO ONLY")
AssertionError: '' != 'ZERO ONLY'
+ ZERO ONLY


----------------------------------------------------------------------
Ran 6 tests in 0.002s

FAILED (failures=5, errors=1)
FFFEFF
======================================================================
ERROR: test_format_string_4 (ClassEval_65_0.NumberWordFormatterTestFormatString.test_format_string_4)
----------------------------------------------------------------------
Traceback (most recent call last):
  File "/Users/snigdhaghoshdastidar/Desktop/CS540/classeval_evaluation/ClassEval_65_0.py", line 148, in test_format_string_4
    self.assertEqual(formatter.format_string('1.23'), "ONE AND CENTS TWENTY THREE ONLY")
                     ^^^^^^^^^^^^^^^^^^^^^^^^^^^^^^^
  File "/Users/snigdhaghoshdastidar/Desktop/CS540/classeval_evaluation/ClassEval_65_0.py", line 49, in format_string
    tens = self.trans_two(x[1:])
           ^^^^^^^^^^^^^^^^^^^^^
  File "/Users/snigdhaghoshdastidar/Desktop/CS540/classeval_evaluation/ClassEval_65_0.py", line 71, in trans_two
    return f"{self.NUMBER_TEN[int(s[0]) - 1]} {self.NUMBER[int(s[1])]}"
                              ^^^^^^^^^
ValueError: invalid literal for int() with base 10: '.'

======================================================================
FAIL: test_format_string_1 (ClassEval_65_0.NumberWordFormatterTestFormatString.test_format_string_1)
----------------------------------------------------------------------
Traceback (most recent call last):
  File "/Users/snigdhaghoshdastidar/Desktop/CS540/classeval_evaluation/ClassEval_65_0.py", line 135, in test_format_string_1
    self.assertEqual(formatter.format_string('123456'),
AssertionError: 'ONE HUNDRED AND TWENTY THREE' != 'ONE HUNDRED AND TWENTY THREE THOUSAND FOUR HUNDRED AND FIFTY SIX ONLY'
- ONE HUNDRED AND TWENTY THREE
+ ONE HUNDRED AND TWENTY THREE THOUSAND FOUR HUNDRED AND FIFTY SIX ONLY


======================================================================
FAIL: test_format_string_2 (ClassEval_65_0.NumberWordFormatterTestFormatString.test_format_string_2)
----------------------------------------------------------------------
Traceback (most recent call last):
  File "/Users/snigdhaghoshdastidar/Desktop/CS540/classeval_evaluation/ClassEval_65_0.py", line 140, in test_format_string_2
    self.assertEqual(formatter.format_string('1000'), "ONE THOUSAND ONLY")
AssertionError: 'ONE HUNDRED' != 'ONE THOUSAND ONLY'
- ONE HUNDRED
+ ONE THOUSAND ONLY


======================================================================
FAIL: test_format_string_3 (ClassEval_65_0.NumberWordFormatterTestFormatString.test_format_string_3)
----------------------------------------------------------------------
Traceback (most recent call last):
  File "/Users/snigdhaghoshdastidar/Desktop/CS540/classeval_evaluation/ClassEval_65_0.py", line 144, in test_format_string_3
    self.assertEqual(formatter.format_string('1000000'), "ONE MILLION ONLY")
AssertionError: 'ONE HUNDRED' != 'ONE MILLION ONLY'
- ONE HUNDRED
+ ONE MILLION ONLY


======================================================================
FAIL: test_format_string_5 (ClassEval_65_0.NumberWordFormatterTestFormatString.test_format_string_5)
----------------------------------------------------------------------
Traceback (most recent call last):
  File "/Users/snigdhaghoshdastidar/Desktop/CS540/classeval_evaluation/ClassEval_65_0.py", line 152, in test_format_string_5
    self.assertEqual(formatter.format_string('0'), "ZERO ONLY")
AssertionError: '' != 'ZERO ONLY'
+ ZERO ONLY


======================================================================
FAIL: test_format_string_6 (ClassEval_65_0.NumberWordFormatterTestFormatString.test_format_string_6)
----------------------------------------------------------------------
Traceback (most recent call last):
  File "/Users/snigdhaghoshdastidar/Desktop/CS540/classeval_evaluation/ClassEval_65_0.py", line 156, in test_format_string_6
    self.assertEqual(formatter.format_string('10'), "TEN ONLY")
AssertionError: 'TEN' != 'TEN ONLY'
- TEN
+ TEN ONLY


----------------------------------------------------------------------
Ran 6 tests in 0.001s

FAILED (failures=5, errors=1)
.....F
======================================================================
FAIL: test_trans_two_6 (ClassEval_65_0.NumberWordFormatterTestTransTwo.test_trans_two_6)
----------------------------------------------------------------------
Traceback (most recent call last):
  File "/Users/snigdhaghoshdastidar/Desktop/CS540/classeval_evaluation/ClassEval_65_0.py", line 182, in test_trans_two_6
    self.assertEqual(formatter.trans_two("80"), "EIGHTY")
AssertionError: 'EIGHTY ' != 'EIGHTY'
- EIGHTY 
?       -
+ EIGHTY


----------------------------------------------------------------------
Ran 6 tests in 0.001s

FAILED (failures=1)
.....
----------------------------------------------------------------------
Ran 5 tests in 0.000s

OK
....
----------------------------------------------------------------------
Ran 4 tests in 0.000s

OK
F
======================================================================
FAIL: test_NumberWordFormatter (ClassEval_65_0.NumberWordFormatterTest.test_NumberWordFormatter)
----------------------------------------------------------------------
Traceback (most recent call last):
  File "/Users/snigdhaghoshdastidar/Desktop/CS540/classeval_evaluation/ClassEval_65_0.py", line 228, in test_NumberWordFormatter
    self.assertEqual(formatter.format(123456),
AssertionError: 'ONE HUNDRED AND TWENTY THREE' != 'ONE HUNDRED AND TWENTY THREE THOUSAND FOUR HUNDRED AND FIFTY SIX ONLY'
- ONE HUNDRED AND TWENTY THREE
+ ONE HUNDRED AND TWENTY THREE THOUSAND FOUR HUNDRED AND FIFTY SIX ONLY


----------------------------------------------------------------------
Ran 1 test in 0.000s

FAILED (failures=1)
.FF....FF.F
======================================================================
FAIL: test_replace_10 (ClassEval_66_0.NumericEntityUnescaperTestReplace.test_replace_10)
----------------------------------------------------------------------
Traceback (most recent call last):
  File "/Users/snigdhaghoshdastidar/Desktop/CS540/classeval_evaluation/ClassEval_66_0.py", line 86, in test_replace_10
    self.assertEqual(res, "")
AssertionError: '&#X' != ''
- &#X


======================================================================
FAIL: test_replace_11 (ClassEval_66_0.NumericEntityUnescaperTestReplace.test_replace_11)
----------------------------------------------------------------------
Traceback (most recent call last):
  File "/Users/snigdhaghoshdastidar/Desktop/CS540/classeval_evaluation/ClassEval_66_0.py", line 91, in test_replace_11
    self.assertEqual(res, "")
AssertionError: '&#c1d;BC' != ''
- &#c1d;BC


======================================================================
FAIL: test_replace_6 (ClassEval_66_0.NumericEntityUnescaperTestReplace.test_replace_6)
----------------------------------------------------------------------
Traceback (most recent call last):
  File "/Users/snigdhaghoshdastidar/Desktop/CS540/classeval_evaluation/ClassEval_66_0.py", line 66, in test_replace_6
    self.assertEqual(res, "")
AssertionError: '&#' != ''
- &#


======================================================================
FAIL: test_replace_7 (ClassEval_66_0.NumericEntityUnescaperTestReplace.test_replace_7)
----------------------------------------------------------------------
Traceback (most recent call last):
  File "/Users/snigdhaghoshdastidar/Desktop/CS540/classeval_evaluation/ClassEval_66_0.py", line 71, in test_replace_7
    self.assertEqual(res, "eBC")
AssertionError: '&#X65;BC' != 'eBC'
- &#X65;BC
+ eBC


======================================================================
FAIL: test_replace_9 (ClassEval_66_0.NumericEntityUnescaperTestReplace.test_replace_9)
----------------------------------------------------------------------
Traceback (most recent call last):
  File "/Users/snigdhaghoshdastidar/Desktop/CS540/classeval_evaluation/ClassEval_66_0.py", line 81, in test_replace_9
    self.assertEqual(res, "CCC")
AssertionError: 'CCC;' != 'CCC'
- CCC;
?    -
+ CCC


----------------------------------------------------------------------
Ran 11 tests in 0.003s

FAILED (failures=5)
.....
----------------------------------------------------------------------
Ran 5 tests in 0.000s

OK
.
----------------------------------------------------------------------
Ran 1 test in 0.000s

OK
.....
----------------------------------------------------------------------
Ran 5 tests in 0.001s

OK
.....
----------------------------------------------------------------------
Ran 5 tests in 0.000s

OK
.....
----------------------------------------------------------------------
Ran 5 tests in 0.000s

OK
.
----------------------------------------------------------------------
Ran 1 test in 0.000s

OK
EEEEE
======================================================================
ERROR: test_match_1 (ClassEval_72_0.RegexUtilsTestMatch.test_match_1)
----------------------------------------------------------------------
Traceback (most recent call last):
  File "/Users/snigdhaghoshdastidar/Desktop/CS540/classeval_evaluation/ClassEval_72_0.py", line 8, in test_match_1
    ru = RegexUtils()
         ^^^^^^^^^^
NameError: name 'RegexUtils' is not defined. Did you mean: 'RegexUtilsTest'?

======================================================================
ERROR: test_match_2 (ClassEval_72_0.RegexUtilsTestMatch.test_match_2)
----------------------------------------------------------------------
Traceback (most recent call last):
  File "/Users/snigdhaghoshdastidar/Desktop/CS540/classeval_evaluation/ClassEval_72_0.py", line 13, in test_match_2
    ru = RegexUtils()
         ^^^^^^^^^^
NameError: name 'RegexUtils' is not defined. Did you mean: 'RegexUtilsTest'?

======================================================================
ERROR: test_match_3 (ClassEval_72_0.RegexUtilsTestMatch.test_match_3)
----------------------------------------------------------------------
Traceback (most recent call last):
  File "/Users/snigdhaghoshdastidar/Desktop/CS540/classeval_evaluation/ClassEval_72_0.py", line 18, in test_match_3
    ru = RegexUtils()
         ^^^^^^^^^^
NameError: name 'RegexUtils' is not defined. Did you mean: 'RegexUtilsTest'?

======================================================================
ERROR: test_match_4 (ClassEval_72_0.RegexUtilsTestMatch.test_match_4)
----------------------------------------------------------------------
Traceback (most recent call last):
  File "/Users/snigdhaghoshdastidar/Desktop/CS540/classeval_evaluation/ClassEval_72_0.py", line 23, in test_match_4
    ru = RegexUtils()
         ^^^^^^^^^^
NameError: name 'RegexUtils' is not defined. Did you mean: 'RegexUtilsTest'?

======================================================================
ERROR: test_match_5 (ClassEval_72_0.RegexUtilsTestMatch.test_match_5)
----------------------------------------------------------------------
Traceback (most recent call last):
  File "/Users/snigdhaghoshdastidar/Desktop/CS540/classeval_evaluation/ClassEval_72_0.py", line 28, in test_match_5
    ru = RegexUtils()
         ^^^^^^^^^^
NameError: name 'RegexUtils' is not defined. Did you mean: 'RegexUtilsTest'?

----------------------------------------------------------------------
Ran 5 tests in 0.017s

FAILED (errors=5)
EEEEE
======================================================================
ERROR: test_findall_1 (ClassEval_72_0.RegexUtilsTestFindall.test_findall_1)
----------------------------------------------------------------------
Traceback (most recent call last):
  File "/Users/snigdhaghoshdastidar/Desktop/CS540/classeval_evaluation/ClassEval_72_0.py", line 35, in test_findall_1
    ru = RegexUtils()
         ^^^^^^^^^^
NameError: name 'RegexUtils' is not defined. Did you mean: 'RegexUtilsTest'?

======================================================================
ERROR: test_findall_2 (ClassEval_72_0.RegexUtilsTestFindall.test_findall_2)
----------------------------------------------------------------------
Traceback (most recent call last):
  File "/Users/snigdhaghoshdastidar/Desktop/CS540/classeval_evaluation/ClassEval_72_0.py", line 40, in test_findall_2
    ru = RegexUtils()
         ^^^^^^^^^^
NameError: name 'RegexUtils' is not defined. Did you mean: 'RegexUtilsTest'?

======================================================================
ERROR: test_findall_3 (ClassEval_72_0.RegexUtilsTestFindall.test_findall_3)
----------------------------------------------------------------------
Traceback (most recent call last):
  File "/Users/snigdhaghoshdastidar/Desktop/CS540/classeval_evaluation/ClassEval_72_0.py", line 45, in test_findall_3
    ru = RegexUtils()
         ^^^^^^^^^^
NameError: name 'RegexUtils' is not defined. Did you mean: 'RegexUtilsTest'?

======================================================================
ERROR: test_findall_4 (ClassEval_72_0.RegexUtilsTestFindall.test_findall_4)
----------------------------------------------------------------------
Traceback (most recent call last):
  File "/Users/snigdhaghoshdastidar/Desktop/CS540/classeval_evaluation/ClassEval_72_0.py", line 50, in test_findall_4
    ru = RegexUtils()
         ^^^^^^^^^^
NameError: name 'RegexUtils' is not defined. Did you mean: 'RegexUtilsTest'?

======================================================================
ERROR: test_findall_5 (ClassEval_72_0.RegexUtilsTestFindall.test_findall_5)
----------------------------------------------------------------------
Traceback (most recent call last):
  File "/Users/snigdhaghoshdastidar/Desktop/CS540/classeval_evaluation/ClassEval_72_0.py", line 55, in test_findall_5
    ru = RegexUtils()
         ^^^^^^^^^^
NameError: name 'RegexUtils' is not defined. Did you mean: 'RegexUtilsTest'?

----------------------------------------------------------------------
Ran 5 tests in 0.017s

FAILED (errors=5)
EEEEE
======================================================================
ERROR: test_split_1 (ClassEval_72_0.RegexUtilsTestSplit.test_split_1)
----------------------------------------------------------------------
Traceback (most recent call last):
  File "/Users/snigdhaghoshdastidar/Desktop/CS540/classeval_evaluation/ClassEval_72_0.py", line 62, in test_split_1
    ru = RegexUtils()
         ^^^^^^^^^^
NameError: name 'RegexUtils' is not defined. Did you mean: 'RegexUtilsTest'?

======================================================================
ERROR: test_split_2 (ClassEval_72_0.RegexUtilsTestSplit.test_split_2)
----------------------------------------------------------------------
Traceback (most recent call last):
  File "/Users/snigdhaghoshdastidar/Desktop/CS540/classeval_evaluation/ClassEval_72_0.py", line 67, in test_split_2
    ru = RegexUtils()
         ^^^^^^^^^^
NameError: name 'RegexUtils' is not defined. Did you mean: 'RegexUtilsTest'?

======================================================================
ERROR: test_split_3 (ClassEval_72_0.RegexUtilsTestSplit.test_split_3)
----------------------------------------------------------------------
Traceback (most recent call last):
  File "/Users/snigdhaghoshdastidar/Desktop/CS540/classeval_evaluation/ClassEval_72_0.py", line 72, in test_split_3
    ru = RegexUtils()
         ^^^^^^^^^^
NameError: name 'RegexUtils' is not defined. Did you mean: 'RegexUtilsTest'?

======================================================================
ERROR: test_split_4 (ClassEval_72_0.RegexUtilsTestSplit.test_split_4)
----------------------------------------------------------------------
Traceback (most recent call last):
  File "/Users/snigdhaghoshdastidar/Desktop/CS540/classeval_evaluation/ClassEval_72_0.py", line 77, in test_split_4
    ru = RegexUtils()
         ^^^^^^^^^^
NameError: name 'RegexUtils' is not defined. Did you mean: 'RegexUtilsTest'?

======================================================================
ERROR: test_split_5 (ClassEval_72_0.RegexUtilsTestSplit.test_split_5)
----------------------------------------------------------------------
Traceback (most recent call last):
  File "/Users/snigdhaghoshdastidar/Desktop/CS540/classeval_evaluation/ClassEval_72_0.py", line 82, in test_split_5
    ru = RegexUtils()
         ^^^^^^^^^^
NameError: name 'RegexUtils' is not defined. Did you mean: 'RegexUtilsTest'?

----------------------------------------------------------------------
Ran 5 tests in 0.016s

FAILED (errors=5)
EEEEE
======================================================================
ERROR: test_sub_1 (ClassEval_72_0.RegexUtilsTestSub.test_sub_1)
----------------------------------------------------------------------
Traceback (most recent call last):
  File "/Users/snigdhaghoshdastidar/Desktop/CS540/classeval_evaluation/ClassEval_72_0.py", line 89, in test_sub_1
    ru = RegexUtils()
         ^^^^^^^^^^
NameError: name 'RegexUtils' is not defined. Did you mean: 'RegexUtilsTest'?

======================================================================
ERROR: test_sub_2 (ClassEval_72_0.RegexUtilsTestSub.test_sub_2)
----------------------------------------------------------------------
Traceback (most recent call last):
  File "/Users/snigdhaghoshdastidar/Desktop/CS540/classeval_evaluation/ClassEval_72_0.py", line 95, in test_sub_2
    ru = RegexUtils()
         ^^^^^^^^^^
NameError: name 'RegexUtils' is not defined. Did you mean: 'RegexUtilsTest'?

======================================================================
ERROR: test_sub_3 (ClassEval_72_0.RegexUtilsTestSub.test_sub_3)
----------------------------------------------------------------------
Traceback (most recent call last):
  File "/Users/snigdhaghoshdastidar/Desktop/CS540/classeval_evaluation/ClassEval_72_0.py", line 101, in test_sub_3
    ru = RegexUtils()
         ^^^^^^^^^^
NameError: name 'RegexUtils' is not defined. Did you mean: 'RegexUtilsTest'?

======================================================================
ERROR: test_sub_4 (ClassEval_72_0.RegexUtilsTestSub.test_sub_4)
----------------------------------------------------------------------
Traceback (most recent call last):
  File "/Users/snigdhaghoshdastidar/Desktop/CS540/classeval_evaluation/ClassEval_72_0.py", line 107, in test_sub_4
    ru = RegexUtils()
         ^^^^^^^^^^
NameError: name 'RegexUtils' is not defined. Did you mean: 'RegexUtilsTest'?

======================================================================
ERROR: test_sub_5 (ClassEval_72_0.RegexUtilsTestSub.test_sub_5)
----------------------------------------------------------------------
Traceback (most recent call last):
  File "/Users/snigdhaghoshdastidar/Desktop/CS540/classeval_evaluation/ClassEval_72_0.py", line 113, in test_sub_5
    ru = RegexUtils()
         ^^^^^^^^^^
NameError: name 'RegexUtils' is not defined. Did you mean: 'RegexUtilsTest'?

----------------------------------------------------------------------
Ran 5 tests in 0.016s

FAILED (errors=5)
EEEEE
======================================================================
ERROR: test_generate_email_pattern_1 (ClassEval_72_0.RegexUtilsTestGenerateEmailPattern.test_generate_email_pattern_1)
----------------------------------------------------------------------
Traceback (most recent call last):
  File "/Users/snigdhaghoshdastidar/Desktop/CS540/classeval_evaluation/ClassEval_72_0.py", line 121, in test_generate_email_pattern_1
    ru = RegexUtils()
         ^^^^^^^^^^
NameError: name 'RegexUtils' is not defined. Did you mean: 'RegexUtilsTest'?

======================================================================
ERROR: test_generate_email_pattern_2 (ClassEval_72_0.RegexUtilsTestGenerateEmailPattern.test_generate_email_pattern_2)
----------------------------------------------------------------------
Traceback (most recent call last):
  File "/Users/snigdhaghoshdastidar/Desktop/CS540/classeval_evaluation/ClassEval_72_0.py", line 127, in test_generate_email_pattern_2
    ru = RegexUtils()
         ^^^^^^^^^^
NameError: name 'RegexUtils' is not defined. Did you mean: 'RegexUtilsTest'?

======================================================================
ERROR: test_generate_email_pattern_3 (ClassEval_72_0.RegexUtilsTestGenerateEmailPattern.test_generate_email_pattern_3)
----------------------------------------------------------------------
Traceback (most recent call last):
  File "/Users/snigdhaghoshdastidar/Desktop/CS540/classeval_evaluation/ClassEval_72_0.py", line 133, in test_generate_email_pattern_3
    ru = RegexUtils()
         ^^^^^^^^^^
NameError: name 'RegexUtils' is not defined. Did you mean: 'RegexUtilsTest'?

======================================================================
ERROR: test_generate_email_pattern_4 (ClassEval_72_0.RegexUtilsTestGenerateEmailPattern.test_generate_email_pattern_4)
----------------------------------------------------------------------
Traceback (most recent call last):
  File "/Users/snigdhaghoshdastidar/Desktop/CS540/classeval_evaluation/ClassEval_72_0.py", line 139, in test_generate_email_pattern_4
    ru = RegexUtils()
         ^^^^^^^^^^
NameError: name 'RegexUtils' is not defined. Did you mean: 'RegexUtilsTest'?

======================================================================
ERROR: test_generate_email_pattern_5 (ClassEval_72_0.RegexUtilsTestGenerateEmailPattern.test_generate_email_pattern_5)
----------------------------------------------------------------------
Traceback (most recent call last):
  File "/Users/snigdhaghoshdastidar/Desktop/CS540/classeval_evaluation/ClassEval_72_0.py", line 145, in test_generate_email_pattern_5
    ru = RegexUtils()
         ^^^^^^^^^^
NameError: name 'RegexUtils' is not defined. Did you mean: 'RegexUtilsTest'?

----------------------------------------------------------------------
Ran 5 tests in 0.014s

FAILED (errors=5)
EEEEE
======================================================================
ERROR: test_generate_phone_number_pattern_1 (ClassEval_72_0.RegexUtilsTestGeneratePhoneNumberPattern.test_generate_phone_number_pattern_1)
----------------------------------------------------------------------
Traceback (most recent call last):
  File "/Users/snigdhaghoshdastidar/Desktop/CS540/classeval_evaluation/ClassEval_72_0.py", line 153, in test_generate_phone_number_pattern_1
    ru = RegexUtils()
         ^^^^^^^^^^
NameError: name 'RegexUtils' is not defined. Did you mean: 'RegexUtilsTest'?

======================================================================
ERROR: test_generate_phone_number_pattern_2 (ClassEval_72_0.RegexUtilsTestGeneratePhoneNumberPattern.test_generate_phone_number_pattern_2)
----------------------------------------------------------------------
Traceback (most recent call last):
  File "/Users/snigdhaghoshdastidar/Desktop/CS540/classeval_evaluation/ClassEval_72_0.py", line 159, in test_generate_phone_number_pattern_2
    ru = RegexUtils()
         ^^^^^^^^^^
NameError: name 'RegexUtils' is not defined. Did you mean: 'RegexUtilsTest'?

======================================================================
ERROR: test_generate_phone_number_pattern_3 (ClassEval_72_0.RegexUtilsTestGeneratePhoneNumberPattern.test_generate_phone_number_pattern_3)
----------------------------------------------------------------------
Traceback (most recent call last):
  File "/Users/snigdhaghoshdastidar/Desktop/CS540/classeval_evaluation/ClassEval_72_0.py", line 165, in test_generate_phone_number_pattern_3
    ru = RegexUtils()
         ^^^^^^^^^^
NameError: name 'RegexUtils' is not defined. Did you mean: 'RegexUtilsTest'?

======================================================================
ERROR: test_generate_phone_number_pattern_4 (ClassEval_72_0.RegexUtilsTestGeneratePhoneNumberPattern.test_generate_phone_number_pattern_4)
----------------------------------------------------------------------
Traceback (most recent call last):
  File "/Users/snigdhaghoshdastidar/Desktop/CS540/classeval_evaluation/ClassEval_72_0.py", line 171, in test_generate_phone_number_pattern_4
    ru = RegexUtils()
         ^^^^^^^^^^
NameError: name 'RegexUtils' is not defined. Did you mean: 'RegexUtilsTest'?

======================================================================
ERROR: test_generate_phone_number_pattern_5 (ClassEval_72_0.RegexUtilsTestGeneratePhoneNumberPattern.test_generate_phone_number_pattern_5)
----------------------------------------------------------------------
Traceback (most recent call last):
  File "/Users/snigdhaghoshdastidar/Desktop/CS540/classeval_evaluation/ClassEval_72_0.py", line 177, in test_generate_phone_number_pattern_5
    ru = RegexUtils()
         ^^^^^^^^^^
NameError: name 'RegexUtils' is not defined. Did you mean: 'RegexUtilsTest'?

----------------------------------------------------------------------
Ran 5 tests in 0.010s

FAILED (errors=5)
EEEEE
======================================================================
ERROR: test_generate_split_sentences_pattern_1 (ClassEval_72_0.RegexUtilsTestGenerateSplitSentencesPattern.test_generate_split_sentences_pattern_1)
----------------------------------------------------------------------
Traceback (most recent call last):
  File "/Users/snigdhaghoshdastidar/Desktop/CS540/classeval_evaluation/ClassEval_72_0.py", line 185, in test_generate_split_sentences_pattern_1
    ru = RegexUtils()
         ^^^^^^^^^^
NameError: name 'RegexUtils' is not defined. Did you mean: 'RegexUtilsTest'?

======================================================================
ERROR: test_generate_split_sentences_pattern_2 (ClassEval_72_0.RegexUtilsTestGenerateSplitSentencesPattern.test_generate_split_sentences_pattern_2)
----------------------------------------------------------------------
Traceback (most recent call last):
  File "/Users/snigdhaghoshdastidar/Desktop/CS540/classeval_evaluation/ClassEval_72_0.py", line 191, in test_generate_split_sentences_pattern_2
    ru = RegexUtils()
         ^^^^^^^^^^
NameError: name 'RegexUtils' is not defined. Did you mean: 'RegexUtilsTest'?

======================================================================
ERROR: test_generate_split_sentences_pattern_3 (ClassEval_72_0.RegexUtilsTestGenerateSplitSentencesPattern.test_generate_split_sentences_pattern_3)
----------------------------------------------------------------------
Traceback (most recent call last):
  File "/Users/snigdhaghoshdastidar/Desktop/CS540/classeval_evaluation/ClassEval_72_0.py", line 197, in test_generate_split_sentences_pattern_3
    ru = RegexUtils()
         ^^^^^^^^^^
NameError: name 'RegexUtils' is not defined. Did you mean: 'RegexUtilsTest'?

======================================================================
ERROR: test_generate_split_sentences_pattern_4 (ClassEval_72_0.RegexUtilsTestGenerateSplitSentencesPattern.test_generate_split_sentences_pattern_4)
----------------------------------------------------------------------
Traceback (most recent call last):
  File "/Users/snigdhaghoshdastidar/Desktop/CS540/classeval_evaluation/ClassEval_72_0.py", line 203, in test_generate_split_sentences_pattern_4
    ru = RegexUtils()
         ^^^^^^^^^^
NameError: name 'RegexUtils' is not defined. Did you mean: 'RegexUtilsTest'?

======================================================================
ERROR: test_generate_split_sentences_pattern_5 (ClassEval_72_0.RegexUtilsTestGenerateSplitSentencesPattern.test_generate_split_sentences_pattern_5)
----------------------------------------------------------------------
Traceback (most recent call last):
  File "/Users/snigdhaghoshdastidar/Desktop/CS540/classeval_evaluation/ClassEval_72_0.py", line 209, in test_generate_split_sentences_pattern_5
    ru = RegexUtils()
         ^^^^^^^^^^
NameError: name 'RegexUtils' is not defined. Did you mean: 'RegexUtilsTest'?

----------------------------------------------------------------------
Ran 5 tests in 0.010s

FAILED (errors=5)
EEEEE
======================================================================
ERROR: test_split_sentences_1 (ClassEval_72_0.RegexUtilsTestSplitSentences.test_split_sentences_1)
----------------------------------------------------------------------
Traceback (most recent call last):
  File "/Users/snigdhaghoshdastidar/Desktop/CS540/classeval_evaluation/ClassEval_72_0.py", line 217, in test_split_sentences_1
    ru = RegexUtils()
         ^^^^^^^^^^
NameError: name 'RegexUtils' is not defined. Did you mean: 'RegexUtilsTest'?

======================================================================
ERROR: test_split_sentences_2 (ClassEval_72_0.RegexUtilsTestSplitSentences.test_split_sentences_2)
----------------------------------------------------------------------
Traceback (most recent call last):
  File "/Users/snigdhaghoshdastidar/Desktop/CS540/classeval_evaluation/ClassEval_72_0.py", line 222, in test_split_sentences_2
    ru = RegexUtils()
         ^^^^^^^^^^
NameError: name 'RegexUtils' is not defined. Did you mean: 'RegexUtilsTest'?

======================================================================
ERROR: test_split_sentences_3 (ClassEval_72_0.RegexUtilsTestSplitSentences.test_split_sentences_3)
----------------------------------------------------------------------
Traceback (most recent call last):
  File "/Users/snigdhaghoshdastidar/Desktop/CS540/classeval_evaluation/ClassEval_72_0.py", line 227, in test_split_sentences_3
    ru = RegexUtils()
         ^^^^^^^^^^
NameError: name 'RegexUtils' is not defined. Did you mean: 'RegexUtilsTest'?

======================================================================
ERROR: test_split_sentences_4 (ClassEval_72_0.RegexUtilsTestSplitSentences.test_split_sentences_4)
----------------------------------------------------------------------
Traceback (most recent call last):
  File "/Users/snigdhaghoshdastidar/Desktop/CS540/classeval_evaluation/ClassEval_72_0.py", line 232, in test_split_sentences_4
    ru = RegexUtils()
         ^^^^^^^^^^
NameError: name 'RegexUtils' is not defined. Did you mean: 'RegexUtilsTest'?

======================================================================
ERROR: test_split_sentences_5 (ClassEval_72_0.RegexUtilsTestSplitSentences.test_split_sentences_5)
----------------------------------------------------------------------
Traceback (most recent call last):
  File "/Users/snigdhaghoshdastidar/Desktop/CS540/classeval_evaluation/ClassEval_72_0.py", line 237, in test_split_sentences_5
    ru = RegexUtils()
         ^^^^^^^^^^
NameError: name 'RegexUtils' is not defined. Did you mean: 'RegexUtilsTest'?

----------------------------------------------------------------------
Ran 5 tests in 0.011s

FAILED (errors=5)
EEEEE
======================================================================
ERROR: test_validate_phone_number_1 (ClassEval_72_0.RegexUtilsTestValidatePhoneNumber.test_validate_phone_number_1)
----------------------------------------------------------------------
Traceback (most recent call last):
  File "/Users/snigdhaghoshdastidar/Desktop/CS540/classeval_evaluation/ClassEval_72_0.py", line 244, in test_validate_phone_number_1
    ru = RegexUtils()
         ^^^^^^^^^^
NameError: name 'RegexUtils' is not defined. Did you mean: 'RegexUtilsTest'?

======================================================================
ERROR: test_validate_phone_number_2 (ClassEval_72_0.RegexUtilsTestValidatePhoneNumber.test_validate_phone_number_2)
----------------------------------------------------------------------
Traceback (most recent call last):
  File "/Users/snigdhaghoshdastidar/Desktop/CS540/classeval_evaluation/ClassEval_72_0.py", line 249, in test_validate_phone_number_2
    ru = RegexUtils()
         ^^^^^^^^^^
NameError: name 'RegexUtils' is not defined. Did you mean: 'RegexUtilsTest'?

======================================================================
ERROR: test_validate_phone_number_3 (ClassEval_72_0.RegexUtilsTestValidatePhoneNumber.test_validate_phone_number_3)
----------------------------------------------------------------------
Traceback (most recent call last):
  File "/Users/snigdhaghoshdastidar/Desktop/CS540/classeval_evaluation/ClassEval_72_0.py", line 254, in test_validate_phone_number_3
    ru = RegexUtils()
         ^^^^^^^^^^
NameError: name 'RegexUtils' is not defined. Did you mean: 'RegexUtilsTest'?

======================================================================
ERROR: test_validate_phone_number_4 (ClassEval_72_0.RegexUtilsTestValidatePhoneNumber.test_validate_phone_number_4)
----------------------------------------------------------------------
Traceback (most recent call last):
  File "/Users/snigdhaghoshdastidar/Desktop/CS540/classeval_evaluation/ClassEval_72_0.py", line 259, in test_validate_phone_number_4
    ru = RegexUtils()
         ^^^^^^^^^^
NameError: name 'RegexUtils' is not defined. Did you mean: 'RegexUtilsTest'?

======================================================================
ERROR: test_validate_phone_number_5 (ClassEval_72_0.RegexUtilsTestValidatePhoneNumber.test_validate_phone_number_5)
----------------------------------------------------------------------
Traceback (most recent call last):
  File "/Users/snigdhaghoshdastidar/Desktop/CS540/classeval_evaluation/ClassEval_72_0.py", line 264, in test_validate_phone_number_5
    ru = RegexUtils()
         ^^^^^^^^^^
NameError: name 'RegexUtils' is not defined. Did you mean: 'RegexUtilsTest'?

----------------------------------------------------------------------
Ran 5 tests in 0.010s

FAILED (errors=5)
EEEEE
======================================================================
ERROR: test_extract_email_1 (ClassEval_72_0.RegexUtilsTestExtractEmail.test_extract_email_1)
----------------------------------------------------------------------
Traceback (most recent call last):
  File "/Users/snigdhaghoshdastidar/Desktop/CS540/classeval_evaluation/ClassEval_72_0.py", line 271, in test_extract_email_1
    ru = RegexUtils()
         ^^^^^^^^^^
NameError: name 'RegexUtils' is not defined. Did you mean: 'RegexUtilsTest'?

======================================================================
ERROR: test_extract_email_2 (ClassEval_72_0.RegexUtilsTestExtractEmail.test_extract_email_2)
----------------------------------------------------------------------
Traceback (most recent call last):
  File "/Users/snigdhaghoshdastidar/Desktop/CS540/classeval_evaluation/ClassEval_72_0.py", line 276, in test_extract_email_2
    ru = RegexUtils()
         ^^^^^^^^^^
NameError: name 'RegexUtils' is not defined. Did you mean: 'RegexUtilsTest'?

======================================================================
ERROR: test_extract_email_3 (ClassEval_72_0.RegexUtilsTestExtractEmail.test_extract_email_3)
----------------------------------------------------------------------
Traceback (most recent call last):
  File "/Users/snigdhaghoshdastidar/Desktop/CS540/classeval_evaluation/ClassEval_72_0.py", line 281, in test_extract_email_3
    ru = RegexUtils()
         ^^^^^^^^^^
NameError: name 'RegexUtils' is not defined. Did you mean: 'RegexUtilsTest'?

======================================================================
ERROR: test_extract_email_4 (ClassEval_72_0.RegexUtilsTestExtractEmail.test_extract_email_4)
----------------------------------------------------------------------
Traceback (most recent call last):
  File "/Users/snigdhaghoshdastidar/Desktop/CS540/classeval_evaluation/ClassEval_72_0.py", line 286, in test_extract_email_4
    ru = RegexUtils()
         ^^^^^^^^^^
NameError: name 'RegexUtils' is not defined. Did you mean: 'RegexUtilsTest'?

======================================================================
ERROR: test_extract_email_5 (ClassEval_72_0.RegexUtilsTestExtractEmail.test_extract_email_5)
----------------------------------------------------------------------
Traceback (most recent call last):
  File "/Users/snigdhaghoshdastidar/Desktop/CS540/classeval_evaluation/ClassEval_72_0.py", line 291, in test_extract_email_5
    ru = RegexUtils()
         ^^^^^^^^^^
NameError: name 'RegexUtils' is not defined. Did you mean: 'RegexUtilsTest'?

----------------------------------------------------------------------
Ran 5 tests in 0.011s

FAILED (errors=5)
E
======================================================================
ERROR: test_regexutils (ClassEval_72_0.RegexUtilsTest.test_regexutils)
----------------------------------------------------------------------
Traceback (most recent call last):
  File "/Users/snigdhaghoshdastidar/Desktop/CS540/classeval_evaluation/ClassEval_72_0.py", line 298, in test_regexutils
    ru = RegexUtils()
         ^^^^^^^^^^
NameError: name 'RegexUtils' is not defined. Did you mean: 'RegexUtilsTest'?

----------------------------------------------------------------------
Ran 1 test in 0.002s

FAILED (errors=1)
.F...
======================================================================
FAIL: test_split_sentences_2 (ClassEval_78_0.SplitSentenceTestSplitSentences.test_split_sentences_2)
----------------------------------------------------------------------
Traceback (most recent call last):
  File "/Users/snigdhaghoshdastidar/Desktop/CS540/classeval_evaluation/ClassEval_78_0.py", line 56, in test_split_sentences_2
    self.assertEqual(lst, ['Who is Mr. Smith?', 'He is a teacher.'])
AssertionError: Lists differ: ['Who is Mr.', 'Smith?', 'He is a teacher.'] != ['Who is Mr. Smith?', 'He is a teacher.']

First differing element 0:
'Who is Mr.'
'Who is Mr. Smith?'

First list contains 1 additional elements.
First extra element 2:
'He is a teacher.'

- ['Who is Mr.', 'Smith?', 'He is a teacher.']
?             ^^^^

+ ['Who is Mr. Smith?', 'He is a teacher.']
?             ^


----------------------------------------------------------------------
Ran 5 tests in 0.001s

FAILED (failures=1)
...F.
======================================================================
FAIL: test_count_words_4 (ClassEval_78_0.SplitSentenceTestCountWords.test_count_words_4)
----------------------------------------------------------------------
Traceback (most recent call last):
  File "/Users/snigdhaghoshdastidar/Desktop/CS540/classeval_evaluation/ClassEval_78_0.py", line 93, in test_count_words_4
    self.assertEqual(cnt, 3)
AssertionError: 2 != 3

----------------------------------------------------------------------
Ran 5 tests in 0.000s

FAILED (failures=1)
FFFFF
======================================================================
FAIL: test_process_text_file_1 (ClassEval_78_0.SplitSentenceTestProcessTextFile.test_process_text_file_1)
----------------------------------------------------------------------
Traceback (most recent call last):
  File "/Users/snigdhaghoshdastidar/Desktop/CS540/classeval_evaluation/ClassEval_78_0.py", line 105, in test_process_text_file_1
    self.assertEqual(cnt, 4)
AssertionError: 3 != 4

======================================================================
FAIL: test_process_text_file_2 (ClassEval_78_0.SplitSentenceTestProcessTextFile.test_process_text_file_2)
----------------------------------------------------------------------
Traceback (most recent call last):
  File "/Users/snigdhaghoshdastidar/Desktop/CS540/classeval_evaluation/ClassEval_78_0.py", line 110, in test_process_text_file_2
    self.assertEqual(cnt, 5)
AssertionError: 3 != 5

======================================================================
FAIL: test_process_text_file_3 (ClassEval_78_0.SplitSentenceTestProcessTextFile.test_process_text_file_3)
----------------------------------------------------------------------
Traceback (most recent call last):
  File "/Users/snigdhaghoshdastidar/Desktop/CS540/classeval_evaluation/ClassEval_78_0.py", line 115, in test_process_text_file_3
    self.assertEqual(cnt, 5)
AssertionError: 3 != 5

======================================================================
FAIL: test_process_text_file_4 (ClassEval_78_0.SplitSentenceTestProcessTextFile.test_process_text_file_4)
----------------------------------------------------------------------
Traceback (most recent call last):
  File "/Users/snigdhaghoshdastidar/Desktop/CS540/classeval_evaluation/ClassEval_78_0.py", line 120, in test_process_text_file_4
    self.assertEqual(cnt, 4)
AssertionError: 3 != 4

======================================================================
FAIL: test_process_text_file_5 (ClassEval_78_0.SplitSentenceTestProcessTextFile.test_process_text_file_5)
----------------------------------------------------------------------
Traceback (most recent call last):
  File "/Users/snigdhaghoshdastidar/Desktop/CS540/classeval_evaluation/ClassEval_78_0.py", line 125, in test_process_text_file_5
    self.assertEqual(cnt, 3)
AssertionError: 2 != 3

----------------------------------------------------------------------
Ran 5 tests in 0.001s

FAILED (failures=5)
F
======================================================================
FAIL: test_SplitSentence (ClassEval_78_0.SplitSentenceTest.test_SplitSentence)
----------------------------------------------------------------------
Traceback (most recent call last):
  File "/Users/snigdhaghoshdastidar/Desktop/CS540/classeval_evaluation/ClassEval_78_0.py", line 138, in test_SplitSentence
    self.assertEqual(cnt, 4)
AssertionError: 3 != 4

----------------------------------------------------------------------
Ran 1 test in 0.000s

FAILED (failures=1)
.F.FF
======================================================================
FAIL: test_add_stock_2 (ClassEval_82_0.StockPortfolioTrackerTestAddStock.test_add_stock_2)
----------------------------------------------------------------------
Traceback (most recent call last):
  File "/Users/snigdhaghoshdastidar/Desktop/CS540/classeval_evaluation/ClassEval_82_0.py", line 114, in test_add_stock_2
    self.assertEqual(tracker.portfolio, [{'name': 'AAPL', 'price': 150.0, 'quantity': 20}])
AssertionError: Lists differ: [{'na[32 chars]antity': 10}, {'name': 'AAPL', 'price': 150.0, 'quantity': 10}] != [{'na[32 chars]antity': 20}]

First differing element 0:
{'name': 'AAPL', 'price': 150.0, 'quantity': 10}
{'name': 'AAPL', 'price': 150.0, 'quantity': 20}

First list contains 1 additional elements.
First extra element 1:
{'name': 'AAPL', 'price': 150.0, 'quantity': 10}

- [{'name': 'AAPL', 'price': 150.0, 'quantity': 10},
?                                               ^  ^

+ [{'name': 'AAPL', 'price': 150.0, 'quantity': 20}]
?                                               ^  ^

-  {'name': 'AAPL', 'price': 150.0, 'quantity': 10}]

======================================================================
FAIL: test_add_stock_4 (ClassEval_82_0.StockPortfolioTrackerTestAddStock.test_add_stock_4)
----------------------------------------------------------------------
Traceback (most recent call last):
  File "/Users/snigdhaghoshdastidar/Desktop/CS540/classeval_evaluation/ClassEval_82_0.py", line 128, in test_add_stock_4
    self.assertEqual(tracker.portfolio, [{'name': 'AAPL', 'price': 150.0, 'quantity': 20},
AssertionError: Lists differ: [{'na[36 chars]ty': 10}, {'name': 'AAPL', 'price': 150.0, 'qu[58 chars] 10}] != [{'na[36 chars]ty': 20}, {'name': 'MSFT', 'price': 150.0, 'quantity': 10}]

First differing element 0:
{'name': 'AAPL', 'price': 150.0, 'quantity': 10}
{'name': 'AAPL', 'price': 150.0, 'quantity': 20}

First list contains 1 additional elements.
First extra element 2:
{'name': 'MSFT', 'price': 150.0, 'quantity': 10}

- [{'name': 'AAPL', 'price': 150.0, 'quantity': 10},
?                                               ^

+ [{'name': 'AAPL', 'price': 150.0, 'quantity': 20},
?                                               ^

-  {'name': 'AAPL', 'price': 150.0, 'quantity': 10},
   {'name': 'MSFT', 'price': 150.0, 'quantity': 10}]

======================================================================
FAIL: test_add_stock_5 (ClassEval_82_0.StockPortfolioTrackerTestAddStock.test_add_stock_5)
----------------------------------------------------------------------
Traceback (most recent call last):
  File "/Users/snigdhaghoshdastidar/Desktop/CS540/classeval_evaluation/ClassEval_82_0.py", line 137, in test_add_stock_5
    self.assertEqual(tracker.portfolio, [{'name': 'AAPL', 'price': 150.0, 'quantity': 20},
AssertionError: Lists differ: [{'na[36 chars]ty': 10}, {'name': 'AAPL', 'price': 150.0, 'qu[108 chars] 10}] != [{'na[36 chars]ty': 20}, {'name': 'MSFT', 'price': 150.0, 'quantity': 20}]

First differing element 0:
{'name': 'AAPL', 'price': 150.0, 'quantity': 10}
{'name': 'AAPL', 'price': 150.0, 'quantity': 20}

First list contains 2 additional elements.
First extra element 2:
{'name': 'MSFT', 'price': 150.0, 'quantity': 10}

- [{'name': 'AAPL', 'price': 150.0, 'quantity': 10},
?                                               ^

+ [{'name': 'AAPL', 'price': 150.0, 'quantity': 20},
?                                               ^

-  {'name': 'AAPL', 'price': 150.0, 'quantity': 10},
-  {'name': 'MSFT', 'price': 150.0, 'quantity': 10},
-  {'name': 'MSFT', 'price': 150.0, 'quantity': 10}]
?                                               ^

+  {'name': 'MSFT', 'price': 150.0, 'quantity': 20}]
?                                               ^


----------------------------------------------------------------------
Ran 5 tests in 0.003s

FAILED (failures=3)
.....
----------------------------------------------------------------------
Ran 5 tests in 0.000s

OK
EEEEE
======================================================================
ERROR: test_buy_stock (ClassEval_82_0.StockPortfolioTrackerTestBuyStock.test_buy_stock)
----------------------------------------------------------------------
Traceback (most recent call last):
  File "/Users/snigdhaghoshdastidar/Desktop/CS540/classeval_evaluation/ClassEval_82_0.py", line 180, in test_buy_stock
    self.assertEqual(tracker.buy_stock({"name": "AAPL", "price": 150.0, "quantity": 10}), True)
                     ^^^^^^^^^^^^^^^^^^^^^^^^^^^^^^^^^^^^^^^^^^^^^^^^^^^^^^^^^^^^^^^^^^^
TypeError: StockPortfolioTracker.buy_stock() missing 1 required positional argument: 'quantity'

======================================================================
ERROR: test_buy_stock_2 (ClassEval_82_0.StockPortfolioTrackerTestBuyStock.test_buy_stock_2)
----------------------------------------------------------------------
Traceback (most recent call last):
  File "/Users/snigdhaghoshdastidar/Desktop/CS540/classeval_evaluation/ClassEval_82_0.py", line 186, in test_buy_stock_2
    self.assertEqual(tracker.buy_stock({"name": "AAPL", "price": 150.0, "quantity": 10}), False)
                     ^^^^^^^^^^^^^^^^^^^^^^^^^^^^^^^^^^^^^^^^^^^^^^^^^^^^^^^^^^^^^^^^^^^
TypeError: StockPortfolioTracker.buy_stock() missing 1 required positional argument: 'quantity'

======================================================================
ERROR: test_buy_stock_3 (ClassEval_82_0.StockPortfolioTrackerTestBuyStock.test_buy_stock_3)
----------------------------------------------------------------------
Traceback (most recent call last):
  File "/Users/snigdhaghoshdastidar/Desktop/CS540/classeval_evaluation/ClassEval_82_0.py", line 193, in test_buy_stock_3
    self.assertEqual(tracker.buy_stock({"name": "AAPL", "price": 150.0, "quantity": 10}), True)
                     ^^^^^^^^^^^^^^^^^^^^^^^^^^^^^^^^^^^^^^^^^^^^^^^^^^^^^^^^^^^^^^^^^^^
TypeError: StockPortfolioTracker.buy_stock() missing 1 required positional argument: 'quantity'

======================================================================
ERROR: test_buy_stock_4 (ClassEval_82_0.StockPortfolioTrackerTestBuyStock.test_buy_stock_4)
----------------------------------------------------------------------
Traceback (most recent call last):
  File "/Users/snigdhaghoshdastidar/Desktop/CS540/classeval_evaluation/ClassEval_82_0.py", line 200, in test_buy_stock_4
    self.assertEqual(tracker.buy_stock({"name": "MSFT", "price": 150.0, "quantity": 10}), True)
                     ^^^^^^^^^^^^^^^^^^^^^^^^^^^^^^^^^^^^^^^^^^^^^^^^^^^^^^^^^^^^^^^^^^^
TypeError: StockPortfolioTracker.buy_stock() missing 1 required positional argument: 'quantity'

======================================================================
ERROR: test_buy_stock_5 (ClassEval_82_0.StockPortfolioTrackerTestBuyStock.test_buy_stock_5)
----------------------------------------------------------------------
Traceback (most recent call last):
  File "/Users/snigdhaghoshdastidar/Desktop/CS540/classeval_evaluation/ClassEval_82_0.py", line 209, in test_buy_stock_5
    self.assertEqual(tracker.buy_stock({"name": "AAPL", "price": 150.0, "quantity": 10}), True)
                     ^^^^^^^^^^^^^^^^^^^^^^^^^^^^^^^^^^^^^^^^^^^^^^^^^^^^^^^^^^^^^^^^^^^
TypeError: StockPortfolioTracker.buy_stock() missing 1 required positional argument: 'quantity'

----------------------------------------------------------------------
Ran 5 tests in 0.001s

FAILED (errors=5)
EEEEE
======================================================================
ERROR: test_sell_stock (ClassEval_82_0.StockPortfolioTrackerTestSellStock.test_sell_stock)
----------------------------------------------------------------------
Traceback (most recent call last):
  File "/Users/snigdhaghoshdastidar/Desktop/CS540/classeval_evaluation/ClassEval_82_0.py", line 220, in test_sell_stock
    self.assertEqual(tracker.sell_stock({"name": "AAPL", "price": 150.0, "quantity": 9}), True)
                     ^^^^^^^^^^^^^^^^^^^^^^^^^^^^^^^^^^^^^^^^^^^^^^^^^^^^^^^^^^^^^^^^^^^
TypeError: StockPortfolioTracker.sell_stock() missing 1 required positional argument: 'quantity'

======================================================================
ERROR: test_sell_stock_2 (ClassEval_82_0.StockPortfolioTrackerTestSellStock.test_sell_stock_2)
----------------------------------------------------------------------
Traceback (most recent call last):
  File "/Users/snigdhaghoshdastidar/Desktop/CS540/classeval_evaluation/ClassEval_82_0.py", line 227, in test_sell_stock_2
    self.assertEqual(tracker.sell_stock({"name": "AAPL", "price": 150.0, "quantity": 20}), False)
                     ^^^^^^^^^^^^^^^^^^^^^^^^^^^^^^^^^^^^^^^^^^^^^^^^^^^^^^^^^^^^^^^^^^^^
TypeError: StockPortfolioTracker.sell_stock() missing 1 required positional argument: 'quantity'

======================================================================
ERROR: test_sell_stock_3 (ClassEval_82_0.StockPortfolioTrackerTestSellStock.test_sell_stock_3)
----------------------------------------------------------------------
Traceback (most recent call last):
  File "/Users/snigdhaghoshdastidar/Desktop/CS540/classeval_evaluation/ClassEval_82_0.py", line 233, in test_sell_stock_3
    self.assertEqual(tracker.sell_stock({"name": "AAPL", "price": 150.0, "quantity": 10}), False)
                     ^^^^^^^^^^^^^^^^^^^^^^^^^^^^^^^^^^^^^^^^^^^^^^^^^^^^^^^^^^^^^^^^^^^^
TypeError: StockPortfolioTracker.sell_stock() missing 1 required positional argument: 'quantity'

======================================================================
ERROR: test_sell_stock_4 (ClassEval_82_0.StockPortfolioTrackerTestSellStock.test_sell_stock_4)
----------------------------------------------------------------------
Traceback (most recent call last):
  File "/Users/snigdhaghoshdastidar/Desktop/CS540/classeval_evaluation/ClassEval_82_0.py", line 240, in test_sell_stock_4
    self.assertEqual(tracker.sell_stock({"name": "AAPL", "price": 150.0, "quantity": 20}), True)
                     ^^^^^^^^^^^^^^^^^^^^^^^^^^^^^^^^^^^^^^^^^^^^^^^^^^^^^^^^^^^^^^^^^^^^
TypeError: StockPortfolioTracker.sell_stock() missing 1 required positional argument: 'quantity'

======================================================================
ERROR: test_sell_stock_5 (ClassEval_82_0.StockPortfolioTrackerTestSellStock.test_sell_stock_5)
----------------------------------------------------------------------
Traceback (most recent call last):
  File "/Users/snigdhaghoshdastidar/Desktop/CS540/classeval_evaluation/ClassEval_82_0.py", line 248, in test_sell_stock_5
    self.assertEqual(tracker.sell_stock({"name": "AAPL", "price": 150.0, "quantity": 20}), True)
                     ^^^^^^^^^^^^^^^^^^^^^^^^^^^^^^^^^^^^^^^^^^^^^^^^^^^^^^^^^^^^^^^^^^^^
TypeError: StockPortfolioTracker.sell_stock() missing 1 required positional argument: 'quantity'

----------------------------------------------------------------------
Ran 5 tests in 0.001s

FAILED (errors=5)
FFFFF
======================================================================
FAIL: test_calculate_portfolio_value (ClassEval_82_0.StockPortfolioTrackerTestCalculatePortfolioValue.test_calculate_portfolio_value)
----------------------------------------------------------------------
Traceback (most recent call last):
  File "/Users/snigdhaghoshdastidar/Desktop/CS540/classeval_evaluation/ClassEval_82_0.py", line 257, in test_calculate_portfolio_value
    self.assertEqual(tracker.calculate_portfolio_value(), 11500.0)
AssertionError: 1500.0 != 11500.0

======================================================================
FAIL: test_calculate_portfolio_value_2 (ClassEval_82_0.StockPortfolioTrackerTestCalculatePortfolioValue.test_calculate_portfolio_value_2)
----------------------------------------------------------------------
Traceback (most recent call last):
  File "/Users/snigdhaghoshdastidar/Desktop/CS540/classeval_evaluation/ClassEval_82_0.py", line 263, in test_calculate_portfolio_value_2
    self.assertEqual(tracker.calculate_portfolio_value(), 13000.0)
AssertionError: 3000.0 != 13000.0

======================================================================
FAIL: test_calculate_portfolio_value_3 (ClassEval_82_0.StockPortfolioTrackerTestCalculatePortfolioValue.test_calculate_portfolio_value_3)
----------------------------------------------------------------------
Traceback (most recent call last):
  File "/Users/snigdhaghoshdastidar/Desktop/CS540/classeval_evaluation/ClassEval_82_0.py", line 267, in test_calculate_portfolio_value_3
    self.assertEqual(tracker.calculate_portfolio_value(), 10000.0)
AssertionError: 0.0 != 10000.0

======================================================================
FAIL: test_calculate_portfolio_value_4 (ClassEval_82_0.StockPortfolioTrackerTestCalculatePortfolioValue.test_calculate_portfolio_value_4)
----------------------------------------------------------------------
Traceback (most recent call last):
  File "/Users/snigdhaghoshdastidar/Desktop/CS540/classeval_evaluation/ClassEval_82_0.py", line 272, in test_calculate_portfolio_value_4
    self.assertEqual(tracker.calculate_portfolio_value(), 10000.0)
AssertionError: 0.0 != 10000.0

======================================================================
FAIL: test_calculate_portfolio_value_5 (ClassEval_82_0.StockPortfolioTrackerTestCalculatePortfolioValue.test_calculate_portfolio_value_5)
----------------------------------------------------------------------
Traceback (most recent call last):
  File "/Users/snigdhaghoshdastidar/Desktop/CS540/classeval_evaluation/ClassEval_82_0.py", line 277, in test_calculate_portfolio_value_5
    self.assertEqual(tracker.calculate_portfolio_value(), 10000.0)
AssertionError: 0.0 != 10000.0

----------------------------------------------------------------------
Ran 5 tests in 0.001s

FAILED (failures=5)
FFFFF
======================================================================
FAIL: test_get_portfolio_summary (ClassEval_82_0.StockPortfolioTrackerTestGetPortfolioSummary.test_get_portfolio_summary)
----------------------------------------------------------------------
Traceback (most recent call last):
  File "/Users/snigdhaghoshdastidar/Desktop/CS540/classeval_evaluation/ClassEval_82_0.py", line 284, in test_get_portfolio_summary
    self.assertEqual(tracker.get_portfolio_summary(), (11500.0, [{'name': 'AAPL', 'value': 1500.0}]))
AssertionError: Tuples differ: (1500.0, [{'name': 'AAPL', 'value': 1500.0}]) != (11500.0, [{'name': 'AAPL', 'value': 1500.0}])

First differing element 0:
1500.0
11500.0

- (1500.0, [{'name': 'AAPL', 'value': 1500.0}])
+ (11500.0, [{'name': 'AAPL', 'value': 1500.0}])
?  +


======================================================================
FAIL: test_get_portfolio_summary_2 (ClassEval_82_0.StockPortfolioTrackerTestGetPortfolioSummary.test_get_portfolio_summary_2)
----------------------------------------------------------------------
Traceback (most recent call last):
  File "/Users/snigdhaghoshdastidar/Desktop/CS540/classeval_evaluation/ClassEval_82_0.py", line 290, in test_get_portfolio_summary_2
    self.assertEqual(tracker.get_portfolio_summary(),
AssertionError: Tuples differ: (3000.0, [{'name': 'AAPL', 'value': 1500.0[33 chars].0}]) != (13000.0, [{'name': 'AAPL', 'value': 1500.[34 chars].0}])

First differing element 0:
3000.0
13000.0

+ (13000.0,
- (3000.0, [{'name': 'AAPL', 'value': 1500.0}, {'name': 'MSFT', 'value': 1500.0}])
? --------

+  [{'name': 'AAPL', 'value': 1500.0}, {'name': 'MSFT', 'value': 1500.0}])

======================================================================
FAIL: test_get_portfolio_summary_3 (ClassEval_82_0.StockPortfolioTrackerTestGetPortfolioSummary.test_get_portfolio_summary_3)
----------------------------------------------------------------------
Traceback (most recent call last):
  File "/Users/snigdhaghoshdastidar/Desktop/CS540/classeval_evaluation/ClassEval_82_0.py", line 295, in test_get_portfolio_summary_3
    self.assertEqual(tracker.get_portfolio_summary(), (10000.0, []))
AssertionError: Tuples differ: (0.0, []) != (10000.0, [])

First differing element 0:
0.0
10000.0

- (0.0, [])
+ (10000.0, [])
?  ++++


======================================================================
FAIL: test_get_portfolio_summary_4 (ClassEval_82_0.StockPortfolioTrackerTestGetPortfolioSummary.test_get_portfolio_summary_4)
----------------------------------------------------------------------
Traceback (most recent call last):
  File "/Users/snigdhaghoshdastidar/Desktop/CS540/classeval_evaluation/ClassEval_82_0.py", line 300, in test_get_portfolio_summary_4
    self.assertEqual(tracker.get_portfolio_summary(), (10000.0, [{'name': 'AAPL', 'value': 0.0}]))
AssertionError: Tuples differ: (0.0, [{'name': 'AAPL', 'value': 0.0}]) != (10000.0, [{'name': 'AAPL', 'value': 0.0}])

First differing element 0:
0.0
10000.0

- (0.0, [{'name': 'AAPL', 'value': 0.0}])
+ (10000.0, [{'name': 'AAPL', 'value': 0.0}])
?  ++++


======================================================================
FAIL: test_get_portfolio_summary_5 (ClassEval_82_0.StockPortfolioTrackerTestGetPortfolioSummary.test_get_portfolio_summary_5)
----------------------------------------------------------------------
Traceback (most recent call last):
  File "/Users/snigdhaghoshdastidar/Desktop/CS540/classeval_evaluation/ClassEval_82_0.py", line 305, in test_get_portfolio_summary_5
    self.assertEqual(tracker.get_portfolio_summary(), (10000.0, [{'name': 'AAPL', 'value': 0.0}]))
AssertionError: Tuples differ: (0.0, [{'name': 'AAPL', 'value': 0.0}]) != (10000.0, [{'name': 'AAPL', 'value': 0.0}])

First differing element 0:
0.0
10000.0

- (0.0, [{'name': 'AAPL', 'value': 0.0}])
+ (10000.0, [{'name': 'AAPL', 'value': 0.0}])
?  ++++


----------------------------------------------------------------------
Ran 5 tests in 0.003s

FAILED (failures=5)
.....
----------------------------------------------------------------------
Ran 5 tests in 0.000s

OK
EFE
======================================================================
ERROR: test_main (ClassEval_82_0.StockPortfolioTrackerTestMain.test_main)
----------------------------------------------------------------------
Traceback (most recent call last):
  File "/Users/snigdhaghoshdastidar/Desktop/CS540/classeval_evaluation/ClassEval_82_0.py", line 335, in test_main
    self.assertEqual(tracker.buy_stock({"name": "MSFT", "price": 150.0, "quantity": 10}), True)
                     ^^^^^^^^^^^^^^^^^^^^^^^^^^^^^^^^^^^^^^^^^^^^^^^^^^^^^^^^^^^^^^^^^^^
TypeError: StockPortfolioTracker.buy_stock() missing 1 required positional argument: 'quantity'

======================================================================
ERROR: test_main_3 (ClassEval_82_0.StockPortfolioTrackerTestMain.test_main_3)
----------------------------------------------------------------------
Traceback (most recent call last):
  File "/Users/snigdhaghoshdastidar/Desktop/CS540/classeval_evaluation/ClassEval_82_0.py", line 370, in test_main_3
    self.assertEqual(tracker.buy_stock({"name": "AAPL", "price": 150.0, "quantity": 10}), True)
                     ^^^^^^^^^^^^^^^^^^^^^^^^^^^^^^^^^^^^^^^^^^^^^^^^^^^^^^^^^^^^^^^^^^^
TypeError: StockPortfolioTracker.buy_stock() missing 1 required positional argument: 'quantity'

======================================================================
FAIL: test_main_2 (ClassEval_82_0.StockPortfolioTrackerTestMain.test_main_2)
----------------------------------------------------------------------
Traceback (most recent call last):
  File "/Users/snigdhaghoshdastidar/Desktop/CS540/classeval_evaluation/ClassEval_82_0.py", line 357, in test_main_2
    self.assertEqual(tracker.calculate_portfolio_value(), 11500.0)
AssertionError: 1500.0 != 11500.0

----------------------------------------------------------------------
Ran 3 tests in 0.001s

FAILED (failures=1, errors=2)
.....
----------------------------------------------------------------------
Ran 5 tests in 0.000s

OK
.....
----------------------------------------------------------------------
Ran 5 tests in 0.000s

OK
.....
----------------------------------------------------------------------
Ran 5 tests in 0.000s

OK
.....
----------------------------------------------------------------------
Ran 5 tests in 0.004s

OK
.....
----------------------------------------------------------------------
Ran 5 tests in 0.000s

OK
.....
----------------------------------------------------------------------
Ran 5 tests in 0.001s

OK
.....
----------------------------------------------------------------------
Ran 5 tests in 0.000s

OK
.
----------------------------------------------------------------------
Ran 1 test in 0.000s

OK
.....F
======================================================================
FAIL: test_get_scheme_6 (ClassEval_90_0.URLHandlerTestGetScheme.test_get_scheme_6)
----------------------------------------------------------------------
Traceback (most recent call last):
  File "/Users/snigdhaghoshdastidar/Desktop/CS540/classeval_evaluation/ClassEval_90_0.py", line 103, in test_get_scheme_6
    self.assertIsNone(temp)
AssertionError: 'abcdefg' is not None

----------------------------------------------------------------------
Ran 6 tests in 0.001s

FAILED (failures=1)
.....E..
======================================================================
ERROR: test_get_host_6 (ClassEval_90_0.URLHandlerTestGetHost.test_get_host_6)
----------------------------------------------------------------------
Traceback (most recent call last):
  File "/Users/snigdhaghoshdastidar/Desktop/CS540/classeval_evaluation/ClassEval_90_0.py", line 135, in test_get_host_6
    temp = urlhandler.get_host()
           ^^^^^^^^^^^^^^^^^^^^^
  File "/Users/snigdhaghoshdastidar/Desktop/CS540/classeval_evaluation/ClassEval_90_0.py", line 32, in get_host
    return self.url.split("://")[1].split("/")[0]
           ~~~~~~~~~~~~~~~~~~~~~^^^
IndexError: list index out of range

----------------------------------------------------------------------
Ran 8 tests in 0.001s

FAILED (errors=1)
FFFFFE
======================================================================
ERROR: test_get_path_6 (ClassEval_90_0.URLHandlerTestGetPath.test_get_path_6)
----------------------------------------------------------------------
Traceback (most recent call last):
  File "/Users/snigdhaghoshdastidar/Desktop/CS540/classeval_evaluation/ClassEval_90_0.py", line 179, in test_get_path_6
    temp = urlhandler.get_path()
           ^^^^^^^^^^^^^^^^^^^^^
  File "/Users/snigdhaghoshdastidar/Desktop/CS540/classeval_evaluation/ClassEval_90_0.py", line 42, in get_path
    return self.url.split("://")[1].split("/", 1)[1]
           ~~~~~~~~~~~~~~~~~~~~~^^^
IndexError: list index out of range

======================================================================
FAIL: test_get_path_1 (ClassEval_90_0.URLHandlerTestGetPath.test_get_path_1)
----------------------------------------------------------------------
Traceback (most recent call last):
  File "/Users/snigdhaghoshdastidar/Desktop/CS540/classeval_evaluation/ClassEval_90_0.py", line 153, in test_get_path_1
    self.assertEqual(temp, "/s?wd=aaa&rsv_spt=1#page")
AssertionError: 's?wd=aaa&rsv_spt=1#page' != '/s?wd=aaa&rsv_spt=1#page'
- s?wd=aaa&rsv_spt=1#page
+ /s?wd=aaa&rsv_spt=1#page
? +


======================================================================
FAIL: test_get_path_2 (ClassEval_90_0.URLHandlerTestGetPath.test_get_path_2)
----------------------------------------------------------------------
Traceback (most recent call last):
  File "/Users/snigdhaghoshdastidar/Desktop/CS540/classeval_evaluation/ClassEval_90_0.py", line 159, in test_get_path_2
    self.assertEqual(temp,
AssertionError: 'search?pglt=41&q=humaneval&cvid=4dc2da2bb[86 chars]h-CN' != '/search?pglt=41&q=humaneval&cvid=4dc2da2b[87 chars]h-CN'
- search?pglt=41&q=humaneval&cvid=4dc2da2bb4bc429eb498c85245ae5253&aqs=edge.0.0l7j69i61j69i60.10008j0j1&FORM=ANNTA1&PC=U531&mkt=zh-CN
+ /search?pglt=41&q=humaneval&cvid=4dc2da2bb4bc429eb498c85245ae5253&aqs=edge.0.0l7j69i61j69i60.10008j0j1&FORM=ANNTA1&PC=U531&mkt=zh-CN
? +


======================================================================
FAIL: test_get_path_3 (ClassEval_90_0.URLHandlerTestGetPath.test_get_path_3)
----------------------------------------------------------------------
Traceback (most recent call last):
  File "/Users/snigdhaghoshdastidar/Desktop/CS540/classeval_evaluation/ClassEval_90_0.py", line 165, in test_get_path_3
    self.assertEqual(temp, "/openai/human-eval")
AssertionError: 'openai/human-eval' != '/openai/human-eval'
- openai/human-eval
+ /openai/human-eval
? +


======================================================================
FAIL: test_get_path_4 (ClassEval_90_0.URLHandlerTestGetPath.test_get_path_4)
----------------------------------------------------------------------
Traceback (most recent call last):
  File "/Users/snigdhaghoshdastidar/Desktop/CS540/classeval_evaluation/ClassEval_90_0.py", line 170, in test_get_path_4
    self.assertEqual(temp, "/aaa/human-eval")
AssertionError: 'aaa/human-eval' != '/aaa/human-eval'
- aaa/human-eval
+ /aaa/human-eval
? +


======================================================================
FAIL: test_get_path_5 (ClassEval_90_0.URLHandlerTestGetPath.test_get_path_5)
----------------------------------------------------------------------
Traceback (most recent call last):
  File "/Users/snigdhaghoshdastidar/Desktop/CS540/classeval_evaluation/ClassEval_90_0.py", line 175, in test_get_path_5
    self.assertEqual(temp, "/bbb/human-eval")
AssertionError: 'bbb/human-eval' != '/bbb/human-eval'
- bbb/human-eval
+ /bbb/human-eval
? +


----------------------------------------------------------------------
Ran 6 tests in 0.002s

FAILED (failures=5, errors=1)
..E..E
======================================================================
ERROR: test_get_query_params_3 (ClassEval_90_0.URLHandlerTestGetQueryParams.test_get_query_params_3)
----------------------------------------------------------------------
Traceback (most recent call last):
  File "/Users/snigdhaghoshdastidar/Desktop/CS540/classeval_evaluation/ClassEval_90_0.py", line 198, in test_get_query_params_3
    temp = urlhandler.get_query_params()
           ^^^^^^^^^^^^^^^^^^^^^^^^^^^^^
  File "/Users/snigdhaghoshdastidar/Desktop/CS540/classeval_evaluation/ClassEval_90_0.py", line 53, in get_query_params
    query_string = self.url.split("://")[1].split("/", 1)[1].split("#")[0].split("?")[1]
                   ~~~~~~~~~~~~~~~~~~~~~~~~~~~~~~~~~~~~~~~~~~~~~~~~~~~~~~~~~~~~~~~~~~^^^
IndexError: list index out of range

======================================================================
ERROR: test_get_query_params_6 (ClassEval_90_0.URLHandlerTestGetQueryParams.test_get_query_params_6)
----------------------------------------------------------------------
Traceback (most recent call last):
  File "/Users/snigdhaghoshdastidar/Desktop/CS540/classeval_evaluation/ClassEval_90_0.py", line 213, in test_get_query_params_6
    temp = urlhandler.get_query_params()
           ^^^^^^^^^^^^^^^^^^^^^^^^^^^^^
  File "/Users/snigdhaghoshdastidar/Desktop/CS540/classeval_evaluation/ClassEval_90_0.py", line 56, in get_query_params
    key, value = param.split("=")
    ^^^^^^^^^^
ValueError: not enough values to unpack (expected 2, got 1)

----------------------------------------------------------------------
Ran 6 tests in 0.001s

FAILED (errors=2)
.E...
======================================================================
ERROR: test_get_fragment_2 (ClassEval_90_0.URLHandlerTestGetFragment.test_get_fragment_2)
----------------------------------------------------------------------
Traceback (most recent call last):
  File "/Users/snigdhaghoshdastidar/Desktop/CS540/classeval_evaluation/ClassEval_90_0.py", line 226, in test_get_fragment_2
    temp = urlhandler.get_fragment()
           ^^^^^^^^^^^^^^^^^^^^^^^^^
  File "/Users/snigdhaghoshdastidar/Desktop/CS540/classeval_evaluation/ClassEval_90_0.py", line 68, in get_fragment
    return self.url.split("#")[1]
           ~~~~~~~~~~~~~~~~~~~^^^
IndexError: list index out of range

----------------------------------------------------------------------
Ran 5 tests in 0.001s

FAILED (errors=1)
F
======================================================================
FAIL: test_urlhandler (ClassEval_90_0.URLHandlerTest.test_urlhandler)
----------------------------------------------------------------------
Traceback (most recent call last):
  File "/Users/snigdhaghoshdastidar/Desktop/CS540/classeval_evaluation/ClassEval_90_0.py", line 253, in test_urlhandler
    self.assertEqual(temp, "/s?wd=aaa&rsv_spt=1#page")
AssertionError: 's?wd=aaa&rsv_spt=1#page' != '/s?wd=aaa&rsv_spt=1#page'
- s?wd=aaa&rsv_spt=1#page
+ /s?wd=aaa&rsv_spt=1#page
? +


----------------------------------------------------------------------
Ran 1 test in 0.001s

FAILED (failures=1)
.....
----------------------------------------------------------------------
Ran 5 tests in 0.000s

OK
F.F..FF
======================================================================
FAIL: test_parse_1 (ClassEval_91_0.UrlPathTestParse.test_parse_1)
----------------------------------------------------------------------
Traceback (most recent call last):
  File "/Users/snigdhaghoshdastidar/Desktop/CS540/classeval_evaluation/ClassEval_91_0.py", line 83, in test_parse_1
    self.assertEqual(url_path.with_end_tag, True)
AssertionError: False != True

======================================================================
FAIL: test_parse_3 (ClassEval_91_0.UrlPathTestParse.test_parse_3)
----------------------------------------------------------------------
Traceback (most recent call last):
  File "/Users/snigdhaghoshdastidar/Desktop/CS540/classeval_evaluation/ClassEval_91_0.py", line 95, in test_parse_3
    self.assertEqual(url_path.with_end_tag, True)
AssertionError: False != True

======================================================================
FAIL: test_parse_6 (ClassEval_91_0.UrlPathTestParse.test_parse_6)
----------------------------------------------------------------------
Traceback (most recent call last):
  File "/Users/snigdhaghoshdastidar/Desktop/CS540/classeval_evaluation/ClassEval_91_0.py", line 112, in test_parse_6
    self.assertEqual(url_path.segments, [])
AssertionError: Lists differ: [''] != []

First list contains 1 additional elements.
First extra element 0:
''

- ['']
+ []

======================================================================
FAIL: test_parse_7 (ClassEval_91_0.UrlPathTestParse.test_parse_7)
----------------------------------------------------------------------
Traceback (most recent call last):
  File "/Users/snigdhaghoshdastidar/Desktop/CS540/classeval_evaluation/ClassEval_91_0.py", line 118, in test_parse_7
    self.assertEqual(url_path.segments, [])
AssertionError: Lists differ: [''] != []

First list contains 1 additional elements.
First extra element 0:
''

- ['']
+ []

----------------------------------------------------------------------
Ran 7 tests in 0.001s

FAILED (failures=4)
......
----------------------------------------------------------------------
Ran 6 tests in 0.000s

OK
F
======================================================================
FAIL: test_urlpath (ClassEval_91_0.UrlPathTest.test_urlpath)
----------------------------------------------------------------------
Traceback (most recent call last):
  File "/Users/snigdhaghoshdastidar/Desktop/CS540/classeval_evaluation/ClassEval_91_0.py", line 158, in test_urlpath
    self.assertEqual(url_path.with_end_tag, True)
AssertionError: False != True

----------------------------------------------------------------------
Ran 1 test in 0.000s

FAILED (failures=1)
