.....
----------------------------------------------------------------------
Ran 5 tests in 0.001s

OK
.....E
======================================================================
ERROR: test_calculate_hand_value_6 (ClassEval_12_0.BlackjackGameTestCalculateHandValue)
----------------------------------------------------------------------
Traceback (most recent call last):
  File "C:\Users\tanuj\Desktop\CS540\repo\CS540\classeval_evaluation\ClassEval_12_0.py", line 147, in test_calculate_hand_value_6
    self.assertEqual(blackjackGame.calculate_hand_value(hand), 20)
  File "C:\Users\tanuj\Desktop\CS540\repo\CS540\classeval_evaluation\ClassEval_12_0.py", line 48, in calculate_hand_value
    total += int(rank)
ValueError: invalid literal for int() with base 10: 'B'

----------------------------------------------------------------------
Ran 6 tests in 0.001s

FAILED (errors=1)
......
----------------------------------------------------------------------
Ran 6 tests in 0.000s

OK
.
----------------------------------------------------------------------
Ran 1 test in 0.000s

OK
.....
----------------------------------------------------------------------
Ran 5 tests in 0.000s

OK
.....E
======================================================================
ERROR: test_calculate_hand_value_6 (ClassEval_12_1.BlackjackGameTestCalculateHandValue)
----------------------------------------------------------------------
Traceback (most recent call last):
  File "C:\Users\tanuj\Desktop\CS540\repo\CS540\classeval_evaluation\ClassEval_12_1.py", line 150, in test_calculate_hand_value_6
    self.assertEqual(blackjackGame.calculate_hand_value(hand), 20)
  File "C:\Users\tanuj\Desktop\CS540\repo\CS540\classeval_evaluation\ClassEval_12_1.py", line 50, in calculate_hand_value
    total += int(rank)
ValueError: invalid literal for int() with base 10: 'B'

----------------------------------------------------------------------
Ran 6 tests in 0.001s

FAILED (errors=1)
......
----------------------------------------------------------------------
Ran 6 tests in 0.000s

OK
.
----------------------------------------------------------------------
Ran 1 test in 0.000s

OK
.....
----------------------------------------------------------------------
Ran 5 tests in 0.000s

OK
.....E
======================================================================
ERROR: test_calculate_hand_value_6 (ClassEval_12_2.BlackjackGameTestCalculateHandValue)
----------------------------------------------------------------------
Traceback (most recent call last):
  File "C:\Users\tanuj\Desktop\CS540\repo\CS540\classeval_evaluation\ClassEval_12_2.py", line 154, in test_calculate_hand_value_6
    self.assertEqual(blackjackGame.calculate_hand_value(hand), 20)
  File "C:\Users\tanuj\Desktop\CS540\repo\CS540\classeval_evaluation\ClassEval_12_2.py", line 53, in calculate_hand_value
    total += int(rank)
ValueError: invalid literal for int() with base 10: 'B'

----------------------------------------------------------------------
Ran 6 tests in 0.001s

FAILED (errors=1)
......
----------------------------------------------------------------------
Ran 6 tests in 0.000s

OK
.
----------------------------------------------------------------------
Ran 1 test in 0.000s

OK
.....
----------------------------------------------------------------------
Ran 5 tests in 0.000s

OK
.....E
======================================================================
ERROR: test_calculate_hand_value_6 (ClassEval_12_3.BlackjackGameTestCalculateHandValue)
----------------------------------------------------------------------
Traceback (most recent call last):
  File "C:\Users\tanuj\Desktop\CS540\repo\CS540\classeval_evaluation\ClassEval_12_3.py", line 148, in test_calculate_hand_value_6
    self.assertEqual(blackjackGame.calculate_hand_value(hand), 20)
  File "C:\Users\tanuj\Desktop\CS540\repo\CS540\classeval_evaluation\ClassEval_12_3.py", line 50, in calculate_hand_value
    total += int(rank)
ValueError: invalid literal for int() with base 10: 'B'

----------------------------------------------------------------------
Ran 6 tests in 0.001s

FAILED (errors=1)
......
----------------------------------------------------------------------
Ran 6 tests in 0.000s

OK
.
----------------------------------------------------------------------
Ran 1 test in 0.000s

OK
.....
----------------------------------------------------------------------
Ran 5 tests in 0.000s

OK
.....E
======================================================================
ERROR: test_calculate_hand_value_6 (ClassEval_12_4.BlackjackGameTestCalculateHandValue)
----------------------------------------------------------------------
Traceback (most recent call last):
  File "C:\Users\tanuj\Desktop\CS540\repo\CS540\classeval_evaluation\ClassEval_12_4.py", line 132, in test_calculate_hand_value_6
    self.assertEqual(blackjackGame.calculate_hand_value(hand), 20)
  File "C:\Users\tanuj\Desktop\CS540\repo\CS540\classeval_evaluation\ClassEval_12_4.py", line 40, in calculate_hand_value
    total += int(rank)
ValueError: invalid literal for int() with base 10: 'B'

----------------------------------------------------------------------
Ran 6 tests in 0.001s

FAILED (errors=1)
......
----------------------------------------------------------------------
Ran 6 tests in 0.000s

OK
.
----------------------------------------------------------------------
Ran 1 test in 0.000s

OK
..EEE
======================================================================
ERROR: test_find_blank_3 (ClassEval_35_0.EightPuzzleTestFindBlank)
----------------------------------------------------------------------
Traceback (most recent call last):
  File "C:\Users\tanuj\Desktop\CS540\repo\CS540\classeval_evaluation\ClassEval_35_0.py", line 132, in test_find_blank_3
    self.assertEqual(eightPuzzle.find_blank(state), None)
  File "C:\Users\tanuj\Desktop\CS540\repo\CS540\classeval_evaluation\ClassEval_35_0.py", line 31, in find_blank
    raise ValueError("No blank space (0) found in the state.")
ValueError: No blank space (0) found in the state.

======================================================================
ERROR: test_find_blank_4 (ClassEval_35_0.EightPuzzleTestFindBlank)
----------------------------------------------------------------------
Traceback (most recent call last):
  File "C:\Users\tanuj\Desktop\CS540\repo\CS540\classeval_evaluation\ClassEval_35_0.py", line 137, in test_find_blank_4
    self.assertEqual(eightPuzzle.find_blank(state), None)
  File "C:\Users\tanuj\Desktop\CS540\repo\CS540\classeval_evaluation\ClassEval_35_0.py", line 31, in find_blank
    raise ValueError("No blank space (0) found in the state.")
ValueError: No blank space (0) found in the state.

======================================================================
ERROR: test_find_blank_5 (ClassEval_35_0.EightPuzzleTestFindBlank)
----------------------------------------------------------------------
Traceback (most recent call last):
  File "C:\Users\tanuj\Desktop\CS540\repo\CS540\classeval_evaluation\ClassEval_35_0.py", line 142, in test_find_blank_5
    self.assertEqual(eightPuzzle.find_blank(state), None)
  File "C:\Users\tanuj\Desktop\CS540\repo\CS540\classeval_evaluation\ClassEval_35_0.py", line 31, in find_blank
    raise ValueError("No blank space (0) found in the state.")
ValueError: No blank space (0) found in the state.

----------------------------------------------------------------------
Ran 5 tests in 0.001s

FAILED (errors=3)
.....
----------------------------------------------------------------------
Ran 5 tests in 0.001s

OK
.....
----------------------------------------------------------------------
Ran 5 tests in 0.000s

OK
.....F
======================================================================
FAIL: test_solve_6 (ClassEval_35_0.EightPuzzleTestSolve)
----------------------------------------------------------------------
Traceback (most recent call last):
  File "C:\Users\tanuj\Desktop\CS540\repo\CS540\classeval_evaluation\ClassEval_35_0.py", line 253, in test_solve_6
    self.assertEqual(result, expected)
AssertionError: [] != None

----------------------------------------------------------------------
Ran 6 tests in 0.105s

FAILED (failures=1)
..EEE
======================================================================
ERROR: test_find_blank_3 (ClassEval_35_1.EightPuzzleTestFindBlank)
----------------------------------------------------------------------
Traceback (most recent call last):
  File "C:\Users\tanuj\Desktop\CS540\repo\CS540\classeval_evaluation\ClassEval_35_1.py", line 137, in test_find_blank_3
    self.assertEqual(eightPuzzle.find_blank(state), None)
  File "C:\Users\tanuj\Desktop\CS540\repo\CS540\classeval_evaluation\ClassEval_35_1.py", line 30, in find_blank
    raise ValueError("No blank (0) found in the state")
ValueError: No blank (0) found in the state

======================================================================
ERROR: test_find_blank_4 (ClassEval_35_1.EightPuzzleTestFindBlank)
----------------------------------------------------------------------
Traceback (most recent call last):
  File "C:\Users\tanuj\Desktop\CS540\repo\CS540\classeval_evaluation\ClassEval_35_1.py", line 142, in test_find_blank_4
    self.assertEqual(eightPuzzle.find_blank(state), None)
  File "C:\Users\tanuj\Desktop\CS540\repo\CS540\classeval_evaluation\ClassEval_35_1.py", line 30, in find_blank
    raise ValueError("No blank (0) found in the state")
ValueError: No blank (0) found in the state

======================================================================
ERROR: test_find_blank_5 (ClassEval_35_1.EightPuzzleTestFindBlank)
----------------------------------------------------------------------
Traceback (most recent call last):
  File "C:\Users\tanuj\Desktop\CS540\repo\CS540\classeval_evaluation\ClassEval_35_1.py", line 147, in test_find_blank_5
    self.assertEqual(eightPuzzle.find_blank(state), None)
  File "C:\Users\tanuj\Desktop\CS540\repo\CS540\classeval_evaluation\ClassEval_35_1.py", line 30, in find_blank
    raise ValueError("No blank (0) found in the state")
ValueError: No blank (0) found in the state

----------------------------------------------------------------------
Ran 5 tests in 0.001s

FAILED (errors=3)
.....
----------------------------------------------------------------------
Ran 5 tests in 0.000s

OK
.....
----------------------------------------------------------------------
Ran 5 tests in 0.000s

OK
.....F
======================================================================
FAIL: test_solve_6 (ClassEval_35_1.EightPuzzleTestSolve)
----------------------------------------------------------------------
Traceback (most recent call last):
  File "C:\Users\tanuj\Desktop\CS540\repo\CS540\classeval_evaluation\ClassEval_35_1.py", line 258, in test_solve_6
    self.assertEqual(result, expected)
AssertionError: [] != None

----------------------------------------------------------------------
Ran 6 tests in 0.088s

FAILED (failures=1)
..EEE
======================================================================
ERROR: test_find_blank_3 (ClassEval_35_2.EightPuzzleTestFindBlank)
----------------------------------------------------------------------
Traceback (most recent call last):
  File "C:\Users\tanuj\Desktop\CS540\repo\CS540\classeval_evaluation\ClassEval_35_2.py", line 131, in test_find_blank_3
    self.assertEqual(eightPuzzle.find_blank(state), None)
  File "C:\Users\tanuj\Desktop\CS540\repo\CS540\classeval_evaluation\ClassEval_35_2.py", line 31, in find_blank
    raise ValueError("No blank space (0) in the state")
ValueError: No blank space (0) in the state

======================================================================
ERROR: test_find_blank_4 (ClassEval_35_2.EightPuzzleTestFindBlank)
----------------------------------------------------------------------
Traceback (most recent call last):
  File "C:\Users\tanuj\Desktop\CS540\repo\CS540\classeval_evaluation\ClassEval_35_2.py", line 136, in test_find_blank_4
    self.assertEqual(eightPuzzle.find_blank(state), None)
  File "C:\Users\tanuj\Desktop\CS540\repo\CS540\classeval_evaluation\ClassEval_35_2.py", line 31, in find_blank
    raise ValueError("No blank space (0) in the state")
ValueError: No blank space (0) in the state

======================================================================
ERROR: test_find_blank_5 (ClassEval_35_2.EightPuzzleTestFindBlank)
----------------------------------------------------------------------
Traceback (most recent call last):
  File "C:\Users\tanuj\Desktop\CS540\repo\CS540\classeval_evaluation\ClassEval_35_2.py", line 141, in test_find_blank_5
    self.assertEqual(eightPuzzle.find_blank(state), None)
  File "C:\Users\tanuj\Desktop\CS540\repo\CS540\classeval_evaluation\ClassEval_35_2.py", line 31, in find_blank
    raise ValueError("No blank space (0) in the state")
ValueError: No blank space (0) in the state

----------------------------------------------------------------------
Ran 5 tests in 0.001s

FAILED (errors=3)
....E
======================================================================
ERROR: test_move_5 (ClassEval_35_2.EightPuzzleTestMove)
----------------------------------------------------------------------
Traceback (most recent call last):
  File "C:\Users\tanuj\Desktop\CS540\repo\CS540\classeval_evaluation\ClassEval_35_2.py", line 170, in test_move_5
    result = self.eightPuzzle.move(self.initial_state, '???')
  File "C:\Users\tanuj\Desktop\CS540\repo\CS540\classeval_evaluation\ClassEval_35_2.py", line 51, in move
    raise ValueError("Invalid direction")
ValueError: Invalid direction

----------------------------------------------------------------------
Ran 5 tests in 0.000s

FAILED (errors=1)
.....
----------------------------------------------------------------------
Ran 5 tests in 0.000s

OK
.....F
======================================================================
FAIL: test_solve_6 (ClassEval_35_2.EightPuzzleTestSolve)
----------------------------------------------------------------------
Traceback (most recent call last):
  File "C:\Users\tanuj\Desktop\CS540\repo\CS540\classeval_evaluation\ClassEval_35_2.py", line 252, in test_solve_6
    self.assertEqual(result, expected)
AssertionError: [] != None

----------------------------------------------------------------------
Ran 6 tests in 0.077s

FAILED (failures=1)
..EEE
======================================================================
ERROR: test_find_blank_3 (ClassEval_35_3.EightPuzzleTestFindBlank)
----------------------------------------------------------------------
Traceback (most recent call last):
  File "C:\Users\tanuj\Desktop\CS540\repo\CS540\classeval_evaluation\ClassEval_35_3.py", line 123, in test_find_blank_3
    self.assertEqual(eightPuzzle.find_blank(state), None)
  File "C:\Users\tanuj\Desktop\CS540\repo\CS540\classeval_evaluation\ClassEval_35_3.py", line 29, in find_blank
    raise ValueError("No blank (0) in state")
ValueError: No blank (0) in state

======================================================================
ERROR: test_find_blank_4 (ClassEval_35_3.EightPuzzleTestFindBlank)
----------------------------------------------------------------------
Traceback (most recent call last):
  File "C:\Users\tanuj\Desktop\CS540\repo\CS540\classeval_evaluation\ClassEval_35_3.py", line 128, in test_find_blank_4
    self.assertEqual(eightPuzzle.find_blank(state), None)
  File "C:\Users\tanuj\Desktop\CS540\repo\CS540\classeval_evaluation\ClassEval_35_3.py", line 29, in find_blank
    raise ValueError("No blank (0) in state")
ValueError: No blank (0) in state

======================================================================
ERROR: test_find_blank_5 (ClassEval_35_3.EightPuzzleTestFindBlank)
----------------------------------------------------------------------
Traceback (most recent call last):
  File "C:\Users\tanuj\Desktop\CS540\repo\CS540\classeval_evaluation\ClassEval_35_3.py", line 133, in test_find_blank_5
    self.assertEqual(eightPuzzle.find_blank(state), None)
  File "C:\Users\tanuj\Desktop\CS540\repo\CS540\classeval_evaluation\ClassEval_35_3.py", line 29, in find_blank
    raise ValueError("No blank (0) in state")
ValueError: No blank (0) in state

----------------------------------------------------------------------
Ran 5 tests in 0.001s

FAILED (errors=3)
....E
======================================================================
ERROR: test_move_5 (ClassEval_35_3.EightPuzzleTestMove)
----------------------------------------------------------------------
Traceback (most recent call last):
  File "C:\Users\tanuj\Desktop\CS540\repo\CS540\classeval_evaluation\ClassEval_35_3.py", line 162, in test_move_5
    result = self.eightPuzzle.move(self.initial_state, '???')
  File "C:\Users\tanuj\Desktop\CS540\repo\CS540\classeval_evaluation\ClassEval_35_3.py", line 52, in move
    raise ValueError("Invalid direction")
ValueError: Invalid direction

----------------------------------------------------------------------
Ran 5 tests in 0.001s

FAILED (errors=1)
.....
----------------------------------------------------------------------
Ran 5 tests in 0.001s

OK
.....F
======================================================================
FAIL: test_solve_6 (ClassEval_35_3.EightPuzzleTestSolve)
----------------------------------------------------------------------
Traceback (most recent call last):
  File "C:\Users\tanuj\Desktop\CS540\repo\CS540\classeval_evaluation\ClassEval_35_3.py", line 244, in test_solve_6
    self.assertEqual(result, expected)
AssertionError: [] != None

----------------------------------------------------------------------
Ran 6 tests in 0.094s

FAILED (failures=1)
..EEE
======================================================================
ERROR: test_find_blank_3 (ClassEval_35_4.EightPuzzleTestFindBlank)
----------------------------------------------------------------------
Traceback (most recent call last):
  File "C:\Users\tanuj\Desktop\CS540\repo\CS540\classeval_evaluation\ClassEval_35_4.py", line 121, in test_find_blank_3
    self.assertEqual(eightPuzzle.find_blank(state), None)
  File "C:\Users\tanuj\Desktop\CS540\repo\CS540\classeval_evaluation\ClassEval_35_4.py", line 31, in find_blank
    raise ValueError("No blank space (0) in the state")
ValueError: No blank space (0) in the state

======================================================================
ERROR: test_find_blank_4 (ClassEval_35_4.EightPuzzleTestFindBlank)
----------------------------------------------------------------------
Traceback (most recent call last):
  File "C:\Users\tanuj\Desktop\CS540\repo\CS540\classeval_evaluation\ClassEval_35_4.py", line 126, in test_find_blank_4
    self.assertEqual(eightPuzzle.find_blank(state), None)
  File "C:\Users\tanuj\Desktop\CS540\repo\CS540\classeval_evaluation\ClassEval_35_4.py", line 31, in find_blank
    raise ValueError("No blank space (0) in the state")
ValueError: No blank space (0) in the state

======================================================================
ERROR: test_find_blank_5 (ClassEval_35_4.EightPuzzleTestFindBlank)
----------------------------------------------------------------------
Traceback (most recent call last):
  File "C:\Users\tanuj\Desktop\CS540\repo\CS540\classeval_evaluation\ClassEval_35_4.py", line 131, in test_find_blank_5
    self.assertEqual(eightPuzzle.find_blank(state), None)
  File "C:\Users\tanuj\Desktop\CS540\repo\CS540\classeval_evaluation\ClassEval_35_4.py", line 31, in find_blank
    raise ValueError("No blank space (0) in the state")
ValueError: No blank space (0) in the state

----------------------------------------------------------------------
Ran 5 tests in 0.001s

FAILED (errors=3)
....E
======================================================================
ERROR: test_move_5 (ClassEval_35_4.EightPuzzleTestMove)
----------------------------------------------------------------------
Traceback (most recent call last):
  File "C:\Users\tanuj\Desktop\CS540\repo\CS540\classeval_evaluation\ClassEval_35_4.py", line 160, in test_move_5
    result = self.eightPuzzle.move(self.initial_state, '???')
  File "C:\Users\tanuj\Desktop\CS540\repo\CS540\classeval_evaluation\ClassEval_35_4.py", line 51, in move
    raise ValueError(f"Unknown direction: {direction}")
ValueError: Unknown direction: ???

----------------------------------------------------------------------
Ran 5 tests in 0.000s

FAILED (errors=1)
.....
----------------------------------------------------------------------
Ran 5 tests in 0.000s

OK
.....F
======================================================================
FAIL: test_solve_6 (ClassEval_35_4.EightPuzzleTestSolve)
----------------------------------------------------------------------
Traceback (most recent call last):
  File "C:\Users\tanuj\Desktop\CS540\repo\CS540\classeval_evaluation\ClassEval_35_4.py", line 242, in test_solve_6
    self.assertEqual(result, expected)
AssertionError: [] != None

----------------------------------------------------------------------
Ran 6 tests in 0.098s

FAILED (failures=1)
.....
----------------------------------------------------------------------
Ran 5 tests in 0.000s

OK
.....
----------------------------------------------------------------------
Ran 5 tests in 0.000s

OK
.....
----------------------------------------------------------------------
Ran 5 tests in 0.001s

OK
.
----------------------------------------------------------------------
Ran 1 test in 0.000s

OK
.....
----------------------------------------------------------------------
Ran 5 tests in 0.003s

OK
.....
----------------------------------------------------------------------
Ran 5 tests in 0.001s

OK
.....
----------------------------------------------------------------------
Ran 5 tests in 0.007s

OK
.
----------------------------------------------------------------------
Ran 1 test in 0.001s

OK
.....
----------------------------------------------------------------------
Ran 5 tests in 0.001s

OK
.....
----------------------------------------------------------------------
Ran 5 tests in 0.001s

OK
.....
----------------------------------------------------------------------
Ran 5 tests in 0.009s

OK
.
----------------------------------------------------------------------
Ran 1 test in 0.000s

OK
.....
----------------------------------------------------------------------
Ran 5 tests in 0.000s

OK
.....
----------------------------------------------------------------------
Ran 5 tests in 0.000s

OK
.....
----------------------------------------------------------------------
Ran 5 tests in 0.001s

OK
.
----------------------------------------------------------------------
Ran 1 test in 0.000s

OK
.....
----------------------------------------------------------------------
Ran 5 tests in 0.008s

OK
.....
----------------------------------------------------------------------
Ran 5 tests in 0.001s

OK
.....
----------------------------------------------------------------------
Ran 5 tests in 0.001s

OK
.
----------------------------------------------------------------------
Ran 1 test in 0.000s

OK
.....
----------------------------------------------------------------------
Ran 5 tests in 0.000s

OK
......
----------------------------------------------------------------------
Ran 6 tests in 0.000s

OK
.FF..F
======================================================================
FAIL: test_has_path_2 (ClassEval_54_0.MahjongConnectTestHasPath)
----------------------------------------------------------------------
Traceback (most recent call last):
  File "C:\Users\tanuj\Desktop\CS540\repo\CS540\classeval_evaluation\ClassEval_54_0.py", line 245, in test_has_path_2
    self.assertEqual(res, True)
AssertionError: False != True

======================================================================
FAIL: test_has_path_3 (ClassEval_54_0.MahjongConnectTestHasPath)
----------------------------------------------------------------------
Traceback (most recent call last):
  File "C:\Users\tanuj\Desktop\CS540\repo\CS540\classeval_evaluation\ClassEval_54_0.py", line 254, in test_has_path_3
    self.assertEqual(res, True)
AssertionError: False != True

======================================================================
FAIL: test_has_path_6 (ClassEval_54_0.MahjongConnectTestHasPath)
----------------------------------------------------------------------
Traceback (most recent call last):
  File "C:\Users\tanuj\Desktop\CS540\repo\CS540\classeval_evaluation\ClassEval_54_0.py", line 281, in test_has_path_6
    self.assertEqual(res, True)
AssertionError: False != True

----------------------------------------------------------------------
Ran 6 tests in 0.001s

FAILED (failures=3)
.....
----------------------------------------------------------------------
Ran 5 tests in 0.000s

OK
.....
----------------------------------------------------------------------
Ran 5 tests in 0.000s

OK
.
----------------------------------------------------------------------
Ran 1 test in 0.000s

OK
.....
----------------------------------------------------------------------
Ran 5 tests in 0.000s

OK
......
----------------------------------------------------------------------
Ran 6 tests in 0.000s

OK
.FF..F
======================================================================
FAIL: test_has_path_2 (ClassEval_54_1.MahjongConnectTestHasPath)
----------------------------------------------------------------------
Traceback (most recent call last):
  File "C:\Users\tanuj\Desktop\CS540\repo\CS540\classeval_evaluation\ClassEval_54_1.py", line 284, in test_has_path_2
    self.assertEqual(res, True)
AssertionError: False != True

======================================================================
FAIL: test_has_path_3 (ClassEval_54_1.MahjongConnectTestHasPath)
----------------------------------------------------------------------
Traceback (most recent call last):
  File "C:\Users\tanuj\Desktop\CS540\repo\CS540\classeval_evaluation\ClassEval_54_1.py", line 293, in test_has_path_3
    self.assertEqual(res, True)
AssertionError: False != True

======================================================================
FAIL: test_has_path_6 (ClassEval_54_1.MahjongConnectTestHasPath)
----------------------------------------------------------------------
Traceback (most recent call last):
  File "C:\Users\tanuj\Desktop\CS540\repo\CS540\classeval_evaluation\ClassEval_54_1.py", line 320, in test_has_path_6
    self.assertEqual(res, True)
AssertionError: False != True

----------------------------------------------------------------------
Ran 6 tests in 0.001s

FAILED (failures=3)
.....
----------------------------------------------------------------------
Ran 5 tests in 0.000s

OK
.....
----------------------------------------------------------------------
Ran 5 tests in 0.000s

OK
.
----------------------------------------------------------------------
Ran 1 test in 0.000s

OK
.....
----------------------------------------------------------------------
Ran 5 tests in 0.000s

OK
......
----------------------------------------------------------------------
Ran 6 tests in 0.000s

OK
.FF.EF
======================================================================
ERROR: test_has_path_5 (ClassEval_54_2.MahjongConnectTestHasPath)
----------------------------------------------------------------------
Traceback (most recent call last):
  File "C:\Users\tanuj\Desktop\CS540\repo\CS540\classeval_evaluation\ClassEval_54_2.py", line 280, in test_has_path_5
    res = mc.has_path((300, 0), (1, 1))
  File "C:\Users\tanuj\Desktop\CS540\repo\CS540\classeval_evaluation\ClassEval_54_2.py", line 85, in has_path
    visited[r1][c1][d] = 0
IndexError: list index out of range

======================================================================
FAIL: test_has_path_2 (ClassEval_54_2.MahjongConnectTestHasPath)
----------------------------------------------------------------------
Traceback (most recent call last):
  File "C:\Users\tanuj\Desktop\CS540\repo\CS540\classeval_evaluation\ClassEval_54_2.py", line 254, in test_has_path_2
    self.assertEqual(res, True)
AssertionError: False != True

======================================================================
FAIL: test_has_path_3 (ClassEval_54_2.MahjongConnectTestHasPath)
----------------------------------------------------------------------
Traceback (most recent call last):
  File "C:\Users\tanuj\Desktop\CS540\repo\CS540\classeval_evaluation\ClassEval_54_2.py", line 263, in test_has_path_3
    self.assertEqual(res, True)
AssertionError: False != True

======================================================================
FAIL: test_has_path_6 (ClassEval_54_2.MahjongConnectTestHasPath)
----------------------------------------------------------------------
Traceback (most recent call last):
  File "C:\Users\tanuj\Desktop\CS540\repo\CS540\classeval_evaluation\ClassEval_54_2.py", line 290, in test_has_path_6
    self.assertEqual(res, True)
AssertionError: False != True

----------------------------------------------------------------------
Ran 6 tests in 0.001s

FAILED (failures=3, errors=1)
.....
----------------------------------------------------------------------
Ran 5 tests in 0.000s

OK
.....
----------------------------------------------------------------------
Ran 5 tests in 0.000s

OK
.
----------------------------------------------------------------------
Ran 1 test in 0.000s

OK
.....
----------------------------------------------------------------------
Ran 5 tests in 0.000s

OK
......
----------------------------------------------------------------------
Ran 6 tests in 0.000s

OK
.FF..F
======================================================================
FAIL: test_has_path_2 (ClassEval_54_3.MahjongConnectTestHasPath)
----------------------------------------------------------------------
Traceback (most recent call last):
  File "C:\Users\tanuj\Desktop\CS540\repo\CS540\classeval_evaluation\ClassEval_54_3.py", line 261, in test_has_path_2
    self.assertEqual(res, True)
AssertionError: False != True

======================================================================
FAIL: test_has_path_3 (ClassEval_54_3.MahjongConnectTestHasPath)
----------------------------------------------------------------------
Traceback (most recent call last):
  File "C:\Users\tanuj\Desktop\CS540\repo\CS540\classeval_evaluation\ClassEval_54_3.py", line 270, in test_has_path_3
    self.assertEqual(res, True)
AssertionError: False != True

======================================================================
FAIL: test_has_path_6 (ClassEval_54_3.MahjongConnectTestHasPath)
----------------------------------------------------------------------
Traceback (most recent call last):
  File "C:\Users\tanuj\Desktop\CS540\repo\CS540\classeval_evaluation\ClassEval_54_3.py", line 297, in test_has_path_6
    self.assertEqual(res, True)
AssertionError: False != True

----------------------------------------------------------------------
Ran 6 tests in 0.001s

FAILED (failures=3)
.....
----------------------------------------------------------------------
Ran 5 tests in 0.000s

OK
.....
----------------------------------------------------------------------
Ran 5 tests in 0.000s

OK
.
----------------------------------------------------------------------
Ran 1 test in 0.000s

OK
.....
----------------------------------------------------------------------
Ran 5 tests in 0.000s

OK
.....F
======================================================================
FAIL: test_is_valid_move_6 (ClassEval_54_4.MahjongConnectTestIsValidMove)
----------------------------------------------------------------------
Traceback (most recent call last):
  File "C:\Users\tanuj\Desktop\CS540\repo\CS540\classeval_evaluation\ClassEval_54_4.py", line 232, in test_is_valid_move_6
    self.assertEqual(res, False)
AssertionError: True != False

----------------------------------------------------------------------
Ran 6 tests in 0.001s

FAILED (failures=1)
.F...F
======================================================================
FAIL: test_has_path_2 (ClassEval_54_4.MahjongConnectTestHasPath)
----------------------------------------------------------------------
Traceback (most recent call last):
  File "C:\Users\tanuj\Desktop\CS540\repo\CS540\classeval_evaluation\ClassEval_54_4.py", line 252, in test_has_path_2
    self.assertEqual(res, True)
AssertionError: False != True

======================================================================
FAIL: test_has_path_6 (ClassEval_54_4.MahjongConnectTestHasPath)
----------------------------------------------------------------------
Traceback (most recent call last):
  File "C:\Users\tanuj\Desktop\CS540\repo\CS540\classeval_evaluation\ClassEval_54_4.py", line 288, in test_has_path_6
    self.assertEqual(res, True)
AssertionError: False != True

----------------------------------------------------------------------
Ran 6 tests in 0.001s

FAILED (failures=2)
.....
----------------------------------------------------------------------
Ran 5 tests in 0.001s

OK
.....
----------------------------------------------------------------------
Ran 5 tests in 0.000s

OK
.
----------------------------------------------------------------------
Ran 1 test in 0.000s

OK
.....
----------------------------------------------------------------------
Ran 5 tests in 0.000s

OK
...EE
======================================================================
ERROR: test_generate_playerMap_4 (ClassEval_58_0.MinesweeperGameTestGeneratePlayerMap)
----------------------------------------------------------------------
Traceback (most recent call last):
  File "C:\Users\tanuj\Desktop\CS540\repo\CS540\classeval_evaluation\ClassEval_58_0.py", line 180, in test_generate_playerMap_4
    minesweeper_game = MinesweeperGame(1, 4)
  File "C:\Users\tanuj\Desktop\CS540\repo\CS540\classeval_evaluation\ClassEval_58_0.py", line 15, in __init__
    self.minesweeper_map = self.generate_mine_sweeper_map()
  File "C:\Users\tanuj\Desktop\CS540\repo\CS540\classeval_evaluation\ClassEval_58_0.py", line 28, in generate_mine_sweeper_map
    mine_positions = random.sample(all_positions, self.k)
  File "C:\Users\tanuj\AppData\Local\Programs\Python\Python310\lib\random.py", line 482, in sample
    raise ValueError("Sample larger than population or is negative")
ValueError: Sample larger than population or is negative

======================================================================
ERROR: test_generate_playerMap_5 (ClassEval_58_0.MinesweeperGameTestGeneratePlayerMap)
----------------------------------------------------------------------
Traceback (most recent call last):
  File "C:\Users\tanuj\Desktop\CS540\repo\CS540\classeval_evaluation\ClassEval_58_0.py", line 184, in test_generate_playerMap_5
    minesweeper_game = MinesweeperGame(2, 5)
  File "C:\Users\tanuj\Desktop\CS540\repo\CS540\classeval_evaluation\ClassEval_58_0.py", line 15, in __init__
    self.minesweeper_map = self.generate_mine_sweeper_map()
  File "C:\Users\tanuj\Desktop\CS540\repo\CS540\classeval_evaluation\ClassEval_58_0.py", line 28, in generate_mine_sweeper_map
    mine_positions = random.sample(all_positions, self.k)
  File "C:\Users\tanuj\AppData\Local\Programs\Python\Python310\lib\random.py", line 482, in sample
    raise ValueError("Sample larger than population or is negative")
ValueError: Sample larger than population or is negative

----------------------------------------------------------------------
Ran 5 tests in 0.001s

FAILED (errors=2)
.....
----------------------------------------------------------------------
Ran 5 tests in 0.000s

OK
F.FFF
======================================================================
FAIL: test_sweep (ClassEval_58_0.MinesweeperGameTestSweep)
----------------------------------------------------------------------
Traceback (most recent call last):
  File "C:\Users\tanuj\Desktop\CS540\repo\CS540\classeval_evaluation\ClassEval_58_0.py", line 224, in test_sweep
    self.assertEqual(minesweeper_game.score, 1)
AssertionError: 0 != 1

======================================================================
FAIL: test_sweep_3 (ClassEval_58_0.MinesweeperGameTestSweep)
----------------------------------------------------------------------
Traceback (most recent call last):
  File "C:\Users\tanuj\Desktop\CS540\repo\CS540\classeval_evaluation\ClassEval_58_0.py", line 238, in test_sweep_3
    self.assertEqual(minesweeper_game.score, 1)
AssertionError: 0 != 1

======================================================================
FAIL: test_sweep_4 (ClassEval_58_0.MinesweeperGameTestSweep)
----------------------------------------------------------------------
Traceback (most recent call last):
  File "C:\Users\tanuj\Desktop\CS540\repo\CS540\classeval_evaluation\ClassEval_58_0.py", line 244, in test_sweep_4
    self.assertEqual(minesweeper_game.sweep(0,2), [['-', '-', 0], ['-', '-', '0'], ['0', '0', '0']])
AssertionError: Lists differ: [['-', 1, 0], ['-', 1, '0'], ['0', '0', '0']] != [['-', '-', 0], ['-', '-', '0'], ['0', '0', '0']]

First differing element 0:
['-', 1, 0]
['-', '-', 0]

- [['-', 1, 0], ['-', 1, '0'], ['0', '0', '0']]
?        ^            ^

+ [['-', '-', 0], ['-', '-', '0'], ['0', '0', '0']]
?        ^^^            ^^^


======================================================================
FAIL: test_sweep_5 (ClassEval_58_0.MinesweeperGameTestSweep)
----------------------------------------------------------------------
Traceback (most recent call last):
  File "C:\Users\tanuj\Desktop\CS540\repo\CS540\classeval_evaluation\ClassEval_58_0.py", line 252, in test_sweep_5
    self.assertEqual(minesweeper_game.score, 1)
AssertionError: 0 != 1

----------------------------------------------------------------------
Ran 5 tests in 0.002s

FAILED (failures=4)
FF
======================================================================
FAIL: test_minesweeper_main (ClassEval_58_0.MinesweeperGameTestMain)
----------------------------------------------------------------------
Traceback (most recent call last):
  File "C:\Users\tanuj\Desktop\CS540\repo\CS540\classeval_evaluation\ClassEval_58_0.py", line 270, in test_minesweeper_main
    self.assertEqual(minesweeper_game.score, 1)
AssertionError: 0 != 1

======================================================================
FAIL: test_minesweeper_main_2 (ClassEval_58_0.MinesweeperGameTestMain)
----------------------------------------------------------------------
Traceback (most recent call last):
  File "C:\Users\tanuj\Desktop\CS540\repo\CS540\classeval_evaluation\ClassEval_58_0.py", line 286, in test_minesweeper_main_2
    self.assertEqual(minesweeper_game.score, 1)
AssertionError: 0 != 1

----------------------------------------------------------------------
Ran 2 tests in 0.001s

FAILED (failures=2)
.....
----------------------------------------------------------------------
Ran 5 tests in 0.001s

OK
...EE
======================================================================
ERROR: test_generate_playerMap_4 (ClassEval_58_1.MinesweeperGameTestGeneratePlayerMap)
----------------------------------------------------------------------
Traceback (most recent call last):
  File "C:\Users\tanuj\Desktop\CS540\repo\CS540\classeval_evaluation\ClassEval_58_1.py", line 177, in test_generate_playerMap_4
    minesweeper_game = MinesweeperGame(1, 4)
  File "C:\Users\tanuj\Desktop\CS540\repo\CS540\classeval_evaluation\ClassEval_58_1.py", line 18, in __init__
    self.minesweeper_map = self.generate_mine_sweeper_map()
  File "C:\Users\tanuj\Desktop\CS540\repo\CS540\classeval_evaluation\ClassEval_58_1.py", line 34, in generate_mine_sweeper_map
    mine_positions = random.sample(all_positions, self.k)
  File "C:\Users\tanuj\AppData\Local\Programs\Python\Python310\lib\random.py", line 482, in sample
    raise ValueError("Sample larger than population or is negative")
ValueError: Sample larger than population or is negative

======================================================================
ERROR: test_generate_playerMap_5 (ClassEval_58_1.MinesweeperGameTestGeneratePlayerMap)
----------------------------------------------------------------------
Traceback (most recent call last):
  File "C:\Users\tanuj\Desktop\CS540\repo\CS540\classeval_evaluation\ClassEval_58_1.py", line 181, in test_generate_playerMap_5
    minesweeper_game = MinesweeperGame(2, 5)
  File "C:\Users\tanuj\Desktop\CS540\repo\CS540\classeval_evaluation\ClassEval_58_1.py", line 18, in __init__
    self.minesweeper_map = self.generate_mine_sweeper_map()
  File "C:\Users\tanuj\Desktop\CS540\repo\CS540\classeval_evaluation\ClassEval_58_1.py", line 34, in generate_mine_sweeper_map
    mine_positions = random.sample(all_positions, self.k)
  File "C:\Users\tanuj\AppData\Local\Programs\Python\Python310\lib\random.py", line 482, in sample
    raise ValueError("Sample larger than population or is negative")
ValueError: Sample larger than population or is negative

----------------------------------------------------------------------
Ran 5 tests in 0.003s

FAILED (errors=2)
.....
----------------------------------------------------------------------
Ran 5 tests in 0.001s

OK
.....
----------------------------------------------------------------------
Ran 5 tests in 0.001s

OK
..
----------------------------------------------------------------------
Ran 2 tests in 0.000s

OK
.....
----------------------------------------------------------------------
Ran 5 tests in 0.000s

OK
...EE
======================================================================
ERROR: test_generate_playerMap_4 (ClassEval_58_2.MinesweeperGameTestGeneratePlayerMap)
----------------------------------------------------------------------
Traceback (most recent call last):
  File "C:\Users\tanuj\Desktop\CS540\repo\CS540\classeval_evaluation\ClassEval_58_2.py", line 191, in test_generate_playerMap_4
    minesweeper_game = MinesweeperGame(1, 4)
  File "C:\Users\tanuj\Desktop\CS540\repo\CS540\classeval_evaluation\ClassEval_58_2.py", line 19, in __init__
    self.minesweeper_map = self.generate_mine_sweeper_map()
  File "C:\Users\tanuj\Desktop\CS540\repo\CS540\classeval_evaluation\ClassEval_58_2.py", line 35, in generate_mine_sweeper_map
    mines = set(random.sample(all_positions, self.k))
  File "C:\Users\tanuj\AppData\Local\Programs\Python\Python310\lib\random.py", line 482, in sample
    raise ValueError("Sample larger than population or is negative")
ValueError: Sample larger than population or is negative

======================================================================
ERROR: test_generate_playerMap_5 (ClassEval_58_2.MinesweeperGameTestGeneratePlayerMap)
----------------------------------------------------------------------
Traceback (most recent call last):
  File "C:\Users\tanuj\Desktop\CS540\repo\CS540\classeval_evaluation\ClassEval_58_2.py", line 195, in test_generate_playerMap_5
    minesweeper_game = MinesweeperGame(2, 5)
  File "C:\Users\tanuj\Desktop\CS540\repo\CS540\classeval_evaluation\ClassEval_58_2.py", line 19, in __init__
    self.minesweeper_map = self.generate_mine_sweeper_map()
  File "C:\Users\tanuj\Desktop\CS540\repo\CS540\classeval_evaluation\ClassEval_58_2.py", line 35, in generate_mine_sweeper_map
    mines = set(random.sample(all_positions, self.k))
  File "C:\Users\tanuj\AppData\Local\Programs\Python\Python310\lib\random.py", line 482, in sample
    raise ValueError("Sample larger than population or is negative")
ValueError: Sample larger than population or is negative

----------------------------------------------------------------------
Ran 5 tests in 0.003s

FAILED (errors=2)
.....
----------------------------------------------------------------------
Ran 5 tests in 0.000s

OK
...F.
======================================================================
FAIL: test_sweep_4 (ClassEval_58_2.MinesweeperGameTestSweep)
----------------------------------------------------------------------
Traceback (most recent call last):
  File "C:\Users\tanuj\Desktop\CS540\repo\CS540\classeval_evaluation\ClassEval_58_2.py", line 255, in test_sweep_4
    self.assertEqual(minesweeper_game.sweep(0,2), [['-', '-', 0], ['-', '-', '0'], ['0', '0', '0']])
AssertionError: Lists differ: [['-', 1, 0], ['-', 1, '0'], ['0', '0', '0']] != [['-', '-', 0], ['-', '-', '0'], ['0', '0', '0']]

First differing element 0:
['-', 1, 0]
['-', '-', 0]

- [['-', 1, 0], ['-', 1, '0'], ['0', '0', '0']]
?        ^            ^

+ [['-', '-', 0], ['-', '-', '0'], ['0', '0', '0']]
?        ^^^            ^^^


----------------------------------------------------------------------
Ran 5 tests in 0.004s

FAILED (failures=1)
..
----------------------------------------------------------------------
Ran 2 tests in 0.001s

OK
.....
----------------------------------------------------------------------
Ran 5 tests in 0.000s

OK
...EE
======================================================================
ERROR: test_generate_playerMap_4 (ClassEval_58_3.MinesweeperGameTestGeneratePlayerMap)
----------------------------------------------------------------------
Traceback (most recent call last):
  File "C:\Users\tanuj\Desktop\CS540\repo\CS540\classeval_evaluation\ClassEval_58_3.py", line 214, in test_generate_playerMap_4
    minesweeper_game = MinesweeperGame(1, 4)
  File "C:\Users\tanuj\Desktop\CS540\repo\CS540\classeval_evaluation\ClassEval_58_3.py", line 19, in __init__
    self.minesweeper_map = self.generate_mine_sweeper_map()
  File "C:\Users\tanuj\Desktop\CS540\repo\CS540\classeval_evaluation\ClassEval_58_3.py", line 35, in generate_mine_sweeper_map
    mines = random.sample(all_positions, self.k)
  File "C:\Users\tanuj\AppData\Local\Programs\Python\Python310\lib\random.py", line 482, in sample
    raise ValueError("Sample larger than population or is negative")
ValueError: Sample larger than population or is negative

======================================================================
ERROR: test_generate_playerMap_5 (ClassEval_58_3.MinesweeperGameTestGeneratePlayerMap)
----------------------------------------------------------------------
Traceback (most recent call last):
  File "C:\Users\tanuj\Desktop\CS540\repo\CS540\classeval_evaluation\ClassEval_58_3.py", line 218, in test_generate_playerMap_5
    minesweeper_game = MinesweeperGame(2, 5)
  File "C:\Users\tanuj\Desktop\CS540\repo\CS540\classeval_evaluation\ClassEval_58_3.py", line 19, in __init__
    self.minesweeper_map = self.generate_mine_sweeper_map()
  File "C:\Users\tanuj\Desktop\CS540\repo\CS540\classeval_evaluation\ClassEval_58_3.py", line 35, in generate_mine_sweeper_map
    mines = random.sample(all_positions, self.k)
  File "C:\Users\tanuj\AppData\Local\Programs\Python\Python310\lib\random.py", line 482, in sample
    raise ValueError("Sample larger than population or is negative")
ValueError: Sample larger than population or is negative

----------------------------------------------------------------------
Ran 5 tests in 0.001s

FAILED (errors=2)
.....
----------------------------------------------------------------------
Ran 5 tests in 0.001s

OK
...F.
======================================================================
FAIL: test_sweep_4 (ClassEval_58_3.MinesweeperGameTestSweep)
----------------------------------------------------------------------
Traceback (most recent call last):
  File "C:\Users\tanuj\Desktop\CS540\repo\CS540\classeval_evaluation\ClassEval_58_3.py", line 278, in test_sweep_4
    self.assertEqual(minesweeper_game.sweep(0,2), [['-', '-', 0], ['-', '-', '0'], ['0', '0', '0']])
AssertionError: Lists differ: [['-', 1, 0], ['-', 1, '0'], ['0', '0', '0']] != [['-', '-', 0], ['-', '-', '0'], ['0', '0', '0']]

First differing element 0:
['-', 1, 0]
['-', '-', 0]

- [['-', 1, 0], ['-', 1, '0'], ['0', '0', '0']]
?        ^            ^

+ [['-', '-', 0], ['-', '-', '0'], ['0', '0', '0']]
?        ^^^            ^^^


----------------------------------------------------------------------
Ran 5 tests in 0.002s

FAILED (failures=1)
..
----------------------------------------------------------------------
Ran 2 tests in 0.000s

OK
.....
----------------------------------------------------------------------
Ran 5 tests in 0.001s

OK
...EE
======================================================================
ERROR: test_generate_playerMap_4 (ClassEval_58_4.MinesweeperGameTestGeneratePlayerMap)
----------------------------------------------------------------------
Traceback (most recent call last):
  File "C:\Users\tanuj\Desktop\CS540\repo\CS540\classeval_evaluation\ClassEval_58_4.py", line 171, in test_generate_playerMap_4
    minesweeper_game = MinesweeperGame(1, 4)
  File "C:\Users\tanuj\Desktop\CS540\repo\CS540\classeval_evaluation\ClassEval_58_4.py", line 18, in __init__
    self.minesweeper_map = self.generate_mine_sweeper_map()
  File "C:\Users\tanuj\Desktop\CS540\repo\CS540\classeval_evaluation\ClassEval_58_4.py", line 31, in generate_mine_sweeper_map
    mine_positions = random.sample(all_positions, self.k)
  File "C:\Users\tanuj\AppData\Local\Programs\Python\Python310\lib\random.py", line 482, in sample
    raise ValueError("Sample larger than population or is negative")
ValueError: Sample larger than population or is negative

======================================================================
ERROR: test_generate_playerMap_5 (ClassEval_58_4.MinesweeperGameTestGeneratePlayerMap)
----------------------------------------------------------------------
Traceback (most recent call last):
  File "C:\Users\tanuj\Desktop\CS540\repo\CS540\classeval_evaluation\ClassEval_58_4.py", line 175, in test_generate_playerMap_5
    minesweeper_game = MinesweeperGame(2, 5)
  File "C:\Users\tanuj\Desktop\CS540\repo\CS540\classeval_evaluation\ClassEval_58_4.py", line 18, in __init__
    self.minesweeper_map = self.generate_mine_sweeper_map()
  File "C:\Users\tanuj\Desktop\CS540\repo\CS540\classeval_evaluation\ClassEval_58_4.py", line 31, in generate_mine_sweeper_map
    mine_positions = random.sample(all_positions, self.k)
  File "C:\Users\tanuj\AppData\Local\Programs\Python\Python310\lib\random.py", line 482, in sample
    raise ValueError("Sample larger than population or is negative")
ValueError: Sample larger than population or is negative

----------------------------------------------------------------------
Ran 5 tests in 0.001s

FAILED (errors=2)
.....
----------------------------------------------------------------------
Ran 5 tests in 0.000s

OK
.....
----------------------------------------------------------------------
Ran 5 tests in 0.000s

OK
..
----------------------------------------------------------------------
Ran 2 tests in 0.001s

OK
.......
----------------------------------------------------------------------
Ran 7 tests in 0.000s

OK
..
----------------------------------------------------------------------
Ran 2 tests in 0.000s

OK
.......
----------------------------------------------------------------------
Ran 7 tests in 0.000s

OK
.......
----------------------------------------------------------------------
Ran 7 tests in 0.001s

OK
..
----------------------------------------------------------------------
Ran 2 tests in 0.000s

OK
.......
----------------------------------------------------------------------
Ran 7 tests in 0.001s

OK
F......
======================================================================
FAIL: test_init_game_1 (ClassEval_71_2.PushBoxGameTestInitGame)
----------------------------------------------------------------------
Traceback (most recent call last):
  File "C:\Users\tanuj\Desktop\CS540\repo\CS540\classeval_evaluation\ClassEval_71_2.py", line 133, in test_init_game_1
    self.assertEqual(self.game.map, self.game_map)
AssertionError: Lists differ: [['#', '#', '#', '#', '#'], ['#', ' ', ' '[88 chars]'#']] != ['#####', '#O  #', '# X #', '#  G#', '#####']

First differing element 0:
['#', '#', '#', '#', '#']
'#####'

+ ['#####', '#O  #', '# X #', '#  G#', '#####']
- [['#', '#', '#', '#', '#'],
-  ['#', ' ', ' ', ' ', '#'],
-  ['#', ' ', ' ', ' ', '#'],
-  ['#', ' ', ' ', ' ', '#'],
-  ['#', '#', '#', '#', '#']]

----------------------------------------------------------------------
Ran 7 tests in 0.003s

FAILED (failures=1)
..
----------------------------------------------------------------------
Ran 2 tests in 0.000s

OK
.......
----------------------------------------------------------------------
Ran 7 tests in 0.001s

OK
......E
======================================================================
ERROR: test_init_game_7 (ClassEval_71_3.PushBoxGameTestInitGame)
----------------------------------------------------------------------
Traceback (most recent call last):
  File "C:\Users\tanuj\Desktop\CS540\repo\CS540\classeval_evaluation\ClassEval_71_3.py", line 146, in test_init_game_7
    self.assertEqual(self.game.target_count, 1)
AttributeError: 'PushBoxGame' object has no attribute 'target_count'

----------------------------------------------------------------------
Ran 7 tests in 0.002s

FAILED (errors=1)
..
----------------------------------------------------------------------
Ran 2 tests in 0.001s

OK
.......
----------------------------------------------------------------------
Ran 7 tests in 0.000s

OK
......E
======================================================================
ERROR: test_init_game_7 (ClassEval_71_4.PushBoxGameTestInitGame)
----------------------------------------------------------------------
Traceback (most recent call last):
  File "C:\Users\tanuj\Desktop\CS540\repo\CS540\classeval_evaluation\ClassEval_71_4.py", line 168, in test_init_game_7
    self.assertEqual(self.game.target_count, 1)
AttributeError: 'PushBoxGame' object has no attribute 'target_count'

----------------------------------------------------------------------
Ran 7 tests in 0.001s

FAILED (errors=1)
..
----------------------------------------------------------------------
Ran 2 tests in 0.000s

OK
.......
----------------------------------------------------------------------
Ran 7 tests in 0.000s

OK
.....
----------------------------------------------------------------------
Ran 5 tests in 0.000s

OK
FF...
======================================================================
FAIL: test_heal_1 (ClassEval_73_0.RPGCharacterTestHeal)
----------------------------------------------------------------------
Traceback (most recent call last):
  File "C:\Users\tanuj\Desktop\CS540\repo\CS540\classeval_evaluation\ClassEval_73_0.py", line 126, in test_heal_1
    self.assertEqual(character.hp, 100)
AssertionError: 90 != 100

======================================================================
FAIL: test_heal_2 (ClassEval_73_0.RPGCharacterTestHeal)
----------------------------------------------------------------------
Traceback (most recent call last):
  File "C:\Users\tanuj\Desktop\CS540\repo\CS540\classeval_evaluation\ClassEval_73_0.py", line 132, in test_heal_2
    self.assertEqual(character.hp, 100)
AssertionError: 97 != 100

----------------------------------------------------------------------
Ran 5 tests in 0.001s

FAILED (failures=2)
.....
----------------------------------------------------------------------
Ran 5 tests in 0.000s

OK
.....
----------------------------------------------------------------------
Ran 5 tests in 0.000s

OK
.....
----------------------------------------------------------------------
Ran 5 tests in 0.000s

OK
.
----------------------------------------------------------------------
Ran 1 test in 0.000s

OK
.....
----------------------------------------------------------------------
Ran 5 tests in 0.001s

OK
FF...
======================================================================
FAIL: test_heal_1 (ClassEval_73_1.RPGCharacterTestHeal)
----------------------------------------------------------------------
Traceback (most recent call last):
  File "C:\Users\tanuj\Desktop\CS540\repo\CS540\classeval_evaluation\ClassEval_73_1.py", line 123, in test_heal_1
    self.assertEqual(character.hp, 100)
AssertionError: 90 != 100

======================================================================
FAIL: test_heal_2 (ClassEval_73_1.RPGCharacterTestHeal)
----------------------------------------------------------------------
Traceback (most recent call last):
  File "C:\Users\tanuj\Desktop\CS540\repo\CS540\classeval_evaluation\ClassEval_73_1.py", line 129, in test_heal_2
    self.assertEqual(character.hp, 100)
AssertionError: 97 != 100

----------------------------------------------------------------------
Ran 5 tests in 0.001s

FAILED (failures=2)
.....
----------------------------------------------------------------------
Ran 5 tests in 0.001s

OK
.....
----------------------------------------------------------------------
Ran 5 tests in 0.000s

OK
.....
----------------------------------------------------------------------
Ran 5 tests in 0.001s

OK
.
----------------------------------------------------------------------
Ran 1 test in 0.000s

OK
.....
----------------------------------------------------------------------
Ran 5 tests in 0.000s

OK
.....
----------------------------------------------------------------------
Ran 5 tests in 0.000s

OK
.....
----------------------------------------------------------------------
Ran 5 tests in 0.000s

OK
.....
----------------------------------------------------------------------
Ran 5 tests in 0.000s

OK
.....
----------------------------------------------------------------------
Ran 5 tests in 0.000s

OK
.
----------------------------------------------------------------------
Ran 1 test in 0.000s

OK
.....
----------------------------------------------------------------------
Ran 5 tests in 0.000s

OK
.....
----------------------------------------------------------------------
Ran 5 tests in 0.000s

OK
.....
----------------------------------------------------------------------
Ran 5 tests in 0.000s

OK
.....
----------------------------------------------------------------------
Ran 5 tests in 0.000s

OK
.....
----------------------------------------------------------------------
Ran 5 tests in 0.000s

OK
.
----------------------------------------------------------------------
Ran 1 test in 0.000s

OK
.....
----------------------------------------------------------------------
Ran 5 tests in 0.000s

OK
.....
----------------------------------------------------------------------
Ran 5 tests in 0.000s

OK
.....
----------------------------------------------------------------------
Ran 5 tests in 0.000s

OK
.....
----------------------------------------------------------------------
Ran 5 tests in 0.000s

OK
.....
----------------------------------------------------------------------
Ran 5 tests in 0.000s

OK
.
----------------------------------------------------------------------
Ran 1 test in 0.000s

OK
.....
----------------------------------------------------------------------
Ran 5 tests in 0.001s

OK
.....
----------------------------------------------------------------------
Ran 5 tests in 0.000s

OK
.....
----------------------------------------------------------------------
Ran 5 tests in 0.001s

OK
.....
----------------------------------------------------------------------
Ran 5 tests in 0.000s

OK
.
----------------------------------------------------------------------
Ran 1 test in 0.000s

OK
F....
======================================================================
FAIL: test_move_1 (ClassEval_77_1.SnakeTestMove)
----------------------------------------------------------------------
Traceback (most recent call last):
  File "C:\Users\tanuj\Desktop\CS540\repo\CS540\classeval_evaluation\ClassEval_77_1.py", line 118, in test_move_1
    self.assertEqual(snake.score, 100)
AssertionError: 10 != 100

----------------------------------------------------------------------
Ran 5 tests in 0.001s

FAILED (failures=1)
.....
----------------------------------------------------------------------
Ran 5 tests in 0.000s

OK
.....
----------------------------------------------------------------------
Ran 5 tests in 0.001s

OK
FFFFF
======================================================================
FAIL: test_eat_food_1 (ClassEval_77_1.SnakeTestEatFood)
----------------------------------------------------------------------
Traceback (most recent call last):
  File "C:\Users\tanuj\Desktop\CS540\repo\CS540\classeval_evaluation\ClassEval_77_1.py", line 250, in test_eat_food_1
    self.assertEqual(snake.score, 100)
AssertionError: 10 != 100

======================================================================
FAIL: test_eat_food_2 (ClassEval_77_1.SnakeTestEatFood)
----------------------------------------------------------------------
Traceback (most recent call last):
  File "C:\Users\tanuj\Desktop\CS540\repo\CS540\classeval_evaluation\ClassEval_77_1.py", line 259, in test_eat_food_2
    self.assertEqual(snake.score, 200)
AssertionError: 20 != 200

======================================================================
FAIL: test_eat_food_3 (ClassEval_77_1.SnakeTestEatFood)
----------------------------------------------------------------------
Traceback (most recent call last):
  File "C:\Users\tanuj\Desktop\CS540\repo\CS540\classeval_evaluation\ClassEval_77_1.py", line 269, in test_eat_food_3
    self.assertEqual(snake.score, 300)
AssertionError: 30 != 300

======================================================================
FAIL: test_eat_food_4 (ClassEval_77_1.SnakeTestEatFood)
----------------------------------------------------------------------
Traceback (most recent call last):
  File "C:\Users\tanuj\Desktop\CS540\repo\CS540\classeval_evaluation\ClassEval_77_1.py", line 280, in test_eat_food_4
    self.assertEqual(snake.score, 400)
AssertionError: 40 != 400

======================================================================
FAIL: test_eat_food_5 (ClassEval_77_1.SnakeTestEatFood)
----------------------------------------------------------------------
Traceback (most recent call last):
  File "C:\Users\tanuj\Desktop\CS540\repo\CS540\classeval_evaluation\ClassEval_77_1.py", line 292, in test_eat_food_5
    self.assertEqual(snake.score, 500)
AssertionError: 50 != 500

----------------------------------------------------------------------
Ran 5 tests in 0.003s

FAILED (failures=5)
F
======================================================================
FAIL: test_snake (ClassEval_77_1.SnakeTest)
----------------------------------------------------------------------
Traceback (most recent call last):
  File "C:\Users\tanuj\Desktop\CS540\repo\CS540\classeval_evaluation\ClassEval_77_1.py", line 308, in test_snake
    self.assertEqual(snake.score, 100)
AssertionError: 10 != 100

----------------------------------------------------------------------
Ran 1 test in 0.000s

FAILED (failures=1)
.....
----------------------------------------------------------------------
Ran 5 tests in 0.001s

OK
.....
----------------------------------------------------------------------
Ran 5 tests in 0.001s

OK
.....
----------------------------------------------------------------------
Ran 5 tests in 0.001s

OK
.....
----------------------------------------------------------------------
Ran 5 tests in 0.000s

OK
.
----------------------------------------------------------------------
Ran 1 test in 0.000s

OK
F....
======================================================================
FAIL: test_move_1 (ClassEval_77_3.SnakeTestMove)
----------------------------------------------------------------------
Traceback (most recent call last):
  File "C:\Users\tanuj\Desktop\CS540\repo\CS540\classeval_evaluation\ClassEval_77_3.py", line 118, in test_move_1
    self.assertEqual(snake.score, 100)
AssertionError: 10 != 100

----------------------------------------------------------------------
Ran 5 tests in 0.001s

FAILED (failures=1)
.....
----------------------------------------------------------------------
Ran 5 tests in 0.001s

OK
.....
----------------------------------------------------------------------
Ran 5 tests in 0.000s

OK
FFFFF
======================================================================
FAIL: test_eat_food_1 (ClassEval_77_3.SnakeTestEatFood)
----------------------------------------------------------------------
Traceback (most recent call last):
  File "C:\Users\tanuj\Desktop\CS540\repo\CS540\classeval_evaluation\ClassEval_77_3.py", line 250, in test_eat_food_1
    self.assertEqual(snake.score, 100)
AssertionError: 10 != 100

======================================================================
FAIL: test_eat_food_2 (ClassEval_77_3.SnakeTestEatFood)
----------------------------------------------------------------------
Traceback (most recent call last):
  File "C:\Users\tanuj\Desktop\CS540\repo\CS540\classeval_evaluation\ClassEval_77_3.py", line 259, in test_eat_food_2
    self.assertEqual(snake.score, 200)
AssertionError: 20 != 200

======================================================================
FAIL: test_eat_food_3 (ClassEval_77_3.SnakeTestEatFood)
----------------------------------------------------------------------
Traceback (most recent call last):
  File "C:\Users\tanuj\Desktop\CS540\repo\CS540\classeval_evaluation\ClassEval_77_3.py", line 269, in test_eat_food_3
    self.assertEqual(snake.score, 300)
AssertionError: 30 != 300

======================================================================
FAIL: test_eat_food_4 (ClassEval_77_3.SnakeTestEatFood)
----------------------------------------------------------------------
Traceback (most recent call last):
  File "C:\Users\tanuj\Desktop\CS540\repo\CS540\classeval_evaluation\ClassEval_77_3.py", line 280, in test_eat_food_4
    self.assertEqual(snake.score, 400)
AssertionError: 40 != 400

======================================================================
FAIL: test_eat_food_5 (ClassEval_77_3.SnakeTestEatFood)
----------------------------------------------------------------------
Traceback (most recent call last):
  File "C:\Users\tanuj\Desktop\CS540\repo\CS540\classeval_evaluation\ClassEval_77_3.py", line 292, in test_eat_food_5
    self.assertEqual(snake.score, 500)
AssertionError: 50 != 500

----------------------------------------------------------------------
Ran 5 tests in 0.002s

FAILED (failures=5)
F
======================================================================
FAIL: test_snake (ClassEval_77_3.SnakeTest)
----------------------------------------------------------------------
Traceback (most recent call last):
  File "C:\Users\tanuj\Desktop\CS540\repo\CS540\classeval_evaluation\ClassEval_77_3.py", line 308, in test_snake
    self.assertEqual(snake.score, 100)
AssertionError: 10 != 100

----------------------------------------------------------------------
Ran 1 test in 0.002s

FAILED (failures=1)
F....
======================================================================
FAIL: test_move_1 (ClassEval_77_4.SnakeTestMove)
----------------------------------------------------------------------
Traceback (most recent call last):
  File "C:\Users\tanuj\Desktop\CS540\repo\CS540\classeval_evaluation\ClassEval_77_4.py", line 113, in test_move_1
    self.assertEqual(snake.score, 100)
AssertionError: 10 != 100

----------------------------------------------------------------------
Ran 5 tests in 0.001s

FAILED (failures=1)
.....
----------------------------------------------------------------------
Ran 5 tests in 0.000s

OK
.....
----------------------------------------------------------------------
Ran 5 tests in 0.000s

OK
FFFFF
======================================================================
FAIL: test_eat_food_1 (ClassEval_77_4.SnakeTestEatFood)
----------------------------------------------------------------------
Traceback (most recent call last):
  File "C:\Users\tanuj\Desktop\CS540\repo\CS540\classeval_evaluation\ClassEval_77_4.py", line 245, in test_eat_food_1
    self.assertEqual(snake.score, 100)
AssertionError: 10 != 100

======================================================================
FAIL: test_eat_food_2 (ClassEval_77_4.SnakeTestEatFood)
----------------------------------------------------------------------
Traceback (most recent call last):
  File "C:\Users\tanuj\Desktop\CS540\repo\CS540\classeval_evaluation\ClassEval_77_4.py", line 254, in test_eat_food_2
    self.assertEqual(snake.score, 200)
AssertionError: 20 != 200

======================================================================
FAIL: test_eat_food_3 (ClassEval_77_4.SnakeTestEatFood)
----------------------------------------------------------------------
Traceback (most recent call last):
  File "C:\Users\tanuj\Desktop\CS540\repo\CS540\classeval_evaluation\ClassEval_77_4.py", line 264, in test_eat_food_3
    self.assertEqual(snake.score, 300)
AssertionError: 30 != 300

======================================================================
FAIL: test_eat_food_4 (ClassEval_77_4.SnakeTestEatFood)
----------------------------------------------------------------------
Traceback (most recent call last):
  File "C:\Users\tanuj\Desktop\CS540\repo\CS540\classeval_evaluation\ClassEval_77_4.py", line 275, in test_eat_food_4
    self.assertEqual(snake.score, 400)
AssertionError: 40 != 400

======================================================================
FAIL: test_eat_food_5 (ClassEval_77_4.SnakeTestEatFood)
----------------------------------------------------------------------
Traceback (most recent call last):
  File "C:\Users\tanuj\Desktop\CS540\repo\CS540\classeval_evaluation\ClassEval_77_4.py", line 287, in test_eat_food_5
    self.assertEqual(snake.score, 500)
AssertionError: 50 != 500

----------------------------------------------------------------------
Ran 5 tests in 0.001s

FAILED (failures=5)
F
======================================================================
FAIL: test_snake (ClassEval_77_4.SnakeTest)
----------------------------------------------------------------------
Traceback (most recent call last):
  File "C:\Users\tanuj\Desktop\CS540\repo\CS540\classeval_evaluation\ClassEval_77_4.py", line 303, in test_snake
    self.assertEqual(snake.score, 100)
AssertionError: 10 != 100

----------------------------------------------------------------------
Ran 1 test in 0.000s

FAILED (failures=1)
.....
----------------------------------------------------------------------
Ran 5 tests in 0.000s

OK
.....
----------------------------------------------------------------------
Ran 5 tests in 0.000s

OK
.....
----------------------------------------------------------------------
Ran 5 tests in 0.000s

OK
.
----------------------------------------------------------------------
Ran 1 test in 0.000s

OK
.....
----------------------------------------------------------------------
Ran 5 tests in 0.000s

OK
.....
----------------------------------------------------------------------
Ran 5 tests in 0.000s

OK
.....
----------------------------------------------------------------------
Ran 5 tests in 0.001s

OK
.
----------------------------------------------------------------------
Ran 1 test in 0.000s

OK
.....
----------------------------------------------------------------------
Ran 5 tests in 0.000s

OK
.....
----------------------------------------------------------------------
Ran 5 tests in 0.000s

OK
.....
----------------------------------------------------------------------
Ran 5 tests in 0.000s

OK
.
----------------------------------------------------------------------
Ran 1 test in 0.000s

OK
.....
----------------------------------------------------------------------
Ran 5 tests in 0.000s

OK
.....
----------------------------------------------------------------------
Ran 5 tests in 0.000s

OK
.....
----------------------------------------------------------------------
Ran 5 tests in 0.000s

OK
.
----------------------------------------------------------------------
Ran 1 test in 0.000s

OK
.....
----------------------------------------------------------------------
Ran 5 tests in 0.000s

OK
.....
----------------------------------------------------------------------
Ran 5 tests in 0.001s

OK
.....
----------------------------------------------------------------------
Ran 5 tests in 0.000s

OK
.
----------------------------------------------------------------------
Ran 1 test in 0.000s

OK
.....
----------------------------------------------------------------------
Ran 5 tests in 0.000s

OK
EF.....
======================================================================
ERROR: test_answer_1 (ClassEval_89_0.TwentyFourPointGameTestAnswer)
----------------------------------------------------------------------
Traceback (most recent call last):
  File "C:\Users\tanuj\Desktop\CS540\repo\CS540\classeval_evaluation\ClassEval_89_0.py", line 151, in test_answer_1
    self.assertEqual(len(cards), 4)
TypeError: object of type 'bool' has no len()

======================================================================
FAIL: test_answer_2 (ClassEval_89_0.TwentyFourPointGameTestAnswer)
----------------------------------------------------------------------
Traceback (most recent call last):
  File "C:\Users\tanuj\Desktop\CS540\repo\CS540\classeval_evaluation\ClassEval_89_0.py", line 156, in test_answer_2
    self.assertTrue(result)
AssertionError: False is not true

----------------------------------------------------------------------
Ran 7 tests in 0.002s

FAILED (failures=1, errors=1)
.F...
======================================================================
FAIL: test_evaluate_expression_2 (ClassEval_89_0.TwentyFourPointGameTestEvaluateExpression)
----------------------------------------------------------------------
Traceback (most recent call last):
  File "C:\Users\tanuj\Desktop\CS540\repo\CS540\classeval_evaluation\ClassEval_89_0.py", line 195, in test_evaluate_expression_2
    self.assertTrue(result)
AssertionError: False is not true

----------------------------------------------------------------------
Ran 5 tests in 0.001s

FAILED (failures=1)
F
======================================================================
FAIL: test_TwentyFourPointGame (ClassEval_89_0.TwentyFourPointGameTest)
----------------------------------------------------------------------
Traceback (most recent call last):
  File "C:\Users\tanuj\Desktop\CS540\repo\CS540\classeval_evaluation\ClassEval_89_0.py", line 222, in test_TwentyFourPointGame
    self.assertTrue(result)
AssertionError: False is not true

----------------------------------------------------------------------
Ran 1 test in 0.000s

FAILED (failures=1)
.....
----------------------------------------------------------------------
Ran 5 tests in 0.000s

OK
EF.....
======================================================================
ERROR: test_answer_1 (ClassEval_89_1.TwentyFourPointGameTestAnswer)
----------------------------------------------------------------------
Traceback (most recent call last):
  File "C:\Users\tanuj\Desktop\CS540\repo\CS540\classeval_evaluation\ClassEval_89_1.py", line 115, in test_answer_1
    self.assertEqual(len(cards), 4)
TypeError: object of type 'bool' has no len()

======================================================================
FAIL: test_answer_2 (ClassEval_89_1.TwentyFourPointGameTestAnswer)
----------------------------------------------------------------------
Traceback (most recent call last):
  File "C:\Users\tanuj\Desktop\CS540\repo\CS540\classeval_evaluation\ClassEval_89_1.py", line 120, in test_answer_2
    self.assertTrue(result)
AssertionError: False is not true

----------------------------------------------------------------------
Ran 7 tests in 0.001s

FAILED (failures=1, errors=1)
.....
----------------------------------------------------------------------
Ran 5 tests in 0.000s

OK
.
----------------------------------------------------------------------
Ran 1 test in 0.000s

OK
.....
----------------------------------------------------------------------
Ran 5 tests in 0.000s

OK
EF.....
======================================================================
ERROR: test_answer_1 (ClassEval_89_2.TwentyFourPointGameTestAnswer)
----------------------------------------------------------------------
Traceback (most recent call last):
  File "C:\Users\tanuj\Desktop\CS540\repo\CS540\classeval_evaluation\ClassEval_89_2.py", line 100, in test_answer_1
    self.assertEqual(len(cards), 4)
TypeError: object of type 'bool' has no len()

======================================================================
FAIL: test_answer_2 (ClassEval_89_2.TwentyFourPointGameTestAnswer)
----------------------------------------------------------------------
Traceback (most recent call last):
  File "C:\Users\tanuj\Desktop\CS540\repo\CS540\classeval_evaluation\ClassEval_89_2.py", line 105, in test_answer_2
    self.assertTrue(result)
AssertionError: False is not true

----------------------------------------------------------------------
Ran 7 tests in 0.001s

FAILED (failures=1, errors=1)
.....
----------------------------------------------------------------------
Ran 5 tests in 0.001s

OK
.
----------------------------------------------------------------------
Ran 1 test in 0.000s

OK
.....
----------------------------------------------------------------------
Ran 5 tests in 0.001s

OK
EF.....
======================================================================
ERROR: test_answer_1 (ClassEval_89_3.TwentyFourPointGameTestAnswer)
----------------------------------------------------------------------
Traceback (most recent call last):
  File "C:\Users\tanuj\Desktop\CS540\repo\CS540\classeval_evaluation\ClassEval_89_3.py", line 161, in test_answer_1
    self.assertEqual(len(cards), 4)
TypeError: object of type 'bool' has no len()

======================================================================
FAIL: test_answer_2 (ClassEval_89_3.TwentyFourPointGameTestAnswer)
----------------------------------------------------------------------
Traceback (most recent call last):
  File "C:\Users\tanuj\Desktop\CS540\repo\CS540\classeval_evaluation\ClassEval_89_3.py", line 166, in test_answer_2
    self.assertTrue(result)
AssertionError: False is not true

----------------------------------------------------------------------
Ran 7 tests in 0.002s

FAILED (failures=1, errors=1)
.....
----------------------------------------------------------------------
Ran 5 tests in 0.000s

OK
.
----------------------------------------------------------------------
Ran 1 test in 0.000s

OK
.....
----------------------------------------------------------------------
Ran 5 tests in 0.000s

OK
EF.....
======================================================================
ERROR: test_answer_1 (ClassEval_89_4.TwentyFourPointGameTestAnswer)
----------------------------------------------------------------------
Traceback (most recent call last):
  File "C:\Users\tanuj\Desktop\CS540\repo\CS540\classeval_evaluation\ClassEval_89_4.py", line 131, in test_answer_1
    self.assertEqual(len(cards), 4)
TypeError: object of type 'bool' has no len()

======================================================================
FAIL: test_answer_2 (ClassEval_89_4.TwentyFourPointGameTestAnswer)
----------------------------------------------------------------------
Traceback (most recent call last):
  File "C:\Users\tanuj\Desktop\CS540\repo\CS540\classeval_evaluation\ClassEval_89_4.py", line 136, in test_answer_2
    self.assertTrue(result)
AssertionError: False is not true

----------------------------------------------------------------------
Ran 7 tests in 0.001s

FAILED (failures=1, errors=1)
.....
----------------------------------------------------------------------
Ran 5 tests in 0.000s

OK
.
----------------------------------------------------------------------
Ran 1 test in 0.000s

OK
