FF
======================================================================
FAIL: test_create_table_1 (ClassEval_14_0.BookManagementDBTestCreateTable.test_create_table_1)
----------------------------------------------------------------------
Traceback (most recent call last):
  File "/Users/snigdhaghoshdastidar/Desktop/CS540/classeval_evaluation/ClassEval_14_0.py", line 92, in test_create_table_1
    self.assertIsNotNone(result)
AssertionError: unexpectedly None

======================================================================
FAIL: test_create_table_2 (ClassEval_14_0.BookManagementDBTestCreateTable.test_create_table_2)
----------------------------------------------------------------------
Traceback (most recent call last):
  File "/Users/snigdhaghoshdastidar/Desktop/CS540/classeval_evaluation/ClassEval_14_0.py", line 101, in test_create_table_2
    self.assertEqual(column_names, expected_column_names)
AssertionError: Lists differ: [] != ['id', 'title', 'author', 'available']

Second list contains 4 additional elements.
First extra element 0:
'id'

- []
+ ['id', 'title', 'author', 'available']

----------------------------------------------------------------------
Ran 2 tests in 0.008s

FAILED (failures=2)
E
======================================================================
ERROR: test_add_book (ClassEval_14_0.BookManagementDBTestAddBook.test_add_book)
----------------------------------------------------------------------
Traceback (most recent call last):
  File "/Users/snigdhaghoshdastidar/Desktop/CS540/classeval_evaluation/ClassEval_14_0.py", line 123, in test_add_book
    self.cursor.execute("SELECT title, author, available FROM books WHERE id=1")
sqlite3.OperationalError: no such table: books

----------------------------------------------------------------------
Ran 1 test in 0.003s

FAILED (errors=1)
E
======================================================================
ERROR: test_remove_book (ClassEval_14_0.BookManagementDBTestRemoveBook.test_remove_book)
----------------------------------------------------------------------
Traceback (most recent call last):
  File "/Users/snigdhaghoshdastidar/Desktop/CS540/classeval_evaluation/ClassEval_14_0.py", line 150, in test_remove_book
    self.cursor.execute("SELECT * FROM books WHERE id=1")
sqlite3.OperationalError: no such table: books

----------------------------------------------------------------------
Ran 1 test in 0.005s

FAILED (errors=1)
E
======================================================================
ERROR: test_borrow_book (ClassEval_14_0.BookManagementDBTestBorrowBook.test_borrow_book)
----------------------------------------------------------------------
Traceback (most recent call last):
  File "/Users/snigdhaghoshdastidar/Desktop/CS540/classeval_evaluation/ClassEval_14_0.py", line 174, in test_borrow_book
    self.cursor.execute("SELECT available FROM books WHERE id=1")
sqlite3.OperationalError: no such table: books

----------------------------------------------------------------------
Ran 1 test in 0.006s

FAILED (errors=1)
E
======================================================================
ERROR: test_return_book (ClassEval_14_0.BookManagementDBTestReturnBook.test_return_book)
----------------------------------------------------------------------
Traceback (most recent call last):
  File "/Users/snigdhaghoshdastidar/Desktop/CS540/classeval_evaluation/ClassEval_14_0.py", line 199, in test_return_book
    self.cursor.execute("SELECT available FROM books WHERE id=1")
sqlite3.OperationalError: no such table: books

----------------------------------------------------------------------
Ran 1 test in 0.006s

FAILED (errors=1)
.
----------------------------------------------------------------------
Ran 1 test in 0.005s

OK
.....
----------------------------------------------------------------------
Ran 5 tests in 0.014s

OK
.....
----------------------------------------------------------------------
Ran 5 tests in 0.026s

OK
..FFF
======================================================================
FAIL: test_search_database_3 (ClassEval_28_0.DatabaseProcessorTestSearchDatabase.test_search_database_3)
----------------------------------------------------------------------
Traceback (most recent call last):
  File "/Users/snigdhaghoshdastidar/Desktop/CS540/classeval_evaluation/ClassEval_28_0.py", line 304, in test_search_database_3
    self.assertIsNone(result)
AssertionError: [] is not None

======================================================================
FAIL: test_search_database_4 (ClassEval_28_0.DatabaseProcessorTestSearchDatabase.test_search_database_4)
----------------------------------------------------------------------
Traceback (most recent call last):
  File "/Users/snigdhaghoshdastidar/Desktop/CS540/classeval_evaluation/ClassEval_28_0.py", line 316, in test_search_database_4
    self.assertIsNone(result)
AssertionError: [] is not None

======================================================================
FAIL: test_search_database_5 (ClassEval_28_0.DatabaseProcessorTestSearchDatabase.test_search_database_5)
----------------------------------------------------------------------
Traceback (most recent call last):
  File "/Users/snigdhaghoshdastidar/Desktop/CS540/classeval_evaluation/ClassEval_28_0.py", line 328, in test_search_database_5
    self.assertIsNone(result)
AssertionError: [] is not None

----------------------------------------------------------------------
Ran 5 tests in 0.025s

FAILED (failures=3)
.....
----------------------------------------------------------------------
Ran 5 tests in 0.032s

OK
.
----------------------------------------------------------------------
Ran 1 test in 0.007s

OK
.....
----------------------------------------------------------------------
Ran 5 tests in 0.016s

OK
.....
----------------------------------------------------------------------
Ran 5 tests in 0.015s

OK
FFFFF
======================================================================
FAIL: test_delete_ticket_1 (ClassEval_60_0.MovieTicketDBTestDeleteTicket.test_delete_ticket_1)
----------------------------------------------------------------------
Traceback (most recent call last):
  File "/Users/snigdhaghoshdastidar/Desktop/CS540/classeval_evaluation/ClassEval_60_0.py", line 196, in test_delete_ticket_1
    self.assertEqual(len(tickets), 0)
AssertionError: 1 != 0

======================================================================
FAIL: test_delete_ticket_2 (ClassEval_60_0.MovieTicketDBTestDeleteTicket.test_delete_ticket_2)
----------------------------------------------------------------------
Traceback (most recent call last):
  File "/Users/snigdhaghoshdastidar/Desktop/CS540/classeval_evaluation/ClassEval_60_0.py", line 205, in test_delete_ticket_2
    self.assertEqual(len(tickets), 0)
AssertionError: 1 != 0

======================================================================
FAIL: test_delete_ticket_3 (ClassEval_60_0.MovieTicketDBTestDeleteTicket.test_delete_ticket_3)
----------------------------------------------------------------------
Traceback (most recent call last):
  File "/Users/snigdhaghoshdastidar/Desktop/CS540/classeval_evaluation/ClassEval_60_0.py", line 214, in test_delete_ticket_3
    self.assertEqual(len(tickets), 0)
AssertionError: 1 != 0

======================================================================
FAIL: test_delete_ticket_4 (ClassEval_60_0.MovieTicketDBTestDeleteTicket.test_delete_ticket_4)
----------------------------------------------------------------------
Traceback (most recent call last):
  File "/Users/snigdhaghoshdastidar/Desktop/CS540/classeval_evaluation/ClassEval_60_0.py", line 223, in test_delete_ticket_4
    self.assertEqual(len(tickets), 0)
AssertionError: 1 != 0

======================================================================
FAIL: test_delete_ticket_5 (ClassEval_60_0.MovieTicketDBTestDeleteTicket.test_delete_ticket_5)
----------------------------------------------------------------------
Traceback (most recent call last):
  File "/Users/snigdhaghoshdastidar/Desktop/CS540/classeval_evaluation/ClassEval_60_0.py", line 232, in test_delete_ticket_5
    self.assertEqual(len(tickets), 0)
AssertionError: 1 != 0

----------------------------------------------------------------------
Ran 5 tests in 0.017s

FAILED (failures=5)
F
======================================================================
FAIL: test_MovieTicketDB (ClassEval_60_0.MovieTicketDBTest.test_MovieTicketDB)
----------------------------------------------------------------------
Traceback (most recent call last):
  File "/Users/snigdhaghoshdastidar/Desktop/CS540/classeval_evaluation/ClassEval_60_0.py", line 256, in test_MovieTicketDB
    self.assertEqual(len(tickets), 0)
AssertionError: 1 != 0

----------------------------------------------------------------------
Ran 1 test in 0.003s

FAILED (failures=1)
......
----------------------------------------------------------------------
Ran 6 tests in 0.000s

OK
.....
----------------------------------------------------------------------
Ran 5 tests in 0.000s

OK
.....
----------------------------------------------------------------------
Ran 5 tests in 0.000s

OK
.....
----------------------------------------------------------------------
Ran 5 tests in 0.000s

OK
.....
----------------------------------------------------------------------
Ran 5 tests in 0.000s

OK
.....
----------------------------------------------------------------------
Ran 5 tests in 0.000s

OK
.
----------------------------------------------------------------------
Ran 1 test in 0.000s

OK
.......
----------------------------------------------------------------------
Ran 7 tests in 0.000s

OK
.....
----------------------------------------------------------------------
Ran 5 tests in 0.001s

OK
......
----------------------------------------------------------------------
Ran 6 tests in 0.000s

OK
......
----------------------------------------------------------------------
Ran 6 tests in 0.000s

OK
.
----------------------------------------------------------------------
Ran 1 test in 0.000s

OK
EEEEE
======================================================================
ERROR: test_insert_student_1 (ClassEval_83_0.StudentDatabaseProcessorTestInsertStudent.test_insert_student_1)
----------------------------------------------------------------------
Traceback (most recent call last):
  File "/Users/snigdhaghoshdastidar/Desktop/CS540/classeval_evaluation/ClassEval_83_0.py", line 102, in test_insert_student_1
    self.processor.insert_student(student_data)
  File "/Users/snigdhaghoshdastidar/Desktop/CS540/classeval_evaluation/ClassEval_83_0.py", line 44, in insert_student
    (student_data['ID'], student_data['name'], student_data['age'], student_data['gender'], student_data['grade']))
     ~~~~~~~~~~~~^^^^^^
KeyError: 'ID'

======================================================================
ERROR: test_insert_student_2 (ClassEval_83_0.StudentDatabaseProcessorTestInsertStudent.test_insert_student_2)
----------------------------------------------------------------------
Traceback (most recent call last):
  File "/Users/snigdhaghoshdastidar/Desktop/CS540/classeval_evaluation/ClassEval_83_0.py", line 120, in test_insert_student_2
    self.processor.insert_student(student_data)
  File "/Users/snigdhaghoshdastidar/Desktop/CS540/classeval_evaluation/ClassEval_83_0.py", line 44, in insert_student
    (student_data['ID'], student_data['name'], student_data['age'], student_data['gender'], student_data['grade']))
     ~~~~~~~~~~~~^^^^^^
KeyError: 'ID'

======================================================================
ERROR: test_insert_student_3 (ClassEval_83_0.StudentDatabaseProcessorTestInsertStudent.test_insert_student_3)
----------------------------------------------------------------------
Traceback (most recent call last):
  File "/Users/snigdhaghoshdastidar/Desktop/CS540/classeval_evaluation/ClassEval_83_0.py", line 138, in test_insert_student_3
    self.processor.insert_student(student_data)
  File "/Users/snigdhaghoshdastidar/Desktop/CS540/classeval_evaluation/ClassEval_83_0.py", line 44, in insert_student
    (student_data['ID'], student_data['name'], student_data['age'], student_data['gender'], student_data['grade']))
     ~~~~~~~~~~~~^^^^^^
KeyError: 'ID'

======================================================================
ERROR: test_insert_student_4 (ClassEval_83_0.StudentDatabaseProcessorTestInsertStudent.test_insert_student_4)
----------------------------------------------------------------------
Traceback (most recent call last):
  File "/Users/snigdhaghoshdastidar/Desktop/CS540/classeval_evaluation/ClassEval_83_0.py", line 156, in test_insert_student_4
    self.processor.insert_student(student_data)
  File "/Users/snigdhaghoshdastidar/Desktop/CS540/classeval_evaluation/ClassEval_83_0.py", line 44, in insert_student
    (student_data['ID'], student_data['name'], student_data['age'], student_data['gender'], student_data['grade']))
     ~~~~~~~~~~~~^^^^^^
KeyError: 'ID'

======================================================================
ERROR: test_insert_student_5 (ClassEval_83_0.StudentDatabaseProcessorTestInsertStudent.test_insert_student_5)
----------------------------------------------------------------------
Traceback (most recent call last):
  File "/Users/snigdhaghoshdastidar/Desktop/CS540/classeval_evaluation/ClassEval_83_0.py", line 174, in test_insert_student_5
    self.processor.insert_student(student_data)
  File "/Users/snigdhaghoshdastidar/Desktop/CS540/classeval_evaluation/ClassEval_83_0.py", line 44, in insert_student
    (student_data['ID'], student_data['name'], student_data['age'], student_data['gender'], student_data['grade']))
     ~~~~~~~~~~~~^^^^^^
KeyError: 'ID'

----------------------------------------------------------------------
Ran 5 tests in 0.020s

FAILED (errors=5)
EEEEE
======================================================================
ERROR: test_search_student_by_name_1 (ClassEval_83_0.StudentDatabaseProcessorTestSearchStudentByName.test_search_student_by_name_1)
----------------------------------------------------------------------
Traceback (most recent call last):
  File "/Users/snigdhaghoshdastidar/Desktop/CS540/classeval_evaluation/ClassEval_83_0.py", line 204, in test_search_student_by_name_1
    self.processor.insert_student(student_data)
  File "/Users/snigdhaghoshdastidar/Desktop/CS540/classeval_evaluation/ClassEval_83_0.py", line 44, in insert_student
    (student_data['ID'], student_data['name'], student_data['age'], student_data['gender'], student_data['grade']))
     ~~~~~~~~~~~~^^^^^^
KeyError: 'ID'

======================================================================
ERROR: test_search_student_by_name_2 (ClassEval_83_0.StudentDatabaseProcessorTestSearchStudentByName.test_search_student_by_name_2)
----------------------------------------------------------------------
Traceback (most recent call last):
  File "/Users/snigdhaghoshdastidar/Desktop/CS540/classeval_evaluation/ClassEval_83_0.py", line 218, in test_search_student_by_name_2
    self.processor.insert_student(student_data)
  File "/Users/snigdhaghoshdastidar/Desktop/CS540/classeval_evaluation/ClassEval_83_0.py", line 44, in insert_student
    (student_data['ID'], student_data['name'], student_data['age'], student_data['gender'], student_data['grade']))
     ~~~~~~~~~~~~^^^^^^
KeyError: 'ID'

======================================================================
ERROR: test_search_student_by_name_3 (ClassEval_83_0.StudentDatabaseProcessorTestSearchStudentByName.test_search_student_by_name_3)
----------------------------------------------------------------------
Traceback (most recent call last):
  File "/Users/snigdhaghoshdastidar/Desktop/CS540/classeval_evaluation/ClassEval_83_0.py", line 232, in test_search_student_by_name_3
    self.processor.insert_student(student_data)
  File "/Users/snigdhaghoshdastidar/Desktop/CS540/classeval_evaluation/ClassEval_83_0.py", line 44, in insert_student
    (student_data['ID'], student_data['name'], student_data['age'], student_data['gender'], student_data['grade']))
     ~~~~~~~~~~~~^^^^^^
KeyError: 'ID'

======================================================================
ERROR: test_search_student_by_name_4 (ClassEval_83_0.StudentDatabaseProcessorTestSearchStudentByName.test_search_student_by_name_4)
----------------------------------------------------------------------
Traceback (most recent call last):
  File "/Users/snigdhaghoshdastidar/Desktop/CS540/classeval_evaluation/ClassEval_83_0.py", line 246, in test_search_student_by_name_4
    self.processor.insert_student(student_data)
  File "/Users/snigdhaghoshdastidar/Desktop/CS540/classeval_evaluation/ClassEval_83_0.py", line 44, in insert_student
    (student_data['ID'], student_data['name'], student_data['age'], student_data['gender'], student_data['grade']))
     ~~~~~~~~~~~~^^^^^^
KeyError: 'ID'

======================================================================
ERROR: test_search_student_by_name_5 (ClassEval_83_0.StudentDatabaseProcessorTestSearchStudentByName.test_search_student_by_name_5)
----------------------------------------------------------------------
Traceback (most recent call last):
  File "/Users/snigdhaghoshdastidar/Desktop/CS540/classeval_evaluation/ClassEval_83_0.py", line 260, in test_search_student_by_name_5
    self.processor.insert_student(student_data)
  File "/Users/snigdhaghoshdastidar/Desktop/CS540/classeval_evaluation/ClassEval_83_0.py", line 44, in insert_student
    (student_data['ID'], student_data['name'], student_data['age'], student_data['gender'], student_data['grade']))
     ~~~~~~~~~~~~^^^^^^
KeyError: 'ID'

----------------------------------------------------------------------
Ran 5 tests in 0.021s

FAILED (errors=5)
EEEEE
======================================================================
ERROR: test_delete_student_by_name_1 (ClassEval_83_0.StudentDatabaseProcessorTestDeleteStudentByName.test_delete_student_by_name_1)
----------------------------------------------------------------------
Traceback (most recent call last):
  File "/Users/snigdhaghoshdastidar/Desktop/CS540/classeval_evaluation/ClassEval_83_0.py", line 286, in test_delete_student_by_name_1
    self.processor.insert_student(student_data)
  File "/Users/snigdhaghoshdastidar/Desktop/CS540/classeval_evaluation/ClassEval_83_0.py", line 44, in insert_student
    (student_data['ID'], student_data['name'], student_data['age'], student_data['gender'], student_data['grade']))
     ~~~~~~~~~~~~^^^^^^
KeyError: 'ID'

======================================================================
ERROR: test_delete_student_by_name_2 (ClassEval_83_0.StudentDatabaseProcessorTestDeleteStudentByName.test_delete_student_by_name_2)
----------------------------------------------------------------------
Traceback (most recent call last):
  File "/Users/snigdhaghoshdastidar/Desktop/CS540/classeval_evaluation/ClassEval_83_0.py", line 305, in test_delete_student_by_name_2
    self.processor.insert_student(student_data)
  File "/Users/snigdhaghoshdastidar/Desktop/CS540/classeval_evaluation/ClassEval_83_0.py", line 44, in insert_student
    (student_data['ID'], student_data['name'], student_data['age'], student_data['gender'], student_data['grade']))
     ~~~~~~~~~~~~^^^^^^
KeyError: 'ID'

======================================================================
ERROR: test_delete_student_by_name_3 (ClassEval_83_0.StudentDatabaseProcessorTestDeleteStudentByName.test_delete_student_by_name_3)
----------------------------------------------------------------------
Traceback (most recent call last):
  File "/Users/snigdhaghoshdastidar/Desktop/CS540/classeval_evaluation/ClassEval_83_0.py", line 324, in test_delete_student_by_name_3
    self.processor.insert_student(student_data)
  File "/Users/snigdhaghoshdastidar/Desktop/CS540/classeval_evaluation/ClassEval_83_0.py", line 44, in insert_student
    (student_data['ID'], student_data['name'], student_data['age'], student_data['gender'], student_data['grade']))
     ~~~~~~~~~~~~^^^^^^
KeyError: 'ID'

======================================================================
ERROR: test_delete_student_by_name_4 (ClassEval_83_0.StudentDatabaseProcessorTestDeleteStudentByName.test_delete_student_by_name_4)
----------------------------------------------------------------------
Traceback (most recent call last):
  File "/Users/snigdhaghoshdastidar/Desktop/CS540/classeval_evaluation/ClassEval_83_0.py", line 343, in test_delete_student_by_name_4
    self.processor.insert_student(student_data)
  File "/Users/snigdhaghoshdastidar/Desktop/CS540/classeval_evaluation/ClassEval_83_0.py", line 44, in insert_student
    (student_data['ID'], student_data['name'], student_data['age'], student_data['gender'], student_data['grade']))
     ~~~~~~~~~~~~^^^^^^
KeyError: 'ID'

======================================================================
ERROR: test_delete_student_by_name_5 (ClassEval_83_0.StudentDatabaseProcessorTestDeleteStudentByName.test_delete_student_by_name_5)
----------------------------------------------------------------------
Traceback (most recent call last):
  File "/Users/snigdhaghoshdastidar/Desktop/CS540/classeval_evaluation/ClassEval_83_0.py", line 362, in test_delete_student_by_name_5
    self.processor.insert_student(student_data)
  File "/Users/snigdhaghoshdastidar/Desktop/CS540/classeval_evaluation/ClassEval_83_0.py", line 44, in insert_student
    (student_data['ID'], student_data['name'], student_data['age'], student_data['gender'], student_data['grade']))
     ~~~~~~~~~~~~^^^^^^
KeyError: 'ID'

----------------------------------------------------------------------
Ran 5 tests in 0.023s

FAILED (errors=5)
E
======================================================================
ERROR: test_StudentDatabaseProcessor (ClassEval_83_0.StudentDatabaseProcessorTest.test_StudentDatabaseProcessor)
----------------------------------------------------------------------
Traceback (most recent call last):
  File "/Users/snigdhaghoshdastidar/Desktop/CS540/classeval_evaluation/ClassEval_83_0.py", line 393, in test_StudentDatabaseProcessor
    self.processor.insert_student(student_data)
  File "/Users/snigdhaghoshdastidar/Desktop/CS540/classeval_evaluation/ClassEval_83_0.py", line 44, in insert_student
    (student_data['ID'], student_data['name'], student_data['age'], student_data['gender'], student_data['grade']))
     ~~~~~~~~~~~~^^^^^^
KeyError: 'ID'

----------------------------------------------------------------------
Ran 1 test in 0.005s

FAILED (errors=1)
FFFFF
======================================================================
FAIL: test_insert_user_1 (ClassEval_92_0.UserLoginDBTestInsertUser.test_insert_user_1)
----------------------------------------------------------------------
Traceback (most recent call last):
  File "/Users/snigdhaghoshdastidar/Desktop/CS540/classeval_evaluation/ClassEval_92_0.py", line 112, in test_insert_user_1
    self.assertEqual(user[0], 'user1')
AssertionError: ('user1', 'pass1') != 'user1'

======================================================================
FAIL: test_insert_user_2 (ClassEval_92_0.UserLoginDBTestInsertUser.test_insert_user_2)
----------------------------------------------------------------------
Traceback (most recent call last):
  File "/Users/snigdhaghoshdastidar/Desktop/CS540/classeval_evaluation/ClassEval_92_0.py", line 119, in test_insert_user_2
    self.assertEqual(user[0], 'user2')
AssertionError: ('user2', 'pass2') != 'user2'

======================================================================
FAIL: test_insert_user_3 (ClassEval_92_0.UserLoginDBTestInsertUser.test_insert_user_3)
----------------------------------------------------------------------
Traceback (most recent call last):
  File "/Users/snigdhaghoshdastidar/Desktop/CS540/classeval_evaluation/ClassEval_92_0.py", line 126, in test_insert_user_3
    self.assertEqual(user[0], 'user3')
AssertionError: ('user3', 'pass3') != 'user3'

======================================================================
FAIL: test_insert_user_4 (ClassEval_92_0.UserLoginDBTestInsertUser.test_insert_user_4)
----------------------------------------------------------------------
Traceback (most recent call last):
  File "/Users/snigdhaghoshdastidar/Desktop/CS540/classeval_evaluation/ClassEval_92_0.py", line 133, in test_insert_user_4
    self.assertEqual(user[0], 'user4')
AssertionError: ('user4', 'pass4') != 'user4'

======================================================================
FAIL: test_insert_user_5 (ClassEval_92_0.UserLoginDBTestInsertUser.test_insert_user_5)
----------------------------------------------------------------------
Traceback (most recent call last):
  File "/Users/snigdhaghoshdastidar/Desktop/CS540/classeval_evaluation/ClassEval_92_0.py", line 140, in test_insert_user_5
    self.assertEqual(user[0], 'user5')
AssertionError: ('user5', 'pass5') != 'user5'

----------------------------------------------------------------------
Ran 5 tests in 0.018s

FAILED (failures=5)
FFFFF
======================================================================
FAIL: test_search_user_by_username_1 (ClassEval_92_0.UserLoginDBTestSearchUserByUsername.test_search_user_by_username_1)
----------------------------------------------------------------------
Traceback (most recent call last):
  File "/Users/snigdhaghoshdastidar/Desktop/CS540/classeval_evaluation/ClassEval_92_0.py", line 169, in test_search_user_by_username_1
    self.assertEqual(user[0], 'user1')
AssertionError: ('user1', 'pass1') != 'user1'

======================================================================
FAIL: test_search_user_by_username_2 (ClassEval_92_0.UserLoginDBTestSearchUserByUsername.test_search_user_by_username_2)
----------------------------------------------------------------------
Traceback (most recent call last):
  File "/Users/snigdhaghoshdastidar/Desktop/CS540/classeval_evaluation/ClassEval_92_0.py", line 176, in test_search_user_by_username_2
    self.assertEqual(user[0], 'user2')
AssertionError: ('user2', 'pass2') != 'user2'

======================================================================
FAIL: test_search_user_by_username_3 (ClassEval_92_0.UserLoginDBTestSearchUserByUsername.test_search_user_by_username_3)
----------------------------------------------------------------------
Traceback (most recent call last):
  File "/Users/snigdhaghoshdastidar/Desktop/CS540/classeval_evaluation/ClassEval_92_0.py", line 183, in test_search_user_by_username_3
    self.assertEqual(user[0], 'user3')
AssertionError: ('user3', 'pass3') != 'user3'

======================================================================
FAIL: test_search_user_by_username_4 (ClassEval_92_0.UserLoginDBTestSearchUserByUsername.test_search_user_by_username_4)
----------------------------------------------------------------------
Traceback (most recent call last):
  File "/Users/snigdhaghoshdastidar/Desktop/CS540/classeval_evaluation/ClassEval_92_0.py", line 190, in test_search_user_by_username_4
    self.assertEqual(user[0], 'user4')
AssertionError: ('user4', 'pass4') != 'user4'

======================================================================
FAIL: test_search_user_by_username_5 (ClassEval_92_0.UserLoginDBTestSearchUserByUsername.test_search_user_by_username_5)
----------------------------------------------------------------------
Traceback (most recent call last):
  File "/Users/snigdhaghoshdastidar/Desktop/CS540/classeval_evaluation/ClassEval_92_0.py", line 197, in test_search_user_by_username_5
    self.assertEqual(user[0], 'user5')
AssertionError: ('user5', 'pass5') != 'user5'

----------------------------------------------------------------------
Ran 5 tests in 0.018s

FAILED (failures=5)
FFFFF
======================================================================
FAIL: test_delete_user_by_username_1 (ClassEval_92_0.UserLoginDBTestDeleteUserByUsername.test_delete_user_by_username_1)
----------------------------------------------------------------------
Traceback (most recent call last):
  File "/Users/snigdhaghoshdastidar/Desktop/CS540/classeval_evaluation/ClassEval_92_0.py", line 226, in test_delete_user_by_username_1
    self.assertIsNone(user)
AssertionError: [] is not None

======================================================================
FAIL: test_delete_user_by_username_2 (ClassEval_92_0.UserLoginDBTestDeleteUserByUsername.test_delete_user_by_username_2)
----------------------------------------------------------------------
Traceback (most recent call last):
  File "/Users/snigdhaghoshdastidar/Desktop/CS540/classeval_evaluation/ClassEval_92_0.py", line 232, in test_delete_user_by_username_2
    self.assertIsNone(user)
AssertionError: [] is not None

======================================================================
FAIL: test_delete_user_by_username_3 (ClassEval_92_0.UserLoginDBTestDeleteUserByUsername.test_delete_user_by_username_3)
----------------------------------------------------------------------
Traceback (most recent call last):
  File "/Users/snigdhaghoshdastidar/Desktop/CS540/classeval_evaluation/ClassEval_92_0.py", line 238, in test_delete_user_by_username_3
    self.assertIsNone(user)
AssertionError: [] is not None

======================================================================
FAIL: test_delete_user_by_username_4 (ClassEval_92_0.UserLoginDBTestDeleteUserByUsername.test_delete_user_by_username_4)
----------------------------------------------------------------------
Traceback (most recent call last):
  File "/Users/snigdhaghoshdastidar/Desktop/CS540/classeval_evaluation/ClassEval_92_0.py", line 244, in test_delete_user_by_username_4
    self.assertIsNone(user)
AssertionError: [] is not None

======================================================================
FAIL: test_delete_user_by_username_5 (ClassEval_92_0.UserLoginDBTestDeleteUserByUsername.test_delete_user_by_username_5)
----------------------------------------------------------------------
Traceback (most recent call last):
  File "/Users/snigdhaghoshdastidar/Desktop/CS540/classeval_evaluation/ClassEval_92_0.py", line 250, in test_delete_user_by_username_5
    self.assertIsNone(user)
AssertionError: [] is not None

----------------------------------------------------------------------
Ran 5 tests in 0.023s

FAILED (failures=5)
.....
----------------------------------------------------------------------
Ran 5 tests in 0.023s

OK
F
======================================================================
FAIL: test_UserLoginDB (ClassEval_92_0.UserLoginDBTest.test_UserLoginDB)
----------------------------------------------------------------------
Traceback (most recent call last):
  File "/Users/snigdhaghoshdastidar/Desktop/CS540/classeval_evaluation/ClassEval_92_0.py", line 324, in test_UserLoginDB
    self.assertEqual(user[0], 'user1')
AssertionError: ('user1', 'pass1') != 'user1'

----------------------------------------------------------------------
Ran 1 test in 0.003s

FAILED (failures=1)
