F
======================================================================
FAIL: test_construct_stop_word_list (ClassEval_62_0.NLPDataProcessorTestConstruct.test_construct_stop_word_list)
----------------------------------------------------------------------
Traceback (most recent call last):
  File "/Users/snigdhaghoshdastidar/Desktop/CS540/classeval_evaluation/ClassEval_62_0.py", line 39, in test_construct_stop_word_list
    self.assertEqual(stop_word_list, expected_stop_words)
AssertionError: None != ['a', 'an', 'the']

----------------------------------------------------------------------
Ran 1 test in 0.001s

FAILED (failures=1)
FFFFF
======================================================================
FAIL: test_remove_stop_words (ClassEval_62_0.NLPDataProcessorTestRemove.test_remove_stop_words)
----------------------------------------------------------------------
Traceback (most recent call last):
  File "/Users/snigdhaghoshdastidar/Desktop/CS540/classeval_evaluation/ClassEval_62_0.py", line 50, in test_remove_stop_words
    self.assertEqual(words_list, expected_words_list)
AssertionError: None != [['This', 'is', 'test'], ['This', 'is', 'apple'], ['This', 'is', 'dog']]

======================================================================
FAIL: test_remove_stop_words_2 (ClassEval_62_0.NLPDataProcessorTestRemove.test_remove_stop_words_2)
----------------------------------------------------------------------
Traceback (most recent call last):
  File "/Users/snigdhaghoshdastidar/Desktop/CS540/classeval_evaluation/ClassEval_62_0.py", line 56, in test_remove_stop_words_2
    self.assertEqual(words_list, [[], [], []])
AssertionError: None != [[], [], []]

======================================================================
FAIL: test_remove_stop_words_3 (ClassEval_62_0.NLPDataProcessorTestRemove.test_remove_stop_words_3)
----------------------------------------------------------------------
Traceback (most recent call last):
  File "/Users/snigdhaghoshdastidar/Desktop/CS540/classeval_evaluation/ClassEval_62_0.py", line 62, in test_remove_stop_words_3
    self.assertEqual(words_list, [])
AssertionError: None != []

======================================================================
FAIL: test_remove_stop_words_4 (ClassEval_62_0.NLPDataProcessorTestRemove.test_remove_stop_words_4)
----------------------------------------------------------------------
Traceback (most recent call last):
  File "/Users/snigdhaghoshdastidar/Desktop/CS540/classeval_evaluation/ClassEval_62_0.py", line 69, in test_remove_stop_words_4
    self.assertEqual(words_list, expected_words_list)
AssertionError: None != [['This', 'is', 'a', 'test'], ['This', 'i[44 chars]og']]

======================================================================
FAIL: test_remove_stop_words_5 (ClassEval_62_0.NLPDataProcessorTestRemove.test_remove_stop_words_5)
----------------------------------------------------------------------
Traceback (most recent call last):
  File "/Users/snigdhaghoshdastidar/Desktop/CS540/classeval_evaluation/ClassEval_62_0.py", line 76, in test_remove_stop_words_5
    self.assertEqual(words_list, expected_words_list)
AssertionError: None != [['is', 'test'], ['is', 'apple'], ['is', 'dog']]

----------------------------------------------------------------------
Ran 5 tests in 0.001s

FAILED (failures=5)
FFFFF
======================================================================
FAIL: test_process (ClassEval_62_0.NLPDataProcessorTestProcess.test_process)
----------------------------------------------------------------------
Traceback (most recent call last):
  File "/Users/snigdhaghoshdastidar/Desktop/CS540/classeval_evaluation/ClassEval_62_0.py", line 86, in test_process
    self.assertEqual(words_list, expected_words_list)
AssertionError: None != [['This', 'is', 'test.'], ['This', 'is', 'apple.'], ['This', 'is', 'dog.']]

======================================================================
FAIL: test_process_with_empty_string_list (ClassEval_62_0.NLPDataProcessorTestProcess.test_process_with_empty_string_list)
----------------------------------------------------------------------
Traceback (most recent call last):
  File "/Users/snigdhaghoshdastidar/Desktop/CS540/classeval_evaluation/ClassEval_62_0.py", line 91, in test_process_with_empty_string_list
    self.assertEqual(words_list, [])
AssertionError: None != []

======================================================================
FAIL: test_process_with_single_word_sentences (ClassEval_62_0.NLPDataProcessorTestProcess.test_process_with_single_word_sentences)
----------------------------------------------------------------------
Traceback (most recent call last):
  File "/Users/snigdhaghoshdastidar/Desktop/CS540/classeval_evaluation/ClassEval_62_0.py", line 97, in test_process_with_single_word_sentences
    self.assertEqual(words_list, expected_words_list)
AssertionError: None != [['Hello', 'aa'], ['World']]

======================================================================
FAIL: test_process_with_stop_words_only (ClassEval_62_0.NLPDataProcessorTestProcess.test_process_with_stop_words_only)
----------------------------------------------------------------------
Traceback (most recent call last):
  File "/Users/snigdhaghoshdastidar/Desktop/CS540/classeval_evaluation/ClassEval_62_0.py", line 102, in test_process_with_stop_words_only
    self.assertEqual(words_list, [[], [], []])
AssertionError: None != [[], [], []]

======================================================================
FAIL: test_process_with_stop_words_only_2 (ClassEval_62_0.NLPDataProcessorTestProcess.test_process_with_stop_words_only_2)
----------------------------------------------------------------------
Traceback (most recent call last):
  File "/Users/snigdhaghoshdastidar/Desktop/CS540/classeval_evaluation/ClassEval_62_0.py", line 107, in test_process_with_stop_words_only_2
    self.assertEqual(words_list,[[], [], [], ['This']])
AssertionError: None != [[], [], [], ['This']]

----------------------------------------------------------------------
Ran 5 tests in 0.001s

FAILED (failures=5)
