EEEEE
======================================================================
ERROR: test_read_csv_1 (ClassEval_26_0.CSVProcessorTestReadCSV.test_read_csv_1)
----------------------------------------------------------------------
Traceback (most recent call last):
  File "/Users/snigdhaghoshdastidar/Desktop/CS540/classeval_evaluation/ClassEval_26_0.py", line 75, in test_read_csv_1
    title, data = csvProcessor.read_csv(self.file)
    ^^^^^^^^^^^
TypeError: cannot unpack non-iterable NoneType object

======================================================================
ERROR: test_read_csv_2 (ClassEval_26_0.CSVProcessorTestReadCSV.test_read_csv_2)
----------------------------------------------------------------------
Traceback (most recent call last):
  File "/Users/snigdhaghoshdastidar/Desktop/CS540/classeval_evaluation/ClassEval_26_0.py", line 87, in test_read_csv_2
    title, data = csvProcessor.read_csv(self.file)
    ^^^^^^^^^^^
TypeError: cannot unpack non-iterable NoneType object

======================================================================
ERROR: test_read_csv_3 (ClassEval_26_0.CSVProcessorTestReadCSV.test_read_csv_3)
----------------------------------------------------------------------
Traceback (most recent call last):
  File "/Users/snigdhaghoshdastidar/Desktop/CS540/classeval_evaluation/ClassEval_26_0.py", line 100, in test_read_csv_3
    title, data = csvProcessor.read_csv(self.file)
    ^^^^^^^^^^^
TypeError: cannot unpack non-iterable NoneType object

======================================================================
ERROR: test_read_csv_4 (ClassEval_26_0.CSVProcessorTestReadCSV.test_read_csv_4)
----------------------------------------------------------------------
Traceback (most recent call last):
  File "/Users/snigdhaghoshdastidar/Desktop/CS540/classeval_evaluation/ClassEval_26_0.py", line 113, in test_read_csv_4
    title, data = csvProcessor.read_csv(self.file)
    ^^^^^^^^^^^
TypeError: cannot unpack non-iterable NoneType object

======================================================================
ERROR: test_read_csv_5 (ClassEval_26_0.CSVProcessorTestReadCSV.test_read_csv_5)
----------------------------------------------------------------------
Traceback (most recent call last):
  File "/Users/snigdhaghoshdastidar/Desktop/CS540/classeval_evaluation/ClassEval_26_0.py", line 126, in test_read_csv_5
    title, data = csvProcessor.read_csv(self.file)
    ^^^^^^^^^^^
TypeError: cannot unpack non-iterable NoneType object

----------------------------------------------------------------------
Ran 5 tests in 0.003s

FAILED (errors=5)
FFFFFF
======================================================================
FAIL: test_write_csv_1 (ClassEval_26_0.CSVProcessorTestWriteCSV.test_write_csv_1)
----------------------------------------------------------------------
Traceback (most recent call last):
  File "/Users/snigdhaghoshdastidar/Desktop/CS540/classeval_evaluation/ClassEval_26_0.py", line 139, in test_write_csv_1
    self.assertEqual(1, csvProcessor.write_csv(data, file_path))
AssertionError: 1 != None

======================================================================
FAIL: test_write_csv_2 (ClassEval_26_0.CSVProcessorTestWriteCSV.test_write_csv_2)
----------------------------------------------------------------------
Traceback (most recent call last):
  File "/Users/snigdhaghoshdastidar/Desktop/CS540/classeval_evaluation/ClassEval_26_0.py", line 154, in test_write_csv_2
    self.assertEqual(1, csvProcessor.write_csv(data, file_path))
AssertionError: 1 != None

======================================================================
FAIL: test_write_csv_3 (ClassEval_26_0.CSVProcessorTestWriteCSV.test_write_csv_3)
----------------------------------------------------------------------
Traceback (most recent call last):
  File "/Users/snigdhaghoshdastidar/Desktop/CS540/classeval_evaluation/ClassEval_26_0.py", line 169, in test_write_csv_3
    self.assertEqual(1, csvProcessor.write_csv(data, file_path))
AssertionError: 1 != None

======================================================================
FAIL: test_write_csv_4 (ClassEval_26_0.CSVProcessorTestWriteCSV.test_write_csv_4)
----------------------------------------------------------------------
Traceback (most recent call last):
  File "/Users/snigdhaghoshdastidar/Desktop/CS540/classeval_evaluation/ClassEval_26_0.py", line 184, in test_write_csv_4
    self.assertEqual(1, csvProcessor.write_csv(data, file_path))
AssertionError: 1 != None

======================================================================
FAIL: test_write_csv_5 (ClassEval_26_0.CSVProcessorTestWriteCSV.test_write_csv_5)
----------------------------------------------------------------------
Traceback (most recent call last):
  File "/Users/snigdhaghoshdastidar/Desktop/CS540/classeval_evaluation/ClassEval_26_0.py", line 199, in test_write_csv_5
    self.assertEqual(1, csvProcessor.write_csv(data, file_path))
AssertionError: 1 != None

======================================================================
FAIL: test_write_csv_6 (ClassEval_26_0.CSVProcessorTestWriteCSV.test_write_csv_6)
----------------------------------------------------------------------
Traceback (most recent call last):
  File "/Users/snigdhaghoshdastidar/Desktop/CS540/classeval_evaluation/ClassEval_26_0.py", line 212, in test_write_csv_6
    self.assertEqual(0, csvProcessor.write_csv([], file_path))
AssertionError: 0 != None

----------------------------------------------------------------------
Ran 6 tests in 0.003s

FAILED (failures=6)
FFFFF
======================================================================
FAIL: test_process_csv_data_1 (ClassEval_26_0.CSVProcessorTestProcessCSVData.test_process_csv_data_1)
----------------------------------------------------------------------
Traceback (most recent call last):
  File "/Users/snigdhaghoshdastidar/Desktop/CS540/classeval_evaluation/ClassEval_26_0.py", line 226, in test_process_csv_data_1
    self.assertEqual(1, csvProcessor.process_csv_data(0, self.file))
AssertionError: 1 != None

======================================================================
FAIL: test_process_csv_data_2 (ClassEval_26_0.CSVProcessorTestProcessCSVData.test_process_csv_data_2)
----------------------------------------------------------------------
Traceback (most recent call last):
  File "/Users/snigdhaghoshdastidar/Desktop/CS540/classeval_evaluation/ClassEval_26_0.py", line 236, in test_process_csv_data_2
    self.assertEqual(1, csvProcessor.process_csv_data(1, self.file))
AssertionError: 1 != None

======================================================================
FAIL: test_process_csv_data_3 (ClassEval_26_0.CSVProcessorTestProcessCSVData.test_process_csv_data_3)
----------------------------------------------------------------------
Traceback (most recent call last):
  File "/Users/snigdhaghoshdastidar/Desktop/CS540/classeval_evaluation/ClassEval_26_0.py", line 246, in test_process_csv_data_3
    self.assertEqual(1, csvProcessor.process_csv_data(2, self.file))
AssertionError: 1 != None

======================================================================
FAIL: test_process_csv_data_4 (ClassEval_26_0.CSVProcessorTestProcessCSVData.test_process_csv_data_4)
----------------------------------------------------------------------
Traceback (most recent call last):
  File "/Users/snigdhaghoshdastidar/Desktop/CS540/classeval_evaluation/ClassEval_26_0.py", line 256, in test_process_csv_data_4
    self.assertEqual(1, csvProcessor.process_csv_data(3, self.file))
AssertionError: 1 != None

======================================================================
FAIL: test_process_csv_data_5 (ClassEval_26_0.CSVProcessorTestProcessCSVData.test_process_csv_data_5)
----------------------------------------------------------------------
Traceback (most recent call last):
  File "/Users/snigdhaghoshdastidar/Desktop/CS540/classeval_evaluation/ClassEval_26_0.py", line 266, in test_process_csv_data_5
    self.assertEqual(1, csvProcessor.process_csv_data(4, self.file))
AssertionError: 1 != None

----------------------------------------------------------------------
Ran 5 tests in 0.003s

FAILED (failures=5)
F
======================================================================
FAIL: test_main (ClassEval_26_0.CSVProcessorTestMain.test_main)
----------------------------------------------------------------------
Traceback (most recent call last):
  File "/Users/snigdhaghoshdastidar/Desktop/CS540/classeval_evaluation/ClassEval_26_0.py", line 284, in test_main
    self.assertEqual(1, csvProcessor.write_csv(data, self.file))
AssertionError: 1 != None

----------------------------------------------------------------------
Ran 1 test in 0.001s

FAILED (failures=1)
