FF...
======================================================================
FAIL: test_find_blank_1 (ClassEval_35_0.EightPuzzleTestFindBlank.test_find_blank_1)
----------------------------------------------------------------------
Traceback (most recent call last):
  File "/Users/snigdhaghoshdastidar/Desktop/CS540/classeval_evaluation/ClassEval_35_0.py", line 61, in test_find_blank_1
    self.assertEqual(eightPuzzle.find_blank(state), (2, 1))
AssertionError: None != (2, 1)

======================================================================
FAIL: test_find_blank_2 (ClassEval_35_0.EightPuzzleTestFindBlank.test_find_blank_2)
----------------------------------------------------------------------
Traceback (most recent call last):
  File "/Users/snigdhaghoshdastidar/Desktop/CS540/classeval_evaluation/ClassEval_35_0.py", line 66, in test_find_blank_2
    self.assertEqual(eightPuzzle.find_blank(state), (1, 1))
AssertionError: None != (1, 1)

----------------------------------------------------------------------
Ran 5 tests in 0.001s

FAILED (failures=2)
FFFFF
======================================================================
FAIL: test_move_1 (ClassEval_35_0.EightPuzzleTestMove.test_move_1)
----------------------------------------------------------------------
Traceback (most recent call last):
  File "/Users/snigdhaghoshdastidar/Desktop/CS540/classeval_evaluation/ClassEval_35_0.py", line 92, in test_move_1
    self.assertEqual(result, expected)
AssertionError: None != [[2, 0, 4], [5, 3, 1], [6, 8, 7]]

======================================================================
FAIL: test_move_2 (ClassEval_35_0.EightPuzzleTestMove.test_move_2)
----------------------------------------------------------------------
Traceback (most recent call last):
  File "/Users/snigdhaghoshdastidar/Desktop/CS540/classeval_evaluation/ClassEval_35_0.py", line 97, in test_move_2
    self.assertEqual(result, expected)
AssertionError: None != [[2, 3, 4], [5, 8, 1], [6, 0, 7]]

======================================================================
FAIL: test_move_3 (ClassEval_35_0.EightPuzzleTestMove.test_move_3)
----------------------------------------------------------------------
Traceback (most recent call last):
  File "/Users/snigdhaghoshdastidar/Desktop/CS540/classeval_evaluation/ClassEval_35_0.py", line 102, in test_move_3
    self.assertEqual(result, expected)
AssertionError: None != [[2, 3, 4], [0, 5, 1], [6, 8, 7]]

======================================================================
FAIL: test_move_4 (ClassEval_35_0.EightPuzzleTestMove.test_move_4)
----------------------------------------------------------------------
Traceback (most recent call last):
  File "/Users/snigdhaghoshdastidar/Desktop/CS540/classeval_evaluation/ClassEval_35_0.py", line 107, in test_move_4
    self.assertEqual(result, expected)
AssertionError: None != [[2, 3, 4], [5, 1, 0], [6, 8, 7]]

======================================================================
FAIL: test_move_5 (ClassEval_35_0.EightPuzzleTestMove.test_move_5)
----------------------------------------------------------------------
Traceback (most recent call last):
  File "/Users/snigdhaghoshdastidar/Desktop/CS540/classeval_evaluation/ClassEval_35_0.py", line 112, in test_move_5
    self.assertEqual(result, expected)
AssertionError: None != [[2, 3, 4], [5, 0, 1], [6, 8, 7]]

----------------------------------------------------------------------
Ran 5 tests in 0.001s

FAILED (failures=5)
EEEEE
======================================================================
ERROR: test_get_possible_moves_1 (ClassEval_35_0.EightPuzzleTestGetPossibleMoves.test_get_possible_moves_1)
----------------------------------------------------------------------
Traceback (most recent call last):
  File "/Users/snigdhaghoshdastidar/Desktop/CS540/classeval_evaluation/ClassEval_35_0.py", line 121, in test_get_possible_moves_1
    for direction in result:
TypeError: 'NoneType' object is not iterable

======================================================================
ERROR: test_get_possible_moves_2 (ClassEval_35_0.EightPuzzleTestGetPossibleMoves.test_get_possible_moves_2)
----------------------------------------------------------------------
Traceback (most recent call last):
  File "/Users/snigdhaghoshdastidar/Desktop/CS540/classeval_evaluation/ClassEval_35_0.py", line 129, in test_get_possible_moves_2
    for direction in result:
TypeError: 'NoneType' object is not iterable

======================================================================
ERROR: test_get_possible_moves_3 (ClassEval_35_0.EightPuzzleTestGetPossibleMoves.test_get_possible_moves_3)
----------------------------------------------------------------------
Traceback (most recent call last):
  File "/Users/snigdhaghoshdastidar/Desktop/CS540/classeval_evaluation/ClassEval_35_0.py", line 137, in test_get_possible_moves_3
    for direction in result:
TypeError: 'NoneType' object is not iterable

======================================================================
ERROR: test_get_possible_moves_4 (ClassEval_35_0.EightPuzzleTestGetPossibleMoves.test_get_possible_moves_4)
----------------------------------------------------------------------
Traceback (most recent call last):
  File "/Users/snigdhaghoshdastidar/Desktop/CS540/classeval_evaluation/ClassEval_35_0.py", line 145, in test_get_possible_moves_4
    for direction in result:
TypeError: 'NoneType' object is not iterable

======================================================================
ERROR: test_get_possible_moves_5 (ClassEval_35_0.EightPuzzleTestGetPossibleMoves.test_get_possible_moves_5)
----------------------------------------------------------------------
Traceback (most recent call last):
  File "/Users/snigdhaghoshdastidar/Desktop/CS540/classeval_evaluation/ClassEval_35_0.py", line 153, in test_get_possible_moves_5
    for direction in result:
TypeError: 'NoneType' object is not iterable

----------------------------------------------------------------------
Ran 5 tests in 0.001s

FAILED (errors=5)
FFFFF.
======================================================================
FAIL: test_solve_1 (ClassEval_35_0.EightPuzzleTestSolve.test_solve_1)
----------------------------------------------------------------------
Traceback (most recent call last):
  File "/Users/snigdhaghoshdastidar/Desktop/CS540/classeval_evaluation/ClassEval_35_0.py", line 162, in test_solve_1
    self.assertEqual(result, expected)
AssertionError: None != ['right']

======================================================================
FAIL: test_solve_2 (ClassEval_35_0.EightPuzzleTestSolve.test_solve_2)
----------------------------------------------------------------------
Traceback (most recent call last):
  File "/Users/snigdhaghoshdastidar/Desktop/CS540/classeval_evaluation/ClassEval_35_0.py", line 168, in test_solve_2
    self.assertEqual(result, expected)
AssertionError: None != ['down', 'right']

======================================================================
FAIL: test_solve_3 (ClassEval_35_0.EightPuzzleTestSolve.test_solve_3)
----------------------------------------------------------------------
Traceback (most recent call last):
  File "/Users/snigdhaghoshdastidar/Desktop/CS540/classeval_evaluation/ClassEval_35_0.py", line 174, in test_solve_3
    self.assertEqual(result, expected)
AssertionError: None != ['right', 'right', 'down', 'left', 'left'[76 chars]ght']

======================================================================
FAIL: test_solve_4 (ClassEval_35_0.EightPuzzleTestSolve.test_solve_4)
----------------------------------------------------------------------
Traceback (most recent call last):
  File "/Users/snigdhaghoshdastidar/Desktop/CS540/classeval_evaluation/ClassEval_35_0.py", line 180, in test_solve_4
    self.assertEqual(result, expected)
AssertionError: None != []

======================================================================
FAIL: test_solve_5 (ClassEval_35_0.EightPuzzleTestSolve.test_solve_5)
----------------------------------------------------------------------
Traceback (most recent call last):
  File "/Users/snigdhaghoshdastidar/Desktop/CS540/classeval_evaluation/ClassEval_35_0.py", line 186, in test_solve_5
    self.assertEqual(result, expected)
AssertionError: None != ['right', 'right']

----------------------------------------------------------------------
Ran 6 tests in 0.001s

FAILED (failures=5)
..FFFFF
======================================================================
FAIL: test_init_game_3 (ClassEval_71_0.PushBoxGameTestInitGame.test_init_game_3)
----------------------------------------------------------------------
Traceback (most recent call last):
  File "/Users/snigdhaghoshdastidar/Desktop/CS540/classeval_evaluation/ClassEval_71_0.py", line 183, in test_init_game_3
    self.assertEqual(self.game.player_col, 1)
AssertionError: 0 != 1

======================================================================
FAIL: test_init_game_4 (ClassEval_71_0.PushBoxGameTestInitGame.test_init_game_4)
----------------------------------------------------------------------
Traceback (most recent call last):
  File "/Users/snigdhaghoshdastidar/Desktop/CS540/classeval_evaluation/ClassEval_71_0.py", line 186, in test_init_game_4
    self.assertEqual(self.game.player_row, 1)
AssertionError: 0 != 1

======================================================================
FAIL: test_init_game_5 (ClassEval_71_0.PushBoxGameTestInitGame.test_init_game_5)
----------------------------------------------------------------------
Traceback (most recent call last):
  File "/Users/snigdhaghoshdastidar/Desktop/CS540/classeval_evaluation/ClassEval_71_0.py", line 189, in test_init_game_5
    self.assertEqual(self.game.targets, [(3, 3)])
AssertionError: Lists differ: [] != [(3, 3)]

Second list contains 1 additional elements.
First extra element 0:
(3, 3)

- []
+ [(3, 3)]

======================================================================
FAIL: test_init_game_6 (ClassEval_71_0.PushBoxGameTestInitGame.test_init_game_6)
----------------------------------------------------------------------
Traceback (most recent call last):
  File "/Users/snigdhaghoshdastidar/Desktop/CS540/classeval_evaluation/ClassEval_71_0.py", line 192, in test_init_game_6
    self.assertEqual(self.game.boxes, [(2, 2)])
AssertionError: Lists differ: [] != [(2, 2)]

Second list contains 1 additional elements.
First extra element 0:
(2, 2)

- []
+ [(2, 2)]

======================================================================
FAIL: test_init_game_7 (ClassEval_71_0.PushBoxGameTestInitGame.test_init_game_7)
----------------------------------------------------------------------
Traceback (most recent call last):
  File "/Users/snigdhaghoshdastidar/Desktop/CS540/classeval_evaluation/ClassEval_71_0.py", line 195, in test_init_game_7
    self.assertEqual(self.game.target_count, 1)
AssertionError: 0 != 1

----------------------------------------------------------------------
Ran 7 tests in 0.001s

FAILED (failures=5)
.E
======================================================================
ERROR: test_check_win_2 (ClassEval_71_0.PushBoxGameTestCheckWin.test_check_win_2)
----------------------------------------------------------------------
Traceback (most recent call last):
  File "/Users/snigdhaghoshdastidar/Desktop/CS540/classeval_evaluation/ClassEval_71_0.py", line 215, in test_check_win_2
    self.game.move(move)
  File "/Users/snigdhaghoshdastidar/Desktop/CS540/classeval_evaluation/ClassEval_71_0.py", line 85, in move
    self.map[self.player_row][self.player_col] = 'G'
    ~~~~~~~~~~~~~~~~~~~~~~~~~^^^^^^^^^^^^^^^^^
TypeError: 'str' object does not support item assignment

----------------------------------------------------------------------
Ran 2 tests in 0.000s

FAILED (errors=1)
EFFFF.F
======================================================================
ERROR: test_move_1 (ClassEval_71_0.PushBoxGameTestMove.test_move_1)
----------------------------------------------------------------------
Traceback (most recent call last):
  File "/Users/snigdhaghoshdastidar/Desktop/CS540/classeval_evaluation/ClassEval_71_0.py", line 232, in test_move_1
    self.assertFalse(self.game.move(move))
                     ^^^^^^^^^^^^^^^^^^^^
  File "/Users/snigdhaghoshdastidar/Desktop/CS540/classeval_evaluation/ClassEval_71_0.py", line 85, in move
    self.map[self.player_row][self.player_col] = 'G'
    ~~~~~~~~~~~~~~~~~~~~~~~~~^^^^^^^^^^^^^^^^^
TypeError: 'str' object does not support item assignment

======================================================================
FAIL: test_move_2 (ClassEval_71_0.PushBoxGameTestMove.test_move_2)
----------------------------------------------------------------------
Traceback (most recent call last):
  File "/Users/snigdhaghoshdastidar/Desktop/CS540/classeval_evaluation/ClassEval_71_0.py", line 237, in test_move_2
    self.assertEqual(self.game.player_col, 1)
AssertionError: -1 != 1

======================================================================
FAIL: test_move_3 (ClassEval_71_0.PushBoxGameTestMove.test_move_3)
----------------------------------------------------------------------
Traceback (most recent call last):
  File "/Users/snigdhaghoshdastidar/Desktop/CS540/classeval_evaluation/ClassEval_71_0.py", line 243, in test_move_3
    self.assertEqual(self.game.player_col, 2)
AssertionError: 1 != 2

======================================================================
FAIL: test_move_4 (ClassEval_71_0.PushBoxGameTestMove.test_move_4)
----------------------------------------------------------------------
Traceback (most recent call last):
  File "/Users/snigdhaghoshdastidar/Desktop/CS540/classeval_evaluation/ClassEval_71_0.py", line 249, in test_move_4
    self.assertEqual(self.game.player_col, 1)
AssertionError: 0 != 1

======================================================================
FAIL: test_move_5 (ClassEval_71_0.PushBoxGameTestMove.test_move_5)
----------------------------------------------------------------------
Traceback (most recent call last):
  File "/Users/snigdhaghoshdastidar/Desktop/CS540/classeval_evaluation/ClassEval_71_0.py", line 255, in test_move_5
    self.assertEqual(self.game.player_col, 1)
AssertionError: 0 != 1

======================================================================
FAIL: test_move_7 (ClassEval_71_0.PushBoxGameTestMove.test_move_7)
----------------------------------------------------------------------
Traceback (most recent call last):
  File "/Users/snigdhaghoshdastidar/Desktop/CS540/classeval_evaluation/ClassEval_71_0.py", line 273, in test_move_7
    self.assertEqual(self.game.player_col, 2)
AssertionError: 0 != 2

----------------------------------------------------------------------
Ran 7 tests in 0.001s

FAILED (failures=5, errors=1)
FFF.F
======================================================================
FAIL: test_move_1 (ClassEval_77_0.SnakeTestMove.test_move_1)
----------------------------------------------------------------------
Traceback (most recent call last):
  File "/Users/snigdhaghoshdastidar/Desktop/CS540/classeval_evaluation/ClassEval_77_0.py", line 77, in test_move_1
    self.assertEqual(snake.length, 2)
AssertionError: 1 != 2

======================================================================
FAIL: test_move_2 (ClassEval_77_0.SnakeTestMove.test_move_2)
----------------------------------------------------------------------
Traceback (most recent call last):
  File "/Users/snigdhaghoshdastidar/Desktop/CS540/classeval_evaluation/ClassEval_77_0.py", line 86, in test_move_2
    self.assertEqual(snake.positions[0], (51, 51))
AssertionError: Tuples differ: (50.0, 50.0) != (51, 51)

First differing element 0:
50.0
51

- (50.0, 50.0)
+ (51, 51)

======================================================================
FAIL: test_move_3 (ClassEval_77_0.SnakeTestMove.test_move_3)
----------------------------------------------------------------------
Traceback (most recent call last):
  File "/Users/snigdhaghoshdastidar/Desktop/CS540/classeval_evaluation/ClassEval_77_0.py", line 93, in test_move_3
    self.assertEqual(snake.positions[0], (51, 50))
AssertionError: Tuples differ: (50.0, 50.0) != (51, 50)

First differing element 0:
50.0
51

- (50.0, 50.0)
+ (51, 50)

======================================================================
FAIL: test_move_5 (ClassEval_77_0.SnakeTestMove.test_move_5)
----------------------------------------------------------------------
Traceback (most recent call last):
  File "/Users/snigdhaghoshdastidar/Desktop/CS540/classeval_evaluation/ClassEval_77_0.py", line 107, in test_move_5
    self.assertEqual(snake.positions[0], (51, 50))
AssertionError: Tuples differ: (50.0, 50.0) != (51, 50)

First differing element 0:
50.0
51

- (50.0, 50.0)
+ (51, 50)

----------------------------------------------------------------------
Ran 5 tests in 0.002s

FAILED (failures=4)
.....
----------------------------------------------------------------------
Ran 5 tests in 0.000s

OK
.....
----------------------------------------------------------------------
Ran 5 tests in 0.000s

OK
FFFFF
======================================================================
FAIL: test_eat_food_1 (ClassEval_77_0.SnakeTestEatFood.test_eat_food_1)
----------------------------------------------------------------------
Traceback (most recent call last):
  File "/Users/snigdhaghoshdastidar/Desktop/CS540/classeval_evaluation/ClassEval_77_0.py", line 211, in test_eat_food_1
    self.assertEqual(snake.length, 2)
AssertionError: 1 != 2

======================================================================
FAIL: test_eat_food_2 (ClassEval_77_0.SnakeTestEatFood.test_eat_food_2)
----------------------------------------------------------------------
Traceback (most recent call last):
  File "/Users/snigdhaghoshdastidar/Desktop/CS540/classeval_evaluation/ClassEval_77_0.py", line 220, in test_eat_food_2
    self.assertEqual(snake.length, 3)
AssertionError: 1 != 3

======================================================================
FAIL: test_eat_food_3 (ClassEval_77_0.SnakeTestEatFood.test_eat_food_3)
----------------------------------------------------------------------
Traceback (most recent call last):
  File "/Users/snigdhaghoshdastidar/Desktop/CS540/classeval_evaluation/ClassEval_77_0.py", line 230, in test_eat_food_3
    self.assertEqual(snake.length, 4)
AssertionError: 1 != 4

======================================================================
FAIL: test_eat_food_4 (ClassEval_77_0.SnakeTestEatFood.test_eat_food_4)
----------------------------------------------------------------------
Traceback (most recent call last):
  File "/Users/snigdhaghoshdastidar/Desktop/CS540/classeval_evaluation/ClassEval_77_0.py", line 241, in test_eat_food_4
    self.assertEqual(snake.length, 5)
AssertionError: 1 != 5

======================================================================
FAIL: test_eat_food_5 (ClassEval_77_0.SnakeTestEatFood.test_eat_food_5)
----------------------------------------------------------------------
Traceback (most recent call last):
  File "/Users/snigdhaghoshdastidar/Desktop/CS540/classeval_evaluation/ClassEval_77_0.py", line 253, in test_eat_food_5
    self.assertEqual(snake.length, 6)
AssertionError: 1 != 6

----------------------------------------------------------------------
Ran 5 tests in 0.001s

FAILED (failures=5)
F
======================================================================
FAIL: test_snake (ClassEval_77_0.SnakeTest.test_snake)
----------------------------------------------------------------------
Traceback (most recent call last):
  File "/Users/snigdhaghoshdastidar/Desktop/CS540/classeval_evaluation/ClassEval_77_0.py", line 268, in test_snake
    self.assertEqual(snake.length, 2)
AssertionError: 1 != 2

----------------------------------------------------------------------
Ran 1 test in 0.000s

FAILED (failures=1)
