EE
======================================================================
ERROR: test_create_table_1 (ClassEval_14_0.BookManagementDBTestCreateTable.test_create_table_1)
----------------------------------------------------------------------
Traceback (most recent call last):
  File "/Users/snigdhaghoshdastidar/Desktop/CS540/classeval_evaluation/ClassEval_14_0.py", line 10, in setUp
    self.db = BookManagementDB(self.db_name)
              ^^^^^^^^^^^^^^^^
NameError: name 'BookManagementDB' is not defined

======================================================================
ERROR: test_create_table_2 (ClassEval_14_0.BookManagementDBTestCreateTable.test_create_table_2)
----------------------------------------------------------------------
Traceback (most recent call last):
  File "/Users/snigdhaghoshdastidar/Desktop/CS540/classeval_evaluation/ClassEval_14_0.py", line 10, in setUp
    self.db = BookManagementDB(self.db_name)
              ^^^^^^^^^^^^^^^^
NameError: name 'BookManagementDB' is not defined

----------------------------------------------------------------------
Ran 2 tests in 0.014s

FAILED (errors=2)
E
======================================================================
ERROR: test_add_book (ClassEval_14_0.BookManagementDBTestAddBook.test_add_book)
----------------------------------------------------------------------
Traceback (most recent call last):
  File "/Users/snigdhaghoshdastidar/Desktop/CS540/classeval_evaluation/ClassEval_14_0.py", line 39, in setUp
    self.db = BookManagementDB(self.db_name)
              ^^^^^^^^^^^^^^^^
NameError: name 'BookManagementDB' is not defined

----------------------------------------------------------------------
Ran 1 test in 0.006s

FAILED (errors=1)
E
======================================================================
ERROR: test_remove_book (ClassEval_14_0.BookManagementDBTestRemoveBook.test_remove_book)
----------------------------------------------------------------------
Traceback (most recent call last):
  File "/Users/snigdhaghoshdastidar/Desktop/CS540/classeval_evaluation/ClassEval_14_0.py", line 66, in setUp
    self.db = BookManagementDB(self.db_name)
              ^^^^^^^^^^^^^^^^
NameError: name 'BookManagementDB' is not defined

----------------------------------------------------------------------
Ran 1 test in 0.005s

FAILED (errors=1)
E
======================================================================
ERROR: test_borrow_book (ClassEval_14_0.BookManagementDBTestBorrowBook.test_borrow_book)
----------------------------------------------------------------------
Traceback (most recent call last):
  File "/Users/snigdhaghoshdastidar/Desktop/CS540/classeval_evaluation/ClassEval_14_0.py", line 90, in setUp
    self.db = BookManagementDB(self.db_name)
              ^^^^^^^^^^^^^^^^
NameError: name 'BookManagementDB' is not defined

----------------------------------------------------------------------
Ran 1 test in 0.004s

FAILED (errors=1)
E
======================================================================
ERROR: test_return_book (ClassEval_14_0.BookManagementDBTestReturnBook.test_return_book)
----------------------------------------------------------------------
Traceback (most recent call last):
  File "/Users/snigdhaghoshdastidar/Desktop/CS540/classeval_evaluation/ClassEval_14_0.py", line 114, in setUp
    self.db = BookManagementDB(self.db_name)
              ^^^^^^^^^^^^^^^^
NameError: name 'BookManagementDB' is not defined

----------------------------------------------------------------------
Ran 1 test in 0.004s

FAILED (errors=1)
E
======================================================================
ERROR: test_search_books (ClassEval_14_0.BookManagementDBTestSearchBooks.test_search_books)
----------------------------------------------------------------------
Traceback (most recent call last):
  File "/Users/snigdhaghoshdastidar/Desktop/CS540/classeval_evaluation/ClassEval_14_0.py", line 139, in setUp
    self.db = BookManagementDB(self.db_name)
              ^^^^^^^^^^^^^^^^
NameError: name 'BookManagementDB' is not defined

----------------------------------------------------------------------
Ran 1 test in 0.005s

FAILED (errors=1)
EE
======================================================================
ERROR: test_create_table_1 (ClassEval_14_2.BookManagementDBTestCreateTable.test_create_table_1)
----------------------------------------------------------------------
Traceback (most recent call last):
  File "/Users/snigdhaghoshdastidar/Desktop/CS540/classeval_evaluation/ClassEval_14_2.py", line 10, in setUp
    self.db = BookManagementDB(self.db_name)
              ^^^^^^^^^^^^^^^^
NameError: name 'BookManagementDB' is not defined

======================================================================
ERROR: test_create_table_2 (ClassEval_14_2.BookManagementDBTestCreateTable.test_create_table_2)
----------------------------------------------------------------------
Traceback (most recent call last):
  File "/Users/snigdhaghoshdastidar/Desktop/CS540/classeval_evaluation/ClassEval_14_2.py", line 10, in setUp
    self.db = BookManagementDB(self.db_name)
              ^^^^^^^^^^^^^^^^
NameError: name 'BookManagementDB' is not defined

----------------------------------------------------------------------
Ran 2 tests in 0.013s

FAILED (errors=2)
E
======================================================================
ERROR: test_add_book (ClassEval_14_2.BookManagementDBTestAddBook.test_add_book)
----------------------------------------------------------------------
Traceback (most recent call last):
  File "/Users/snigdhaghoshdastidar/Desktop/CS540/classeval_evaluation/ClassEval_14_2.py", line 39, in setUp
    self.db = BookManagementDB(self.db_name)
              ^^^^^^^^^^^^^^^^
NameError: name 'BookManagementDB' is not defined

----------------------------------------------------------------------
Ran 1 test in 0.005s

FAILED (errors=1)
E
======================================================================
ERROR: test_remove_book (ClassEval_14_2.BookManagementDBTestRemoveBook.test_remove_book)
----------------------------------------------------------------------
Traceback (most recent call last):
  File "/Users/snigdhaghoshdastidar/Desktop/CS540/classeval_evaluation/ClassEval_14_2.py", line 66, in setUp
    self.db = BookManagementDB(self.db_name)
              ^^^^^^^^^^^^^^^^
NameError: name 'BookManagementDB' is not defined

----------------------------------------------------------------------
Ran 1 test in 0.004s

FAILED (errors=1)
E
======================================================================
ERROR: test_borrow_book (ClassEval_14_2.BookManagementDBTestBorrowBook.test_borrow_book)
----------------------------------------------------------------------
Traceback (most recent call last):
  File "/Users/snigdhaghoshdastidar/Desktop/CS540/classeval_evaluation/ClassEval_14_2.py", line 90, in setUp
    self.db = BookManagementDB(self.db_name)
              ^^^^^^^^^^^^^^^^
NameError: name 'BookManagementDB' is not defined

----------------------------------------------------------------------
Ran 1 test in 0.004s

FAILED (errors=1)
E
======================================================================
ERROR: test_return_book (ClassEval_14_2.BookManagementDBTestReturnBook.test_return_book)
----------------------------------------------------------------------
Traceback (most recent call last):
  File "/Users/snigdhaghoshdastidar/Desktop/CS540/classeval_evaluation/ClassEval_14_2.py", line 114, in setUp
    self.db = BookManagementDB(self.db_name)
              ^^^^^^^^^^^^^^^^
NameError: name 'BookManagementDB' is not defined

----------------------------------------------------------------------
Ran 1 test in 0.004s

FAILED (errors=1)
E
======================================================================
ERROR: test_search_books (ClassEval_14_2.BookManagementDBTestSearchBooks.test_search_books)
----------------------------------------------------------------------
Traceback (most recent call last):
  File "/Users/snigdhaghoshdastidar/Desktop/CS540/classeval_evaluation/ClassEval_14_2.py", line 139, in setUp
    self.db = BookManagementDB(self.db_name)
              ^^^^^^^^^^^^^^^^
NameError: name 'BookManagementDB' is not defined

----------------------------------------------------------------------
Ran 1 test in 0.004s

FAILED (errors=1)
EE
======================================================================
ERROR: test_create_table_1 (ClassEval_14_3.BookManagementDBTestCreateTable.test_create_table_1)
----------------------------------------------------------------------
Traceback (most recent call last):
  File "/Users/snigdhaghoshdastidar/Desktop/CS540/classeval_evaluation/ClassEval_14_3.py", line 10, in setUp
    self.db = BookManagementDB(self.db_name)
              ^^^^^^^^^^^^^^^^
NameError: name 'BookManagementDB' is not defined

======================================================================
ERROR: test_create_table_2 (ClassEval_14_3.BookManagementDBTestCreateTable.test_create_table_2)
----------------------------------------------------------------------
Traceback (most recent call last):
  File "/Users/snigdhaghoshdastidar/Desktop/CS540/classeval_evaluation/ClassEval_14_3.py", line 10, in setUp
    self.db = BookManagementDB(self.db_name)
              ^^^^^^^^^^^^^^^^
NameError: name 'BookManagementDB' is not defined

----------------------------------------------------------------------
Ran 2 tests in 0.008s

FAILED (errors=2)
E
======================================================================
ERROR: test_add_book (ClassEval_14_3.BookManagementDBTestAddBook.test_add_book)
----------------------------------------------------------------------
Traceback (most recent call last):
  File "/Users/snigdhaghoshdastidar/Desktop/CS540/classeval_evaluation/ClassEval_14_3.py", line 39, in setUp
    self.db = BookManagementDB(self.db_name)
              ^^^^^^^^^^^^^^^^
NameError: name 'BookManagementDB' is not defined

----------------------------------------------------------------------
Ran 1 test in 0.006s

FAILED (errors=1)
E
======================================================================
ERROR: test_remove_book (ClassEval_14_3.BookManagementDBTestRemoveBook.test_remove_book)
----------------------------------------------------------------------
Traceback (most recent call last):
  File "/Users/snigdhaghoshdastidar/Desktop/CS540/classeval_evaluation/ClassEval_14_3.py", line 66, in setUp
    self.db = BookManagementDB(self.db_name)
              ^^^^^^^^^^^^^^^^
NameError: name 'BookManagementDB' is not defined

----------------------------------------------------------------------
Ran 1 test in 0.004s

FAILED (errors=1)
E
======================================================================
ERROR: test_borrow_book (ClassEval_14_3.BookManagementDBTestBorrowBook.test_borrow_book)
----------------------------------------------------------------------
Traceback (most recent call last):
  File "/Users/snigdhaghoshdastidar/Desktop/CS540/classeval_evaluation/ClassEval_14_3.py", line 90, in setUp
    self.db = BookManagementDB(self.db_name)
              ^^^^^^^^^^^^^^^^
NameError: name 'BookManagementDB' is not defined

----------------------------------------------------------------------
Ran 1 test in 0.004s

FAILED (errors=1)
E
======================================================================
ERROR: test_return_book (ClassEval_14_3.BookManagementDBTestReturnBook.test_return_book)
----------------------------------------------------------------------
Traceback (most recent call last):
  File "/Users/snigdhaghoshdastidar/Desktop/CS540/classeval_evaluation/ClassEval_14_3.py", line 114, in setUp
    self.db = BookManagementDB(self.db_name)
              ^^^^^^^^^^^^^^^^
NameError: name 'BookManagementDB' is not defined

----------------------------------------------------------------------
Ran 1 test in 0.005s

FAILED (errors=1)
E
======================================================================
ERROR: test_search_books (ClassEval_14_3.BookManagementDBTestSearchBooks.test_search_books)
----------------------------------------------------------------------
Traceback (most recent call last):
  File "/Users/snigdhaghoshdastidar/Desktop/CS540/classeval_evaluation/ClassEval_14_3.py", line 139, in setUp
    self.db = BookManagementDB(self.db_name)
              ^^^^^^^^^^^^^^^^
NameError: name 'BookManagementDB' is not defined

----------------------------------------------------------------------
Ran 1 test in 0.005s

FAILED (errors=1)
EE
======================================================================
ERROR: test_create_table_1 (ClassEval_14_4.BookManagementDBTestCreateTable.test_create_table_1)
----------------------------------------------------------------------
Traceback (most recent call last):
  File "/Users/snigdhaghoshdastidar/Desktop/CS540/classeval_evaluation/ClassEval_14_4.py", line 10, in setUp
    self.db = BookManagementDB(self.db_name)
              ^^^^^^^^^^^^^^^^
NameError: name 'BookManagementDB' is not defined

======================================================================
ERROR: test_create_table_2 (ClassEval_14_4.BookManagementDBTestCreateTable.test_create_table_2)
----------------------------------------------------------------------
Traceback (most recent call last):
  File "/Users/snigdhaghoshdastidar/Desktop/CS540/classeval_evaluation/ClassEval_14_4.py", line 10, in setUp
    self.db = BookManagementDB(self.db_name)
              ^^^^^^^^^^^^^^^^
NameError: name 'BookManagementDB' is not defined

----------------------------------------------------------------------
Ran 2 tests in 0.015s

FAILED (errors=2)
E
======================================================================
ERROR: test_add_book (ClassEval_14_4.BookManagementDBTestAddBook.test_add_book)
----------------------------------------------------------------------
Traceback (most recent call last):
  File "/Users/snigdhaghoshdastidar/Desktop/CS540/classeval_evaluation/ClassEval_14_4.py", line 39, in setUp
    self.db = BookManagementDB(self.db_name)
              ^^^^^^^^^^^^^^^^
NameError: name 'BookManagementDB' is not defined

----------------------------------------------------------------------
Ran 1 test in 0.006s

FAILED (errors=1)
E
======================================================================
ERROR: test_remove_book (ClassEval_14_4.BookManagementDBTestRemoveBook.test_remove_book)
----------------------------------------------------------------------
Traceback (most recent call last):
  File "/Users/snigdhaghoshdastidar/Desktop/CS540/classeval_evaluation/ClassEval_14_4.py", line 66, in setUp
    self.db = BookManagementDB(self.db_name)
              ^^^^^^^^^^^^^^^^
NameError: name 'BookManagementDB' is not defined

----------------------------------------------------------------------
Ran 1 test in 0.009s

FAILED (errors=1)
E
======================================================================
ERROR: test_borrow_book (ClassEval_14_4.BookManagementDBTestBorrowBook.test_borrow_book)
----------------------------------------------------------------------
Traceback (most recent call last):
  File "/Users/snigdhaghoshdastidar/Desktop/CS540/classeval_evaluation/ClassEval_14_4.py", line 90, in setUp
    self.db = BookManagementDB(self.db_name)
              ^^^^^^^^^^^^^^^^
NameError: name 'BookManagementDB' is not defined

----------------------------------------------------------------------
Ran 1 test in 0.006s

FAILED (errors=1)
E
======================================================================
ERROR: test_return_book (ClassEval_14_4.BookManagementDBTestReturnBook.test_return_book)
----------------------------------------------------------------------
Traceback (most recent call last):
  File "/Users/snigdhaghoshdastidar/Desktop/CS540/classeval_evaluation/ClassEval_14_4.py", line 114, in setUp
    self.db = BookManagementDB(self.db_name)
              ^^^^^^^^^^^^^^^^
NameError: name 'BookManagementDB' is not defined

----------------------------------------------------------------------
Ran 1 test in 0.006s

FAILED (errors=1)
E
======================================================================
ERROR: test_search_books (ClassEval_14_4.BookManagementDBTestSearchBooks.test_search_books)
----------------------------------------------------------------------
Traceback (most recent call last):
  File "/Users/snigdhaghoshdastidar/Desktop/CS540/classeval_evaluation/ClassEval_14_4.py", line 139, in setUp
    self.db = BookManagementDB(self.db_name)
              ^^^^^^^^^^^^^^^^
NameError: name 'BookManagementDB' is not defined

----------------------------------------------------------------------
Ran 1 test in 0.006s

FAILED (errors=1)
EEEEE
======================================================================
ERROR: test_create_table_1 (ClassEval_28_0.DatabaseProcessorTestCreateTable.test_create_table_1)
----------------------------------------------------------------------
Traceback (most recent call last):
  File "/Users/snigdhaghoshdastidar/Desktop/CS540/classeval_evaluation/ClassEval_28_0.py", line 11, in setUp
    self.processor = DatabaseProcessor(self.database_name)
                     ^^^^^^^^^^^^^^^^^
NameError: name 'DatabaseProcessor' is not defined. Did you mean: 'DatabaseProcessorTest'?

======================================================================
ERROR: test_create_table_2 (ClassEval_28_0.DatabaseProcessorTestCreateTable.test_create_table_2)
----------------------------------------------------------------------
Traceback (most recent call last):
  File "/Users/snigdhaghoshdastidar/Desktop/CS540/classeval_evaluation/ClassEval_28_0.py", line 11, in setUp
    self.processor = DatabaseProcessor(self.database_name)
                     ^^^^^^^^^^^^^^^^^
NameError: name 'DatabaseProcessor' is not defined. Did you mean: 'DatabaseProcessorTest'?

======================================================================
ERROR: test_create_table_3 (ClassEval_28_0.DatabaseProcessorTestCreateTable.test_create_table_3)
----------------------------------------------------------------------
Traceback (most recent call last):
  File "/Users/snigdhaghoshdastidar/Desktop/CS540/classeval_evaluation/ClassEval_28_0.py", line 11, in setUp
    self.processor = DatabaseProcessor(self.database_name)
                     ^^^^^^^^^^^^^^^^^
NameError: name 'DatabaseProcessor' is not defined. Did you mean: 'DatabaseProcessorTest'?

======================================================================
ERROR: test_create_table_4 (ClassEval_28_0.DatabaseProcessorTestCreateTable.test_create_table_4)
----------------------------------------------------------------------
Traceback (most recent call last):
  File "/Users/snigdhaghoshdastidar/Desktop/CS540/classeval_evaluation/ClassEval_28_0.py", line 11, in setUp
    self.processor = DatabaseProcessor(self.database_name)
                     ^^^^^^^^^^^^^^^^^
NameError: name 'DatabaseProcessor' is not defined. Did you mean: 'DatabaseProcessorTest'?

======================================================================
ERROR: test_create_table_5 (ClassEval_28_0.DatabaseProcessorTestCreateTable.test_create_table_5)
----------------------------------------------------------------------
Traceback (most recent call last):
  File "/Users/snigdhaghoshdastidar/Desktop/CS540/classeval_evaluation/ClassEval_28_0.py", line 11, in setUp
    self.processor = DatabaseProcessor(self.database_name)
                     ^^^^^^^^^^^^^^^^^
NameError: name 'DatabaseProcessor' is not defined. Did you mean: 'DatabaseProcessorTest'?

----------------------------------------------------------------------
Ran 5 tests in 0.013s

FAILED (errors=5)
EEEEE
======================================================================
ERROR: test_insert_into_database_1 (ClassEval_28_0.DatabaseProcessorTestInsertIntoDatabase.test_insert_into_database_1)
----------------------------------------------------------------------
Traceback (most recent call last):
  File "/Users/snigdhaghoshdastidar/Desktop/CS540/classeval_evaluation/ClassEval_28_0.py", line 89, in setUp
    self.processor = DatabaseProcessor(self.database_name)
                     ^^^^^^^^^^^^^^^^^
NameError: name 'DatabaseProcessor' is not defined. Did you mean: 'DatabaseProcessorTest'?

======================================================================
ERROR: test_insert_into_database_2 (ClassEval_28_0.DatabaseProcessorTestInsertIntoDatabase.test_insert_into_database_2)
----------------------------------------------------------------------
Traceback (most recent call last):
  File "/Users/snigdhaghoshdastidar/Desktop/CS540/classeval_evaluation/ClassEval_28_0.py", line 89, in setUp
    self.processor = DatabaseProcessor(self.database_name)
                     ^^^^^^^^^^^^^^^^^
NameError: name 'DatabaseProcessor' is not defined. Did you mean: 'DatabaseProcessorTest'?

======================================================================
ERROR: test_insert_into_database_3 (ClassEval_28_0.DatabaseProcessorTestInsertIntoDatabase.test_insert_into_database_3)
----------------------------------------------------------------------
Traceback (most recent call last):
  File "/Users/snigdhaghoshdastidar/Desktop/CS540/classeval_evaluation/ClassEval_28_0.py", line 89, in setUp
    self.processor = DatabaseProcessor(self.database_name)
                     ^^^^^^^^^^^^^^^^^
NameError: name 'DatabaseProcessor' is not defined. Did you mean: 'DatabaseProcessorTest'?

======================================================================
ERROR: test_insert_into_database_4 (ClassEval_28_0.DatabaseProcessorTestInsertIntoDatabase.test_insert_into_database_4)
----------------------------------------------------------------------
Traceback (most recent call last):
  File "/Users/snigdhaghoshdastidar/Desktop/CS540/classeval_evaluation/ClassEval_28_0.py", line 89, in setUp
    self.processor = DatabaseProcessor(self.database_name)
                     ^^^^^^^^^^^^^^^^^
NameError: name 'DatabaseProcessor' is not defined. Did you mean: 'DatabaseProcessorTest'?

======================================================================
ERROR: test_insert_into_database_5 (ClassEval_28_0.DatabaseProcessorTestInsertIntoDatabase.test_insert_into_database_5)
----------------------------------------------------------------------
Traceback (most recent call last):
  File "/Users/snigdhaghoshdastidar/Desktop/CS540/classeval_evaluation/ClassEval_28_0.py", line 89, in setUp
    self.processor = DatabaseProcessor(self.database_name)
                     ^^^^^^^^^^^^^^^^^
NameError: name 'DatabaseProcessor' is not defined. Did you mean: 'DatabaseProcessorTest'?

----------------------------------------------------------------------
Ran 5 tests in 0.014s

FAILED (errors=5)
EEEEE
======================================================================
ERROR: test_search_database_1 (ClassEval_28_0.DatabaseProcessorTestSearchDatabase.test_search_database_1)
----------------------------------------------------------------------
Traceback (most recent call last):
  File "/Users/snigdhaghoshdastidar/Desktop/CS540/classeval_evaluation/ClassEval_28_0.py", line 187, in setUp
    self.processor = DatabaseProcessor(self.database_name)
                     ^^^^^^^^^^^^^^^^^
NameError: name 'DatabaseProcessor' is not defined. Did you mean: 'DatabaseProcessorTest'?

======================================================================
ERROR: test_search_database_2 (ClassEval_28_0.DatabaseProcessorTestSearchDatabase.test_search_database_2)
----------------------------------------------------------------------
Traceback (most recent call last):
  File "/Users/snigdhaghoshdastidar/Desktop/CS540/classeval_evaluation/ClassEval_28_0.py", line 187, in setUp
    self.processor = DatabaseProcessor(self.database_name)
                     ^^^^^^^^^^^^^^^^^
NameError: name 'DatabaseProcessor' is not defined. Did you mean: 'DatabaseProcessorTest'?

======================================================================
ERROR: test_search_database_3 (ClassEval_28_0.DatabaseProcessorTestSearchDatabase.test_search_database_3)
----------------------------------------------------------------------
Traceback (most recent call last):
  File "/Users/snigdhaghoshdastidar/Desktop/CS540/classeval_evaluation/ClassEval_28_0.py", line 187, in setUp
    self.processor = DatabaseProcessor(self.database_name)
                     ^^^^^^^^^^^^^^^^^
NameError: name 'DatabaseProcessor' is not defined. Did you mean: 'DatabaseProcessorTest'?

======================================================================
ERROR: test_search_database_4 (ClassEval_28_0.DatabaseProcessorTestSearchDatabase.test_search_database_4)
----------------------------------------------------------------------
Traceback (most recent call last):
  File "/Users/snigdhaghoshdastidar/Desktop/CS540/classeval_evaluation/ClassEval_28_0.py", line 187, in setUp
    self.processor = DatabaseProcessor(self.database_name)
                     ^^^^^^^^^^^^^^^^^
NameError: name 'DatabaseProcessor' is not defined. Did you mean: 'DatabaseProcessorTest'?

======================================================================
ERROR: test_search_database_5 (ClassEval_28_0.DatabaseProcessorTestSearchDatabase.test_search_database_5)
----------------------------------------------------------------------
Traceback (most recent call last):
  File "/Users/snigdhaghoshdastidar/Desktop/CS540/classeval_evaluation/ClassEval_28_0.py", line 187, in setUp
    self.processor = DatabaseProcessor(self.database_name)
                     ^^^^^^^^^^^^^^^^^
NameError: name 'DatabaseProcessor' is not defined. Did you mean: 'DatabaseProcessorTest'?

----------------------------------------------------------------------
Ran 5 tests in 0.014s

FAILED (errors=5)
EEEEE
======================================================================
ERROR: test_delete_from_database_1 (ClassEval_28_0.DatabaseProcessorTestDeteleFromDatabase.test_delete_from_database_1)
----------------------------------------------------------------------
Traceback (most recent call last):
  File "/Users/snigdhaghoshdastidar/Desktop/CS540/classeval_evaluation/ClassEval_28_0.py", line 264, in setUp
    self.processor = DatabaseProcessor(self.database_name)
                     ^^^^^^^^^^^^^^^^^
NameError: name 'DatabaseProcessor' is not defined. Did you mean: 'DatabaseProcessorTest'?

======================================================================
ERROR: test_delete_from_database_2 (ClassEval_28_0.DatabaseProcessorTestDeteleFromDatabase.test_delete_from_database_2)
----------------------------------------------------------------------
Traceback (most recent call last):
  File "/Users/snigdhaghoshdastidar/Desktop/CS540/classeval_evaluation/ClassEval_28_0.py", line 264, in setUp
    self.processor = DatabaseProcessor(self.database_name)
                     ^^^^^^^^^^^^^^^^^
NameError: name 'DatabaseProcessor' is not defined. Did you mean: 'DatabaseProcessorTest'?

======================================================================
ERROR: test_delete_from_database_3 (ClassEval_28_0.DatabaseProcessorTestDeteleFromDatabase.test_delete_from_database_3)
----------------------------------------------------------------------
Traceback (most recent call last):
  File "/Users/snigdhaghoshdastidar/Desktop/CS540/classeval_evaluation/ClassEval_28_0.py", line 264, in setUp
    self.processor = DatabaseProcessor(self.database_name)
                     ^^^^^^^^^^^^^^^^^
NameError: name 'DatabaseProcessor' is not defined. Did you mean: 'DatabaseProcessorTest'?

======================================================================
ERROR: test_delete_from_database_4 (ClassEval_28_0.DatabaseProcessorTestDeteleFromDatabase.test_delete_from_database_4)
----------------------------------------------------------------------
Traceback (most recent call last):
  File "/Users/snigdhaghoshdastidar/Desktop/CS540/classeval_evaluation/ClassEval_28_0.py", line 264, in setUp
    self.processor = DatabaseProcessor(self.database_name)
                     ^^^^^^^^^^^^^^^^^
NameError: name 'DatabaseProcessor' is not defined. Did you mean: 'DatabaseProcessorTest'?

======================================================================
ERROR: test_delete_from_database_5 (ClassEval_28_0.DatabaseProcessorTestDeteleFromDatabase.test_delete_from_database_5)
----------------------------------------------------------------------
Traceback (most recent call last):
  File "/Users/snigdhaghoshdastidar/Desktop/CS540/classeval_evaluation/ClassEval_28_0.py", line 264, in setUp
    self.processor = DatabaseProcessor(self.database_name)
                     ^^^^^^^^^^^^^^^^^
NameError: name 'DatabaseProcessor' is not defined. Did you mean: 'DatabaseProcessorTest'?

----------------------------------------------------------------------
Ran 5 tests in 0.014s

FAILED (errors=5)
E
======================================================================
ERROR: test_DatabaseProcessor (ClassEval_28_0.DatabaseProcessorTest.test_DatabaseProcessor)
----------------------------------------------------------------------
Traceback (most recent call last):
  File "/Users/snigdhaghoshdastidar/Desktop/CS540/classeval_evaluation/ClassEval_28_0.py", line 377, in setUp
    self.processor = DatabaseProcessor(self.database_name)
                     ^^^^^^^^^^^^^^^^^
NameError: name 'DatabaseProcessor' is not defined. Did you mean: 'DatabaseProcessorTest'?

----------------------------------------------------------------------
Ran 1 test in 0.003s

FAILED (errors=1)
EEEEE
======================================================================
ERROR: test_create_table_1 (ClassEval_28_2.DatabaseProcessorTestCreateTable.test_create_table_1)
----------------------------------------------------------------------
Traceback (most recent call last):
  File "/Users/snigdhaghoshdastidar/Desktop/CS540/classeval_evaluation/ClassEval_28_2.py", line 11, in setUp
    self.processor = DatabaseProcessor(self.database_name)
                     ^^^^^^^^^^^^^^^^^
NameError: name 'DatabaseProcessor' is not defined. Did you mean: 'DatabaseProcessorTest'?

======================================================================
ERROR: test_create_table_2 (ClassEval_28_2.DatabaseProcessorTestCreateTable.test_create_table_2)
----------------------------------------------------------------------
Traceback (most recent call last):
  File "/Users/snigdhaghoshdastidar/Desktop/CS540/classeval_evaluation/ClassEval_28_2.py", line 11, in setUp
    self.processor = DatabaseProcessor(self.database_name)
                     ^^^^^^^^^^^^^^^^^
NameError: name 'DatabaseProcessor' is not defined. Did you mean: 'DatabaseProcessorTest'?

======================================================================
ERROR: test_create_table_3 (ClassEval_28_2.DatabaseProcessorTestCreateTable.test_create_table_3)
----------------------------------------------------------------------
Traceback (most recent call last):
  File "/Users/snigdhaghoshdastidar/Desktop/CS540/classeval_evaluation/ClassEval_28_2.py", line 11, in setUp
    self.processor = DatabaseProcessor(self.database_name)
                     ^^^^^^^^^^^^^^^^^
NameError: name 'DatabaseProcessor' is not defined. Did you mean: 'DatabaseProcessorTest'?

======================================================================
ERROR: test_create_table_4 (ClassEval_28_2.DatabaseProcessorTestCreateTable.test_create_table_4)
----------------------------------------------------------------------
Traceback (most recent call last):
  File "/Users/snigdhaghoshdastidar/Desktop/CS540/classeval_evaluation/ClassEval_28_2.py", line 11, in setUp
    self.processor = DatabaseProcessor(self.database_name)
                     ^^^^^^^^^^^^^^^^^
NameError: name 'DatabaseProcessor' is not defined. Did you mean: 'DatabaseProcessorTest'?

======================================================================
ERROR: test_create_table_5 (ClassEval_28_2.DatabaseProcessorTestCreateTable.test_create_table_5)
----------------------------------------------------------------------
Traceback (most recent call last):
  File "/Users/snigdhaghoshdastidar/Desktop/CS540/classeval_evaluation/ClassEval_28_2.py", line 11, in setUp
    self.processor = DatabaseProcessor(self.database_name)
                     ^^^^^^^^^^^^^^^^^
NameError: name 'DatabaseProcessor' is not defined. Did you mean: 'DatabaseProcessorTest'?

----------------------------------------------------------------------
Ran 5 tests in 0.015s

FAILED (errors=5)
EEEEE
======================================================================
ERROR: test_insert_into_database_1 (ClassEval_28_2.DatabaseProcessorTestInsertIntoDatabase.test_insert_into_database_1)
----------------------------------------------------------------------
Traceback (most recent call last):
  File "/Users/snigdhaghoshdastidar/Desktop/CS540/classeval_evaluation/ClassEval_28_2.py", line 89, in setUp
    self.processor = DatabaseProcessor(self.database_name)
                     ^^^^^^^^^^^^^^^^^
NameError: name 'DatabaseProcessor' is not defined. Did you mean: 'DatabaseProcessorTest'?

======================================================================
ERROR: test_insert_into_database_2 (ClassEval_28_2.DatabaseProcessorTestInsertIntoDatabase.test_insert_into_database_2)
----------------------------------------------------------------------
Traceback (most recent call last):
  File "/Users/snigdhaghoshdastidar/Desktop/CS540/classeval_evaluation/ClassEval_28_2.py", line 89, in setUp
    self.processor = DatabaseProcessor(self.database_name)
                     ^^^^^^^^^^^^^^^^^
NameError: name 'DatabaseProcessor' is not defined. Did you mean: 'DatabaseProcessorTest'?

======================================================================
ERROR: test_insert_into_database_3 (ClassEval_28_2.DatabaseProcessorTestInsertIntoDatabase.test_insert_into_database_3)
----------------------------------------------------------------------
Traceback (most recent call last):
  File "/Users/snigdhaghoshdastidar/Desktop/CS540/classeval_evaluation/ClassEval_28_2.py", line 89, in setUp
    self.processor = DatabaseProcessor(self.database_name)
                     ^^^^^^^^^^^^^^^^^
NameError: name 'DatabaseProcessor' is not defined. Did you mean: 'DatabaseProcessorTest'?

======================================================================
ERROR: test_insert_into_database_4 (ClassEval_28_2.DatabaseProcessorTestInsertIntoDatabase.test_insert_into_database_4)
----------------------------------------------------------------------
Traceback (most recent call last):
  File "/Users/snigdhaghoshdastidar/Desktop/CS540/classeval_evaluation/ClassEval_28_2.py", line 89, in setUp
    self.processor = DatabaseProcessor(self.database_name)
                     ^^^^^^^^^^^^^^^^^
NameError: name 'DatabaseProcessor' is not defined. Did you mean: 'DatabaseProcessorTest'?

======================================================================
ERROR: test_insert_into_database_5 (ClassEval_28_2.DatabaseProcessorTestInsertIntoDatabase.test_insert_into_database_5)
----------------------------------------------------------------------
Traceback (most recent call last):
  File "/Users/snigdhaghoshdastidar/Desktop/CS540/classeval_evaluation/ClassEval_28_2.py", line 89, in setUp
    self.processor = DatabaseProcessor(self.database_name)
                     ^^^^^^^^^^^^^^^^^
NameError: name 'DatabaseProcessor' is not defined. Did you mean: 'DatabaseProcessorTest'?

----------------------------------------------------------------------
Ran 5 tests in 0.013s

FAILED (errors=5)
EEEEE
======================================================================
ERROR: test_search_database_1 (ClassEval_28_2.DatabaseProcessorTestSearchDatabase.test_search_database_1)
----------------------------------------------------------------------
Traceback (most recent call last):
  File "/Users/snigdhaghoshdastidar/Desktop/CS540/classeval_evaluation/ClassEval_28_2.py", line 187, in setUp
    self.processor = DatabaseProcessor(self.database_name)
                     ^^^^^^^^^^^^^^^^^
NameError: name 'DatabaseProcessor' is not defined. Did you mean: 'DatabaseProcessorTest'?

======================================================================
ERROR: test_search_database_2 (ClassEval_28_2.DatabaseProcessorTestSearchDatabase.test_search_database_2)
----------------------------------------------------------------------
Traceback (most recent call last):
  File "/Users/snigdhaghoshdastidar/Desktop/CS540/classeval_evaluation/ClassEval_28_2.py", line 187, in setUp
    self.processor = DatabaseProcessor(self.database_name)
                     ^^^^^^^^^^^^^^^^^
NameError: name 'DatabaseProcessor' is not defined. Did you mean: 'DatabaseProcessorTest'?

======================================================================
ERROR: test_search_database_3 (ClassEval_28_2.DatabaseProcessorTestSearchDatabase.test_search_database_3)
----------------------------------------------------------------------
Traceback (most recent call last):
  File "/Users/snigdhaghoshdastidar/Desktop/CS540/classeval_evaluation/ClassEval_28_2.py", line 187, in setUp
    self.processor = DatabaseProcessor(self.database_name)
                     ^^^^^^^^^^^^^^^^^
NameError: name 'DatabaseProcessor' is not defined. Did you mean: 'DatabaseProcessorTest'?

======================================================================
ERROR: test_search_database_4 (ClassEval_28_2.DatabaseProcessorTestSearchDatabase.test_search_database_4)
----------------------------------------------------------------------
Traceback (most recent call last):
  File "/Users/snigdhaghoshdastidar/Desktop/CS540/classeval_evaluation/ClassEval_28_2.py", line 187, in setUp
    self.processor = DatabaseProcessor(self.database_name)
                     ^^^^^^^^^^^^^^^^^
NameError: name 'DatabaseProcessor' is not defined. Did you mean: 'DatabaseProcessorTest'?

======================================================================
ERROR: test_search_database_5 (ClassEval_28_2.DatabaseProcessorTestSearchDatabase.test_search_database_5)
----------------------------------------------------------------------
Traceback (most recent call last):
  File "/Users/snigdhaghoshdastidar/Desktop/CS540/classeval_evaluation/ClassEval_28_2.py", line 187, in setUp
    self.processor = DatabaseProcessor(self.database_name)
                     ^^^^^^^^^^^^^^^^^
NameError: name 'DatabaseProcessor' is not defined. Did you mean: 'DatabaseProcessorTest'?

----------------------------------------------------------------------
Ran 5 tests in 0.011s

FAILED (errors=5)
EEEEE
======================================================================
ERROR: test_delete_from_database_1 (ClassEval_28_2.DatabaseProcessorTestDeteleFromDatabase.test_delete_from_database_1)
----------------------------------------------------------------------
Traceback (most recent call last):
  File "/Users/snigdhaghoshdastidar/Desktop/CS540/classeval_evaluation/ClassEval_28_2.py", line 264, in setUp
    self.processor = DatabaseProcessor(self.database_name)
                     ^^^^^^^^^^^^^^^^^
NameError: name 'DatabaseProcessor' is not defined. Did you mean: 'DatabaseProcessorTest'?

======================================================================
ERROR: test_delete_from_database_2 (ClassEval_28_2.DatabaseProcessorTestDeteleFromDatabase.test_delete_from_database_2)
----------------------------------------------------------------------
Traceback (most recent call last):
  File "/Users/snigdhaghoshdastidar/Desktop/CS540/classeval_evaluation/ClassEval_28_2.py", line 264, in setUp
    self.processor = DatabaseProcessor(self.database_name)
                     ^^^^^^^^^^^^^^^^^
NameError: name 'DatabaseProcessor' is not defined. Did you mean: 'DatabaseProcessorTest'?

======================================================================
ERROR: test_delete_from_database_3 (ClassEval_28_2.DatabaseProcessorTestDeteleFromDatabase.test_delete_from_database_3)
----------------------------------------------------------------------
Traceback (most recent call last):
  File "/Users/snigdhaghoshdastidar/Desktop/CS540/classeval_evaluation/ClassEval_28_2.py", line 264, in setUp
    self.processor = DatabaseProcessor(self.database_name)
                     ^^^^^^^^^^^^^^^^^
NameError: name 'DatabaseProcessor' is not defined. Did you mean: 'DatabaseProcessorTest'?

======================================================================
ERROR: test_delete_from_database_4 (ClassEval_28_2.DatabaseProcessorTestDeteleFromDatabase.test_delete_from_database_4)
----------------------------------------------------------------------
Traceback (most recent call last):
  File "/Users/snigdhaghoshdastidar/Desktop/CS540/classeval_evaluation/ClassEval_28_2.py", line 264, in setUp
    self.processor = DatabaseProcessor(self.database_name)
                     ^^^^^^^^^^^^^^^^^
NameError: name 'DatabaseProcessor' is not defined. Did you mean: 'DatabaseProcessorTest'?

======================================================================
ERROR: test_delete_from_database_5 (ClassEval_28_2.DatabaseProcessorTestDeteleFromDatabase.test_delete_from_database_5)
----------------------------------------------------------------------
Traceback (most recent call last):
  File "/Users/snigdhaghoshdastidar/Desktop/CS540/classeval_evaluation/ClassEval_28_2.py", line 264, in setUp
    self.processor = DatabaseProcessor(self.database_name)
                     ^^^^^^^^^^^^^^^^^
NameError: name 'DatabaseProcessor' is not defined. Did you mean: 'DatabaseProcessorTest'?

----------------------------------------------------------------------
Ran 5 tests in 0.012s

FAILED (errors=5)
E
======================================================================
ERROR: test_DatabaseProcessor (ClassEval_28_2.DatabaseProcessorTest.test_DatabaseProcessor)
----------------------------------------------------------------------
Traceback (most recent call last):
  File "/Users/snigdhaghoshdastidar/Desktop/CS540/classeval_evaluation/ClassEval_28_2.py", line 377, in setUp
    self.processor = DatabaseProcessor(self.database_name)
                     ^^^^^^^^^^^^^^^^^
NameError: name 'DatabaseProcessor' is not defined. Did you mean: 'DatabaseProcessorTest'?

----------------------------------------------------------------------
Ran 1 test in 0.002s

FAILED (errors=1)
EEEEE
======================================================================
ERROR: test_insert_ticket_1 (ClassEval_60_0.MovieTicketDBTestInsertTicket.test_insert_ticket_1)
----------------------------------------------------------------------
Traceback (most recent call last):
  File "/Users/snigdhaghoshdastidar/Desktop/CS540/classeval_evaluation/ClassEval_60_0.py", line 10, in setUp
    self.db = MovieTicketDB(self.db_name)
              ^^^^^^^^^^^^^
NameError: name 'MovieTicketDB' is not defined. Did you mean: 'MovieTicketDBTest'?

======================================================================
ERROR: test_insert_ticket_2 (ClassEval_60_0.MovieTicketDBTestInsertTicket.test_insert_ticket_2)
----------------------------------------------------------------------
Traceback (most recent call last):
  File "/Users/snigdhaghoshdastidar/Desktop/CS540/classeval_evaluation/ClassEval_60_0.py", line 10, in setUp
    self.db = MovieTicketDB(self.db_name)
              ^^^^^^^^^^^^^
NameError: name 'MovieTicketDB' is not defined. Did you mean: 'MovieTicketDBTest'?

======================================================================
ERROR: test_insert_ticket_3 (ClassEval_60_0.MovieTicketDBTestInsertTicket.test_insert_ticket_3)
----------------------------------------------------------------------
Traceback (most recent call last):
  File "/Users/snigdhaghoshdastidar/Desktop/CS540/classeval_evaluation/ClassEval_60_0.py", line 10, in setUp
    self.db = MovieTicketDB(self.db_name)
              ^^^^^^^^^^^^^
NameError: name 'MovieTicketDB' is not defined. Did you mean: 'MovieTicketDBTest'?

======================================================================
ERROR: test_insert_ticket_4 (ClassEval_60_0.MovieTicketDBTestInsertTicket.test_insert_ticket_4)
----------------------------------------------------------------------
Traceback (most recent call last):
  File "/Users/snigdhaghoshdastidar/Desktop/CS540/classeval_evaluation/ClassEval_60_0.py", line 10, in setUp
    self.db = MovieTicketDB(self.db_name)
              ^^^^^^^^^^^^^
NameError: name 'MovieTicketDB' is not defined. Did you mean: 'MovieTicketDBTest'?

======================================================================
ERROR: test_insert_ticket_5 (ClassEval_60_0.MovieTicketDBTestInsertTicket.test_insert_ticket_5)
----------------------------------------------------------------------
Traceback (most recent call last):
  File "/Users/snigdhaghoshdastidar/Desktop/CS540/classeval_evaluation/ClassEval_60_0.py", line 10, in setUp
    self.db = MovieTicketDB(self.db_name)
              ^^^^^^^^^^^^^
NameError: name 'MovieTicketDB' is not defined. Did you mean: 'MovieTicketDBTest'?

----------------------------------------------------------------------
Ran 5 tests in 0.013s

FAILED (errors=5)
EEEEE
======================================================================
ERROR: test_search_tickets_by_customer_1 (ClassEval_60_0.MovieTicketDBTestSearchTicketsByCustomer.test_search_tickets_by_customer_1)
----------------------------------------------------------------------
Traceback (most recent call last):
  File "/Users/snigdhaghoshdastidar/Desktop/CS540/classeval_evaluation/ClassEval_60_0.py", line 70, in setUp
    self.db = MovieTicketDB(self.db_name)
              ^^^^^^^^^^^^^
NameError: name 'MovieTicketDB' is not defined. Did you mean: 'MovieTicketDBTest'?

======================================================================
ERROR: test_search_tickets_by_customer_2 (ClassEval_60_0.MovieTicketDBTestSearchTicketsByCustomer.test_search_tickets_by_customer_2)
----------------------------------------------------------------------
Traceback (most recent call last):
  File "/Users/snigdhaghoshdastidar/Desktop/CS540/classeval_evaluation/ClassEval_60_0.py", line 70, in setUp
    self.db = MovieTicketDB(self.db_name)
              ^^^^^^^^^^^^^
NameError: name 'MovieTicketDB' is not defined. Did you mean: 'MovieTicketDBTest'?

======================================================================
ERROR: test_search_tickets_by_customer_3 (ClassEval_60_0.MovieTicketDBTestSearchTicketsByCustomer.test_search_tickets_by_customer_3)
----------------------------------------------------------------------
Traceback (most recent call last):
  File "/Users/snigdhaghoshdastidar/Desktop/CS540/classeval_evaluation/ClassEval_60_0.py", line 70, in setUp
    self.db = MovieTicketDB(self.db_name)
              ^^^^^^^^^^^^^
NameError: name 'MovieTicketDB' is not defined. Did you mean: 'MovieTicketDBTest'?

======================================================================
ERROR: test_search_tickets_by_customer_4 (ClassEval_60_0.MovieTicketDBTestSearchTicketsByCustomer.test_search_tickets_by_customer_4)
----------------------------------------------------------------------
Traceback (most recent call last):
  File "/Users/snigdhaghoshdastidar/Desktop/CS540/classeval_evaluation/ClassEval_60_0.py", line 70, in setUp
    self.db = MovieTicketDB(self.db_name)
              ^^^^^^^^^^^^^
NameError: name 'MovieTicketDB' is not defined. Did you mean: 'MovieTicketDBTest'?

======================================================================
ERROR: test_search_tickets_by_customer_5 (ClassEval_60_0.MovieTicketDBTestSearchTicketsByCustomer.test_search_tickets_by_customer_5)
----------------------------------------------------------------------
Traceback (most recent call last):
  File "/Users/snigdhaghoshdastidar/Desktop/CS540/classeval_evaluation/ClassEval_60_0.py", line 70, in setUp
    self.db = MovieTicketDB(self.db_name)
              ^^^^^^^^^^^^^
NameError: name 'MovieTicketDB' is not defined. Did you mean: 'MovieTicketDBTest'?

----------------------------------------------------------------------
Ran 5 tests in 0.015s

FAILED (errors=5)
EEEEE
======================================================================
ERROR: test_delete_ticket_1 (ClassEval_60_0.MovieTicketDBTestDeleteTicket.test_delete_ticket_1)
----------------------------------------------------------------------
Traceback (most recent call last):
  File "/Users/snigdhaghoshdastidar/Desktop/CS540/classeval_evaluation/ClassEval_60_0.py", line 130, in setUp
    self.db = MovieTicketDB(self.db_name)
              ^^^^^^^^^^^^^
NameError: name 'MovieTicketDB' is not defined. Did you mean: 'MovieTicketDBTest'?

======================================================================
ERROR: test_delete_ticket_2 (ClassEval_60_0.MovieTicketDBTestDeleteTicket.test_delete_ticket_2)
----------------------------------------------------------------------
Traceback (most recent call last):
  File "/Users/snigdhaghoshdastidar/Desktop/CS540/classeval_evaluation/ClassEval_60_0.py", line 130, in setUp
    self.db = MovieTicketDB(self.db_name)
              ^^^^^^^^^^^^^
NameError: name 'MovieTicketDB' is not defined. Did you mean: 'MovieTicketDBTest'?

======================================================================
ERROR: test_delete_ticket_3 (ClassEval_60_0.MovieTicketDBTestDeleteTicket.test_delete_ticket_3)
----------------------------------------------------------------------
Traceback (most recent call last):
  File "/Users/snigdhaghoshdastidar/Desktop/CS540/classeval_evaluation/ClassEval_60_0.py", line 130, in setUp
    self.db = MovieTicketDB(self.db_name)
              ^^^^^^^^^^^^^
NameError: name 'MovieTicketDB' is not defined. Did you mean: 'MovieTicketDBTest'?

======================================================================
ERROR: test_delete_ticket_4 (ClassEval_60_0.MovieTicketDBTestDeleteTicket.test_delete_ticket_4)
----------------------------------------------------------------------
Traceback (most recent call last):
  File "/Users/snigdhaghoshdastidar/Desktop/CS540/classeval_evaluation/ClassEval_60_0.py", line 130, in setUp
    self.db = MovieTicketDB(self.db_name)
              ^^^^^^^^^^^^^
NameError: name 'MovieTicketDB' is not defined. Did you mean: 'MovieTicketDBTest'?

======================================================================
ERROR: test_delete_ticket_5 (ClassEval_60_0.MovieTicketDBTestDeleteTicket.test_delete_ticket_5)
----------------------------------------------------------------------
Traceback (most recent call last):
  File "/Users/snigdhaghoshdastidar/Desktop/CS540/classeval_evaluation/ClassEval_60_0.py", line 130, in setUp
    self.db = MovieTicketDB(self.db_name)
              ^^^^^^^^^^^^^
NameError: name 'MovieTicketDB' is not defined. Did you mean: 'MovieTicketDBTest'?

----------------------------------------------------------------------
Ran 5 tests in 0.014s

FAILED (errors=5)
E
======================================================================
ERROR: test_MovieTicketDB (ClassEval_60_0.MovieTicketDBTest.test_MovieTicketDB)
----------------------------------------------------------------------
Traceback (most recent call last):
  File "/Users/snigdhaghoshdastidar/Desktop/CS540/classeval_evaluation/ClassEval_60_0.py", line 185, in setUp
    self.db = MovieTicketDB(self.db_name)
              ^^^^^^^^^^^^^
NameError: name 'MovieTicketDB' is not defined. Did you mean: 'MovieTicketDBTest'?

----------------------------------------------------------------------
Ran 1 test in 0.002s

FAILED (errors=1)
EEEEE
======================================================================
ERROR: test_insert_ticket_1 (ClassEval_60_2.MovieTicketDBTestInsertTicket.test_insert_ticket_1)
----------------------------------------------------------------------
Traceback (most recent call last):
  File "/Users/snigdhaghoshdastidar/Desktop/CS540/classeval_evaluation/ClassEval_60_2.py", line 10, in setUp
    self.db = MovieTicketDB(self.db_name)
              ^^^^^^^^^^^^^
NameError: name 'MovieTicketDB' is not defined. Did you mean: 'MovieTicketDBTest'?

======================================================================
ERROR: test_insert_ticket_2 (ClassEval_60_2.MovieTicketDBTestInsertTicket.test_insert_ticket_2)
----------------------------------------------------------------------
Traceback (most recent call last):
  File "/Users/snigdhaghoshdastidar/Desktop/CS540/classeval_evaluation/ClassEval_60_2.py", line 10, in setUp
    self.db = MovieTicketDB(self.db_name)
              ^^^^^^^^^^^^^
NameError: name 'MovieTicketDB' is not defined. Did you mean: 'MovieTicketDBTest'?

======================================================================
ERROR: test_insert_ticket_3 (ClassEval_60_2.MovieTicketDBTestInsertTicket.test_insert_ticket_3)
----------------------------------------------------------------------
Traceback (most recent call last):
  File "/Users/snigdhaghoshdastidar/Desktop/CS540/classeval_evaluation/ClassEval_60_2.py", line 10, in setUp
    self.db = MovieTicketDB(self.db_name)
              ^^^^^^^^^^^^^
NameError: name 'MovieTicketDB' is not defined. Did you mean: 'MovieTicketDBTest'?

======================================================================
ERROR: test_insert_ticket_4 (ClassEval_60_2.MovieTicketDBTestInsertTicket.test_insert_ticket_4)
----------------------------------------------------------------------
Traceback (most recent call last):
  File "/Users/snigdhaghoshdastidar/Desktop/CS540/classeval_evaluation/ClassEval_60_2.py", line 10, in setUp
    self.db = MovieTicketDB(self.db_name)
              ^^^^^^^^^^^^^
NameError: name 'MovieTicketDB' is not defined. Did you mean: 'MovieTicketDBTest'?

======================================================================
ERROR: test_insert_ticket_5 (ClassEval_60_2.MovieTicketDBTestInsertTicket.test_insert_ticket_5)
----------------------------------------------------------------------
Traceback (most recent call last):
  File "/Users/snigdhaghoshdastidar/Desktop/CS540/classeval_evaluation/ClassEval_60_2.py", line 10, in setUp
    self.db = MovieTicketDB(self.db_name)
              ^^^^^^^^^^^^^
NameError: name 'MovieTicketDB' is not defined. Did you mean: 'MovieTicketDBTest'?

----------------------------------------------------------------------
Ran 5 tests in 0.015s

FAILED (errors=5)
EEEEE
======================================================================
ERROR: test_search_tickets_by_customer_1 (ClassEval_60_2.MovieTicketDBTestSearchTicketsByCustomer.test_search_tickets_by_customer_1)
----------------------------------------------------------------------
Traceback (most recent call last):
  File "/Users/snigdhaghoshdastidar/Desktop/CS540/classeval_evaluation/ClassEval_60_2.py", line 70, in setUp
    self.db = MovieTicketDB(self.db_name)
              ^^^^^^^^^^^^^
NameError: name 'MovieTicketDB' is not defined. Did you mean: 'MovieTicketDBTest'?

======================================================================
ERROR: test_search_tickets_by_customer_2 (ClassEval_60_2.MovieTicketDBTestSearchTicketsByCustomer.test_search_tickets_by_customer_2)
----------------------------------------------------------------------
Traceback (most recent call last):
  File "/Users/snigdhaghoshdastidar/Desktop/CS540/classeval_evaluation/ClassEval_60_2.py", line 70, in setUp
    self.db = MovieTicketDB(self.db_name)
              ^^^^^^^^^^^^^
NameError: name 'MovieTicketDB' is not defined. Did you mean: 'MovieTicketDBTest'?

======================================================================
ERROR: test_search_tickets_by_customer_3 (ClassEval_60_2.MovieTicketDBTestSearchTicketsByCustomer.test_search_tickets_by_customer_3)
----------------------------------------------------------------------
Traceback (most recent call last):
  File "/Users/snigdhaghoshdastidar/Desktop/CS540/classeval_evaluation/ClassEval_60_2.py", line 70, in setUp
    self.db = MovieTicketDB(self.db_name)
              ^^^^^^^^^^^^^
NameError: name 'MovieTicketDB' is not defined. Did you mean: 'MovieTicketDBTest'?

======================================================================
ERROR: test_search_tickets_by_customer_4 (ClassEval_60_2.MovieTicketDBTestSearchTicketsByCustomer.test_search_tickets_by_customer_4)
----------------------------------------------------------------------
Traceback (most recent call last):
  File "/Users/snigdhaghoshdastidar/Desktop/CS540/classeval_evaluation/ClassEval_60_2.py", line 70, in setUp
    self.db = MovieTicketDB(self.db_name)
              ^^^^^^^^^^^^^
NameError: name 'MovieTicketDB' is not defined. Did you mean: 'MovieTicketDBTest'?

======================================================================
ERROR: test_search_tickets_by_customer_5 (ClassEval_60_2.MovieTicketDBTestSearchTicketsByCustomer.test_search_tickets_by_customer_5)
----------------------------------------------------------------------
Traceback (most recent call last):
  File "/Users/snigdhaghoshdastidar/Desktop/CS540/classeval_evaluation/ClassEval_60_2.py", line 70, in setUp
    self.db = MovieTicketDB(self.db_name)
              ^^^^^^^^^^^^^
NameError: name 'MovieTicketDB' is not defined. Did you mean: 'MovieTicketDBTest'?

----------------------------------------------------------------------
Ran 5 tests in 0.015s

FAILED (errors=5)
EEEEE
======================================================================
ERROR: test_delete_ticket_1 (ClassEval_60_2.MovieTicketDBTestDeleteTicket.test_delete_ticket_1)
----------------------------------------------------------------------
Traceback (most recent call last):
  File "/Users/snigdhaghoshdastidar/Desktop/CS540/classeval_evaluation/ClassEval_60_2.py", line 130, in setUp
    self.db = MovieTicketDB(self.db_name)
              ^^^^^^^^^^^^^
NameError: name 'MovieTicketDB' is not defined. Did you mean: 'MovieTicketDBTest'?

======================================================================
ERROR: test_delete_ticket_2 (ClassEval_60_2.MovieTicketDBTestDeleteTicket.test_delete_ticket_2)
----------------------------------------------------------------------
Traceback (most recent call last):
  File "/Users/snigdhaghoshdastidar/Desktop/CS540/classeval_evaluation/ClassEval_60_2.py", line 130, in setUp
    self.db = MovieTicketDB(self.db_name)
              ^^^^^^^^^^^^^
NameError: name 'MovieTicketDB' is not defined. Did you mean: 'MovieTicketDBTest'?

======================================================================
ERROR: test_delete_ticket_3 (ClassEval_60_2.MovieTicketDBTestDeleteTicket.test_delete_ticket_3)
----------------------------------------------------------------------
Traceback (most recent call last):
  File "/Users/snigdhaghoshdastidar/Desktop/CS540/classeval_evaluation/ClassEval_60_2.py", line 130, in setUp
    self.db = MovieTicketDB(self.db_name)
              ^^^^^^^^^^^^^
NameError: name 'MovieTicketDB' is not defined. Did you mean: 'MovieTicketDBTest'?

======================================================================
ERROR: test_delete_ticket_4 (ClassEval_60_2.MovieTicketDBTestDeleteTicket.test_delete_ticket_4)
----------------------------------------------------------------------
Traceback (most recent call last):
  File "/Users/snigdhaghoshdastidar/Desktop/CS540/classeval_evaluation/ClassEval_60_2.py", line 130, in setUp
    self.db = MovieTicketDB(self.db_name)
              ^^^^^^^^^^^^^
NameError: name 'MovieTicketDB' is not defined. Did you mean: 'MovieTicketDBTest'?

======================================================================
ERROR: test_delete_ticket_5 (ClassEval_60_2.MovieTicketDBTestDeleteTicket.test_delete_ticket_5)
----------------------------------------------------------------------
Traceback (most recent call last):
  File "/Users/snigdhaghoshdastidar/Desktop/CS540/classeval_evaluation/ClassEval_60_2.py", line 130, in setUp
    self.db = MovieTicketDB(self.db_name)
              ^^^^^^^^^^^^^
NameError: name 'MovieTicketDB' is not defined. Did you mean: 'MovieTicketDBTest'?

----------------------------------------------------------------------
Ran 5 tests in 0.012s

FAILED (errors=5)
E
======================================================================
ERROR: test_MovieTicketDB (ClassEval_60_2.MovieTicketDBTest.test_MovieTicketDB)
----------------------------------------------------------------------
Traceback (most recent call last):
  File "/Users/snigdhaghoshdastidar/Desktop/CS540/classeval_evaluation/ClassEval_60_2.py", line 185, in setUp
    self.db = MovieTicketDB(self.db_name)
              ^^^^^^^^^^^^^
NameError: name 'MovieTicketDB' is not defined. Did you mean: 'MovieTicketDBTest'?

----------------------------------------------------------------------
Ran 1 test in 0.002s

FAILED (errors=1)
.....
----------------------------------------------------------------------
Ran 5 tests in 0.017s

OK
.....
----------------------------------------------------------------------
Ran 5 tests in 0.020s

OK
.....
----------------------------------------------------------------------
Ran 5 tests in 0.026s

OK
.
----------------------------------------------------------------------
Ran 1 test in 0.006s

OK
.....
----------------------------------------------------------------------
Ran 5 tests in 0.017s

OK
.....
----------------------------------------------------------------------
Ran 5 tests in 0.018s

OK
.....
----------------------------------------------------------------------
Ran 5 tests in 0.026s

OK
.
----------------------------------------------------------------------
Ran 1 test in 0.004s

OK
EEEEEE
======================================================================
ERROR: test_select_1 (ClassEval_79_0.SQLGeneratorTestSelect.test_select_1)
----------------------------------------------------------------------
Traceback (most recent call last):
  File "/Users/snigdhaghoshdastidar/Desktop/CS540/classeval_evaluation/ClassEval_79_0.py", line 7, in test_select_1
    sql = SQLGenerator('table1')
          ^^^^^^^^^^^^
NameError: name 'SQLGenerator' is not defined

======================================================================
ERROR: test_select_2 (ClassEval_79_0.SQLGeneratorTestSelect.test_select_2)
----------------------------------------------------------------------
Traceback (most recent call last):
  File "/Users/snigdhaghoshdastidar/Desktop/CS540/classeval_evaluation/ClassEval_79_0.py", line 12, in test_select_2
    sql = SQLGenerator('table1')
          ^^^^^^^^^^^^
NameError: name 'SQLGenerator' is not defined

======================================================================
ERROR: test_select_3 (ClassEval_79_0.SQLGeneratorTestSelect.test_select_3)
----------------------------------------------------------------------
Traceback (most recent call last):
  File "/Users/snigdhaghoshdastidar/Desktop/CS540/classeval_evaluation/ClassEval_79_0.py", line 17, in test_select_3
    sql = SQLGenerator('table1')
          ^^^^^^^^^^^^
NameError: name 'SQLGenerator' is not defined

======================================================================
ERROR: test_select_4 (ClassEval_79_0.SQLGeneratorTestSelect.test_select_4)
----------------------------------------------------------------------
Traceback (most recent call last):
  File "/Users/snigdhaghoshdastidar/Desktop/CS540/classeval_evaluation/ClassEval_79_0.py", line 22, in test_select_4
    sql = SQLGenerator('table1')
          ^^^^^^^^^^^^
NameError: name 'SQLGenerator' is not defined

======================================================================
ERROR: test_select_5 (ClassEval_79_0.SQLGeneratorTestSelect.test_select_5)
----------------------------------------------------------------------
Traceback (most recent call last):
  File "/Users/snigdhaghoshdastidar/Desktop/CS540/classeval_evaluation/ClassEval_79_0.py", line 27, in test_select_5
    sql = SQLGenerator('table1')
          ^^^^^^^^^^^^
NameError: name 'SQLGenerator' is not defined

======================================================================
ERROR: test_select_6 (ClassEval_79_0.SQLGeneratorTestSelect.test_select_6)
----------------------------------------------------------------------
Traceback (most recent call last):
  File "/Users/snigdhaghoshdastidar/Desktop/CS540/classeval_evaluation/ClassEval_79_0.py", line 32, in test_select_6
    sql = SQLGenerator('table1')
          ^^^^^^^^^^^^
NameError: name 'SQLGenerator' is not defined

----------------------------------------------------------------------
Ran 6 tests in 0.035s

FAILED (errors=6)
EEEEE
======================================================================
ERROR: test_insert (ClassEval_79_0.SQLGeneratorTestInsert.test_insert)
----------------------------------------------------------------------
Traceback (most recent call last):
  File "/Users/snigdhaghoshdastidar/Desktop/CS540/classeval_evaluation/ClassEval_79_0.py", line 40, in test_insert
    sql = SQLGenerator('table1')
          ^^^^^^^^^^^^
NameError: name 'SQLGenerator' is not defined

======================================================================
ERROR: test_insert_2 (ClassEval_79_0.SQLGeneratorTestInsert.test_insert_2)
----------------------------------------------------------------------
Traceback (most recent call last):
  File "/Users/snigdhaghoshdastidar/Desktop/CS540/classeval_evaluation/ClassEval_79_0.py", line 45, in test_insert_2
    sql = SQLGenerator('table1')
          ^^^^^^^^^^^^
NameError: name 'SQLGenerator' is not defined

======================================================================
ERROR: test_insert_3 (ClassEval_79_0.SQLGeneratorTestInsert.test_insert_3)
----------------------------------------------------------------------
Traceback (most recent call last):
  File "/Users/snigdhaghoshdastidar/Desktop/CS540/classeval_evaluation/ClassEval_79_0.py", line 50, in test_insert_3
    sql = SQLGenerator('table1')
          ^^^^^^^^^^^^
NameError: name 'SQLGenerator' is not defined

======================================================================
ERROR: test_insert_4 (ClassEval_79_0.SQLGeneratorTestInsert.test_insert_4)
----------------------------------------------------------------------
Traceback (most recent call last):
  File "/Users/snigdhaghoshdastidar/Desktop/CS540/classeval_evaluation/ClassEval_79_0.py", line 56, in test_insert_4
    sql = SQLGenerator('table1')
          ^^^^^^^^^^^^
NameError: name 'SQLGenerator' is not defined

======================================================================
ERROR: test_insert_5 (ClassEval_79_0.SQLGeneratorTestInsert.test_insert_5)
----------------------------------------------------------------------
Traceback (most recent call last):
  File "/Users/snigdhaghoshdastidar/Desktop/CS540/classeval_evaluation/ClassEval_79_0.py", line 63, in test_insert_5
    sql = SQLGenerator('table1')
          ^^^^^^^^^^^^
NameError: name 'SQLGenerator' is not defined

----------------------------------------------------------------------
Ran 5 tests in 0.021s

FAILED (errors=5)
EEEEE
======================================================================
ERROR: test_update (ClassEval_79_0.SQLGeneratorTestUpdate.test_update)
----------------------------------------------------------------------
Traceback (most recent call last):
  File "/Users/snigdhaghoshdastidar/Desktop/CS540/classeval_evaluation/ClassEval_79_0.py", line 71, in test_update
    sql = SQLGenerator('table1')
          ^^^^^^^^^^^^
NameError: name 'SQLGenerator' is not defined

======================================================================
ERROR: test_update_2 (ClassEval_79_0.SQLGeneratorTestUpdate.test_update_2)
----------------------------------------------------------------------
Traceback (most recent call last):
  File "/Users/snigdhaghoshdastidar/Desktop/CS540/classeval_evaluation/ClassEval_79_0.py", line 77, in test_update_2
    sql = SQLGenerator('table1')
          ^^^^^^^^^^^^
NameError: name 'SQLGenerator' is not defined

======================================================================
ERROR: test_update_3 (ClassEval_79_0.SQLGeneratorTestUpdate.test_update_3)
----------------------------------------------------------------------
Traceback (most recent call last):
  File "/Users/snigdhaghoshdastidar/Desktop/CS540/classeval_evaluation/ClassEval_79_0.py", line 84, in test_update_3
    sql = SQLGenerator('table1')
          ^^^^^^^^^^^^
NameError: name 'SQLGenerator' is not defined

======================================================================
ERROR: test_update_4 (ClassEval_79_0.SQLGeneratorTestUpdate.test_update_4)
----------------------------------------------------------------------
Traceback (most recent call last):
  File "/Users/snigdhaghoshdastidar/Desktop/CS540/classeval_evaluation/ClassEval_79_0.py", line 91, in test_update_4
    sql = SQLGenerator('table1')
          ^^^^^^^^^^^^
NameError: name 'SQLGenerator' is not defined

======================================================================
ERROR: test_update_5 (ClassEval_79_0.SQLGeneratorTestUpdate.test_update_5)
----------------------------------------------------------------------
Traceback (most recent call last):
  File "/Users/snigdhaghoshdastidar/Desktop/CS540/classeval_evaluation/ClassEval_79_0.py", line 98, in test_update_5
    sql = SQLGenerator('table1')
          ^^^^^^^^^^^^
NameError: name 'SQLGenerator' is not defined

----------------------------------------------------------------------
Ran 5 tests in 0.021s

FAILED (errors=5)
EEEEE
======================================================================
ERROR: test_delete (ClassEval_79_0.SQLGeneratorTestDelete.test_delete)
----------------------------------------------------------------------
Traceback (most recent call last):
  File "/Users/snigdhaghoshdastidar/Desktop/CS540/classeval_evaluation/ClassEval_79_0.py", line 107, in test_delete
    sql = SQLGenerator('table1')
          ^^^^^^^^^^^^
NameError: name 'SQLGenerator' is not defined

======================================================================
ERROR: test_delete_2 (ClassEval_79_0.SQLGeneratorTestDelete.test_delete_2)
----------------------------------------------------------------------
Traceback (most recent call last):
  File "/Users/snigdhaghoshdastidar/Desktop/CS540/classeval_evaluation/ClassEval_79_0.py", line 112, in test_delete_2
    sql = SQLGenerator('table1')
          ^^^^^^^^^^^^
NameError: name 'SQLGenerator' is not defined

======================================================================
ERROR: test_delete_3 (ClassEval_79_0.SQLGeneratorTestDelete.test_delete_3)
----------------------------------------------------------------------
Traceback (most recent call last):
  File "/Users/snigdhaghoshdastidar/Desktop/CS540/classeval_evaluation/ClassEval_79_0.py", line 117, in test_delete_3
    sql = SQLGenerator('table1')
          ^^^^^^^^^^^^
NameError: name 'SQLGenerator' is not defined

======================================================================
ERROR: test_delete_4 (ClassEval_79_0.SQLGeneratorTestDelete.test_delete_4)
----------------------------------------------------------------------
Traceback (most recent call last):
  File "/Users/snigdhaghoshdastidar/Desktop/CS540/classeval_evaluation/ClassEval_79_0.py", line 122, in test_delete_4
    sql = SQLGenerator('table1')
          ^^^^^^^^^^^^
NameError: name 'SQLGenerator' is not defined

======================================================================
ERROR: test_delete_5 (ClassEval_79_0.SQLGeneratorTestDelete.test_delete_5)
----------------------------------------------------------------------
Traceback (most recent call last):
  File "/Users/snigdhaghoshdastidar/Desktop/CS540/classeval_evaluation/ClassEval_79_0.py", line 128, in test_delete_5
    sql = SQLGenerator('table1')
          ^^^^^^^^^^^^
NameError: name 'SQLGenerator' is not defined

----------------------------------------------------------------------
Ran 5 tests in 0.021s

FAILED (errors=5)
EEEEE
======================================================================
ERROR: test_select_female_under_age (ClassEval_79_0.SQLGeneratorTestSelectFemaleUnderAge.test_select_female_under_age)
----------------------------------------------------------------------
Traceback (most recent call last):
  File "/Users/snigdhaghoshdastidar/Desktop/CS540/classeval_evaluation/ClassEval_79_0.py", line 135, in test_select_female_under_age
    sql = SQLGenerator('table1')
          ^^^^^^^^^^^^
NameError: name 'SQLGenerator' is not defined

======================================================================
ERROR: test_select_female_under_age_2 (ClassEval_79_0.SQLGeneratorTestSelectFemaleUnderAge.test_select_female_under_age_2)
----------------------------------------------------------------------
Traceback (most recent call last):
  File "/Users/snigdhaghoshdastidar/Desktop/CS540/classeval_evaluation/ClassEval_79_0.py", line 140, in test_select_female_under_age_2
    sql = SQLGenerator('table1')
          ^^^^^^^^^^^^
NameError: name 'SQLGenerator' is not defined

======================================================================
ERROR: test_select_female_under_age_3 (ClassEval_79_0.SQLGeneratorTestSelectFemaleUnderAge.test_select_female_under_age_3)
----------------------------------------------------------------------
Traceback (most recent call last):
  File "/Users/snigdhaghoshdastidar/Desktop/CS540/classeval_evaluation/ClassEval_79_0.py", line 145, in test_select_female_under_age_3
    sql = SQLGenerator('table1')
          ^^^^^^^^^^^^
NameError: name 'SQLGenerator' is not defined

======================================================================
ERROR: test_select_female_under_age_4 (ClassEval_79_0.SQLGeneratorTestSelectFemaleUnderAge.test_select_female_under_age_4)
----------------------------------------------------------------------
Traceback (most recent call last):
  File "/Users/snigdhaghoshdastidar/Desktop/CS540/classeval_evaluation/ClassEval_79_0.py", line 150, in test_select_female_under_age_4
    sql = SQLGenerator('table1')
          ^^^^^^^^^^^^
NameError: name 'SQLGenerator' is not defined

======================================================================
ERROR: test_select_female_under_age_5 (ClassEval_79_0.SQLGeneratorTestSelectFemaleUnderAge.test_select_female_under_age_5)
----------------------------------------------------------------------
Traceback (most recent call last):
  File "/Users/snigdhaghoshdastidar/Desktop/CS540/classeval_evaluation/ClassEval_79_0.py", line 155, in test_select_female_under_age_5
    sql = SQLGenerator('table1')
          ^^^^^^^^^^^^
NameError: name 'SQLGenerator' is not defined

----------------------------------------------------------------------
Ran 5 tests in 0.022s

FAILED (errors=5)
EEEEE
======================================================================
ERROR: test_select_by_age_range (ClassEval_79_0.SQLGeneratorTestSelectByAgeRange.test_select_by_age_range)
----------------------------------------------------------------------
Traceback (most recent call last):
  File "/Users/snigdhaghoshdastidar/Desktop/CS540/classeval_evaluation/ClassEval_79_0.py", line 161, in test_select_by_age_range
    sql = SQLGenerator('table1')
          ^^^^^^^^^^^^
NameError: name 'SQLGenerator' is not defined

======================================================================
ERROR: test_select_by_age_range_2 (ClassEval_79_0.SQLGeneratorTestSelectByAgeRange.test_select_by_age_range_2)
----------------------------------------------------------------------
Traceback (most recent call last):
  File "/Users/snigdhaghoshdastidar/Desktop/CS540/classeval_evaluation/ClassEval_79_0.py", line 166, in test_select_by_age_range_2
    sql = SQLGenerator('table1')
          ^^^^^^^^^^^^
NameError: name 'SQLGenerator' is not defined

======================================================================
ERROR: test_select_by_age_range_3 (ClassEval_79_0.SQLGeneratorTestSelectByAgeRange.test_select_by_age_range_3)
----------------------------------------------------------------------
Traceback (most recent call last):
  File "/Users/snigdhaghoshdastidar/Desktop/CS540/classeval_evaluation/ClassEval_79_0.py", line 171, in test_select_by_age_range_3
    sql = SQLGenerator('table1')
          ^^^^^^^^^^^^
NameError: name 'SQLGenerator' is not defined

======================================================================
ERROR: test_select_by_age_range_4 (ClassEval_79_0.SQLGeneratorTestSelectByAgeRange.test_select_by_age_range_4)
----------------------------------------------------------------------
Traceback (most recent call last):
  File "/Users/snigdhaghoshdastidar/Desktop/CS540/classeval_evaluation/ClassEval_79_0.py", line 176, in test_select_by_age_range_4
    sql = SQLGenerator('table1')
          ^^^^^^^^^^^^
NameError: name 'SQLGenerator' is not defined

======================================================================
ERROR: test_select_by_age_range_5 (ClassEval_79_0.SQLGeneratorTestSelectByAgeRange.test_select_by_age_range_5)
----------------------------------------------------------------------
Traceback (most recent call last):
  File "/Users/snigdhaghoshdastidar/Desktop/CS540/classeval_evaluation/ClassEval_79_0.py", line 181, in test_select_by_age_range_5
    sql = SQLGenerator('table1')
          ^^^^^^^^^^^^
NameError: name 'SQLGenerator' is not defined

----------------------------------------------------------------------
Ran 5 tests in 0.023s

FAILED (errors=5)
E
======================================================================
ERROR: test_main (ClassEval_79_0.SQLGeneratorTestMain.test_main)
----------------------------------------------------------------------
Traceback (most recent call last):
  File "/Users/snigdhaghoshdastidar/Desktop/CS540/classeval_evaluation/ClassEval_79_0.py", line 188, in test_main
    sql = SQLGenerator('table1')
          ^^^^^^^^^^^^
NameError: name 'SQLGenerator' is not defined

----------------------------------------------------------------------
Ran 1 test in 0.004s

FAILED (errors=1)
EEEEEE
======================================================================
ERROR: test_select_1 (ClassEval_79_1.SQLGeneratorTestSelect.test_select_1)
----------------------------------------------------------------------
Traceback (most recent call last):
  File "/Users/snigdhaghoshdastidar/Desktop/CS540/classeval_evaluation/ClassEval_79_1.py", line 7, in test_select_1
    sql = SQLGenerator('table1')
          ^^^^^^^^^^^^
NameError: name 'SQLGenerator' is not defined

======================================================================
ERROR: test_select_2 (ClassEval_79_1.SQLGeneratorTestSelect.test_select_2)
----------------------------------------------------------------------
Traceback (most recent call last):
  File "/Users/snigdhaghoshdastidar/Desktop/CS540/classeval_evaluation/ClassEval_79_1.py", line 12, in test_select_2
    sql = SQLGenerator('table1')
          ^^^^^^^^^^^^
NameError: name 'SQLGenerator' is not defined

======================================================================
ERROR: test_select_3 (ClassEval_79_1.SQLGeneratorTestSelect.test_select_3)
----------------------------------------------------------------------
Traceback (most recent call last):
  File "/Users/snigdhaghoshdastidar/Desktop/CS540/classeval_evaluation/ClassEval_79_1.py", line 17, in test_select_3
    sql = SQLGenerator('table1')
          ^^^^^^^^^^^^
NameError: name 'SQLGenerator' is not defined

======================================================================
ERROR: test_select_4 (ClassEval_79_1.SQLGeneratorTestSelect.test_select_4)
----------------------------------------------------------------------
Traceback (most recent call last):
  File "/Users/snigdhaghoshdastidar/Desktop/CS540/classeval_evaluation/ClassEval_79_1.py", line 22, in test_select_4
    sql = SQLGenerator('table1')
          ^^^^^^^^^^^^
NameError: name 'SQLGenerator' is not defined

======================================================================
ERROR: test_select_5 (ClassEval_79_1.SQLGeneratorTestSelect.test_select_5)
----------------------------------------------------------------------
Traceback (most recent call last):
  File "/Users/snigdhaghoshdastidar/Desktop/CS540/classeval_evaluation/ClassEval_79_1.py", line 27, in test_select_5
    sql = SQLGenerator('table1')
          ^^^^^^^^^^^^
NameError: name 'SQLGenerator' is not defined

======================================================================
ERROR: test_select_6 (ClassEval_79_1.SQLGeneratorTestSelect.test_select_6)
----------------------------------------------------------------------
Traceback (most recent call last):
  File "/Users/snigdhaghoshdastidar/Desktop/CS540/classeval_evaluation/ClassEval_79_1.py", line 32, in test_select_6
    sql = SQLGenerator('table1')
          ^^^^^^^^^^^^
NameError: name 'SQLGenerator' is not defined

----------------------------------------------------------------------
Ran 6 tests in 0.022s

FAILED (errors=6)
EEEEE
======================================================================
ERROR: test_insert (ClassEval_79_1.SQLGeneratorTestInsert.test_insert)
----------------------------------------------------------------------
Traceback (most recent call last):
  File "/Users/snigdhaghoshdastidar/Desktop/CS540/classeval_evaluation/ClassEval_79_1.py", line 40, in test_insert
    sql = SQLGenerator('table1')
          ^^^^^^^^^^^^
NameError: name 'SQLGenerator' is not defined

======================================================================
ERROR: test_insert_2 (ClassEval_79_1.SQLGeneratorTestInsert.test_insert_2)
----------------------------------------------------------------------
Traceback (most recent call last):
  File "/Users/snigdhaghoshdastidar/Desktop/CS540/classeval_evaluation/ClassEval_79_1.py", line 45, in test_insert_2
    sql = SQLGenerator('table1')
          ^^^^^^^^^^^^
NameError: name 'SQLGenerator' is not defined

======================================================================
ERROR: test_insert_3 (ClassEval_79_1.SQLGeneratorTestInsert.test_insert_3)
----------------------------------------------------------------------
Traceback (most recent call last):
  File "/Users/snigdhaghoshdastidar/Desktop/CS540/classeval_evaluation/ClassEval_79_1.py", line 50, in test_insert_3
    sql = SQLGenerator('table1')
          ^^^^^^^^^^^^
NameError: name 'SQLGenerator' is not defined

======================================================================
ERROR: test_insert_4 (ClassEval_79_1.SQLGeneratorTestInsert.test_insert_4)
----------------------------------------------------------------------
Traceback (most recent call last):
  File "/Users/snigdhaghoshdastidar/Desktop/CS540/classeval_evaluation/ClassEval_79_1.py", line 56, in test_insert_4
    sql = SQLGenerator('table1')
          ^^^^^^^^^^^^
NameError: name 'SQLGenerator' is not defined

======================================================================
ERROR: test_insert_5 (ClassEval_79_1.SQLGeneratorTestInsert.test_insert_5)
----------------------------------------------------------------------
Traceback (most recent call last):
  File "/Users/snigdhaghoshdastidar/Desktop/CS540/classeval_evaluation/ClassEval_79_1.py", line 63, in test_insert_5
    sql = SQLGenerator('table1')
          ^^^^^^^^^^^^
NameError: name 'SQLGenerator' is not defined

----------------------------------------------------------------------
Ran 5 tests in 0.013s

FAILED (errors=5)
EEEEE
======================================================================
ERROR: test_update (ClassEval_79_1.SQLGeneratorTestUpdate.test_update)
----------------------------------------------------------------------
Traceback (most recent call last):
  File "/Users/snigdhaghoshdastidar/Desktop/CS540/classeval_evaluation/ClassEval_79_1.py", line 71, in test_update
    sql = SQLGenerator('table1')
          ^^^^^^^^^^^^
NameError: name 'SQLGenerator' is not defined

======================================================================
ERROR: test_update_2 (ClassEval_79_1.SQLGeneratorTestUpdate.test_update_2)
----------------------------------------------------------------------
Traceback (most recent call last):
  File "/Users/snigdhaghoshdastidar/Desktop/CS540/classeval_evaluation/ClassEval_79_1.py", line 77, in test_update_2
    sql = SQLGenerator('table1')
          ^^^^^^^^^^^^
NameError: name 'SQLGenerator' is not defined

======================================================================
ERROR: test_update_3 (ClassEval_79_1.SQLGeneratorTestUpdate.test_update_3)
----------------------------------------------------------------------
Traceback (most recent call last):
  File "/Users/snigdhaghoshdastidar/Desktop/CS540/classeval_evaluation/ClassEval_79_1.py", line 84, in test_update_3
    sql = SQLGenerator('table1')
          ^^^^^^^^^^^^
NameError: name 'SQLGenerator' is not defined

======================================================================
ERROR: test_update_4 (ClassEval_79_1.SQLGeneratorTestUpdate.test_update_4)
----------------------------------------------------------------------
Traceback (most recent call last):
  File "/Users/snigdhaghoshdastidar/Desktop/CS540/classeval_evaluation/ClassEval_79_1.py", line 91, in test_update_4
    sql = SQLGenerator('table1')
          ^^^^^^^^^^^^
NameError: name 'SQLGenerator' is not defined

======================================================================
ERROR: test_update_5 (ClassEval_79_1.SQLGeneratorTestUpdate.test_update_5)
----------------------------------------------------------------------
Traceback (most recent call last):
  File "/Users/snigdhaghoshdastidar/Desktop/CS540/classeval_evaluation/ClassEval_79_1.py", line 98, in test_update_5
    sql = SQLGenerator('table1')
          ^^^^^^^^^^^^
NameError: name 'SQLGenerator' is not defined

----------------------------------------------------------------------
Ran 5 tests in 0.015s

FAILED (errors=5)
EEEEE
======================================================================
ERROR: test_delete (ClassEval_79_1.SQLGeneratorTestDelete.test_delete)
----------------------------------------------------------------------
Traceback (most recent call last):
  File "/Users/snigdhaghoshdastidar/Desktop/CS540/classeval_evaluation/ClassEval_79_1.py", line 107, in test_delete
    sql = SQLGenerator('table1')
          ^^^^^^^^^^^^
NameError: name 'SQLGenerator' is not defined

======================================================================
ERROR: test_delete_2 (ClassEval_79_1.SQLGeneratorTestDelete.test_delete_2)
----------------------------------------------------------------------
Traceback (most recent call last):
  File "/Users/snigdhaghoshdastidar/Desktop/CS540/classeval_evaluation/ClassEval_79_1.py", line 112, in test_delete_2
    sql = SQLGenerator('table1')
          ^^^^^^^^^^^^
NameError: name 'SQLGenerator' is not defined

======================================================================
ERROR: test_delete_3 (ClassEval_79_1.SQLGeneratorTestDelete.test_delete_3)
----------------------------------------------------------------------
Traceback (most recent call last):
  File "/Users/snigdhaghoshdastidar/Desktop/CS540/classeval_evaluation/ClassEval_79_1.py", line 117, in test_delete_3
    sql = SQLGenerator('table1')
          ^^^^^^^^^^^^
NameError: name 'SQLGenerator' is not defined

======================================================================
ERROR: test_delete_4 (ClassEval_79_1.SQLGeneratorTestDelete.test_delete_4)
----------------------------------------------------------------------
Traceback (most recent call last):
  File "/Users/snigdhaghoshdastidar/Desktop/CS540/classeval_evaluation/ClassEval_79_1.py", line 122, in test_delete_4
    sql = SQLGenerator('table1')
          ^^^^^^^^^^^^
NameError: name 'SQLGenerator' is not defined

======================================================================
ERROR: test_delete_5 (ClassEval_79_1.SQLGeneratorTestDelete.test_delete_5)
----------------------------------------------------------------------
Traceback (most recent call last):
  File "/Users/snigdhaghoshdastidar/Desktop/CS540/classeval_evaluation/ClassEval_79_1.py", line 128, in test_delete_5
    sql = SQLGenerator('table1')
          ^^^^^^^^^^^^
NameError: name 'SQLGenerator' is not defined

----------------------------------------------------------------------
Ran 5 tests in 0.016s

FAILED (errors=5)
EEEEE
======================================================================
ERROR: test_select_female_under_age (ClassEval_79_1.SQLGeneratorTestSelectFemaleUnderAge.test_select_female_under_age)
----------------------------------------------------------------------
Traceback (most recent call last):
  File "/Users/snigdhaghoshdastidar/Desktop/CS540/classeval_evaluation/ClassEval_79_1.py", line 135, in test_select_female_under_age
    sql = SQLGenerator('table1')
          ^^^^^^^^^^^^
NameError: name 'SQLGenerator' is not defined

======================================================================
ERROR: test_select_female_under_age_2 (ClassEval_79_1.SQLGeneratorTestSelectFemaleUnderAge.test_select_female_under_age_2)
----------------------------------------------------------------------
Traceback (most recent call last):
  File "/Users/snigdhaghoshdastidar/Desktop/CS540/classeval_evaluation/ClassEval_79_1.py", line 140, in test_select_female_under_age_2
    sql = SQLGenerator('table1')
          ^^^^^^^^^^^^
NameError: name 'SQLGenerator' is not defined

======================================================================
ERROR: test_select_female_under_age_3 (ClassEval_79_1.SQLGeneratorTestSelectFemaleUnderAge.test_select_female_under_age_3)
----------------------------------------------------------------------
Traceback (most recent call last):
  File "/Users/snigdhaghoshdastidar/Desktop/CS540/classeval_evaluation/ClassEval_79_1.py", line 145, in test_select_female_under_age_3
    sql = SQLGenerator('table1')
          ^^^^^^^^^^^^
NameError: name 'SQLGenerator' is not defined

======================================================================
ERROR: test_select_female_under_age_4 (ClassEval_79_1.SQLGeneratorTestSelectFemaleUnderAge.test_select_female_under_age_4)
----------------------------------------------------------------------
Traceback (most recent call last):
  File "/Users/snigdhaghoshdastidar/Desktop/CS540/classeval_evaluation/ClassEval_79_1.py", line 150, in test_select_female_under_age_4
    sql = SQLGenerator('table1')
          ^^^^^^^^^^^^
NameError: name 'SQLGenerator' is not defined

======================================================================
ERROR: test_select_female_under_age_5 (ClassEval_79_1.SQLGeneratorTestSelectFemaleUnderAge.test_select_female_under_age_5)
----------------------------------------------------------------------
Traceback (most recent call last):
  File "/Users/snigdhaghoshdastidar/Desktop/CS540/classeval_evaluation/ClassEval_79_1.py", line 155, in test_select_female_under_age_5
    sql = SQLGenerator('table1')
          ^^^^^^^^^^^^
NameError: name 'SQLGenerator' is not defined

----------------------------------------------------------------------
Ran 5 tests in 0.014s

FAILED (errors=5)
EEEEE
======================================================================
ERROR: test_select_by_age_range (ClassEval_79_1.SQLGeneratorTestSelectByAgeRange.test_select_by_age_range)
----------------------------------------------------------------------
Traceback (most recent call last):
  File "/Users/snigdhaghoshdastidar/Desktop/CS540/classeval_evaluation/ClassEval_79_1.py", line 161, in test_select_by_age_range
    sql = SQLGenerator('table1')
          ^^^^^^^^^^^^
NameError: name 'SQLGenerator' is not defined

======================================================================
ERROR: test_select_by_age_range_2 (ClassEval_79_1.SQLGeneratorTestSelectByAgeRange.test_select_by_age_range_2)
----------------------------------------------------------------------
Traceback (most recent call last):
  File "/Users/snigdhaghoshdastidar/Desktop/CS540/classeval_evaluation/ClassEval_79_1.py", line 166, in test_select_by_age_range_2
    sql = SQLGenerator('table1')
          ^^^^^^^^^^^^
NameError: name 'SQLGenerator' is not defined

======================================================================
ERROR: test_select_by_age_range_3 (ClassEval_79_1.SQLGeneratorTestSelectByAgeRange.test_select_by_age_range_3)
----------------------------------------------------------------------
Traceback (most recent call last):
  File "/Users/snigdhaghoshdastidar/Desktop/CS540/classeval_evaluation/ClassEval_79_1.py", line 171, in test_select_by_age_range_3
    sql = SQLGenerator('table1')
          ^^^^^^^^^^^^
NameError: name 'SQLGenerator' is not defined

======================================================================
ERROR: test_select_by_age_range_4 (ClassEval_79_1.SQLGeneratorTestSelectByAgeRange.test_select_by_age_range_4)
----------------------------------------------------------------------
Traceback (most recent call last):
  File "/Users/snigdhaghoshdastidar/Desktop/CS540/classeval_evaluation/ClassEval_79_1.py", line 176, in test_select_by_age_range_4
    sql = SQLGenerator('table1')
          ^^^^^^^^^^^^
NameError: name 'SQLGenerator' is not defined

======================================================================
ERROR: test_select_by_age_range_5 (ClassEval_79_1.SQLGeneratorTestSelectByAgeRange.test_select_by_age_range_5)
----------------------------------------------------------------------
Traceback (most recent call last):
  File "/Users/snigdhaghoshdastidar/Desktop/CS540/classeval_evaluation/ClassEval_79_1.py", line 181, in test_select_by_age_range_5
    sql = SQLGenerator('table1')
          ^^^^^^^^^^^^
NameError: name 'SQLGenerator' is not defined

----------------------------------------------------------------------
Ran 5 tests in 0.013s

FAILED (errors=5)
E
======================================================================
ERROR: test_main (ClassEval_79_1.SQLGeneratorTestMain.test_main)
----------------------------------------------------------------------
Traceback (most recent call last):
  File "/Users/snigdhaghoshdastidar/Desktop/CS540/classeval_evaluation/ClassEval_79_1.py", line 188, in test_main
    sql = SQLGenerator('table1')
          ^^^^^^^^^^^^
NameError: name 'SQLGenerator' is not defined

----------------------------------------------------------------------
Ran 1 test in 0.003s

FAILED (errors=1)
EEEEEE
======================================================================
ERROR: test_select_1 (ClassEval_79_3.SQLGeneratorTestSelect.test_select_1)
----------------------------------------------------------------------
Traceback (most recent call last):
  File "/Users/snigdhaghoshdastidar/Desktop/CS540/classeval_evaluation/ClassEval_79_3.py", line 7, in test_select_1
    sql = SQLGenerator('table1')
          ^^^^^^^^^^^^
NameError: name 'SQLGenerator' is not defined

======================================================================
ERROR: test_select_2 (ClassEval_79_3.SQLGeneratorTestSelect.test_select_2)
----------------------------------------------------------------------
Traceback (most recent call last):
  File "/Users/snigdhaghoshdastidar/Desktop/CS540/classeval_evaluation/ClassEval_79_3.py", line 12, in test_select_2
    sql = SQLGenerator('table1')
          ^^^^^^^^^^^^
NameError: name 'SQLGenerator' is not defined

======================================================================
ERROR: test_select_3 (ClassEval_79_3.SQLGeneratorTestSelect.test_select_3)
----------------------------------------------------------------------
Traceback (most recent call last):
  File "/Users/snigdhaghoshdastidar/Desktop/CS540/classeval_evaluation/ClassEval_79_3.py", line 17, in test_select_3
    sql = SQLGenerator('table1')
          ^^^^^^^^^^^^
NameError: name 'SQLGenerator' is not defined

======================================================================
ERROR: test_select_4 (ClassEval_79_3.SQLGeneratorTestSelect.test_select_4)
----------------------------------------------------------------------
Traceback (most recent call last):
  File "/Users/snigdhaghoshdastidar/Desktop/CS540/classeval_evaluation/ClassEval_79_3.py", line 22, in test_select_4
    sql = SQLGenerator('table1')
          ^^^^^^^^^^^^
NameError: name 'SQLGenerator' is not defined

======================================================================
ERROR: test_select_5 (ClassEval_79_3.SQLGeneratorTestSelect.test_select_5)
----------------------------------------------------------------------
Traceback (most recent call last):
  File "/Users/snigdhaghoshdastidar/Desktop/CS540/classeval_evaluation/ClassEval_79_3.py", line 27, in test_select_5
    sql = SQLGenerator('table1')
          ^^^^^^^^^^^^
NameError: name 'SQLGenerator' is not defined

======================================================================
ERROR: test_select_6 (ClassEval_79_3.SQLGeneratorTestSelect.test_select_6)
----------------------------------------------------------------------
Traceback (most recent call last):
  File "/Users/snigdhaghoshdastidar/Desktop/CS540/classeval_evaluation/ClassEval_79_3.py", line 32, in test_select_6
    sql = SQLGenerator('table1')
          ^^^^^^^^^^^^
NameError: name 'SQLGenerator' is not defined

----------------------------------------------------------------------
Ran 6 tests in 0.016s

FAILED (errors=6)
EEEEE
======================================================================
ERROR: test_insert (ClassEval_79_3.SQLGeneratorTestInsert.test_insert)
----------------------------------------------------------------------
Traceback (most recent call last):
  File "/Users/snigdhaghoshdastidar/Desktop/CS540/classeval_evaluation/ClassEval_79_3.py", line 40, in test_insert
    sql = SQLGenerator('table1')
          ^^^^^^^^^^^^
NameError: name 'SQLGenerator' is not defined

======================================================================
ERROR: test_insert_2 (ClassEval_79_3.SQLGeneratorTestInsert.test_insert_2)
----------------------------------------------------------------------
Traceback (most recent call last):
  File "/Users/snigdhaghoshdastidar/Desktop/CS540/classeval_evaluation/ClassEval_79_3.py", line 45, in test_insert_2
    sql = SQLGenerator('table1')
          ^^^^^^^^^^^^
NameError: name 'SQLGenerator' is not defined

======================================================================
ERROR: test_insert_3 (ClassEval_79_3.SQLGeneratorTestInsert.test_insert_3)
----------------------------------------------------------------------
Traceback (most recent call last):
  File "/Users/snigdhaghoshdastidar/Desktop/CS540/classeval_evaluation/ClassEval_79_3.py", line 50, in test_insert_3
    sql = SQLGenerator('table1')
          ^^^^^^^^^^^^
NameError: name 'SQLGenerator' is not defined

======================================================================
ERROR: test_insert_4 (ClassEval_79_3.SQLGeneratorTestInsert.test_insert_4)
----------------------------------------------------------------------
Traceback (most recent call last):
  File "/Users/snigdhaghoshdastidar/Desktop/CS540/classeval_evaluation/ClassEval_79_3.py", line 56, in test_insert_4
    sql = SQLGenerator('table1')
          ^^^^^^^^^^^^
NameError: name 'SQLGenerator' is not defined

======================================================================
ERROR: test_insert_5 (ClassEval_79_3.SQLGeneratorTestInsert.test_insert_5)
----------------------------------------------------------------------
Traceback (most recent call last):
  File "/Users/snigdhaghoshdastidar/Desktop/CS540/classeval_evaluation/ClassEval_79_3.py", line 63, in test_insert_5
    sql = SQLGenerator('table1')
          ^^^^^^^^^^^^
NameError: name 'SQLGenerator' is not defined

----------------------------------------------------------------------
Ran 5 tests in 0.014s

FAILED (errors=5)
EEEEE
======================================================================
ERROR: test_update (ClassEval_79_3.SQLGeneratorTestUpdate.test_update)
----------------------------------------------------------------------
Traceback (most recent call last):
  File "/Users/snigdhaghoshdastidar/Desktop/CS540/classeval_evaluation/ClassEval_79_3.py", line 71, in test_update
    sql = SQLGenerator('table1')
          ^^^^^^^^^^^^
NameError: name 'SQLGenerator' is not defined

======================================================================
ERROR: test_update_2 (ClassEval_79_3.SQLGeneratorTestUpdate.test_update_2)
----------------------------------------------------------------------
Traceback (most recent call last):
  File "/Users/snigdhaghoshdastidar/Desktop/CS540/classeval_evaluation/ClassEval_79_3.py", line 77, in test_update_2
    sql = SQLGenerator('table1')
          ^^^^^^^^^^^^
NameError: name 'SQLGenerator' is not defined

======================================================================
ERROR: test_update_3 (ClassEval_79_3.SQLGeneratorTestUpdate.test_update_3)
----------------------------------------------------------------------
Traceback (most recent call last):
  File "/Users/snigdhaghoshdastidar/Desktop/CS540/classeval_evaluation/ClassEval_79_3.py", line 84, in test_update_3
    sql = SQLGenerator('table1')
          ^^^^^^^^^^^^
NameError: name 'SQLGenerator' is not defined

======================================================================
ERROR: test_update_4 (ClassEval_79_3.SQLGeneratorTestUpdate.test_update_4)
----------------------------------------------------------------------
Traceback (most recent call last):
  File "/Users/snigdhaghoshdastidar/Desktop/CS540/classeval_evaluation/ClassEval_79_3.py", line 91, in test_update_4
    sql = SQLGenerator('table1')
          ^^^^^^^^^^^^
NameError: name 'SQLGenerator' is not defined

======================================================================
ERROR: test_update_5 (ClassEval_79_3.SQLGeneratorTestUpdate.test_update_5)
----------------------------------------------------------------------
Traceback (most recent call last):
  File "/Users/snigdhaghoshdastidar/Desktop/CS540/classeval_evaluation/ClassEval_79_3.py", line 98, in test_update_5
    sql = SQLGenerator('table1')
          ^^^^^^^^^^^^
NameError: name 'SQLGenerator' is not defined

----------------------------------------------------------------------
Ran 5 tests in 0.016s

FAILED (errors=5)
EEEEE
======================================================================
ERROR: test_delete (ClassEval_79_3.SQLGeneratorTestDelete.test_delete)
----------------------------------------------------------------------
Traceback (most recent call last):
  File "/Users/snigdhaghoshdastidar/Desktop/CS540/classeval_evaluation/ClassEval_79_3.py", line 107, in test_delete
    sql = SQLGenerator('table1')
          ^^^^^^^^^^^^
NameError: name 'SQLGenerator' is not defined

======================================================================
ERROR: test_delete_2 (ClassEval_79_3.SQLGeneratorTestDelete.test_delete_2)
----------------------------------------------------------------------
Traceback (most recent call last):
  File "/Users/snigdhaghoshdastidar/Desktop/CS540/classeval_evaluation/ClassEval_79_3.py", line 112, in test_delete_2
    sql = SQLGenerator('table1')
          ^^^^^^^^^^^^
NameError: name 'SQLGenerator' is not defined

======================================================================
ERROR: test_delete_3 (ClassEval_79_3.SQLGeneratorTestDelete.test_delete_3)
----------------------------------------------------------------------
Traceback (most recent call last):
  File "/Users/snigdhaghoshdastidar/Desktop/CS540/classeval_evaluation/ClassEval_79_3.py", line 117, in test_delete_3
    sql = SQLGenerator('table1')
          ^^^^^^^^^^^^
NameError: name 'SQLGenerator' is not defined

======================================================================
ERROR: test_delete_4 (ClassEval_79_3.SQLGeneratorTestDelete.test_delete_4)
----------------------------------------------------------------------
Traceback (most recent call last):
  File "/Users/snigdhaghoshdastidar/Desktop/CS540/classeval_evaluation/ClassEval_79_3.py", line 122, in test_delete_4
    sql = SQLGenerator('table1')
          ^^^^^^^^^^^^
NameError: name 'SQLGenerator' is not defined

======================================================================
ERROR: test_delete_5 (ClassEval_79_3.SQLGeneratorTestDelete.test_delete_5)
----------------------------------------------------------------------
Traceback (most recent call last):
  File "/Users/snigdhaghoshdastidar/Desktop/CS540/classeval_evaluation/ClassEval_79_3.py", line 128, in test_delete_5
    sql = SQLGenerator('table1')
          ^^^^^^^^^^^^
NameError: name 'SQLGenerator' is not defined

----------------------------------------------------------------------
Ran 5 tests in 0.013s

FAILED (errors=5)
EEEEE
======================================================================
ERROR: test_select_female_under_age (ClassEval_79_3.SQLGeneratorTestSelectFemaleUnderAge.test_select_female_under_age)
----------------------------------------------------------------------
Traceback (most recent call last):
  File "/Users/snigdhaghoshdastidar/Desktop/CS540/classeval_evaluation/ClassEval_79_3.py", line 135, in test_select_female_under_age
    sql = SQLGenerator('table1')
          ^^^^^^^^^^^^
NameError: name 'SQLGenerator' is not defined

======================================================================
ERROR: test_select_female_under_age_2 (ClassEval_79_3.SQLGeneratorTestSelectFemaleUnderAge.test_select_female_under_age_2)
----------------------------------------------------------------------
Traceback (most recent call last):
  File "/Users/snigdhaghoshdastidar/Desktop/CS540/classeval_evaluation/ClassEval_79_3.py", line 140, in test_select_female_under_age_2
    sql = SQLGenerator('table1')
          ^^^^^^^^^^^^
NameError: name 'SQLGenerator' is not defined

======================================================================
ERROR: test_select_female_under_age_3 (ClassEval_79_3.SQLGeneratorTestSelectFemaleUnderAge.test_select_female_under_age_3)
----------------------------------------------------------------------
Traceback (most recent call last):
  File "/Users/snigdhaghoshdastidar/Desktop/CS540/classeval_evaluation/ClassEval_79_3.py", line 145, in test_select_female_under_age_3
    sql = SQLGenerator('table1')
          ^^^^^^^^^^^^
NameError: name 'SQLGenerator' is not defined

======================================================================
ERROR: test_select_female_under_age_4 (ClassEval_79_3.SQLGeneratorTestSelectFemaleUnderAge.test_select_female_under_age_4)
----------------------------------------------------------------------
Traceback (most recent call last):
  File "/Users/snigdhaghoshdastidar/Desktop/CS540/classeval_evaluation/ClassEval_79_3.py", line 150, in test_select_female_under_age_4
    sql = SQLGenerator('table1')
          ^^^^^^^^^^^^
NameError: name 'SQLGenerator' is not defined

======================================================================
ERROR: test_select_female_under_age_5 (ClassEval_79_3.SQLGeneratorTestSelectFemaleUnderAge.test_select_female_under_age_5)
----------------------------------------------------------------------
Traceback (most recent call last):
  File "/Users/snigdhaghoshdastidar/Desktop/CS540/classeval_evaluation/ClassEval_79_3.py", line 155, in test_select_female_under_age_5
    sql = SQLGenerator('table1')
          ^^^^^^^^^^^^
NameError: name 'SQLGenerator' is not defined

----------------------------------------------------------------------
Ran 5 tests in 0.014s

FAILED (errors=5)
EEEEE
======================================================================
ERROR: test_select_by_age_range (ClassEval_79_3.SQLGeneratorTestSelectByAgeRange.test_select_by_age_range)
----------------------------------------------------------------------
Traceback (most recent call last):
  File "/Users/snigdhaghoshdastidar/Desktop/CS540/classeval_evaluation/ClassEval_79_3.py", line 161, in test_select_by_age_range
    sql = SQLGenerator('table1')
          ^^^^^^^^^^^^
NameError: name 'SQLGenerator' is not defined

======================================================================
ERROR: test_select_by_age_range_2 (ClassEval_79_3.SQLGeneratorTestSelectByAgeRange.test_select_by_age_range_2)
----------------------------------------------------------------------
Traceback (most recent call last):
  File "/Users/snigdhaghoshdastidar/Desktop/CS540/classeval_evaluation/ClassEval_79_3.py", line 166, in test_select_by_age_range_2
    sql = SQLGenerator('table1')
          ^^^^^^^^^^^^
NameError: name 'SQLGenerator' is not defined

======================================================================
ERROR: test_select_by_age_range_3 (ClassEval_79_3.SQLGeneratorTestSelectByAgeRange.test_select_by_age_range_3)
----------------------------------------------------------------------
Traceback (most recent call last):
  File "/Users/snigdhaghoshdastidar/Desktop/CS540/classeval_evaluation/ClassEval_79_3.py", line 171, in test_select_by_age_range_3
    sql = SQLGenerator('table1')
          ^^^^^^^^^^^^
NameError: name 'SQLGenerator' is not defined

======================================================================
ERROR: test_select_by_age_range_4 (ClassEval_79_3.SQLGeneratorTestSelectByAgeRange.test_select_by_age_range_4)
----------------------------------------------------------------------
Traceback (most recent call last):
  File "/Users/snigdhaghoshdastidar/Desktop/CS540/classeval_evaluation/ClassEval_79_3.py", line 176, in test_select_by_age_range_4
    sql = SQLGenerator('table1')
          ^^^^^^^^^^^^
NameError: name 'SQLGenerator' is not defined

======================================================================
ERROR: test_select_by_age_range_5 (ClassEval_79_3.SQLGeneratorTestSelectByAgeRange.test_select_by_age_range_5)
----------------------------------------------------------------------
Traceback (most recent call last):
  File "/Users/snigdhaghoshdastidar/Desktop/CS540/classeval_evaluation/ClassEval_79_3.py", line 181, in test_select_by_age_range_5
    sql = SQLGenerator('table1')
          ^^^^^^^^^^^^
NameError: name 'SQLGenerator' is not defined

----------------------------------------------------------------------
Ran 5 tests in 0.013s

FAILED (errors=5)
E
======================================================================
ERROR: test_main (ClassEval_79_3.SQLGeneratorTestMain.test_main)
----------------------------------------------------------------------
Traceback (most recent call last):
  File "/Users/snigdhaghoshdastidar/Desktop/CS540/classeval_evaluation/ClassEval_79_3.py", line 188, in test_main
    sql = SQLGenerator('table1')
          ^^^^^^^^^^^^
NameError: name 'SQLGenerator' is not defined

----------------------------------------------------------------------
Ran 1 test in 0.003s

FAILED (errors=1)
EEEEEE
======================================================================
ERROR: test_select_1 (ClassEval_79_4.SQLGeneratorTestSelect.test_select_1)
----------------------------------------------------------------------
Traceback (most recent call last):
  File "/Users/snigdhaghoshdastidar/Desktop/CS540/classeval_evaluation/ClassEval_79_4.py", line 7, in test_select_1
    sql = SQLGenerator('table1')
          ^^^^^^^^^^^^
NameError: name 'SQLGenerator' is not defined

======================================================================
ERROR: test_select_2 (ClassEval_79_4.SQLGeneratorTestSelect.test_select_2)
----------------------------------------------------------------------
Traceback (most recent call last):
  File "/Users/snigdhaghoshdastidar/Desktop/CS540/classeval_evaluation/ClassEval_79_4.py", line 12, in test_select_2
    sql = SQLGenerator('table1')
          ^^^^^^^^^^^^
NameError: name 'SQLGenerator' is not defined

======================================================================
ERROR: test_select_3 (ClassEval_79_4.SQLGeneratorTestSelect.test_select_3)
----------------------------------------------------------------------
Traceback (most recent call last):
  File "/Users/snigdhaghoshdastidar/Desktop/CS540/classeval_evaluation/ClassEval_79_4.py", line 17, in test_select_3
    sql = SQLGenerator('table1')
          ^^^^^^^^^^^^
NameError: name 'SQLGenerator' is not defined

======================================================================
ERROR: test_select_4 (ClassEval_79_4.SQLGeneratorTestSelect.test_select_4)
----------------------------------------------------------------------
Traceback (most recent call last):
  File "/Users/snigdhaghoshdastidar/Desktop/CS540/classeval_evaluation/ClassEval_79_4.py", line 22, in test_select_4
    sql = SQLGenerator('table1')
          ^^^^^^^^^^^^
NameError: name 'SQLGenerator' is not defined

======================================================================
ERROR: test_select_5 (ClassEval_79_4.SQLGeneratorTestSelect.test_select_5)
----------------------------------------------------------------------
Traceback (most recent call last):
  File "/Users/snigdhaghoshdastidar/Desktop/CS540/classeval_evaluation/ClassEval_79_4.py", line 27, in test_select_5
    sql = SQLGenerator('table1')
          ^^^^^^^^^^^^
NameError: name 'SQLGenerator' is not defined

======================================================================
ERROR: test_select_6 (ClassEval_79_4.SQLGeneratorTestSelect.test_select_6)
----------------------------------------------------------------------
Traceback (most recent call last):
  File "/Users/snigdhaghoshdastidar/Desktop/CS540/classeval_evaluation/ClassEval_79_4.py", line 32, in test_select_6
    sql = SQLGenerator('table1')
          ^^^^^^^^^^^^
NameError: name 'SQLGenerator' is not defined

----------------------------------------------------------------------
Ran 6 tests in 0.017s

FAILED (errors=6)
EEEEE
======================================================================
ERROR: test_insert (ClassEval_79_4.SQLGeneratorTestInsert.test_insert)
----------------------------------------------------------------------
Traceback (most recent call last):
  File "/Users/snigdhaghoshdastidar/Desktop/CS540/classeval_evaluation/ClassEval_79_4.py", line 40, in test_insert
    sql = SQLGenerator('table1')
          ^^^^^^^^^^^^
NameError: name 'SQLGenerator' is not defined

======================================================================
ERROR: test_insert_2 (ClassEval_79_4.SQLGeneratorTestInsert.test_insert_2)
----------------------------------------------------------------------
Traceback (most recent call last):
  File "/Users/snigdhaghoshdastidar/Desktop/CS540/classeval_evaluation/ClassEval_79_4.py", line 45, in test_insert_2
    sql = SQLGenerator('table1')
          ^^^^^^^^^^^^
NameError: name 'SQLGenerator' is not defined

======================================================================
ERROR: test_insert_3 (ClassEval_79_4.SQLGeneratorTestInsert.test_insert_3)
----------------------------------------------------------------------
Traceback (most recent call last):
  File "/Users/snigdhaghoshdastidar/Desktop/CS540/classeval_evaluation/ClassEval_79_4.py", line 50, in test_insert_3
    sql = SQLGenerator('table1')
          ^^^^^^^^^^^^
NameError: name 'SQLGenerator' is not defined

======================================================================
ERROR: test_insert_4 (ClassEval_79_4.SQLGeneratorTestInsert.test_insert_4)
----------------------------------------------------------------------
Traceback (most recent call last):
  File "/Users/snigdhaghoshdastidar/Desktop/CS540/classeval_evaluation/ClassEval_79_4.py", line 56, in test_insert_4
    sql = SQLGenerator('table1')
          ^^^^^^^^^^^^
NameError: name 'SQLGenerator' is not defined

======================================================================
ERROR: test_insert_5 (ClassEval_79_4.SQLGeneratorTestInsert.test_insert_5)
----------------------------------------------------------------------
Traceback (most recent call last):
  File "/Users/snigdhaghoshdastidar/Desktop/CS540/classeval_evaluation/ClassEval_79_4.py", line 63, in test_insert_5
    sql = SQLGenerator('table1')
          ^^^^^^^^^^^^
NameError: name 'SQLGenerator' is not defined

----------------------------------------------------------------------
Ran 5 tests in 0.016s

FAILED (errors=5)
EEEEE
======================================================================
ERROR: test_update (ClassEval_79_4.SQLGeneratorTestUpdate.test_update)
----------------------------------------------------------------------
Traceback (most recent call last):
  File "/Users/snigdhaghoshdastidar/Desktop/CS540/classeval_evaluation/ClassEval_79_4.py", line 71, in test_update
    sql = SQLGenerator('table1')
          ^^^^^^^^^^^^
NameError: name 'SQLGenerator' is not defined

======================================================================
ERROR: test_update_2 (ClassEval_79_4.SQLGeneratorTestUpdate.test_update_2)
----------------------------------------------------------------------
Traceback (most recent call last):
  File "/Users/snigdhaghoshdastidar/Desktop/CS540/classeval_evaluation/ClassEval_79_4.py", line 77, in test_update_2
    sql = SQLGenerator('table1')
          ^^^^^^^^^^^^
NameError: name 'SQLGenerator' is not defined

======================================================================
ERROR: test_update_3 (ClassEval_79_4.SQLGeneratorTestUpdate.test_update_3)
----------------------------------------------------------------------
Traceback (most recent call last):
  File "/Users/snigdhaghoshdastidar/Desktop/CS540/classeval_evaluation/ClassEval_79_4.py", line 84, in test_update_3
    sql = SQLGenerator('table1')
          ^^^^^^^^^^^^
NameError: name 'SQLGenerator' is not defined

======================================================================
ERROR: test_update_4 (ClassEval_79_4.SQLGeneratorTestUpdate.test_update_4)
----------------------------------------------------------------------
Traceback (most recent call last):
  File "/Users/snigdhaghoshdastidar/Desktop/CS540/classeval_evaluation/ClassEval_79_4.py", line 91, in test_update_4
    sql = SQLGenerator('table1')
          ^^^^^^^^^^^^
NameError: name 'SQLGenerator' is not defined

======================================================================
ERROR: test_update_5 (ClassEval_79_4.SQLGeneratorTestUpdate.test_update_5)
----------------------------------------------------------------------
Traceback (most recent call last):
  File "/Users/snigdhaghoshdastidar/Desktop/CS540/classeval_evaluation/ClassEval_79_4.py", line 98, in test_update_5
    sql = SQLGenerator('table1')
          ^^^^^^^^^^^^
NameError: name 'SQLGenerator' is not defined

----------------------------------------------------------------------
Ran 5 tests in 0.016s

FAILED (errors=5)
EEEEE
======================================================================
ERROR: test_delete (ClassEval_79_4.SQLGeneratorTestDelete.test_delete)
----------------------------------------------------------------------
Traceback (most recent call last):
  File "/Users/snigdhaghoshdastidar/Desktop/CS540/classeval_evaluation/ClassEval_79_4.py", line 107, in test_delete
    sql = SQLGenerator('table1')
          ^^^^^^^^^^^^
NameError: name 'SQLGenerator' is not defined

======================================================================
ERROR: test_delete_2 (ClassEval_79_4.SQLGeneratorTestDelete.test_delete_2)
----------------------------------------------------------------------
Traceback (most recent call last):
  File "/Users/snigdhaghoshdastidar/Desktop/CS540/classeval_evaluation/ClassEval_79_4.py", line 112, in test_delete_2
    sql = SQLGenerator('table1')
          ^^^^^^^^^^^^
NameError: name 'SQLGenerator' is not defined

======================================================================
ERROR: test_delete_3 (ClassEval_79_4.SQLGeneratorTestDelete.test_delete_3)
----------------------------------------------------------------------
Traceback (most recent call last):
  File "/Users/snigdhaghoshdastidar/Desktop/CS540/classeval_evaluation/ClassEval_79_4.py", line 117, in test_delete_3
    sql = SQLGenerator('table1')
          ^^^^^^^^^^^^
NameError: name 'SQLGenerator' is not defined

======================================================================
ERROR: test_delete_4 (ClassEval_79_4.SQLGeneratorTestDelete.test_delete_4)
----------------------------------------------------------------------
Traceback (most recent call last):
  File "/Users/snigdhaghoshdastidar/Desktop/CS540/classeval_evaluation/ClassEval_79_4.py", line 122, in test_delete_4
    sql = SQLGenerator('table1')
          ^^^^^^^^^^^^
NameError: name 'SQLGenerator' is not defined

======================================================================
ERROR: test_delete_5 (ClassEval_79_4.SQLGeneratorTestDelete.test_delete_5)
----------------------------------------------------------------------
Traceback (most recent call last):
  File "/Users/snigdhaghoshdastidar/Desktop/CS540/classeval_evaluation/ClassEval_79_4.py", line 128, in test_delete_5
    sql = SQLGenerator('table1')
          ^^^^^^^^^^^^
NameError: name 'SQLGenerator' is not defined

----------------------------------------------------------------------
Ran 5 tests in 0.014s

FAILED (errors=5)
EEEEE
======================================================================
ERROR: test_select_female_under_age (ClassEval_79_4.SQLGeneratorTestSelectFemaleUnderAge.test_select_female_under_age)
----------------------------------------------------------------------
Traceback (most recent call last):
  File "/Users/snigdhaghoshdastidar/Desktop/CS540/classeval_evaluation/ClassEval_79_4.py", line 135, in test_select_female_under_age
    sql = SQLGenerator('table1')
          ^^^^^^^^^^^^
NameError: name 'SQLGenerator' is not defined

======================================================================
ERROR: test_select_female_under_age_2 (ClassEval_79_4.SQLGeneratorTestSelectFemaleUnderAge.test_select_female_under_age_2)
----------------------------------------------------------------------
Traceback (most recent call last):
  File "/Users/snigdhaghoshdastidar/Desktop/CS540/classeval_evaluation/ClassEval_79_4.py", line 140, in test_select_female_under_age_2
    sql = SQLGenerator('table1')
          ^^^^^^^^^^^^
NameError: name 'SQLGenerator' is not defined

======================================================================
ERROR: test_select_female_under_age_3 (ClassEval_79_4.SQLGeneratorTestSelectFemaleUnderAge.test_select_female_under_age_3)
----------------------------------------------------------------------
Traceback (most recent call last):
  File "/Users/snigdhaghoshdastidar/Desktop/CS540/classeval_evaluation/ClassEval_79_4.py", line 145, in test_select_female_under_age_3
    sql = SQLGenerator('table1')
          ^^^^^^^^^^^^
NameError: name 'SQLGenerator' is not defined

======================================================================
ERROR: test_select_female_under_age_4 (ClassEval_79_4.SQLGeneratorTestSelectFemaleUnderAge.test_select_female_under_age_4)
----------------------------------------------------------------------
Traceback (most recent call last):
  File "/Users/snigdhaghoshdastidar/Desktop/CS540/classeval_evaluation/ClassEval_79_4.py", line 150, in test_select_female_under_age_4
    sql = SQLGenerator('table1')
          ^^^^^^^^^^^^
NameError: name 'SQLGenerator' is not defined

======================================================================
ERROR: test_select_female_under_age_5 (ClassEval_79_4.SQLGeneratorTestSelectFemaleUnderAge.test_select_female_under_age_5)
----------------------------------------------------------------------
Traceback (most recent call last):
  File "/Users/snigdhaghoshdastidar/Desktop/CS540/classeval_evaluation/ClassEval_79_4.py", line 155, in test_select_female_under_age_5
    sql = SQLGenerator('table1')
          ^^^^^^^^^^^^
NameError: name 'SQLGenerator' is not defined

----------------------------------------------------------------------
Ran 5 tests in 0.014s

FAILED (errors=5)
EEEEE
======================================================================
ERROR: test_select_by_age_range (ClassEval_79_4.SQLGeneratorTestSelectByAgeRange.test_select_by_age_range)
----------------------------------------------------------------------
Traceback (most recent call last):
  File "/Users/snigdhaghoshdastidar/Desktop/CS540/classeval_evaluation/ClassEval_79_4.py", line 161, in test_select_by_age_range
    sql = SQLGenerator('table1')
          ^^^^^^^^^^^^
NameError: name 'SQLGenerator' is not defined

======================================================================
ERROR: test_select_by_age_range_2 (ClassEval_79_4.SQLGeneratorTestSelectByAgeRange.test_select_by_age_range_2)
----------------------------------------------------------------------
Traceback (most recent call last):
  File "/Users/snigdhaghoshdastidar/Desktop/CS540/classeval_evaluation/ClassEval_79_4.py", line 166, in test_select_by_age_range_2
    sql = SQLGenerator('table1')
          ^^^^^^^^^^^^
NameError: name 'SQLGenerator' is not defined

======================================================================
ERROR: test_select_by_age_range_3 (ClassEval_79_4.SQLGeneratorTestSelectByAgeRange.test_select_by_age_range_3)
----------------------------------------------------------------------
Traceback (most recent call last):
  File "/Users/snigdhaghoshdastidar/Desktop/CS540/classeval_evaluation/ClassEval_79_4.py", line 171, in test_select_by_age_range_3
    sql = SQLGenerator('table1')
          ^^^^^^^^^^^^
NameError: name 'SQLGenerator' is not defined

======================================================================
ERROR: test_select_by_age_range_4 (ClassEval_79_4.SQLGeneratorTestSelectByAgeRange.test_select_by_age_range_4)
----------------------------------------------------------------------
Traceback (most recent call last):
  File "/Users/snigdhaghoshdastidar/Desktop/CS540/classeval_evaluation/ClassEval_79_4.py", line 176, in test_select_by_age_range_4
    sql = SQLGenerator('table1')
          ^^^^^^^^^^^^
NameError: name 'SQLGenerator' is not defined

======================================================================
ERROR: test_select_by_age_range_5 (ClassEval_79_4.SQLGeneratorTestSelectByAgeRange.test_select_by_age_range_5)
----------------------------------------------------------------------
Traceback (most recent call last):
  File "/Users/snigdhaghoshdastidar/Desktop/CS540/classeval_evaluation/ClassEval_79_4.py", line 181, in test_select_by_age_range_5
    sql = SQLGenerator('table1')
          ^^^^^^^^^^^^
NameError: name 'SQLGenerator' is not defined

----------------------------------------------------------------------
Ran 5 tests in 0.014s

FAILED (errors=5)
E
======================================================================
ERROR: test_main (ClassEval_79_4.SQLGeneratorTestMain.test_main)
----------------------------------------------------------------------
Traceback (most recent call last):
  File "/Users/snigdhaghoshdastidar/Desktop/CS540/classeval_evaluation/ClassEval_79_4.py", line 188, in test_main
    sql = SQLGenerator('table1')
          ^^^^^^^^^^^^
NameError: name 'SQLGenerator' is not defined

----------------------------------------------------------------------
Ran 1 test in 0.003s

FAILED (errors=1)
EEEEEEE
======================================================================
ERROR: test_select_1 (ClassEval_80_3.SQLQueryBuilderTestSelect.test_select_1)
----------------------------------------------------------------------
Traceback (most recent call last):
  File "/Users/snigdhaghoshdastidar/Desktop/CS540/classeval_evaluation/ClassEval_80_3.py", line 9, in test_select_1
    SQLQueryBuilder.select('users', ["id", "name"], {'age': 30}),
    ^^^^^^^^^^^^^^^
NameError: name 'SQLQueryBuilder' is not defined

======================================================================
ERROR: test_select_2 (ClassEval_80_3.SQLQueryBuilderTestSelect.test_select_2)
----------------------------------------------------------------------
Traceback (most recent call last):
  File "/Users/snigdhaghoshdastidar/Desktop/CS540/classeval_evaluation/ClassEval_80_3.py", line 15, in test_select_2
    SQLQueryBuilder.select('students', ["id", "name"], {'age': 18}),
    ^^^^^^^^^^^^^^^
NameError: name 'SQLQueryBuilder' is not defined

======================================================================
ERROR: test_select_3 (ClassEval_80_3.SQLQueryBuilderTestSelect.test_select_3)
----------------------------------------------------------------------
Traceback (most recent call last):
  File "/Users/snigdhaghoshdastidar/Desktop/CS540/classeval_evaluation/ClassEval_80_3.py", line 21, in test_select_3
    SQLQueryBuilder.select('items', ["id", "name"], {'price': 1.0}),
    ^^^^^^^^^^^^^^^
NameError: name 'SQLQueryBuilder' is not defined

======================================================================
ERROR: test_select_4 (ClassEval_80_3.SQLQueryBuilderTestSelect.test_select_4)
----------------------------------------------------------------------
Traceback (most recent call last):
  File "/Users/snigdhaghoshdastidar/Desktop/CS540/classeval_evaluation/ClassEval_80_3.py", line 27, in test_select_4
    SQLQueryBuilder.select('users', ["id"], {'age': 30}),
    ^^^^^^^^^^^^^^^
NameError: name 'SQLQueryBuilder' is not defined

======================================================================
ERROR: test_select_5 (ClassEval_80_3.SQLQueryBuilderTestSelect.test_select_5)
----------------------------------------------------------------------
Traceback (most recent call last):
  File "/Users/snigdhaghoshdastidar/Desktop/CS540/classeval_evaluation/ClassEval_80_3.py", line 33, in test_select_5
    SQLQueryBuilder.select('users', ["name"], {'age': 30}),
    ^^^^^^^^^^^^^^^
NameError: name 'SQLQueryBuilder' is not defined

======================================================================
ERROR: test_select_6 (ClassEval_80_3.SQLQueryBuilderTestSelect.test_select_6)
----------------------------------------------------------------------
Traceback (most recent call last):
  File "/Users/snigdhaghoshdastidar/Desktop/CS540/classeval_evaluation/ClassEval_80_3.py", line 39, in test_select_6
    SQLQueryBuilder.select('users', ["name"]),
    ^^^^^^^^^^^^^^^
NameError: name 'SQLQueryBuilder' is not defined

======================================================================
ERROR: test_select_7 (ClassEval_80_3.SQLQueryBuilderTestSelect.test_select_7)
----------------------------------------------------------------------
Traceback (most recent call last):
  File "/Users/snigdhaghoshdastidar/Desktop/CS540/classeval_evaluation/ClassEval_80_3.py", line 45, in test_select_7
    SQLQueryBuilder.select('users', "*"),
    ^^^^^^^^^^^^^^^
NameError: name 'SQLQueryBuilder' is not defined

----------------------------------------------------------------------
Ran 7 tests in 0.021s

FAILED (errors=7)
EEEEE
======================================================================
ERROR: test_insert_1 (ClassEval_80_3.SQLQueryBuilderTestInsert.test_insert_1)
----------------------------------------------------------------------
Traceback (most recent call last):
  File "/Users/snigdhaghoshdastidar/Desktop/CS540/classeval_evaluation/ClassEval_80_3.py", line 53, in test_insert_1
    SQLQueryBuilder.insert('users', {'name': 'Tom', 'age': 30}),
    ^^^^^^^^^^^^^^^
NameError: name 'SQLQueryBuilder' is not defined

======================================================================
ERROR: test_insert_2 (ClassEval_80_3.SQLQueryBuilderTestInsert.test_insert_2)
----------------------------------------------------------------------
Traceback (most recent call last):
  File "/Users/snigdhaghoshdastidar/Desktop/CS540/classeval_evaluation/ClassEval_80_3.py", line 59, in test_insert_2
    SQLQueryBuilder.insert('students', {'name': 'Tom', 'age': 18}),
    ^^^^^^^^^^^^^^^
NameError: name 'SQLQueryBuilder' is not defined

======================================================================
ERROR: test_insert_3 (ClassEval_80_3.SQLQueryBuilderTestInsert.test_insert_3)
----------------------------------------------------------------------
Traceback (most recent call last):
  File "/Users/snigdhaghoshdastidar/Desktop/CS540/classeval_evaluation/ClassEval_80_3.py", line 65, in test_insert_3
    SQLQueryBuilder.insert('items', {'name': 'apple', 'price': 1.0}),
    ^^^^^^^^^^^^^^^
NameError: name 'SQLQueryBuilder' is not defined

======================================================================
ERROR: test_insert_4 (ClassEval_80_3.SQLQueryBuilderTestInsert.test_insert_4)
----------------------------------------------------------------------
Traceback (most recent call last):
  File "/Users/snigdhaghoshdastidar/Desktop/CS540/classeval_evaluation/ClassEval_80_3.py", line 71, in test_insert_4
    SQLQueryBuilder.insert('users', {'name': 'Tom'}),
    ^^^^^^^^^^^^^^^
NameError: name 'SQLQueryBuilder' is not defined

======================================================================
ERROR: test_insert_5 (ClassEval_80_3.SQLQueryBuilderTestInsert.test_insert_5)
----------------------------------------------------------------------
Traceback (most recent call last):
  File "/Users/snigdhaghoshdastidar/Desktop/CS540/classeval_evaluation/ClassEval_80_3.py", line 77, in test_insert_5
    SQLQueryBuilder.insert('users', {'name': 'Tom', 'age': 30, 'region': 'USA'}),
    ^^^^^^^^^^^^^^^
NameError: name 'SQLQueryBuilder' is not defined

----------------------------------------------------------------------
Ran 5 tests in 0.014s

FAILED (errors=5)
EEEEEE
======================================================================
ERROR: test_delete_1 (ClassEval_80_3.SQLQueryBuilderTestDetele.test_delete_1)
----------------------------------------------------------------------
Traceback (most recent call last):
  File "/Users/snigdhaghoshdastidar/Desktop/CS540/classeval_evaluation/ClassEval_80_3.py", line 85, in test_delete_1
    SQLQueryBuilder.delete('users', {'name': 'Tom'}),
    ^^^^^^^^^^^^^^^
NameError: name 'SQLQueryBuilder' is not defined

======================================================================
ERROR: test_delete_2 (ClassEval_80_3.SQLQueryBuilderTestDetele.test_delete_2)
----------------------------------------------------------------------
Traceback (most recent call last):
  File "/Users/snigdhaghoshdastidar/Desktop/CS540/classeval_evaluation/ClassEval_80_3.py", line 91, in test_delete_2
    SQLQueryBuilder.delete('students', {'name': 'Tom'}),
    ^^^^^^^^^^^^^^^
NameError: name 'SQLQueryBuilder' is not defined

======================================================================
ERROR: test_delete_3 (ClassEval_80_3.SQLQueryBuilderTestDetele.test_delete_3)
----------------------------------------------------------------------
Traceback (most recent call last):
  File "/Users/snigdhaghoshdastidar/Desktop/CS540/classeval_evaluation/ClassEval_80_3.py", line 97, in test_delete_3
    SQLQueryBuilder.delete('items', {'name': 'apple'}),
    ^^^^^^^^^^^^^^^
NameError: name 'SQLQueryBuilder' is not defined

======================================================================
ERROR: test_delete_4 (ClassEval_80_3.SQLQueryBuilderTestDetele.test_delete_4)
----------------------------------------------------------------------
Traceback (most recent call last):
  File "/Users/snigdhaghoshdastidar/Desktop/CS540/classeval_evaluation/ClassEval_80_3.py", line 103, in test_delete_4
    SQLQueryBuilder.delete('items', {'name': 'aaa'}),
    ^^^^^^^^^^^^^^^
NameError: name 'SQLQueryBuilder' is not defined

======================================================================
ERROR: test_delete_5 (ClassEval_80_3.SQLQueryBuilderTestDetele.test_delete_5)
----------------------------------------------------------------------
Traceback (most recent call last):
  File "/Users/snigdhaghoshdastidar/Desktop/CS540/classeval_evaluation/ClassEval_80_3.py", line 109, in test_delete_5
    SQLQueryBuilder.delete('items', {'name': 'bbb'}),
    ^^^^^^^^^^^^^^^
NameError: name 'SQLQueryBuilder' is not defined

======================================================================
ERROR: test_delete_6 (ClassEval_80_3.SQLQueryBuilderTestDetele.test_delete_6)
----------------------------------------------------------------------
Traceback (most recent call last):
  File "/Users/snigdhaghoshdastidar/Desktop/CS540/classeval_evaluation/ClassEval_80_3.py", line 115, in test_delete_6
    SQLQueryBuilder.delete('items'),
    ^^^^^^^^^^^^^^^
NameError: name 'SQLQueryBuilder' is not defined

----------------------------------------------------------------------
Ran 6 tests in 0.017s

FAILED (errors=6)
EEEEEE
======================================================================
ERROR: test_update_1 (ClassEval_80_3.SQLQueryBuilderTestUpdate.test_update_1)
----------------------------------------------------------------------
Traceback (most recent call last):
  File "/Users/snigdhaghoshdastidar/Desktop/CS540/classeval_evaluation/ClassEval_80_3.py", line 123, in test_update_1
    SQLQueryBuilder.update('users', {'age': 35}, {'name': 'Tom'}),
    ^^^^^^^^^^^^^^^
NameError: name 'SQLQueryBuilder' is not defined

======================================================================
ERROR: test_update_2 (ClassEval_80_3.SQLQueryBuilderTestUpdate.test_update_2)
----------------------------------------------------------------------
Traceback (most recent call last):
  File "/Users/snigdhaghoshdastidar/Desktop/CS540/classeval_evaluation/ClassEval_80_3.py", line 129, in test_update_2
    SQLQueryBuilder.update('students', {'age': 18}, {'name': 'Tom'}),
    ^^^^^^^^^^^^^^^
NameError: name 'SQLQueryBuilder' is not defined

======================================================================
ERROR: test_update_3 (ClassEval_80_3.SQLQueryBuilderTestUpdate.test_update_3)
----------------------------------------------------------------------
Traceback (most recent call last):
  File "/Users/snigdhaghoshdastidar/Desktop/CS540/classeval_evaluation/ClassEval_80_3.py", line 135, in test_update_3
    SQLQueryBuilder.update('items', {'price': 1.0}, {'name': 'apple'}),
    ^^^^^^^^^^^^^^^
NameError: name 'SQLQueryBuilder' is not defined

======================================================================
ERROR: test_update_4 (ClassEval_80_3.SQLQueryBuilderTestUpdate.test_update_4)
----------------------------------------------------------------------
Traceback (most recent call last):
  File "/Users/snigdhaghoshdastidar/Desktop/CS540/classeval_evaluation/ClassEval_80_3.py", line 141, in test_update_4
    SQLQueryBuilder.update('items', {'price': 1.0}, {'name': 'aaa'}),
    ^^^^^^^^^^^^^^^
NameError: name 'SQLQueryBuilder' is not defined

======================================================================
ERROR: test_update_5 (ClassEval_80_3.SQLQueryBuilderTestUpdate.test_update_5)
----------------------------------------------------------------------
Traceback (most recent call last):
  File "/Users/snigdhaghoshdastidar/Desktop/CS540/classeval_evaluation/ClassEval_80_3.py", line 147, in test_update_5
    SQLQueryBuilder.update('items', {'price': 1.0}, {'name': 'bbb'}),
    ^^^^^^^^^^^^^^^
NameError: name 'SQLQueryBuilder' is not defined

======================================================================
ERROR: test_update_6 (ClassEval_80_3.SQLQueryBuilderTestUpdate.test_update_6)
----------------------------------------------------------------------
Traceback (most recent call last):
  File "/Users/snigdhaghoshdastidar/Desktop/CS540/classeval_evaluation/ClassEval_80_3.py", line 153, in test_update_6
    SQLQueryBuilder.update('items', {'price': 1.0}),
    ^^^^^^^^^^^^^^^
NameError: name 'SQLQueryBuilder' is not defined

----------------------------------------------------------------------
Ran 6 tests in 0.018s

FAILED (errors=6)
E
======================================================================
ERROR: test_main (ClassEval_80_3.SQLQueryBuilderTestMain.test_main)
----------------------------------------------------------------------
Traceback (most recent call last):
  File "/Users/snigdhaghoshdastidar/Desktop/CS540/classeval_evaluation/ClassEval_80_3.py", line 161, in test_main
    SQLQueryBuilder.select('users', ["id", "name"], {'age': 30}),
    ^^^^^^^^^^^^^^^
NameError: name 'SQLQueryBuilder' is not defined

----------------------------------------------------------------------
Ran 1 test in 0.003s

FAILED (errors=1)
EEEEEEE
======================================================================
ERROR: test_select_1 (ClassEval_80_4.SQLQueryBuilderTestSelect.test_select_1)
----------------------------------------------------------------------
Traceback (most recent call last):
  File "/Users/snigdhaghoshdastidar/Desktop/CS540/classeval_evaluation/ClassEval_80_4.py", line 9, in test_select_1
    SQLQueryBuilder.select('users', ["id", "name"], {'age': 30}),
    ^^^^^^^^^^^^^^^
NameError: name 'SQLQueryBuilder' is not defined

======================================================================
ERROR: test_select_2 (ClassEval_80_4.SQLQueryBuilderTestSelect.test_select_2)
----------------------------------------------------------------------
Traceback (most recent call last):
  File "/Users/snigdhaghoshdastidar/Desktop/CS540/classeval_evaluation/ClassEval_80_4.py", line 15, in test_select_2
    SQLQueryBuilder.select('students', ["id", "name"], {'age': 18}),
    ^^^^^^^^^^^^^^^
NameError: name 'SQLQueryBuilder' is not defined

======================================================================
ERROR: test_select_3 (ClassEval_80_4.SQLQueryBuilderTestSelect.test_select_3)
----------------------------------------------------------------------
Traceback (most recent call last):
  File "/Users/snigdhaghoshdastidar/Desktop/CS540/classeval_evaluation/ClassEval_80_4.py", line 21, in test_select_3
    SQLQueryBuilder.select('items', ["id", "name"], {'price': 1.0}),
    ^^^^^^^^^^^^^^^
NameError: name 'SQLQueryBuilder' is not defined

======================================================================
ERROR: test_select_4 (ClassEval_80_4.SQLQueryBuilderTestSelect.test_select_4)
----------------------------------------------------------------------
Traceback (most recent call last):
  File "/Users/snigdhaghoshdastidar/Desktop/CS540/classeval_evaluation/ClassEval_80_4.py", line 27, in test_select_4
    SQLQueryBuilder.select('users', ["id"], {'age': 30}),
    ^^^^^^^^^^^^^^^
NameError: name 'SQLQueryBuilder' is not defined

======================================================================
ERROR: test_select_5 (ClassEval_80_4.SQLQueryBuilderTestSelect.test_select_5)
----------------------------------------------------------------------
Traceback (most recent call last):
  File "/Users/snigdhaghoshdastidar/Desktop/CS540/classeval_evaluation/ClassEval_80_4.py", line 33, in test_select_5
    SQLQueryBuilder.select('users', ["name"], {'age': 30}),
    ^^^^^^^^^^^^^^^
NameError: name 'SQLQueryBuilder' is not defined

======================================================================
ERROR: test_select_6 (ClassEval_80_4.SQLQueryBuilderTestSelect.test_select_6)
----------------------------------------------------------------------
Traceback (most recent call last):
  File "/Users/snigdhaghoshdastidar/Desktop/CS540/classeval_evaluation/ClassEval_80_4.py", line 39, in test_select_6
    SQLQueryBuilder.select('users', ["name"]),
    ^^^^^^^^^^^^^^^
NameError: name 'SQLQueryBuilder' is not defined

======================================================================
ERROR: test_select_7 (ClassEval_80_4.SQLQueryBuilderTestSelect.test_select_7)
----------------------------------------------------------------------
Traceback (most recent call last):
  File "/Users/snigdhaghoshdastidar/Desktop/CS540/classeval_evaluation/ClassEval_80_4.py", line 45, in test_select_7
    SQLQueryBuilder.select('users', "*"),
    ^^^^^^^^^^^^^^^
NameError: name 'SQLQueryBuilder' is not defined

----------------------------------------------------------------------
Ran 7 tests in 0.020s

FAILED (errors=7)
EEEEE
======================================================================
ERROR: test_insert_1 (ClassEval_80_4.SQLQueryBuilderTestInsert.test_insert_1)
----------------------------------------------------------------------
Traceback (most recent call last):
  File "/Users/snigdhaghoshdastidar/Desktop/CS540/classeval_evaluation/ClassEval_80_4.py", line 53, in test_insert_1
    SQLQueryBuilder.insert('users', {'name': 'Tom', 'age': 30}),
    ^^^^^^^^^^^^^^^
NameError: name 'SQLQueryBuilder' is not defined

======================================================================
ERROR: test_insert_2 (ClassEval_80_4.SQLQueryBuilderTestInsert.test_insert_2)
----------------------------------------------------------------------
Traceback (most recent call last):
  File "/Users/snigdhaghoshdastidar/Desktop/CS540/classeval_evaluation/ClassEval_80_4.py", line 59, in test_insert_2
    SQLQueryBuilder.insert('students', {'name': 'Tom', 'age': 18}),
    ^^^^^^^^^^^^^^^
NameError: name 'SQLQueryBuilder' is not defined

======================================================================
ERROR: test_insert_3 (ClassEval_80_4.SQLQueryBuilderTestInsert.test_insert_3)
----------------------------------------------------------------------
Traceback (most recent call last):
  File "/Users/snigdhaghoshdastidar/Desktop/CS540/classeval_evaluation/ClassEval_80_4.py", line 65, in test_insert_3
    SQLQueryBuilder.insert('items', {'name': 'apple', 'price': 1.0}),
    ^^^^^^^^^^^^^^^
NameError: name 'SQLQueryBuilder' is not defined

======================================================================
ERROR: test_insert_4 (ClassEval_80_4.SQLQueryBuilderTestInsert.test_insert_4)
----------------------------------------------------------------------
Traceback (most recent call last):
  File "/Users/snigdhaghoshdastidar/Desktop/CS540/classeval_evaluation/ClassEval_80_4.py", line 71, in test_insert_4
    SQLQueryBuilder.insert('users', {'name': 'Tom'}),
    ^^^^^^^^^^^^^^^
NameError: name 'SQLQueryBuilder' is not defined

======================================================================
ERROR: test_insert_5 (ClassEval_80_4.SQLQueryBuilderTestInsert.test_insert_5)
----------------------------------------------------------------------
Traceback (most recent call last):
  File "/Users/snigdhaghoshdastidar/Desktop/CS540/classeval_evaluation/ClassEval_80_4.py", line 77, in test_insert_5
    SQLQueryBuilder.insert('users', {'name': 'Tom', 'age': 30, 'region': 'USA'}),
    ^^^^^^^^^^^^^^^
NameError: name 'SQLQueryBuilder' is not defined

----------------------------------------------------------------------
Ran 5 tests in 0.014s

FAILED (errors=5)
EEEEEE
======================================================================
ERROR: test_delete_1 (ClassEval_80_4.SQLQueryBuilderTestDetele.test_delete_1)
----------------------------------------------------------------------
Traceback (most recent call last):
  File "/Users/snigdhaghoshdastidar/Desktop/CS540/classeval_evaluation/ClassEval_80_4.py", line 85, in test_delete_1
    SQLQueryBuilder.delete('users', {'name': 'Tom'}),
    ^^^^^^^^^^^^^^^
NameError: name 'SQLQueryBuilder' is not defined

======================================================================
ERROR: test_delete_2 (ClassEval_80_4.SQLQueryBuilderTestDetele.test_delete_2)
----------------------------------------------------------------------
Traceback (most recent call last):
  File "/Users/snigdhaghoshdastidar/Desktop/CS540/classeval_evaluation/ClassEval_80_4.py", line 91, in test_delete_2
    SQLQueryBuilder.delete('students', {'name': 'Tom'}),
    ^^^^^^^^^^^^^^^
NameError: name 'SQLQueryBuilder' is not defined

======================================================================
ERROR: test_delete_3 (ClassEval_80_4.SQLQueryBuilderTestDetele.test_delete_3)
----------------------------------------------------------------------
Traceback (most recent call last):
  File "/Users/snigdhaghoshdastidar/Desktop/CS540/classeval_evaluation/ClassEval_80_4.py", line 97, in test_delete_3
    SQLQueryBuilder.delete('items', {'name': 'apple'}),
    ^^^^^^^^^^^^^^^
NameError: name 'SQLQueryBuilder' is not defined

======================================================================
ERROR: test_delete_4 (ClassEval_80_4.SQLQueryBuilderTestDetele.test_delete_4)
----------------------------------------------------------------------
Traceback (most recent call last):
  File "/Users/snigdhaghoshdastidar/Desktop/CS540/classeval_evaluation/ClassEval_80_4.py", line 103, in test_delete_4
    SQLQueryBuilder.delete('items', {'name': 'aaa'}),
    ^^^^^^^^^^^^^^^
NameError: name 'SQLQueryBuilder' is not defined

======================================================================
ERROR: test_delete_5 (ClassEval_80_4.SQLQueryBuilderTestDetele.test_delete_5)
----------------------------------------------------------------------
Traceback (most recent call last):
  File "/Users/snigdhaghoshdastidar/Desktop/CS540/classeval_evaluation/ClassEval_80_4.py", line 109, in test_delete_5
    SQLQueryBuilder.delete('items', {'name': 'bbb'}),
    ^^^^^^^^^^^^^^^
NameError: name 'SQLQueryBuilder' is not defined

======================================================================
ERROR: test_delete_6 (ClassEval_80_4.SQLQueryBuilderTestDetele.test_delete_6)
----------------------------------------------------------------------
Traceback (most recent call last):
  File "/Users/snigdhaghoshdastidar/Desktop/CS540/classeval_evaluation/ClassEval_80_4.py", line 115, in test_delete_6
    SQLQueryBuilder.delete('items'),
    ^^^^^^^^^^^^^^^
NameError: name 'SQLQueryBuilder' is not defined

----------------------------------------------------------------------
Ran 6 tests in 0.020s

FAILED (errors=6)
EEEEEE
======================================================================
ERROR: test_update_1 (ClassEval_80_4.SQLQueryBuilderTestUpdate.test_update_1)
----------------------------------------------------------------------
Traceback (most recent call last):
  File "/Users/snigdhaghoshdastidar/Desktop/CS540/classeval_evaluation/ClassEval_80_4.py", line 123, in test_update_1
    SQLQueryBuilder.update('users', {'age': 35}, {'name': 'Tom'}),
    ^^^^^^^^^^^^^^^
NameError: name 'SQLQueryBuilder' is not defined

======================================================================
ERROR: test_update_2 (ClassEval_80_4.SQLQueryBuilderTestUpdate.test_update_2)
----------------------------------------------------------------------
Traceback (most recent call last):
  File "/Users/snigdhaghoshdastidar/Desktop/CS540/classeval_evaluation/ClassEval_80_4.py", line 129, in test_update_2
    SQLQueryBuilder.update('students', {'age': 18}, {'name': 'Tom'}),
    ^^^^^^^^^^^^^^^
NameError: name 'SQLQueryBuilder' is not defined

======================================================================
ERROR: test_update_3 (ClassEval_80_4.SQLQueryBuilderTestUpdate.test_update_3)
----------------------------------------------------------------------
Traceback (most recent call last):
  File "/Users/snigdhaghoshdastidar/Desktop/CS540/classeval_evaluation/ClassEval_80_4.py", line 135, in test_update_3
    SQLQueryBuilder.update('items', {'price': 1.0}, {'name': 'apple'}),
    ^^^^^^^^^^^^^^^
NameError: name 'SQLQueryBuilder' is not defined

======================================================================
ERROR: test_update_4 (ClassEval_80_4.SQLQueryBuilderTestUpdate.test_update_4)
----------------------------------------------------------------------
Traceback (most recent call last):
  File "/Users/snigdhaghoshdastidar/Desktop/CS540/classeval_evaluation/ClassEval_80_4.py", line 141, in test_update_4
    SQLQueryBuilder.update('items', {'price': 1.0}, {'name': 'aaa'}),
    ^^^^^^^^^^^^^^^
NameError: name 'SQLQueryBuilder' is not defined

======================================================================
ERROR: test_update_5 (ClassEval_80_4.SQLQueryBuilderTestUpdate.test_update_5)
----------------------------------------------------------------------
Traceback (most recent call last):
  File "/Users/snigdhaghoshdastidar/Desktop/CS540/classeval_evaluation/ClassEval_80_4.py", line 147, in test_update_5
    SQLQueryBuilder.update('items', {'price': 1.0}, {'name': 'bbb'}),
    ^^^^^^^^^^^^^^^
NameError: name 'SQLQueryBuilder' is not defined

======================================================================
ERROR: test_update_6 (ClassEval_80_4.SQLQueryBuilderTestUpdate.test_update_6)
----------------------------------------------------------------------
Traceback (most recent call last):
  File "/Users/snigdhaghoshdastidar/Desktop/CS540/classeval_evaluation/ClassEval_80_4.py", line 153, in test_update_6
    SQLQueryBuilder.update('items', {'price': 1.0}),
    ^^^^^^^^^^^^^^^
NameError: name 'SQLQueryBuilder' is not defined

----------------------------------------------------------------------
Ran 6 tests in 0.024s

FAILED (errors=6)
E
======================================================================
ERROR: test_main (ClassEval_80_4.SQLQueryBuilderTestMain.test_main)
----------------------------------------------------------------------
Traceback (most recent call last):
  File "/Users/snigdhaghoshdastidar/Desktop/CS540/classeval_evaluation/ClassEval_80_4.py", line 161, in test_main
    SQLQueryBuilder.select('users', ["id", "name"], {'age': 30}),
    ^^^^^^^^^^^^^^^
NameError: name 'SQLQueryBuilder' is not defined

----------------------------------------------------------------------
Ran 1 test in 0.005s

FAILED (errors=1)
EEEEE
======================================================================
ERROR: test_insert_student_1 (ClassEval_83_0.StudentDatabaseProcessorTestInsertStudent.test_insert_student_1)
----------------------------------------------------------------------
Traceback (most recent call last):
  File "/Users/snigdhaghoshdastidar/Desktop/CS540/classeval_evaluation/ClassEval_83_0.py", line 8, in setUp
    self.processor = StudentDatabaseProcessor("test_database.db")
                     ^^^^^^^^^^^^^^^^^^^^^^^^
NameError: name 'StudentDatabaseProcessor' is not defined. Did you mean: 'StudentDatabaseProcessorTest'?

======================================================================
ERROR: test_insert_student_2 (ClassEval_83_0.StudentDatabaseProcessorTestInsertStudent.test_insert_student_2)
----------------------------------------------------------------------
Traceback (most recent call last):
  File "/Users/snigdhaghoshdastidar/Desktop/CS540/classeval_evaluation/ClassEval_83_0.py", line 8, in setUp
    self.processor = StudentDatabaseProcessor("test_database.db")
                     ^^^^^^^^^^^^^^^^^^^^^^^^
NameError: name 'StudentDatabaseProcessor' is not defined. Did you mean: 'StudentDatabaseProcessorTest'?

======================================================================
ERROR: test_insert_student_3 (ClassEval_83_0.StudentDatabaseProcessorTestInsertStudent.test_insert_student_3)
----------------------------------------------------------------------
Traceback (most recent call last):
  File "/Users/snigdhaghoshdastidar/Desktop/CS540/classeval_evaluation/ClassEval_83_0.py", line 8, in setUp
    self.processor = StudentDatabaseProcessor("test_database.db")
                     ^^^^^^^^^^^^^^^^^^^^^^^^
NameError: name 'StudentDatabaseProcessor' is not defined. Did you mean: 'StudentDatabaseProcessorTest'?

======================================================================
ERROR: test_insert_student_4 (ClassEval_83_0.StudentDatabaseProcessorTestInsertStudent.test_insert_student_4)
----------------------------------------------------------------------
Traceback (most recent call last):
  File "/Users/snigdhaghoshdastidar/Desktop/CS540/classeval_evaluation/ClassEval_83_0.py", line 8, in setUp
    self.processor = StudentDatabaseProcessor("test_database.db")
                     ^^^^^^^^^^^^^^^^^^^^^^^^
NameError: name 'StudentDatabaseProcessor' is not defined. Did you mean: 'StudentDatabaseProcessorTest'?

======================================================================
ERROR: test_insert_student_5 (ClassEval_83_0.StudentDatabaseProcessorTestInsertStudent.test_insert_student_5)
----------------------------------------------------------------------
Traceback (most recent call last):
  File "/Users/snigdhaghoshdastidar/Desktop/CS540/classeval_evaluation/ClassEval_83_0.py", line 8, in setUp
    self.processor = StudentDatabaseProcessor("test_database.db")
                     ^^^^^^^^^^^^^^^^^^^^^^^^
NameError: name 'StudentDatabaseProcessor' is not defined. Did you mean: 'StudentDatabaseProcessorTest'?

----------------------------------------------------------------------
Ran 5 tests in 0.005s

FAILED (errors=5)
EEEEE
======================================================================
ERROR: test_search_student_by_name_1 (ClassEval_83_0.StudentDatabaseProcessorTestSearchStudentByName.test_search_student_by_name_1)
----------------------------------------------------------------------
Traceback (most recent call last):
  File "/Users/snigdhaghoshdastidar/Desktop/CS540/classeval_evaluation/ClassEval_83_0.py", line 110, in setUp
    self.processor = StudentDatabaseProcessor("test_database.db")
                     ^^^^^^^^^^^^^^^^^^^^^^^^
NameError: name 'StudentDatabaseProcessor' is not defined. Did you mean: 'StudentDatabaseProcessorTest'?

======================================================================
ERROR: test_search_student_by_name_2 (ClassEval_83_0.StudentDatabaseProcessorTestSearchStudentByName.test_search_student_by_name_2)
----------------------------------------------------------------------
Traceback (most recent call last):
  File "/Users/snigdhaghoshdastidar/Desktop/CS540/classeval_evaluation/ClassEval_83_0.py", line 110, in setUp
    self.processor = StudentDatabaseProcessor("test_database.db")
                     ^^^^^^^^^^^^^^^^^^^^^^^^
NameError: name 'StudentDatabaseProcessor' is not defined. Did you mean: 'StudentDatabaseProcessorTest'?

======================================================================
ERROR: test_search_student_by_name_3 (ClassEval_83_0.StudentDatabaseProcessorTestSearchStudentByName.test_search_student_by_name_3)
----------------------------------------------------------------------
Traceback (most recent call last):
  File "/Users/snigdhaghoshdastidar/Desktop/CS540/classeval_evaluation/ClassEval_83_0.py", line 110, in setUp
    self.processor = StudentDatabaseProcessor("test_database.db")
                     ^^^^^^^^^^^^^^^^^^^^^^^^
NameError: name 'StudentDatabaseProcessor' is not defined. Did you mean: 'StudentDatabaseProcessorTest'?

======================================================================
ERROR: test_search_student_by_name_4 (ClassEval_83_0.StudentDatabaseProcessorTestSearchStudentByName.test_search_student_by_name_4)
----------------------------------------------------------------------
Traceback (most recent call last):
  File "/Users/snigdhaghoshdastidar/Desktop/CS540/classeval_evaluation/ClassEval_83_0.py", line 110, in setUp
    self.processor = StudentDatabaseProcessor("test_database.db")
                     ^^^^^^^^^^^^^^^^^^^^^^^^
NameError: name 'StudentDatabaseProcessor' is not defined. Did you mean: 'StudentDatabaseProcessorTest'?

======================================================================
ERROR: test_search_student_by_name_5 (ClassEval_83_0.StudentDatabaseProcessorTestSearchStudentByName.test_search_student_by_name_5)
----------------------------------------------------------------------
Traceback (most recent call last):
  File "/Users/snigdhaghoshdastidar/Desktop/CS540/classeval_evaluation/ClassEval_83_0.py", line 110, in setUp
    self.processor = StudentDatabaseProcessor("test_database.db")
                     ^^^^^^^^^^^^^^^^^^^^^^^^
NameError: name 'StudentDatabaseProcessor' is not defined. Did you mean: 'StudentDatabaseProcessorTest'?

----------------------------------------------------------------------
Ran 5 tests in 0.004s

FAILED (errors=5)
EEEEE
======================================================================
ERROR: test_delete_student_by_name_1 (ClassEval_83_0.StudentDatabaseProcessorTestDeleteStudentByName.test_delete_student_by_name_1)
----------------------------------------------------------------------
Traceback (most recent call last):
  File "/Users/snigdhaghoshdastidar/Desktop/CS540/classeval_evaluation/ClassEval_83_0.py", line 192, in setUp
    self.processor = StudentDatabaseProcessor("test_database.db")
                     ^^^^^^^^^^^^^^^^^^^^^^^^
NameError: name 'StudentDatabaseProcessor' is not defined. Did you mean: 'StudentDatabaseProcessorTest'?

======================================================================
ERROR: test_delete_student_by_name_2 (ClassEval_83_0.StudentDatabaseProcessorTestDeleteStudentByName.test_delete_student_by_name_2)
----------------------------------------------------------------------
Traceback (most recent call last):
  File "/Users/snigdhaghoshdastidar/Desktop/CS540/classeval_evaluation/ClassEval_83_0.py", line 192, in setUp
    self.processor = StudentDatabaseProcessor("test_database.db")
                     ^^^^^^^^^^^^^^^^^^^^^^^^
NameError: name 'StudentDatabaseProcessor' is not defined. Did you mean: 'StudentDatabaseProcessorTest'?

======================================================================
ERROR: test_delete_student_by_name_3 (ClassEval_83_0.StudentDatabaseProcessorTestDeleteStudentByName.test_delete_student_by_name_3)
----------------------------------------------------------------------
Traceback (most recent call last):
  File "/Users/snigdhaghoshdastidar/Desktop/CS540/classeval_evaluation/ClassEval_83_0.py", line 192, in setUp
    self.processor = StudentDatabaseProcessor("test_database.db")
                     ^^^^^^^^^^^^^^^^^^^^^^^^
NameError: name 'StudentDatabaseProcessor' is not defined. Did you mean: 'StudentDatabaseProcessorTest'?

======================================================================
ERROR: test_delete_student_by_name_4 (ClassEval_83_0.StudentDatabaseProcessorTestDeleteStudentByName.test_delete_student_by_name_4)
----------------------------------------------------------------------
Traceback (most recent call last):
  File "/Users/snigdhaghoshdastidar/Desktop/CS540/classeval_evaluation/ClassEval_83_0.py", line 192, in setUp
    self.processor = StudentDatabaseProcessor("test_database.db")
                     ^^^^^^^^^^^^^^^^^^^^^^^^
NameError: name 'StudentDatabaseProcessor' is not defined. Did you mean: 'StudentDatabaseProcessorTest'?

======================================================================
ERROR: test_delete_student_by_name_5 (ClassEval_83_0.StudentDatabaseProcessorTestDeleteStudentByName.test_delete_student_by_name_5)
----------------------------------------------------------------------
Traceback (most recent call last):
  File "/Users/snigdhaghoshdastidar/Desktop/CS540/classeval_evaluation/ClassEval_83_0.py", line 192, in setUp
    self.processor = StudentDatabaseProcessor("test_database.db")
                     ^^^^^^^^^^^^^^^^^^^^^^^^
NameError: name 'StudentDatabaseProcessor' is not defined. Did you mean: 'StudentDatabaseProcessorTest'?

----------------------------------------------------------------------
Ran 5 tests in 0.003s

FAILED (errors=5)
E
======================================================================
ERROR: test_StudentDatabaseProcessor (ClassEval_83_0.StudentDatabaseProcessorTest.test_StudentDatabaseProcessor)
----------------------------------------------------------------------
Traceback (most recent call last):
  File "/Users/snigdhaghoshdastidar/Desktop/CS540/classeval_evaluation/ClassEval_83_0.py", line 299, in setUp
    self.processor = StudentDatabaseProcessor("test_database.db")
                     ^^^^^^^^^^^^^^^^^^^^^^^^
NameError: name 'StudentDatabaseProcessor' is not defined. Did you mean: 'StudentDatabaseProcessorTest'?

----------------------------------------------------------------------
Ran 1 test in 0.001s

FAILED (errors=1)
EEEEE
======================================================================
ERROR: test_insert_student_1 (ClassEval_83_1.StudentDatabaseProcessorTestInsertStudent.test_insert_student_1)
----------------------------------------------------------------------
Traceback (most recent call last):
  File "/Users/snigdhaghoshdastidar/Desktop/CS540/classeval_evaluation/ClassEval_83_1.py", line 8, in setUp
    self.processor = StudentDatabaseProcessor("test_database.db")
                     ^^^^^^^^^^^^^^^^^^^^^^^^
NameError: name 'StudentDatabaseProcessor' is not defined. Did you mean: 'StudentDatabaseProcessorTest'?

======================================================================
ERROR: test_insert_student_2 (ClassEval_83_1.StudentDatabaseProcessorTestInsertStudent.test_insert_student_2)
----------------------------------------------------------------------
Traceback (most recent call last):
  File "/Users/snigdhaghoshdastidar/Desktop/CS540/classeval_evaluation/ClassEval_83_1.py", line 8, in setUp
    self.processor = StudentDatabaseProcessor("test_database.db")
                     ^^^^^^^^^^^^^^^^^^^^^^^^
NameError: name 'StudentDatabaseProcessor' is not defined. Did you mean: 'StudentDatabaseProcessorTest'?

======================================================================
ERROR: test_insert_student_3 (ClassEval_83_1.StudentDatabaseProcessorTestInsertStudent.test_insert_student_3)
----------------------------------------------------------------------
Traceback (most recent call last):
  File "/Users/snigdhaghoshdastidar/Desktop/CS540/classeval_evaluation/ClassEval_83_1.py", line 8, in setUp
    self.processor = StudentDatabaseProcessor("test_database.db")
                     ^^^^^^^^^^^^^^^^^^^^^^^^
NameError: name 'StudentDatabaseProcessor' is not defined. Did you mean: 'StudentDatabaseProcessorTest'?

======================================================================
ERROR: test_insert_student_4 (ClassEval_83_1.StudentDatabaseProcessorTestInsertStudent.test_insert_student_4)
----------------------------------------------------------------------
Traceback (most recent call last):
  File "/Users/snigdhaghoshdastidar/Desktop/CS540/classeval_evaluation/ClassEval_83_1.py", line 8, in setUp
    self.processor = StudentDatabaseProcessor("test_database.db")
                     ^^^^^^^^^^^^^^^^^^^^^^^^
NameError: name 'StudentDatabaseProcessor' is not defined. Did you mean: 'StudentDatabaseProcessorTest'?

======================================================================
ERROR: test_insert_student_5 (ClassEval_83_1.StudentDatabaseProcessorTestInsertStudent.test_insert_student_5)
----------------------------------------------------------------------
Traceback (most recent call last):
  File "/Users/snigdhaghoshdastidar/Desktop/CS540/classeval_evaluation/ClassEval_83_1.py", line 8, in setUp
    self.processor = StudentDatabaseProcessor("test_database.db")
                     ^^^^^^^^^^^^^^^^^^^^^^^^
NameError: name 'StudentDatabaseProcessor' is not defined. Did you mean: 'StudentDatabaseProcessorTest'?

----------------------------------------------------------------------
Ran 5 tests in 0.003s

FAILED (errors=5)
EEEEE
======================================================================
ERROR: test_search_student_by_name_1 (ClassEval_83_1.StudentDatabaseProcessorTestSearchStudentByName.test_search_student_by_name_1)
----------------------------------------------------------------------
Traceback (most recent call last):
  File "/Users/snigdhaghoshdastidar/Desktop/CS540/classeval_evaluation/ClassEval_83_1.py", line 110, in setUp
    self.processor = StudentDatabaseProcessor("test_database.db")
                     ^^^^^^^^^^^^^^^^^^^^^^^^
NameError: name 'StudentDatabaseProcessor' is not defined. Did you mean: 'StudentDatabaseProcessorTest'?

======================================================================
ERROR: test_search_student_by_name_2 (ClassEval_83_1.StudentDatabaseProcessorTestSearchStudentByName.test_search_student_by_name_2)
----------------------------------------------------------------------
Traceback (most recent call last):
  File "/Users/snigdhaghoshdastidar/Desktop/CS540/classeval_evaluation/ClassEval_83_1.py", line 110, in setUp
    self.processor = StudentDatabaseProcessor("test_database.db")
                     ^^^^^^^^^^^^^^^^^^^^^^^^
NameError: name 'StudentDatabaseProcessor' is not defined. Did you mean: 'StudentDatabaseProcessorTest'?

======================================================================
ERROR: test_search_student_by_name_3 (ClassEval_83_1.StudentDatabaseProcessorTestSearchStudentByName.test_search_student_by_name_3)
----------------------------------------------------------------------
Traceback (most recent call last):
  File "/Users/snigdhaghoshdastidar/Desktop/CS540/classeval_evaluation/ClassEval_83_1.py", line 110, in setUp
    self.processor = StudentDatabaseProcessor("test_database.db")
                     ^^^^^^^^^^^^^^^^^^^^^^^^
NameError: name 'StudentDatabaseProcessor' is not defined. Did you mean: 'StudentDatabaseProcessorTest'?

======================================================================
ERROR: test_search_student_by_name_4 (ClassEval_83_1.StudentDatabaseProcessorTestSearchStudentByName.test_search_student_by_name_4)
----------------------------------------------------------------------
Traceback (most recent call last):
  File "/Users/snigdhaghoshdastidar/Desktop/CS540/classeval_evaluation/ClassEval_83_1.py", line 110, in setUp
    self.processor = StudentDatabaseProcessor("test_database.db")
                     ^^^^^^^^^^^^^^^^^^^^^^^^
NameError: name 'StudentDatabaseProcessor' is not defined. Did you mean: 'StudentDatabaseProcessorTest'?

======================================================================
ERROR: test_search_student_by_name_5 (ClassEval_83_1.StudentDatabaseProcessorTestSearchStudentByName.test_search_student_by_name_5)
----------------------------------------------------------------------
Traceback (most recent call last):
  File "/Users/snigdhaghoshdastidar/Desktop/CS540/classeval_evaluation/ClassEval_83_1.py", line 110, in setUp
    self.processor = StudentDatabaseProcessor("test_database.db")
                     ^^^^^^^^^^^^^^^^^^^^^^^^
NameError: name 'StudentDatabaseProcessor' is not defined. Did you mean: 'StudentDatabaseProcessorTest'?

----------------------------------------------------------------------
Ran 5 tests in 0.006s

FAILED (errors=5)
EEEEE
======================================================================
ERROR: test_delete_student_by_name_1 (ClassEval_83_1.StudentDatabaseProcessorTestDeleteStudentByName.test_delete_student_by_name_1)
----------------------------------------------------------------------
Traceback (most recent call last):
  File "/Users/snigdhaghoshdastidar/Desktop/CS540/classeval_evaluation/ClassEval_83_1.py", line 192, in setUp
    self.processor = StudentDatabaseProcessor("test_database.db")
                     ^^^^^^^^^^^^^^^^^^^^^^^^
NameError: name 'StudentDatabaseProcessor' is not defined. Did you mean: 'StudentDatabaseProcessorTest'?

======================================================================
ERROR: test_delete_student_by_name_2 (ClassEval_83_1.StudentDatabaseProcessorTestDeleteStudentByName.test_delete_student_by_name_2)
----------------------------------------------------------------------
Traceback (most recent call last):
  File "/Users/snigdhaghoshdastidar/Desktop/CS540/classeval_evaluation/ClassEval_83_1.py", line 192, in setUp
    self.processor = StudentDatabaseProcessor("test_database.db")
                     ^^^^^^^^^^^^^^^^^^^^^^^^
NameError: name 'StudentDatabaseProcessor' is not defined. Did you mean: 'StudentDatabaseProcessorTest'?

======================================================================
ERROR: test_delete_student_by_name_3 (ClassEval_83_1.StudentDatabaseProcessorTestDeleteStudentByName.test_delete_student_by_name_3)
----------------------------------------------------------------------
Traceback (most recent call last):
  File "/Users/snigdhaghoshdastidar/Desktop/CS540/classeval_evaluation/ClassEval_83_1.py", line 192, in setUp
    self.processor = StudentDatabaseProcessor("test_database.db")
                     ^^^^^^^^^^^^^^^^^^^^^^^^
NameError: name 'StudentDatabaseProcessor' is not defined. Did you mean: 'StudentDatabaseProcessorTest'?

======================================================================
ERROR: test_delete_student_by_name_4 (ClassEval_83_1.StudentDatabaseProcessorTestDeleteStudentByName.test_delete_student_by_name_4)
----------------------------------------------------------------------
Traceback (most recent call last):
  File "/Users/snigdhaghoshdastidar/Desktop/CS540/classeval_evaluation/ClassEval_83_1.py", line 192, in setUp
    self.processor = StudentDatabaseProcessor("test_database.db")
                     ^^^^^^^^^^^^^^^^^^^^^^^^
NameError: name 'StudentDatabaseProcessor' is not defined. Did you mean: 'StudentDatabaseProcessorTest'?

======================================================================
ERROR: test_delete_student_by_name_5 (ClassEval_83_1.StudentDatabaseProcessorTestDeleteStudentByName.test_delete_student_by_name_5)
----------------------------------------------------------------------
Traceback (most recent call last):
  File "/Users/snigdhaghoshdastidar/Desktop/CS540/classeval_evaluation/ClassEval_83_1.py", line 192, in setUp
    self.processor = StudentDatabaseProcessor("test_database.db")
                     ^^^^^^^^^^^^^^^^^^^^^^^^
NameError: name 'StudentDatabaseProcessor' is not defined. Did you mean: 'StudentDatabaseProcessorTest'?

----------------------------------------------------------------------
Ran 5 tests in 0.005s

FAILED (errors=5)
E
======================================================================
ERROR: test_StudentDatabaseProcessor (ClassEval_83_1.StudentDatabaseProcessorTest.test_StudentDatabaseProcessor)
----------------------------------------------------------------------
Traceback (most recent call last):
  File "/Users/snigdhaghoshdastidar/Desktop/CS540/classeval_evaluation/ClassEval_83_1.py", line 299, in setUp
    self.processor = StudentDatabaseProcessor("test_database.db")
                     ^^^^^^^^^^^^^^^^^^^^^^^^
NameError: name 'StudentDatabaseProcessor' is not defined. Did you mean: 'StudentDatabaseProcessorTest'?

----------------------------------------------------------------------
Ran 1 test in 0.001s

FAILED (errors=1)
.....
----------------------------------------------------------------------
Ran 5 tests in 0.026s

OK
.....
----------------------------------------------------------------------
Ran 5 tests in 0.019s

OK
.....
----------------------------------------------------------------------
Ran 5 tests in 0.021s

OK
.
----------------------------------------------------------------------
Ran 1 test in 0.006s

OK
EEEEE
======================================================================
ERROR: test_insert_student_1 (ClassEval_83_3.StudentDatabaseProcessorTestInsertStudent.test_insert_student_1)
----------------------------------------------------------------------
Traceback (most recent call last):
  File "/Users/snigdhaghoshdastidar/Desktop/CS540/classeval_evaluation/ClassEval_83_3.py", line 8, in setUp
    self.processor = StudentDatabaseProcessor("test_database.db")
                     ^^^^^^^^^^^^^^^^^^^^^^^^
NameError: name 'StudentDatabaseProcessor' is not defined. Did you mean: 'StudentDatabaseProcessorTest'?

======================================================================
ERROR: test_insert_student_2 (ClassEval_83_3.StudentDatabaseProcessorTestInsertStudent.test_insert_student_2)
----------------------------------------------------------------------
Traceback (most recent call last):
  File "/Users/snigdhaghoshdastidar/Desktop/CS540/classeval_evaluation/ClassEval_83_3.py", line 8, in setUp
    self.processor = StudentDatabaseProcessor("test_database.db")
                     ^^^^^^^^^^^^^^^^^^^^^^^^
NameError: name 'StudentDatabaseProcessor' is not defined. Did you mean: 'StudentDatabaseProcessorTest'?

======================================================================
ERROR: test_insert_student_3 (ClassEval_83_3.StudentDatabaseProcessorTestInsertStudent.test_insert_student_3)
----------------------------------------------------------------------
Traceback (most recent call last):
  File "/Users/snigdhaghoshdastidar/Desktop/CS540/classeval_evaluation/ClassEval_83_3.py", line 8, in setUp
    self.processor = StudentDatabaseProcessor("test_database.db")
                     ^^^^^^^^^^^^^^^^^^^^^^^^
NameError: name 'StudentDatabaseProcessor' is not defined. Did you mean: 'StudentDatabaseProcessorTest'?

======================================================================
ERROR: test_insert_student_4 (ClassEval_83_3.StudentDatabaseProcessorTestInsertStudent.test_insert_student_4)
----------------------------------------------------------------------
Traceback (most recent call last):
  File "/Users/snigdhaghoshdastidar/Desktop/CS540/classeval_evaluation/ClassEval_83_3.py", line 8, in setUp
    self.processor = StudentDatabaseProcessor("test_database.db")
                     ^^^^^^^^^^^^^^^^^^^^^^^^
NameError: name 'StudentDatabaseProcessor' is not defined. Did you mean: 'StudentDatabaseProcessorTest'?

======================================================================
ERROR: test_insert_student_5 (ClassEval_83_3.StudentDatabaseProcessorTestInsertStudent.test_insert_student_5)
----------------------------------------------------------------------
Traceback (most recent call last):
  File "/Users/snigdhaghoshdastidar/Desktop/CS540/classeval_evaluation/ClassEval_83_3.py", line 8, in setUp
    self.processor = StudentDatabaseProcessor("test_database.db")
                     ^^^^^^^^^^^^^^^^^^^^^^^^
NameError: name 'StudentDatabaseProcessor' is not defined. Did you mean: 'StudentDatabaseProcessorTest'?

----------------------------------------------------------------------
Ran 5 tests in 0.005s

FAILED (errors=5)
EEEEE
======================================================================
ERROR: test_search_student_by_name_1 (ClassEval_83_3.StudentDatabaseProcessorTestSearchStudentByName.test_search_student_by_name_1)
----------------------------------------------------------------------
Traceback (most recent call last):
  File "/Users/snigdhaghoshdastidar/Desktop/CS540/classeval_evaluation/ClassEval_83_3.py", line 110, in setUp
    self.processor = StudentDatabaseProcessor("test_database.db")
                     ^^^^^^^^^^^^^^^^^^^^^^^^
NameError: name 'StudentDatabaseProcessor' is not defined. Did you mean: 'StudentDatabaseProcessorTest'?

======================================================================
ERROR: test_search_student_by_name_2 (ClassEval_83_3.StudentDatabaseProcessorTestSearchStudentByName.test_search_student_by_name_2)
----------------------------------------------------------------------
Traceback (most recent call last):
  File "/Users/snigdhaghoshdastidar/Desktop/CS540/classeval_evaluation/ClassEval_83_3.py", line 110, in setUp
    self.processor = StudentDatabaseProcessor("test_database.db")
                     ^^^^^^^^^^^^^^^^^^^^^^^^
NameError: name 'StudentDatabaseProcessor' is not defined. Did you mean: 'StudentDatabaseProcessorTest'?

======================================================================
ERROR: test_search_student_by_name_3 (ClassEval_83_3.StudentDatabaseProcessorTestSearchStudentByName.test_search_student_by_name_3)
----------------------------------------------------------------------
Traceback (most recent call last):
  File "/Users/snigdhaghoshdastidar/Desktop/CS540/classeval_evaluation/ClassEval_83_3.py", line 110, in setUp
    self.processor = StudentDatabaseProcessor("test_database.db")
                     ^^^^^^^^^^^^^^^^^^^^^^^^
NameError: name 'StudentDatabaseProcessor' is not defined. Did you mean: 'StudentDatabaseProcessorTest'?

======================================================================
ERROR: test_search_student_by_name_4 (ClassEval_83_3.StudentDatabaseProcessorTestSearchStudentByName.test_search_student_by_name_4)
----------------------------------------------------------------------
Traceback (most recent call last):
  File "/Users/snigdhaghoshdastidar/Desktop/CS540/classeval_evaluation/ClassEval_83_3.py", line 110, in setUp
    self.processor = StudentDatabaseProcessor("test_database.db")
                     ^^^^^^^^^^^^^^^^^^^^^^^^
NameError: name 'StudentDatabaseProcessor' is not defined. Did you mean: 'StudentDatabaseProcessorTest'?

======================================================================
ERROR: test_search_student_by_name_5 (ClassEval_83_3.StudentDatabaseProcessorTestSearchStudentByName.test_search_student_by_name_5)
----------------------------------------------------------------------
Traceback (most recent call last):
  File "/Users/snigdhaghoshdastidar/Desktop/CS540/classeval_evaluation/ClassEval_83_3.py", line 110, in setUp
    self.processor = StudentDatabaseProcessor("test_database.db")
                     ^^^^^^^^^^^^^^^^^^^^^^^^
NameError: name 'StudentDatabaseProcessor' is not defined. Did you mean: 'StudentDatabaseProcessorTest'?

----------------------------------------------------------------------
Ran 5 tests in 0.005s

FAILED (errors=5)
EEEEE
======================================================================
ERROR: test_delete_student_by_name_1 (ClassEval_83_3.StudentDatabaseProcessorTestDeleteStudentByName.test_delete_student_by_name_1)
----------------------------------------------------------------------
Traceback (most recent call last):
  File "/Users/snigdhaghoshdastidar/Desktop/CS540/classeval_evaluation/ClassEval_83_3.py", line 192, in setUp
    self.processor = StudentDatabaseProcessor("test_database.db")
                     ^^^^^^^^^^^^^^^^^^^^^^^^
NameError: name 'StudentDatabaseProcessor' is not defined. Did you mean: 'StudentDatabaseProcessorTest'?

======================================================================
ERROR: test_delete_student_by_name_2 (ClassEval_83_3.StudentDatabaseProcessorTestDeleteStudentByName.test_delete_student_by_name_2)
----------------------------------------------------------------------
Traceback (most recent call last):
  File "/Users/snigdhaghoshdastidar/Desktop/CS540/classeval_evaluation/ClassEval_83_3.py", line 192, in setUp
    self.processor = StudentDatabaseProcessor("test_database.db")
                     ^^^^^^^^^^^^^^^^^^^^^^^^
NameError: name 'StudentDatabaseProcessor' is not defined. Did you mean: 'StudentDatabaseProcessorTest'?

======================================================================
ERROR: test_delete_student_by_name_3 (ClassEval_83_3.StudentDatabaseProcessorTestDeleteStudentByName.test_delete_student_by_name_3)
----------------------------------------------------------------------
Traceback (most recent call last):
  File "/Users/snigdhaghoshdastidar/Desktop/CS540/classeval_evaluation/ClassEval_83_3.py", line 192, in setUp
    self.processor = StudentDatabaseProcessor("test_database.db")
                     ^^^^^^^^^^^^^^^^^^^^^^^^
NameError: name 'StudentDatabaseProcessor' is not defined. Did you mean: 'StudentDatabaseProcessorTest'?

======================================================================
ERROR: test_delete_student_by_name_4 (ClassEval_83_3.StudentDatabaseProcessorTestDeleteStudentByName.test_delete_student_by_name_4)
----------------------------------------------------------------------
Traceback (most recent call last):
  File "/Users/snigdhaghoshdastidar/Desktop/CS540/classeval_evaluation/ClassEval_83_3.py", line 192, in setUp
    self.processor = StudentDatabaseProcessor("test_database.db")
                     ^^^^^^^^^^^^^^^^^^^^^^^^
NameError: name 'StudentDatabaseProcessor' is not defined. Did you mean: 'StudentDatabaseProcessorTest'?

======================================================================
ERROR: test_delete_student_by_name_5 (ClassEval_83_3.StudentDatabaseProcessorTestDeleteStudentByName.test_delete_student_by_name_5)
----------------------------------------------------------------------
Traceback (most recent call last):
  File "/Users/snigdhaghoshdastidar/Desktop/CS540/classeval_evaluation/ClassEval_83_3.py", line 192, in setUp
    self.processor = StudentDatabaseProcessor("test_database.db")
                     ^^^^^^^^^^^^^^^^^^^^^^^^
NameError: name 'StudentDatabaseProcessor' is not defined. Did you mean: 'StudentDatabaseProcessorTest'?

----------------------------------------------------------------------
Ran 5 tests in 0.005s

FAILED (errors=5)
E
======================================================================
ERROR: test_StudentDatabaseProcessor (ClassEval_83_3.StudentDatabaseProcessorTest.test_StudentDatabaseProcessor)
----------------------------------------------------------------------
Traceback (most recent call last):
  File "/Users/snigdhaghoshdastidar/Desktop/CS540/classeval_evaluation/ClassEval_83_3.py", line 299, in setUp
    self.processor = StudentDatabaseProcessor("test_database.db")
                     ^^^^^^^^^^^^^^^^^^^^^^^^
NameError: name 'StudentDatabaseProcessor' is not defined. Did you mean: 'StudentDatabaseProcessorTest'?

----------------------------------------------------------------------
Ran 1 test in 0.001s

FAILED (errors=1)
EEEEE
======================================================================
ERROR: test_insert_student_1 (ClassEval_83_4.StudentDatabaseProcessorTestInsertStudent.test_insert_student_1)
----------------------------------------------------------------------
Traceback (most recent call last):
  File "/Users/snigdhaghoshdastidar/Desktop/CS540/classeval_evaluation/ClassEval_83_4.py", line 8, in setUp
    self.processor = StudentDatabaseProcessor("test_database.db")
                     ^^^^^^^^^^^^^^^^^^^^^^^^
NameError: name 'StudentDatabaseProcessor' is not defined. Did you mean: 'StudentDatabaseProcessorTest'?

======================================================================
ERROR: test_insert_student_2 (ClassEval_83_4.StudentDatabaseProcessorTestInsertStudent.test_insert_student_2)
----------------------------------------------------------------------
Traceback (most recent call last):
  File "/Users/snigdhaghoshdastidar/Desktop/CS540/classeval_evaluation/ClassEval_83_4.py", line 8, in setUp
    self.processor = StudentDatabaseProcessor("test_database.db")
                     ^^^^^^^^^^^^^^^^^^^^^^^^
NameError: name 'StudentDatabaseProcessor' is not defined. Did you mean: 'StudentDatabaseProcessorTest'?

======================================================================
ERROR: test_insert_student_3 (ClassEval_83_4.StudentDatabaseProcessorTestInsertStudent.test_insert_student_3)
----------------------------------------------------------------------
Traceback (most recent call last):
  File "/Users/snigdhaghoshdastidar/Desktop/CS540/classeval_evaluation/ClassEval_83_4.py", line 8, in setUp
    self.processor = StudentDatabaseProcessor("test_database.db")
                     ^^^^^^^^^^^^^^^^^^^^^^^^
NameError: name 'StudentDatabaseProcessor' is not defined. Did you mean: 'StudentDatabaseProcessorTest'?

======================================================================
ERROR: test_insert_student_4 (ClassEval_83_4.StudentDatabaseProcessorTestInsertStudent.test_insert_student_4)
----------------------------------------------------------------------
Traceback (most recent call last):
  File "/Users/snigdhaghoshdastidar/Desktop/CS540/classeval_evaluation/ClassEval_83_4.py", line 8, in setUp
    self.processor = StudentDatabaseProcessor("test_database.db")
                     ^^^^^^^^^^^^^^^^^^^^^^^^
NameError: name 'StudentDatabaseProcessor' is not defined. Did you mean: 'StudentDatabaseProcessorTest'?

======================================================================
ERROR: test_insert_student_5 (ClassEval_83_4.StudentDatabaseProcessorTestInsertStudent.test_insert_student_5)
----------------------------------------------------------------------
Traceback (most recent call last):
  File "/Users/snigdhaghoshdastidar/Desktop/CS540/classeval_evaluation/ClassEval_83_4.py", line 8, in setUp
    self.processor = StudentDatabaseProcessor("test_database.db")
                     ^^^^^^^^^^^^^^^^^^^^^^^^
NameError: name 'StudentDatabaseProcessor' is not defined. Did you mean: 'StudentDatabaseProcessorTest'?

----------------------------------------------------------------------
Ran 5 tests in 0.005s

FAILED (errors=5)
EEEEE
======================================================================
ERROR: test_search_student_by_name_1 (ClassEval_83_4.StudentDatabaseProcessorTestSearchStudentByName.test_search_student_by_name_1)
----------------------------------------------------------------------
Traceback (most recent call last):
  File "/Users/snigdhaghoshdastidar/Desktop/CS540/classeval_evaluation/ClassEval_83_4.py", line 110, in setUp
    self.processor = StudentDatabaseProcessor("test_database.db")
                     ^^^^^^^^^^^^^^^^^^^^^^^^
NameError: name 'StudentDatabaseProcessor' is not defined. Did you mean: 'StudentDatabaseProcessorTest'?

======================================================================
ERROR: test_search_student_by_name_2 (ClassEval_83_4.StudentDatabaseProcessorTestSearchStudentByName.test_search_student_by_name_2)
----------------------------------------------------------------------
Traceback (most recent call last):
  File "/Users/snigdhaghoshdastidar/Desktop/CS540/classeval_evaluation/ClassEval_83_4.py", line 110, in setUp
    self.processor = StudentDatabaseProcessor("test_database.db")
                     ^^^^^^^^^^^^^^^^^^^^^^^^
NameError: name 'StudentDatabaseProcessor' is not defined. Did you mean: 'StudentDatabaseProcessorTest'?

======================================================================
ERROR: test_search_student_by_name_3 (ClassEval_83_4.StudentDatabaseProcessorTestSearchStudentByName.test_search_student_by_name_3)
----------------------------------------------------------------------
Traceback (most recent call last):
  File "/Users/snigdhaghoshdastidar/Desktop/CS540/classeval_evaluation/ClassEval_83_4.py", line 110, in setUp
    self.processor = StudentDatabaseProcessor("test_database.db")
                     ^^^^^^^^^^^^^^^^^^^^^^^^
NameError: name 'StudentDatabaseProcessor' is not defined. Did you mean: 'StudentDatabaseProcessorTest'?

======================================================================
ERROR: test_search_student_by_name_4 (ClassEval_83_4.StudentDatabaseProcessorTestSearchStudentByName.test_search_student_by_name_4)
----------------------------------------------------------------------
Traceback (most recent call last):
  File "/Users/snigdhaghoshdastidar/Desktop/CS540/classeval_evaluation/ClassEval_83_4.py", line 110, in setUp
    self.processor = StudentDatabaseProcessor("test_database.db")
                     ^^^^^^^^^^^^^^^^^^^^^^^^
NameError: name 'StudentDatabaseProcessor' is not defined. Did you mean: 'StudentDatabaseProcessorTest'?

======================================================================
ERROR: test_search_student_by_name_5 (ClassEval_83_4.StudentDatabaseProcessorTestSearchStudentByName.test_search_student_by_name_5)
----------------------------------------------------------------------
Traceback (most recent call last):
  File "/Users/snigdhaghoshdastidar/Desktop/CS540/classeval_evaluation/ClassEval_83_4.py", line 110, in setUp
    self.processor = StudentDatabaseProcessor("test_database.db")
                     ^^^^^^^^^^^^^^^^^^^^^^^^
NameError: name 'StudentDatabaseProcessor' is not defined. Did you mean: 'StudentDatabaseProcessorTest'?

----------------------------------------------------------------------
Ran 5 tests in 0.003s

FAILED (errors=5)
EEEEE
======================================================================
ERROR: test_delete_student_by_name_1 (ClassEval_83_4.StudentDatabaseProcessorTestDeleteStudentByName.test_delete_student_by_name_1)
----------------------------------------------------------------------
Traceback (most recent call last):
  File "/Users/snigdhaghoshdastidar/Desktop/CS540/classeval_evaluation/ClassEval_83_4.py", line 192, in setUp
    self.processor = StudentDatabaseProcessor("test_database.db")
                     ^^^^^^^^^^^^^^^^^^^^^^^^
NameError: name 'StudentDatabaseProcessor' is not defined. Did you mean: 'StudentDatabaseProcessorTest'?

======================================================================
ERROR: test_delete_student_by_name_2 (ClassEval_83_4.StudentDatabaseProcessorTestDeleteStudentByName.test_delete_student_by_name_2)
----------------------------------------------------------------------
Traceback (most recent call last):
  File "/Users/snigdhaghoshdastidar/Desktop/CS540/classeval_evaluation/ClassEval_83_4.py", line 192, in setUp
    self.processor = StudentDatabaseProcessor("test_database.db")
                     ^^^^^^^^^^^^^^^^^^^^^^^^
NameError: name 'StudentDatabaseProcessor' is not defined. Did you mean: 'StudentDatabaseProcessorTest'?

======================================================================
ERROR: test_delete_student_by_name_3 (ClassEval_83_4.StudentDatabaseProcessorTestDeleteStudentByName.test_delete_student_by_name_3)
----------------------------------------------------------------------
Traceback (most recent call last):
  File "/Users/snigdhaghoshdastidar/Desktop/CS540/classeval_evaluation/ClassEval_83_4.py", line 192, in setUp
    self.processor = StudentDatabaseProcessor("test_database.db")
                     ^^^^^^^^^^^^^^^^^^^^^^^^
NameError: name 'StudentDatabaseProcessor' is not defined. Did you mean: 'StudentDatabaseProcessorTest'?

======================================================================
ERROR: test_delete_student_by_name_4 (ClassEval_83_4.StudentDatabaseProcessorTestDeleteStudentByName.test_delete_student_by_name_4)
----------------------------------------------------------------------
Traceback (most recent call last):
  File "/Users/snigdhaghoshdastidar/Desktop/CS540/classeval_evaluation/ClassEval_83_4.py", line 192, in setUp
    self.processor = StudentDatabaseProcessor("test_database.db")
                     ^^^^^^^^^^^^^^^^^^^^^^^^
NameError: name 'StudentDatabaseProcessor' is not defined. Did you mean: 'StudentDatabaseProcessorTest'?

======================================================================
ERROR: test_delete_student_by_name_5 (ClassEval_83_4.StudentDatabaseProcessorTestDeleteStudentByName.test_delete_student_by_name_5)
----------------------------------------------------------------------
Traceback (most recent call last):
  File "/Users/snigdhaghoshdastidar/Desktop/CS540/classeval_evaluation/ClassEval_83_4.py", line 192, in setUp
    self.processor = StudentDatabaseProcessor("test_database.db")
                     ^^^^^^^^^^^^^^^^^^^^^^^^
NameError: name 'StudentDatabaseProcessor' is not defined. Did you mean: 'StudentDatabaseProcessorTest'?

----------------------------------------------------------------------
Ran 5 tests in 0.003s

FAILED (errors=5)
E
======================================================================
ERROR: test_StudentDatabaseProcessor (ClassEval_83_4.StudentDatabaseProcessorTest.test_StudentDatabaseProcessor)
----------------------------------------------------------------------
Traceback (most recent call last):
  File "/Users/snigdhaghoshdastidar/Desktop/CS540/classeval_evaluation/ClassEval_83_4.py", line 299, in setUp
    self.processor = StudentDatabaseProcessor("test_database.db")
                     ^^^^^^^^^^^^^^^^^^^^^^^^
NameError: name 'StudentDatabaseProcessor' is not defined. Did you mean: 'StudentDatabaseProcessorTest'?

----------------------------------------------------------------------
Ran 1 test in 0.001s

FAILED (errors=1)
FFFFF
======================================================================
FAIL: test_insert_user_1 (ClassEval_92_0.UserLoginDBTestInsertUser.test_insert_user_1)
----------------------------------------------------------------------
Traceback (most recent call last):
  File "/Users/snigdhaghoshdastidar/Desktop/CS540/classeval_evaluation/ClassEval_92_0.py", line 95, in test_insert_user_1
    self.assertEqual(user[0], 'user1')
AssertionError: ('user1', 'pass1') != 'user1'

======================================================================
FAIL: test_insert_user_2 (ClassEval_92_0.UserLoginDBTestInsertUser.test_insert_user_2)
----------------------------------------------------------------------
Traceback (most recent call last):
  File "/Users/snigdhaghoshdastidar/Desktop/CS540/classeval_evaluation/ClassEval_92_0.py", line 102, in test_insert_user_2
    self.assertEqual(user[0], 'user2')
AssertionError: ('user2', 'pass2') != 'user2'

======================================================================
FAIL: test_insert_user_3 (ClassEval_92_0.UserLoginDBTestInsertUser.test_insert_user_3)
----------------------------------------------------------------------
Traceback (most recent call last):
  File "/Users/snigdhaghoshdastidar/Desktop/CS540/classeval_evaluation/ClassEval_92_0.py", line 109, in test_insert_user_3
    self.assertEqual(user[0], 'user3')
AssertionError: ('user3', 'pass3') != 'user3'

======================================================================
FAIL: test_insert_user_4 (ClassEval_92_0.UserLoginDBTestInsertUser.test_insert_user_4)
----------------------------------------------------------------------
Traceback (most recent call last):
  File "/Users/snigdhaghoshdastidar/Desktop/CS540/classeval_evaluation/ClassEval_92_0.py", line 116, in test_insert_user_4
    self.assertEqual(user[0], 'user4')
AssertionError: ('user4', 'pass4') != 'user4'

======================================================================
FAIL: test_insert_user_5 (ClassEval_92_0.UserLoginDBTestInsertUser.test_insert_user_5)
----------------------------------------------------------------------
Traceback (most recent call last):
  File "/Users/snigdhaghoshdastidar/Desktop/CS540/classeval_evaluation/ClassEval_92_0.py", line 123, in test_insert_user_5
    self.assertEqual(user[0], 'user5')
AssertionError: ('user5', 'pass5') != 'user5'

----------------------------------------------------------------------
Ran 5 tests in 0.018s

FAILED (failures=5)
FFFFF
======================================================================
FAIL: test_search_user_by_username_1 (ClassEval_92_0.UserLoginDBTestSearchUserByUsername.test_search_user_by_username_1)
----------------------------------------------------------------------
Traceback (most recent call last):
  File "/Users/snigdhaghoshdastidar/Desktop/CS540/classeval_evaluation/ClassEval_92_0.py", line 152, in test_search_user_by_username_1
    self.assertEqual(user[0], 'user1')
AssertionError: ('user1', 'pass1') != 'user1'

======================================================================
FAIL: test_search_user_by_username_2 (ClassEval_92_0.UserLoginDBTestSearchUserByUsername.test_search_user_by_username_2)
----------------------------------------------------------------------
Traceback (most recent call last):
  File "/Users/snigdhaghoshdastidar/Desktop/CS540/classeval_evaluation/ClassEval_92_0.py", line 159, in test_search_user_by_username_2
    self.assertEqual(user[0], 'user2')
AssertionError: ('user2', 'pass2') != 'user2'

======================================================================
FAIL: test_search_user_by_username_3 (ClassEval_92_0.UserLoginDBTestSearchUserByUsername.test_search_user_by_username_3)
----------------------------------------------------------------------
Traceback (most recent call last):
  File "/Users/snigdhaghoshdastidar/Desktop/CS540/classeval_evaluation/ClassEval_92_0.py", line 166, in test_search_user_by_username_3
    self.assertEqual(user[0], 'user3')
AssertionError: ('user3', 'pass3') != 'user3'

======================================================================
FAIL: test_search_user_by_username_4 (ClassEval_92_0.UserLoginDBTestSearchUserByUsername.test_search_user_by_username_4)
----------------------------------------------------------------------
Traceback (most recent call last):
  File "/Users/snigdhaghoshdastidar/Desktop/CS540/classeval_evaluation/ClassEval_92_0.py", line 173, in test_search_user_by_username_4
    self.assertEqual(user[0], 'user4')
AssertionError: ('user4', 'pass4') != 'user4'

======================================================================
FAIL: test_search_user_by_username_5 (ClassEval_92_0.UserLoginDBTestSearchUserByUsername.test_search_user_by_username_5)
----------------------------------------------------------------------
Traceback (most recent call last):
  File "/Users/snigdhaghoshdastidar/Desktop/CS540/classeval_evaluation/ClassEval_92_0.py", line 180, in test_search_user_by_username_5
    self.assertEqual(user[0], 'user5')
AssertionError: ('user5', 'pass5') != 'user5'

----------------------------------------------------------------------
Ran 5 tests in 0.018s

FAILED (failures=5)
FFFFF
======================================================================
FAIL: test_delete_user_by_username_1 (ClassEval_92_0.UserLoginDBTestDeleteUserByUsername.test_delete_user_by_username_1)
----------------------------------------------------------------------
Traceback (most recent call last):
  File "/Users/snigdhaghoshdastidar/Desktop/CS540/classeval_evaluation/ClassEval_92_0.py", line 209, in test_delete_user_by_username_1
    self.assertIsNone(user)
AssertionError: [] is not None

======================================================================
FAIL: test_delete_user_by_username_2 (ClassEval_92_0.UserLoginDBTestDeleteUserByUsername.test_delete_user_by_username_2)
----------------------------------------------------------------------
Traceback (most recent call last):
  File "/Users/snigdhaghoshdastidar/Desktop/CS540/classeval_evaluation/ClassEval_92_0.py", line 215, in test_delete_user_by_username_2
    self.assertIsNone(user)
AssertionError: [] is not None

======================================================================
FAIL: test_delete_user_by_username_3 (ClassEval_92_0.UserLoginDBTestDeleteUserByUsername.test_delete_user_by_username_3)
----------------------------------------------------------------------
Traceback (most recent call last):
  File "/Users/snigdhaghoshdastidar/Desktop/CS540/classeval_evaluation/ClassEval_92_0.py", line 221, in test_delete_user_by_username_3
    self.assertIsNone(user)
AssertionError: [] is not None

======================================================================
FAIL: test_delete_user_by_username_4 (ClassEval_92_0.UserLoginDBTestDeleteUserByUsername.test_delete_user_by_username_4)
----------------------------------------------------------------------
Traceback (most recent call last):
  File "/Users/snigdhaghoshdastidar/Desktop/CS540/classeval_evaluation/ClassEval_92_0.py", line 227, in test_delete_user_by_username_4
    self.assertIsNone(user)
AssertionError: [] is not None

======================================================================
FAIL: test_delete_user_by_username_5 (ClassEval_92_0.UserLoginDBTestDeleteUserByUsername.test_delete_user_by_username_5)
----------------------------------------------------------------------
Traceback (most recent call last):
  File "/Users/snigdhaghoshdastidar/Desktop/CS540/classeval_evaluation/ClassEval_92_0.py", line 233, in test_delete_user_by_username_5
    self.assertIsNone(user)
AssertionError: [] is not None

----------------------------------------------------------------------
Ran 5 tests in 0.025s

FAILED (failures=5)
.....
----------------------------------------------------------------------
Ran 5 tests in 0.014s

OK
F
======================================================================
FAIL: test_UserLoginDB (ClassEval_92_0.UserLoginDBTest.test_UserLoginDB)
----------------------------------------------------------------------
Traceback (most recent call last):
  File "/Users/snigdhaghoshdastidar/Desktop/CS540/classeval_evaluation/ClassEval_92_0.py", line 307, in test_UserLoginDB
    self.assertEqual(user[0], 'user1')
AssertionError: ('user1', 'pass1') != 'user1'

----------------------------------------------------------------------
Ran 1 test in 0.004s

FAILED (failures=1)
FFFFF
======================================================================
FAIL: test_insert_user_1 (ClassEval_92_1.UserLoginDBTestInsertUser.test_insert_user_1)
----------------------------------------------------------------------
Traceback (most recent call last):
  File "/Users/snigdhaghoshdastidar/Desktop/CS540/classeval_evaluation/ClassEval_92_1.py", line 95, in test_insert_user_1
    self.assertEqual(user[0], 'user1')
AssertionError: ('user1', 'pass1') != 'user1'

======================================================================
FAIL: test_insert_user_2 (ClassEval_92_1.UserLoginDBTestInsertUser.test_insert_user_2)
----------------------------------------------------------------------
Traceback (most recent call last):
  File "/Users/snigdhaghoshdastidar/Desktop/CS540/classeval_evaluation/ClassEval_92_1.py", line 102, in test_insert_user_2
    self.assertEqual(user[0], 'user2')
AssertionError: ('user2', 'pass2') != 'user2'

======================================================================
FAIL: test_insert_user_3 (ClassEval_92_1.UserLoginDBTestInsertUser.test_insert_user_3)
----------------------------------------------------------------------
Traceback (most recent call last):
  File "/Users/snigdhaghoshdastidar/Desktop/CS540/classeval_evaluation/ClassEval_92_1.py", line 109, in test_insert_user_3
    self.assertEqual(user[0], 'user3')
AssertionError: ('user3', 'pass3') != 'user3'

======================================================================
FAIL: test_insert_user_4 (ClassEval_92_1.UserLoginDBTestInsertUser.test_insert_user_4)
----------------------------------------------------------------------
Traceback (most recent call last):
  File "/Users/snigdhaghoshdastidar/Desktop/CS540/classeval_evaluation/ClassEval_92_1.py", line 116, in test_insert_user_4
    self.assertEqual(user[0], 'user4')
AssertionError: ('user4', 'pass4') != 'user4'

======================================================================
FAIL: test_insert_user_5 (ClassEval_92_1.UserLoginDBTestInsertUser.test_insert_user_5)
----------------------------------------------------------------------
Traceback (most recent call last):
  File "/Users/snigdhaghoshdastidar/Desktop/CS540/classeval_evaluation/ClassEval_92_1.py", line 123, in test_insert_user_5
    self.assertEqual(user[0], 'user5')
AssertionError: ('user5', 'pass5') != 'user5'

----------------------------------------------------------------------
Ran 5 tests in 0.017s

FAILED (failures=5)
FFFFF
======================================================================
FAIL: test_search_user_by_username_1 (ClassEval_92_1.UserLoginDBTestSearchUserByUsername.test_search_user_by_username_1)
----------------------------------------------------------------------
Traceback (most recent call last):
  File "/Users/snigdhaghoshdastidar/Desktop/CS540/classeval_evaluation/ClassEval_92_1.py", line 152, in test_search_user_by_username_1
    self.assertEqual(user[0], 'user1')
AssertionError: ('user1', 'pass1') != 'user1'

======================================================================
FAIL: test_search_user_by_username_2 (ClassEval_92_1.UserLoginDBTestSearchUserByUsername.test_search_user_by_username_2)
----------------------------------------------------------------------
Traceback (most recent call last):
  File "/Users/snigdhaghoshdastidar/Desktop/CS540/classeval_evaluation/ClassEval_92_1.py", line 159, in test_search_user_by_username_2
    self.assertEqual(user[0], 'user2')
AssertionError: ('user2', 'pass2') != 'user2'

======================================================================
FAIL: test_search_user_by_username_3 (ClassEval_92_1.UserLoginDBTestSearchUserByUsername.test_search_user_by_username_3)
----------------------------------------------------------------------
Traceback (most recent call last):
  File "/Users/snigdhaghoshdastidar/Desktop/CS540/classeval_evaluation/ClassEval_92_1.py", line 166, in test_search_user_by_username_3
    self.assertEqual(user[0], 'user3')
AssertionError: ('user3', 'pass3') != 'user3'

======================================================================
FAIL: test_search_user_by_username_4 (ClassEval_92_1.UserLoginDBTestSearchUserByUsername.test_search_user_by_username_4)
----------------------------------------------------------------------
Traceback (most recent call last):
  File "/Users/snigdhaghoshdastidar/Desktop/CS540/classeval_evaluation/ClassEval_92_1.py", line 173, in test_search_user_by_username_4
    self.assertEqual(user[0], 'user4')
AssertionError: ('user4', 'pass4') != 'user4'

======================================================================
FAIL: test_search_user_by_username_5 (ClassEval_92_1.UserLoginDBTestSearchUserByUsername.test_search_user_by_username_5)
----------------------------------------------------------------------
Traceback (most recent call last):
  File "/Users/snigdhaghoshdastidar/Desktop/CS540/classeval_evaluation/ClassEval_92_1.py", line 180, in test_search_user_by_username_5
    self.assertEqual(user[0], 'user5')
AssertionError: ('user5', 'pass5') != 'user5'

----------------------------------------------------------------------
Ran 5 tests in 0.018s

FAILED (failures=5)
FFFFF
======================================================================
FAIL: test_delete_user_by_username_1 (ClassEval_92_1.UserLoginDBTestDeleteUserByUsername.test_delete_user_by_username_1)
----------------------------------------------------------------------
Traceback (most recent call last):
  File "/Users/snigdhaghoshdastidar/Desktop/CS540/classeval_evaluation/ClassEval_92_1.py", line 209, in test_delete_user_by_username_1
    self.assertIsNone(user)
AssertionError: [] is not None

======================================================================
FAIL: test_delete_user_by_username_2 (ClassEval_92_1.UserLoginDBTestDeleteUserByUsername.test_delete_user_by_username_2)
----------------------------------------------------------------------
Traceback (most recent call last):
  File "/Users/snigdhaghoshdastidar/Desktop/CS540/classeval_evaluation/ClassEval_92_1.py", line 215, in test_delete_user_by_username_2
    self.assertIsNone(user)
AssertionError: [] is not None

======================================================================
FAIL: test_delete_user_by_username_3 (ClassEval_92_1.UserLoginDBTestDeleteUserByUsername.test_delete_user_by_username_3)
----------------------------------------------------------------------
Traceback (most recent call last):
  File "/Users/snigdhaghoshdastidar/Desktop/CS540/classeval_evaluation/ClassEval_92_1.py", line 221, in test_delete_user_by_username_3
    self.assertIsNone(user)
AssertionError: [] is not None

======================================================================
FAIL: test_delete_user_by_username_4 (ClassEval_92_1.UserLoginDBTestDeleteUserByUsername.test_delete_user_by_username_4)
----------------------------------------------------------------------
Traceback (most recent call last):
  File "/Users/snigdhaghoshdastidar/Desktop/CS540/classeval_evaluation/ClassEval_92_1.py", line 227, in test_delete_user_by_username_4
    self.assertIsNone(user)
AssertionError: [] is not None

======================================================================
FAIL: test_delete_user_by_username_5 (ClassEval_92_1.UserLoginDBTestDeleteUserByUsername.test_delete_user_by_username_5)
----------------------------------------------------------------------
Traceback (most recent call last):
  File "/Users/snigdhaghoshdastidar/Desktop/CS540/classeval_evaluation/ClassEval_92_1.py", line 233, in test_delete_user_by_username_5
    self.assertIsNone(user)
AssertionError: [] is not None

----------------------------------------------------------------------
Ran 5 tests in 0.023s

FAILED (failures=5)
.....
----------------------------------------------------------------------
Ran 5 tests in 0.010s

OK
F
======================================================================
FAIL: test_UserLoginDB (ClassEval_92_1.UserLoginDBTest.test_UserLoginDB)
----------------------------------------------------------------------
Traceback (most recent call last):
  File "/Users/snigdhaghoshdastidar/Desktop/CS540/classeval_evaluation/ClassEval_92_1.py", line 307, in test_UserLoginDB
    self.assertEqual(user[0], 'user1')
AssertionError: ('user1', 'pass1') != 'user1'

----------------------------------------------------------------------
Ran 1 test in 0.002s

FAILED (failures=1)
EEEEE
======================================================================
ERROR: test_insert_user_1 (ClassEval_92_2.UserLoginDBTestInsertUser.test_insert_user_1)
----------------------------------------------------------------------
Traceback (most recent call last):
  File "/Users/snigdhaghoshdastidar/Desktop/CS540/classeval_evaluation/ClassEval_92_2.py", line 23, in setUp
    self.db = UserLoginDB(self.db_path)
              ^^^^^^^^^^^
NameError: name 'UserLoginDB' is not defined. Did you mean: 'UserLoginDBTest'?

======================================================================
ERROR: test_insert_user_2 (ClassEval_92_2.UserLoginDBTestInsertUser.test_insert_user_2)
----------------------------------------------------------------------
Traceback (most recent call last):
  File "/Users/snigdhaghoshdastidar/Desktop/CS540/classeval_evaluation/ClassEval_92_2.py", line 23, in setUp
    self.db = UserLoginDB(self.db_path)
              ^^^^^^^^^^^
NameError: name 'UserLoginDB' is not defined. Did you mean: 'UserLoginDBTest'?

======================================================================
ERROR: test_insert_user_3 (ClassEval_92_2.UserLoginDBTestInsertUser.test_insert_user_3)
----------------------------------------------------------------------
Traceback (most recent call last):
  File "/Users/snigdhaghoshdastidar/Desktop/CS540/classeval_evaluation/ClassEval_92_2.py", line 23, in setUp
    self.db = UserLoginDB(self.db_path)
              ^^^^^^^^^^^
NameError: name 'UserLoginDB' is not defined. Did you mean: 'UserLoginDBTest'?

======================================================================
ERROR: test_insert_user_4 (ClassEval_92_2.UserLoginDBTestInsertUser.test_insert_user_4)
----------------------------------------------------------------------
Traceback (most recent call last):
  File "/Users/snigdhaghoshdastidar/Desktop/CS540/classeval_evaluation/ClassEval_92_2.py", line 23, in setUp
    self.db = UserLoginDB(self.db_path)
              ^^^^^^^^^^^
NameError: name 'UserLoginDB' is not defined. Did you mean: 'UserLoginDBTest'?

======================================================================
ERROR: test_insert_user_5 (ClassEval_92_2.UserLoginDBTestInsertUser.test_insert_user_5)
----------------------------------------------------------------------
Traceback (most recent call last):
  File "/Users/snigdhaghoshdastidar/Desktop/CS540/classeval_evaluation/ClassEval_92_2.py", line 23, in setUp
    self.db = UserLoginDB(self.db_path)
              ^^^^^^^^^^^
NameError: name 'UserLoginDB' is not defined. Did you mean: 'UserLoginDBTest'?

----------------------------------------------------------------------
Ran 5 tests in 0.015s

FAILED (errors=5)
EEEEE
======================================================================
ERROR: test_search_user_by_username_1 (ClassEval_92_2.UserLoginDBTestSearchUserByUsername.test_search_user_by_username_1)
----------------------------------------------------------------------
Traceback (most recent call last):
  File "/Users/snigdhaghoshdastidar/Desktop/CS540/classeval_evaluation/ClassEval_92_2.py", line 80, in setUp
    self.db = UserLoginDB(self.db_path)
              ^^^^^^^^^^^
NameError: name 'UserLoginDB' is not defined. Did you mean: 'UserLoginDBTest'?

======================================================================
ERROR: test_search_user_by_username_2 (ClassEval_92_2.UserLoginDBTestSearchUserByUsername.test_search_user_by_username_2)
----------------------------------------------------------------------
Traceback (most recent call last):
  File "/Users/snigdhaghoshdastidar/Desktop/CS540/classeval_evaluation/ClassEval_92_2.py", line 80, in setUp
    self.db = UserLoginDB(self.db_path)
              ^^^^^^^^^^^
NameError: name 'UserLoginDB' is not defined. Did you mean: 'UserLoginDBTest'?

======================================================================
ERROR: test_search_user_by_username_3 (ClassEval_92_2.UserLoginDBTestSearchUserByUsername.test_search_user_by_username_3)
----------------------------------------------------------------------
Traceback (most recent call last):
  File "/Users/snigdhaghoshdastidar/Desktop/CS540/classeval_evaluation/ClassEval_92_2.py", line 80, in setUp
    self.db = UserLoginDB(self.db_path)
              ^^^^^^^^^^^
NameError: name 'UserLoginDB' is not defined. Did you mean: 'UserLoginDBTest'?

======================================================================
ERROR: test_search_user_by_username_4 (ClassEval_92_2.UserLoginDBTestSearchUserByUsername.test_search_user_by_username_4)
----------------------------------------------------------------------
Traceback (most recent call last):
  File "/Users/snigdhaghoshdastidar/Desktop/CS540/classeval_evaluation/ClassEval_92_2.py", line 80, in setUp
    self.db = UserLoginDB(self.db_path)
              ^^^^^^^^^^^
NameError: name 'UserLoginDB' is not defined. Did you mean: 'UserLoginDBTest'?

======================================================================
ERROR: test_search_user_by_username_5 (ClassEval_92_2.UserLoginDBTestSearchUserByUsername.test_search_user_by_username_5)
----------------------------------------------------------------------
Traceback (most recent call last):
  File "/Users/snigdhaghoshdastidar/Desktop/CS540/classeval_evaluation/ClassEval_92_2.py", line 80, in setUp
    self.db = UserLoginDB(self.db_path)
              ^^^^^^^^^^^
NameError: name 'UserLoginDB' is not defined. Did you mean: 'UserLoginDBTest'?

----------------------------------------------------------------------
Ran 5 tests in 0.012s

FAILED (errors=5)
EEEEE
======================================================================
ERROR: test_delete_user_by_username_1 (ClassEval_92_2.UserLoginDBTestDeleteUserByUsername.test_delete_user_by_username_1)
----------------------------------------------------------------------
Traceback (most recent call last):
  File "/Users/snigdhaghoshdastidar/Desktop/CS540/classeval_evaluation/ClassEval_92_2.py", line 137, in setUp
    self.db = UserLoginDB(self.db_path)
              ^^^^^^^^^^^
NameError: name 'UserLoginDB' is not defined. Did you mean: 'UserLoginDBTest'?

======================================================================
ERROR: test_delete_user_by_username_2 (ClassEval_92_2.UserLoginDBTestDeleteUserByUsername.test_delete_user_by_username_2)
----------------------------------------------------------------------
Traceback (most recent call last):
  File "/Users/snigdhaghoshdastidar/Desktop/CS540/classeval_evaluation/ClassEval_92_2.py", line 137, in setUp
    self.db = UserLoginDB(self.db_path)
              ^^^^^^^^^^^
NameError: name 'UserLoginDB' is not defined. Did you mean: 'UserLoginDBTest'?

======================================================================
ERROR: test_delete_user_by_username_3 (ClassEval_92_2.UserLoginDBTestDeleteUserByUsername.test_delete_user_by_username_3)
----------------------------------------------------------------------
Traceback (most recent call last):
  File "/Users/snigdhaghoshdastidar/Desktop/CS540/classeval_evaluation/ClassEval_92_2.py", line 137, in setUp
    self.db = UserLoginDB(self.db_path)
              ^^^^^^^^^^^
NameError: name 'UserLoginDB' is not defined. Did you mean: 'UserLoginDBTest'?

======================================================================
ERROR: test_delete_user_by_username_4 (ClassEval_92_2.UserLoginDBTestDeleteUserByUsername.test_delete_user_by_username_4)
----------------------------------------------------------------------
Traceback (most recent call last):
  File "/Users/snigdhaghoshdastidar/Desktop/CS540/classeval_evaluation/ClassEval_92_2.py", line 137, in setUp
    self.db = UserLoginDB(self.db_path)
              ^^^^^^^^^^^
NameError: name 'UserLoginDB' is not defined. Did you mean: 'UserLoginDBTest'?

======================================================================
ERROR: test_delete_user_by_username_5 (ClassEval_92_2.UserLoginDBTestDeleteUserByUsername.test_delete_user_by_username_5)
----------------------------------------------------------------------
Traceback (most recent call last):
  File "/Users/snigdhaghoshdastidar/Desktop/CS540/classeval_evaluation/ClassEval_92_2.py", line 137, in setUp
    self.db = UserLoginDB(self.db_path)
              ^^^^^^^^^^^
NameError: name 'UserLoginDB' is not defined. Did you mean: 'UserLoginDBTest'?

----------------------------------------------------------------------
Ran 5 tests in 0.014s

FAILED (errors=5)
EEEEE
======================================================================
ERROR: test_validate_user_login_1 (ClassEval_92_2.UserLoginDBTestValidateUserLogin.test_validate_user_login_1)
----------------------------------------------------------------------
Traceback (most recent call last):
  File "/Users/snigdhaghoshdastidar/Desktop/CS540/classeval_evaluation/ClassEval_92_2.py", line 189, in setUp
    self.db = UserLoginDB(self.db_path)
              ^^^^^^^^^^^
NameError: name 'UserLoginDB' is not defined. Did you mean: 'UserLoginDBTest'?

======================================================================
ERROR: test_validate_user_login_2 (ClassEval_92_2.UserLoginDBTestValidateUserLogin.test_validate_user_login_2)
----------------------------------------------------------------------
Traceback (most recent call last):
  File "/Users/snigdhaghoshdastidar/Desktop/CS540/classeval_evaluation/ClassEval_92_2.py", line 189, in setUp
    self.db = UserLoginDB(self.db_path)
              ^^^^^^^^^^^
NameError: name 'UserLoginDB' is not defined. Did you mean: 'UserLoginDBTest'?

======================================================================
ERROR: test_validate_user_login_3 (ClassEval_92_2.UserLoginDBTestValidateUserLogin.test_validate_user_login_3)
----------------------------------------------------------------------
Traceback (most recent call last):
  File "/Users/snigdhaghoshdastidar/Desktop/CS540/classeval_evaluation/ClassEval_92_2.py", line 189, in setUp
    self.db = UserLoginDB(self.db_path)
              ^^^^^^^^^^^
NameError: name 'UserLoginDB' is not defined. Did you mean: 'UserLoginDBTest'?

======================================================================
ERROR: test_validate_user_login_4 (ClassEval_92_2.UserLoginDBTestValidateUserLogin.test_validate_user_login_4)
----------------------------------------------------------------------
Traceback (most recent call last):
  File "/Users/snigdhaghoshdastidar/Desktop/CS540/classeval_evaluation/ClassEval_92_2.py", line 189, in setUp
    self.db = UserLoginDB(self.db_path)
              ^^^^^^^^^^^
NameError: name 'UserLoginDB' is not defined. Did you mean: 'UserLoginDBTest'?

======================================================================
ERROR: test_validate_user_login_5 (ClassEval_92_2.UserLoginDBTestValidateUserLogin.test_validate_user_login_5)
----------------------------------------------------------------------
Traceback (most recent call last):
  File "/Users/snigdhaghoshdastidar/Desktop/CS540/classeval_evaluation/ClassEval_92_2.py", line 189, in setUp
    self.db = UserLoginDB(self.db_path)
              ^^^^^^^^^^^
NameError: name 'UserLoginDB' is not defined. Did you mean: 'UserLoginDBTest'?

----------------------------------------------------------------------
Ran 5 tests in 0.015s

FAILED (errors=5)
E
======================================================================
ERROR: test_UserLoginDB (ClassEval_92_2.UserLoginDBTest.test_UserLoginDB)
----------------------------------------------------------------------
Traceback (most recent call last):
  File "/Users/snigdhaghoshdastidar/Desktop/CS540/classeval_evaluation/ClassEval_92_2.py", line 235, in setUp
    self.db = UserLoginDB(self.db_path)
              ^^^^^^^^^^^
NameError: name 'UserLoginDB' is not defined. Did you mean: 'UserLoginDBTest'?

----------------------------------------------------------------------
Ran 1 test in 0.003s

FAILED (errors=1)
EEEEE
======================================================================
ERROR: test_insert_user_1 (ClassEval_92_3.UserLoginDBTestInsertUser.test_insert_user_1)
----------------------------------------------------------------------
Traceback (most recent call last):
  File "/Users/snigdhaghoshdastidar/Desktop/CS540/classeval_evaluation/ClassEval_92_3.py", line 23, in setUp
    self.db = UserLoginDB(self.db_path)
              ^^^^^^^^^^^
NameError: name 'UserLoginDB' is not defined. Did you mean: 'UserLoginDBTest'?

======================================================================
ERROR: test_insert_user_2 (ClassEval_92_3.UserLoginDBTestInsertUser.test_insert_user_2)
----------------------------------------------------------------------
Traceback (most recent call last):
  File "/Users/snigdhaghoshdastidar/Desktop/CS540/classeval_evaluation/ClassEval_92_3.py", line 23, in setUp
    self.db = UserLoginDB(self.db_path)
              ^^^^^^^^^^^
NameError: name 'UserLoginDB' is not defined. Did you mean: 'UserLoginDBTest'?

======================================================================
ERROR: test_insert_user_3 (ClassEval_92_3.UserLoginDBTestInsertUser.test_insert_user_3)
----------------------------------------------------------------------
Traceback (most recent call last):
  File "/Users/snigdhaghoshdastidar/Desktop/CS540/classeval_evaluation/ClassEval_92_3.py", line 23, in setUp
    self.db = UserLoginDB(self.db_path)
              ^^^^^^^^^^^
NameError: name 'UserLoginDB' is not defined. Did you mean: 'UserLoginDBTest'?

======================================================================
ERROR: test_insert_user_4 (ClassEval_92_3.UserLoginDBTestInsertUser.test_insert_user_4)
----------------------------------------------------------------------
Traceback (most recent call last):
  File "/Users/snigdhaghoshdastidar/Desktop/CS540/classeval_evaluation/ClassEval_92_3.py", line 23, in setUp
    self.db = UserLoginDB(self.db_path)
              ^^^^^^^^^^^
NameError: name 'UserLoginDB' is not defined. Did you mean: 'UserLoginDBTest'?

======================================================================
ERROR: test_insert_user_5 (ClassEval_92_3.UserLoginDBTestInsertUser.test_insert_user_5)
----------------------------------------------------------------------
Traceback (most recent call last):
  File "/Users/snigdhaghoshdastidar/Desktop/CS540/classeval_evaluation/ClassEval_92_3.py", line 23, in setUp
    self.db = UserLoginDB(self.db_path)
              ^^^^^^^^^^^
NameError: name 'UserLoginDB' is not defined. Did you mean: 'UserLoginDBTest'?

----------------------------------------------------------------------
Ran 5 tests in 0.015s

FAILED (errors=5)
EEEEE
======================================================================
ERROR: test_search_user_by_username_1 (ClassEval_92_3.UserLoginDBTestSearchUserByUsername.test_search_user_by_username_1)
----------------------------------------------------------------------
Traceback (most recent call last):
  File "/Users/snigdhaghoshdastidar/Desktop/CS540/classeval_evaluation/ClassEval_92_3.py", line 80, in setUp
    self.db = UserLoginDB(self.db_path)
              ^^^^^^^^^^^
NameError: name 'UserLoginDB' is not defined. Did you mean: 'UserLoginDBTest'?

======================================================================
ERROR: test_search_user_by_username_2 (ClassEval_92_3.UserLoginDBTestSearchUserByUsername.test_search_user_by_username_2)
----------------------------------------------------------------------
Traceback (most recent call last):
  File "/Users/snigdhaghoshdastidar/Desktop/CS540/classeval_evaluation/ClassEval_92_3.py", line 80, in setUp
    self.db = UserLoginDB(self.db_path)
              ^^^^^^^^^^^
NameError: name 'UserLoginDB' is not defined. Did you mean: 'UserLoginDBTest'?

======================================================================
ERROR: test_search_user_by_username_3 (ClassEval_92_3.UserLoginDBTestSearchUserByUsername.test_search_user_by_username_3)
----------------------------------------------------------------------
Traceback (most recent call last):
  File "/Users/snigdhaghoshdastidar/Desktop/CS540/classeval_evaluation/ClassEval_92_3.py", line 80, in setUp
    self.db = UserLoginDB(self.db_path)
              ^^^^^^^^^^^
NameError: name 'UserLoginDB' is not defined. Did you mean: 'UserLoginDBTest'?

======================================================================
ERROR: test_search_user_by_username_4 (ClassEval_92_3.UserLoginDBTestSearchUserByUsername.test_search_user_by_username_4)
----------------------------------------------------------------------
Traceback (most recent call last):
  File "/Users/snigdhaghoshdastidar/Desktop/CS540/classeval_evaluation/ClassEval_92_3.py", line 80, in setUp
    self.db = UserLoginDB(self.db_path)
              ^^^^^^^^^^^
NameError: name 'UserLoginDB' is not defined. Did you mean: 'UserLoginDBTest'?

======================================================================
ERROR: test_search_user_by_username_5 (ClassEval_92_3.UserLoginDBTestSearchUserByUsername.test_search_user_by_username_5)
----------------------------------------------------------------------
Traceback (most recent call last):
  File "/Users/snigdhaghoshdastidar/Desktop/CS540/classeval_evaluation/ClassEval_92_3.py", line 80, in setUp
    self.db = UserLoginDB(self.db_path)
              ^^^^^^^^^^^
NameError: name 'UserLoginDB' is not defined. Did you mean: 'UserLoginDBTest'?

----------------------------------------------------------------------
Ran 5 tests in 0.019s

FAILED (errors=5)
EEEEE
======================================================================
ERROR: test_delete_user_by_username_1 (ClassEval_92_3.UserLoginDBTestDeleteUserByUsername.test_delete_user_by_username_1)
----------------------------------------------------------------------
Traceback (most recent call last):
  File "/Users/snigdhaghoshdastidar/Desktop/CS540/classeval_evaluation/ClassEval_92_3.py", line 137, in setUp
    self.db = UserLoginDB(self.db_path)
              ^^^^^^^^^^^
NameError: name 'UserLoginDB' is not defined. Did you mean: 'UserLoginDBTest'?

======================================================================
ERROR: test_delete_user_by_username_2 (ClassEval_92_3.UserLoginDBTestDeleteUserByUsername.test_delete_user_by_username_2)
----------------------------------------------------------------------
Traceback (most recent call last):
  File "/Users/snigdhaghoshdastidar/Desktop/CS540/classeval_evaluation/ClassEval_92_3.py", line 137, in setUp
    self.db = UserLoginDB(self.db_path)
              ^^^^^^^^^^^
NameError: name 'UserLoginDB' is not defined. Did you mean: 'UserLoginDBTest'?

======================================================================
ERROR: test_delete_user_by_username_3 (ClassEval_92_3.UserLoginDBTestDeleteUserByUsername.test_delete_user_by_username_3)
----------------------------------------------------------------------
Traceback (most recent call last):
  File "/Users/snigdhaghoshdastidar/Desktop/CS540/classeval_evaluation/ClassEval_92_3.py", line 137, in setUp
    self.db = UserLoginDB(self.db_path)
              ^^^^^^^^^^^
NameError: name 'UserLoginDB' is not defined. Did you mean: 'UserLoginDBTest'?

======================================================================
ERROR: test_delete_user_by_username_4 (ClassEval_92_3.UserLoginDBTestDeleteUserByUsername.test_delete_user_by_username_4)
----------------------------------------------------------------------
Traceback (most recent call last):
  File "/Users/snigdhaghoshdastidar/Desktop/CS540/classeval_evaluation/ClassEval_92_3.py", line 137, in setUp
    self.db = UserLoginDB(self.db_path)
              ^^^^^^^^^^^
NameError: name 'UserLoginDB' is not defined. Did you mean: 'UserLoginDBTest'?

======================================================================
ERROR: test_delete_user_by_username_5 (ClassEval_92_3.UserLoginDBTestDeleteUserByUsername.test_delete_user_by_username_5)
----------------------------------------------------------------------
Traceback (most recent call last):
  File "/Users/snigdhaghoshdastidar/Desktop/CS540/classeval_evaluation/ClassEval_92_3.py", line 137, in setUp
    self.db = UserLoginDB(self.db_path)
              ^^^^^^^^^^^
NameError: name 'UserLoginDB' is not defined. Did you mean: 'UserLoginDBTest'?

----------------------------------------------------------------------
Ran 5 tests in 0.015s

FAILED (errors=5)
EEEEE
======================================================================
ERROR: test_validate_user_login_1 (ClassEval_92_3.UserLoginDBTestValidateUserLogin.test_validate_user_login_1)
----------------------------------------------------------------------
Traceback (most recent call last):
  File "/Users/snigdhaghoshdastidar/Desktop/CS540/classeval_evaluation/ClassEval_92_3.py", line 189, in setUp
    self.db = UserLoginDB(self.db_path)
              ^^^^^^^^^^^
NameError: name 'UserLoginDB' is not defined. Did you mean: 'UserLoginDBTest'?

======================================================================
ERROR: test_validate_user_login_2 (ClassEval_92_3.UserLoginDBTestValidateUserLogin.test_validate_user_login_2)
----------------------------------------------------------------------
Traceback (most recent call last):
  File "/Users/snigdhaghoshdastidar/Desktop/CS540/classeval_evaluation/ClassEval_92_3.py", line 189, in setUp
    self.db = UserLoginDB(self.db_path)
              ^^^^^^^^^^^
NameError: name 'UserLoginDB' is not defined. Did you mean: 'UserLoginDBTest'?

======================================================================
ERROR: test_validate_user_login_3 (ClassEval_92_3.UserLoginDBTestValidateUserLogin.test_validate_user_login_3)
----------------------------------------------------------------------
Traceback (most recent call last):
  File "/Users/snigdhaghoshdastidar/Desktop/CS540/classeval_evaluation/ClassEval_92_3.py", line 189, in setUp
    self.db = UserLoginDB(self.db_path)
              ^^^^^^^^^^^
NameError: name 'UserLoginDB' is not defined. Did you mean: 'UserLoginDBTest'?

======================================================================
ERROR: test_validate_user_login_4 (ClassEval_92_3.UserLoginDBTestValidateUserLogin.test_validate_user_login_4)
----------------------------------------------------------------------
Traceback (most recent call last):
  File "/Users/snigdhaghoshdastidar/Desktop/CS540/classeval_evaluation/ClassEval_92_3.py", line 189, in setUp
    self.db = UserLoginDB(self.db_path)
              ^^^^^^^^^^^
NameError: name 'UserLoginDB' is not defined. Did you mean: 'UserLoginDBTest'?

======================================================================
ERROR: test_validate_user_login_5 (ClassEval_92_3.UserLoginDBTestValidateUserLogin.test_validate_user_login_5)
----------------------------------------------------------------------
Traceback (most recent call last):
  File "/Users/snigdhaghoshdastidar/Desktop/CS540/classeval_evaluation/ClassEval_92_3.py", line 189, in setUp
    self.db = UserLoginDB(self.db_path)
              ^^^^^^^^^^^
NameError: name 'UserLoginDB' is not defined. Did you mean: 'UserLoginDBTest'?

----------------------------------------------------------------------
Ran 5 tests in 0.012s

FAILED (errors=5)
E
======================================================================
ERROR: test_UserLoginDB (ClassEval_92_3.UserLoginDBTest.test_UserLoginDB)
----------------------------------------------------------------------
Traceback (most recent call last):
  File "/Users/snigdhaghoshdastidar/Desktop/CS540/classeval_evaluation/ClassEval_92_3.py", line 235, in setUp
    self.db = UserLoginDB(self.db_path)
              ^^^^^^^^^^^
NameError: name 'UserLoginDB' is not defined. Did you mean: 'UserLoginDBTest'?

----------------------------------------------------------------------
Ran 1 test in 0.003s

FAILED (errors=1)
FFFFF
======================================================================
FAIL: test_insert_user_1 (ClassEval_92_4.UserLoginDBTestInsertUser.test_insert_user_1)
----------------------------------------------------------------------
Traceback (most recent call last):
  File "/Users/snigdhaghoshdastidar/Desktop/CS540/classeval_evaluation/ClassEval_92_4.py", line 95, in test_insert_user_1
    self.assertEqual(user[0], 'user1')
AssertionError: ('user1', 'pass1') != 'user1'

======================================================================
FAIL: test_insert_user_2 (ClassEval_92_4.UserLoginDBTestInsertUser.test_insert_user_2)
----------------------------------------------------------------------
Traceback (most recent call last):
  File "/Users/snigdhaghoshdastidar/Desktop/CS540/classeval_evaluation/ClassEval_92_4.py", line 102, in test_insert_user_2
    self.assertEqual(user[0], 'user2')
AssertionError: ('user2', 'pass2') != 'user2'

======================================================================
FAIL: test_insert_user_3 (ClassEval_92_4.UserLoginDBTestInsertUser.test_insert_user_3)
----------------------------------------------------------------------
Traceback (most recent call last):
  File "/Users/snigdhaghoshdastidar/Desktop/CS540/classeval_evaluation/ClassEval_92_4.py", line 109, in test_insert_user_3
    self.assertEqual(user[0], 'user3')
AssertionError: ('user3', 'pass3') != 'user3'

======================================================================
FAIL: test_insert_user_4 (ClassEval_92_4.UserLoginDBTestInsertUser.test_insert_user_4)
----------------------------------------------------------------------
Traceback (most recent call last):
  File "/Users/snigdhaghoshdastidar/Desktop/CS540/classeval_evaluation/ClassEval_92_4.py", line 116, in test_insert_user_4
    self.assertEqual(user[0], 'user4')
AssertionError: ('user4', 'pass4') != 'user4'

======================================================================
FAIL: test_insert_user_5 (ClassEval_92_4.UserLoginDBTestInsertUser.test_insert_user_5)
----------------------------------------------------------------------
Traceback (most recent call last):
  File "/Users/snigdhaghoshdastidar/Desktop/CS540/classeval_evaluation/ClassEval_92_4.py", line 123, in test_insert_user_5
    self.assertEqual(user[0], 'user5')
AssertionError: ('user5', 'pass5') != 'user5'

----------------------------------------------------------------------
Ran 5 tests in 0.016s

FAILED (failures=5)
FFFFF
======================================================================
FAIL: test_search_user_by_username_1 (ClassEval_92_4.UserLoginDBTestSearchUserByUsername.test_search_user_by_username_1)
----------------------------------------------------------------------
Traceback (most recent call last):
  File "/Users/snigdhaghoshdastidar/Desktop/CS540/classeval_evaluation/ClassEval_92_4.py", line 152, in test_search_user_by_username_1
    self.assertEqual(user[0], 'user1')
AssertionError: ('user1', 'pass1') != 'user1'

======================================================================
FAIL: test_search_user_by_username_2 (ClassEval_92_4.UserLoginDBTestSearchUserByUsername.test_search_user_by_username_2)
----------------------------------------------------------------------
Traceback (most recent call last):
  File "/Users/snigdhaghoshdastidar/Desktop/CS540/classeval_evaluation/ClassEval_92_4.py", line 159, in test_search_user_by_username_2
    self.assertEqual(user[0], 'user2')
AssertionError: ('user2', 'pass2') != 'user2'

======================================================================
FAIL: test_search_user_by_username_3 (ClassEval_92_4.UserLoginDBTestSearchUserByUsername.test_search_user_by_username_3)
----------------------------------------------------------------------
Traceback (most recent call last):
  File "/Users/snigdhaghoshdastidar/Desktop/CS540/classeval_evaluation/ClassEval_92_4.py", line 166, in test_search_user_by_username_3
    self.assertEqual(user[0], 'user3')
AssertionError: ('user3', 'pass3') != 'user3'

======================================================================
FAIL: test_search_user_by_username_4 (ClassEval_92_4.UserLoginDBTestSearchUserByUsername.test_search_user_by_username_4)
----------------------------------------------------------------------
Traceback (most recent call last):
  File "/Users/snigdhaghoshdastidar/Desktop/CS540/classeval_evaluation/ClassEval_92_4.py", line 173, in test_search_user_by_username_4
    self.assertEqual(user[0], 'user4')
AssertionError: ('user4', 'pass4') != 'user4'

======================================================================
FAIL: test_search_user_by_username_5 (ClassEval_92_4.UserLoginDBTestSearchUserByUsername.test_search_user_by_username_5)
----------------------------------------------------------------------
Traceback (most recent call last):
  File "/Users/snigdhaghoshdastidar/Desktop/CS540/classeval_evaluation/ClassEval_92_4.py", line 180, in test_search_user_by_username_5
    self.assertEqual(user[0], 'user5')
AssertionError: ('user5', 'pass5') != 'user5'

----------------------------------------------------------------------
Ran 5 tests in 0.016s

FAILED (failures=5)
FFFFF
======================================================================
FAIL: test_delete_user_by_username_1 (ClassEval_92_4.UserLoginDBTestDeleteUserByUsername.test_delete_user_by_username_1)
----------------------------------------------------------------------
Traceback (most recent call last):
  File "/Users/snigdhaghoshdastidar/Desktop/CS540/classeval_evaluation/ClassEval_92_4.py", line 209, in test_delete_user_by_username_1
    self.assertIsNone(user)
AssertionError: [] is not None

======================================================================
FAIL: test_delete_user_by_username_2 (ClassEval_92_4.UserLoginDBTestDeleteUserByUsername.test_delete_user_by_username_2)
----------------------------------------------------------------------
Traceback (most recent call last):
  File "/Users/snigdhaghoshdastidar/Desktop/CS540/classeval_evaluation/ClassEval_92_4.py", line 215, in test_delete_user_by_username_2
    self.assertIsNone(user)
AssertionError: [] is not None

======================================================================
FAIL: test_delete_user_by_username_3 (ClassEval_92_4.UserLoginDBTestDeleteUserByUsername.test_delete_user_by_username_3)
----------------------------------------------------------------------
Traceback (most recent call last):
  File "/Users/snigdhaghoshdastidar/Desktop/CS540/classeval_evaluation/ClassEval_92_4.py", line 221, in test_delete_user_by_username_3
    self.assertIsNone(user)
AssertionError: [] is not None

======================================================================
FAIL: test_delete_user_by_username_4 (ClassEval_92_4.UserLoginDBTestDeleteUserByUsername.test_delete_user_by_username_4)
----------------------------------------------------------------------
Traceback (most recent call last):
  File "/Users/snigdhaghoshdastidar/Desktop/CS540/classeval_evaluation/ClassEval_92_4.py", line 227, in test_delete_user_by_username_4
    self.assertIsNone(user)
AssertionError: [] is not None

======================================================================
FAIL: test_delete_user_by_username_5 (ClassEval_92_4.UserLoginDBTestDeleteUserByUsername.test_delete_user_by_username_5)
----------------------------------------------------------------------
Traceback (most recent call last):
  File "/Users/snigdhaghoshdastidar/Desktop/CS540/classeval_evaluation/ClassEval_92_4.py", line 233, in test_delete_user_by_username_5
    self.assertIsNone(user)
AssertionError: [] is not None

----------------------------------------------------------------------
Ran 5 tests in 0.018s

FAILED (failures=5)
.....
----------------------------------------------------------------------
Ran 5 tests in 0.010s

OK
F
======================================================================
FAIL: test_UserLoginDB (ClassEval_92_4.UserLoginDBTest.test_UserLoginDB)
----------------------------------------------------------------------
Traceback (most recent call last):
  File "/Users/snigdhaghoshdastidar/Desktop/CS540/classeval_evaluation/ClassEval_92_4.py", line 307, in test_UserLoginDB
    self.assertEqual(user[0], 'user1')
AssertionError: ('user1', 'pass1') != 'user1'

----------------------------------------------------------------------
Ran 1 test in 0.002s

FAILED (failures=1)
