EEFFF.FF
======================================================================
ERROR: test_filter_1 (ClassEval_0_0.AccessGatewayFilterTestFilter.test_filter_1)
----------------------------------------------------------------------
Traceback (most recent call last):
  File "/Users/snigdhaghoshdastidar/Desktop/CS540/classeval_evaluation/ClassEval_0_0.py", line 73, in test_filter_1
    res = agf.filter(request)
          ^^^^^^^^^^^^^^^^^^^
  File "/Users/snigdhaghoshdastidar/Desktop/CS540/classeval_evaluation/ClassEval_0_0.py", line 24, in filter
    jwt_token = request['headers'].get('Authorization', '').get('jwt')
                ~~~~~~~^^^^^^^^^^^
KeyError: 'headers'

======================================================================
ERROR: test_filter_2 (ClassEval_0_0.AccessGatewayFilterTestFilter.test_filter_2)
----------------------------------------------------------------------
Traceback (most recent call last):
  File "/Users/snigdhaghoshdastidar/Desktop/CS540/classeval_evaluation/ClassEval_0_0.py", line 79, in test_filter_2
    res = agf.filter(request)
          ^^^^^^^^^^^^^^^^^^^
  File "/Users/snigdhaghoshdastidar/Desktop/CS540/classeval_evaluation/ClassEval_0_0.py", line 24, in filter
    jwt_token = request['headers'].get('Authorization', '').get('jwt')
                ~~~~~~~^^^^^^^^^^^
KeyError: 'headers'

======================================================================
FAIL: test_filter_3 (ClassEval_0_0.AccessGatewayFilterTestFilter.test_filter_3)
----------------------------------------------------------------------
Traceback (most recent call last):
  File "/Users/snigdhaghoshdastidar/Desktop/CS540/classeval_evaluation/ClassEval_0_0.py", line 86, in test_filter_3
    self.assertTrue(res)
AssertionError: False is not true

======================================================================
FAIL: test_filter_4 (ClassEval_0_0.AccessGatewayFilterTestFilter.test_filter_4)
----------------------------------------------------------------------
Traceback (most recent call last):
  File "/Users/snigdhaghoshdastidar/Desktop/CS540/classeval_evaluation/ClassEval_0_0.py", line 92, in test_filter_4
    self.assertTrue(res)
AssertionError: False is not true

======================================================================
FAIL: test_filter_5 (ClassEval_0_0.AccessGatewayFilterTestFilter.test_filter_5)
----------------------------------------------------------------------
Traceback (most recent call last):
  File "/Users/snigdhaghoshdastidar/Desktop/CS540/classeval_evaluation/ClassEval_0_0.py", line 101, in test_filter_5
    self.assertTrue(res)
AssertionError: False is not true

======================================================================
FAIL: test_filter_7 (ClassEval_0_0.AccessGatewayFilterTestFilter.test_filter_7)
----------------------------------------------------------------------
Traceback (most recent call last):
  File "/Users/snigdhaghoshdastidar/Desktop/CS540/classeval_evaluation/ClassEval_0_0.py", line 119, in test_filter_7
    self.assertIsNone(res)
AssertionError: False is not None

======================================================================
FAIL: test_filter_8 (ClassEval_0_0.AccessGatewayFilterTestFilter.test_filter_8)
----------------------------------------------------------------------
Traceback (most recent call last):
  File "/Users/snigdhaghoshdastidar/Desktop/CS540/classeval_evaluation/ClassEval_0_0.py", line 128, in test_filter_8
    self.assertTrue(res)
AssertionError: False is not true

----------------------------------------------------------------------
Ran 8 tests in 0.003s

FAILED (failures=5, errors=2)
..F..
======================================================================
FAIL: test_is_start_with_3 (ClassEval_0_0.AccessGatewayFilterTestIsStartWith.test_is_start_with_3)
----------------------------------------------------------------------
Traceback (most recent call last):
  File "/Users/snigdhaghoshdastidar/Desktop/CS540/classeval_evaluation/ClassEval_0_0.py", line 148, in test_is_start_with_3
    self.assertTrue(res)
AssertionError: False is not true

----------------------------------------------------------------------
Ran 5 tests in 0.001s

FAILED (failures=1)
....F
======================================================================
FAIL: test_get_jwt_user_5 (ClassEval_0_0.AccessGatewayFilterTestGetJwtUser.test_get_jwt_user_5)
----------------------------------------------------------------------
Traceback (most recent call last):
  File "/Users/snigdhaghoshdastidar/Desktop/CS540/classeval_evaluation/ClassEval_0_0.py", line 197, in test_get_jwt_user_5
    self.assertIsNone(res)
AssertionError: {'user': {'name': 'user1'}} is not None

----------------------------------------------------------------------
Ran 5 tests in 0.000s

FAILED (failures=1)
E
======================================================================
ERROR: test_AccessGatewayFilter (ClassEval_0_0.AccessGatewayFilterTest.test_AccessGatewayFilter)
----------------------------------------------------------------------
Traceback (most recent call last):
  File "/Users/snigdhaghoshdastidar/Desktop/CS540/classeval_evaluation/ClassEval_0_0.py", line 204, in test_AccessGatewayFilter
    res = agf.filter(request)
          ^^^^^^^^^^^^^^^^^^^
  File "/Users/snigdhaghoshdastidar/Desktop/CS540/classeval_evaluation/ClassEval_0_0.py", line 24, in filter
    jwt_token = request['headers'].get('Authorization', '').get('jwt')
                ~~~~~~~^^^^^^^^^^^
KeyError: 'headers'

----------------------------------------------------------------------
Ran 1 test in 0.001s

FAILED (errors=1)
EEEEE
======================================================================
ERROR: test_add_student (ClassEval_4_0.AssessmentSystemTestAddStudent.test_add_student)
----------------------------------------------------------------------
Traceback (most recent call last):
  File "/Users/snigdhaghoshdastidar/Desktop/CS540/classeval_evaluation/ClassEval_4_0.py", line 7, in test_add_student
    assessment_system = AssessmentSystem()
                        ^^^^^^^^^^^^^^^^
NameError: name 'AssessmentSystem' is not defined

======================================================================
ERROR: test_add_student_2 (ClassEval_4_0.AssessmentSystemTestAddStudent.test_add_student_2)
----------------------------------------------------------------------
Traceback (most recent call last):
  File "/Users/snigdhaghoshdastidar/Desktop/CS540/classeval_evaluation/ClassEval_4_0.py", line 13, in test_add_student_2
    assessment_system = AssessmentSystem()
                        ^^^^^^^^^^^^^^^^
NameError: name 'AssessmentSystem' is not defined

======================================================================
ERROR: test_add_student_3 (ClassEval_4_0.AssessmentSystemTestAddStudent.test_add_student_3)
----------------------------------------------------------------------
Traceback (most recent call last):
  File "/Users/snigdhaghoshdastidar/Desktop/CS540/classeval_evaluation/ClassEval_4_0.py", line 21, in test_add_student_3
    assessment_system = AssessmentSystem()
                        ^^^^^^^^^^^^^^^^
NameError: name 'AssessmentSystem' is not defined

======================================================================
ERROR: test_add_student_4 (ClassEval_4_0.AssessmentSystemTestAddStudent.test_add_student_4)
----------------------------------------------------------------------
Traceback (most recent call last):
  File "/Users/snigdhaghoshdastidar/Desktop/CS540/classeval_evaluation/ClassEval_4_0.py", line 31, in test_add_student_4
    assessment_system = AssessmentSystem()
                        ^^^^^^^^^^^^^^^^
NameError: name 'AssessmentSystem' is not defined

======================================================================
ERROR: test_add_student_5 (ClassEval_4_0.AssessmentSystemTestAddStudent.test_add_student_5)
----------------------------------------------------------------------
Traceback (most recent call last):
  File "/Users/snigdhaghoshdastidar/Desktop/CS540/classeval_evaluation/ClassEval_4_0.py", line 43, in test_add_student_5
    assessment_system = AssessmentSystem()
                        ^^^^^^^^^^^^^^^^
NameError: name 'AssessmentSystem' is not defined

----------------------------------------------------------------------
Ran 5 tests in 0.031s

FAILED (errors=5)
EEEEE
======================================================================
ERROR: test_add_course_score (ClassEval_4_0.AssessmentSystemTestAddCourseScore.test_add_course_score)
----------------------------------------------------------------------
Traceback (most recent call last):
  File "/Users/snigdhaghoshdastidar/Desktop/CS540/classeval_evaluation/ClassEval_4_0.py", line 58, in test_add_course_score
    assessment_system = AssessmentSystem()
                        ^^^^^^^^^^^^^^^^
NameError: name 'AssessmentSystem' is not defined

======================================================================
ERROR: test_add_course_score_2 (ClassEval_4_0.AssessmentSystemTestAddCourseScore.test_add_course_score_2)
----------------------------------------------------------------------
Traceback (most recent call last):
  File "/Users/snigdhaghoshdastidar/Desktop/CS540/classeval_evaluation/ClassEval_4_0.py", line 64, in test_add_course_score_2
    assessment_system = AssessmentSystem()
                        ^^^^^^^^^^^^^^^^
NameError: name 'AssessmentSystem' is not defined

======================================================================
ERROR: test_add_course_score_3 (ClassEval_4_0.AssessmentSystemTestAddCourseScore.test_add_course_score_3)
----------------------------------------------------------------------
Traceback (most recent call last):
  File "/Users/snigdhaghoshdastidar/Desktop/CS540/classeval_evaluation/ClassEval_4_0.py", line 70, in test_add_course_score_3
    assessment_system = AssessmentSystem()
                        ^^^^^^^^^^^^^^^^
NameError: name 'AssessmentSystem' is not defined

======================================================================
ERROR: test_add_course_score_4 (ClassEval_4_0.AssessmentSystemTestAddCourseScore.test_add_course_score_4)
----------------------------------------------------------------------
Traceback (most recent call last):
  File "/Users/snigdhaghoshdastidar/Desktop/CS540/classeval_evaluation/ClassEval_4_0.py", line 79, in test_add_course_score_4
    assessment_system = AssessmentSystem()
                        ^^^^^^^^^^^^^^^^
NameError: name 'AssessmentSystem' is not defined

======================================================================
ERROR: test_add_course_score_5 (ClassEval_4_0.AssessmentSystemTestAddCourseScore.test_add_course_score_5)
----------------------------------------------------------------------
Traceback (most recent call last):
  File "/Users/snigdhaghoshdastidar/Desktop/CS540/classeval_evaluation/ClassEval_4_0.py", line 89, in test_add_course_score_5
    assessment_system = AssessmentSystem()
                        ^^^^^^^^^^^^^^^^
NameError: name 'AssessmentSystem' is not defined

----------------------------------------------------------------------
Ran 5 tests in 0.030s

FAILED (errors=5)
EEEEE
======================================================================
ERROR: test_get_gpa_1 (ClassEval_4_0.AssessmentSystemTestGetGPA.test_get_gpa_1)
----------------------------------------------------------------------
Traceback (most recent call last):
  File "/Users/snigdhaghoshdastidar/Desktop/CS540/classeval_evaluation/ClassEval_4_0.py", line 96, in test_get_gpa_1
    assessment_system = AssessmentSystem()
                        ^^^^^^^^^^^^^^^^
NameError: name 'AssessmentSystem' is not defined

======================================================================
ERROR: test_get_gpa_2 (ClassEval_4_0.AssessmentSystemTestGetGPA.test_get_gpa_2)
----------------------------------------------------------------------
Traceback (most recent call last):
  File "/Users/snigdhaghoshdastidar/Desktop/CS540/classeval_evaluation/ClassEval_4_0.py", line 103, in test_get_gpa_2
    assessment_system = AssessmentSystem()
                        ^^^^^^^^^^^^^^^^
NameError: name 'AssessmentSystem' is not defined

======================================================================
ERROR: test_get_gpa_3 (ClassEval_4_0.AssessmentSystemTestGetGPA.test_get_gpa_3)
----------------------------------------------------------------------
Traceback (most recent call last):
  File "/Users/snigdhaghoshdastidar/Desktop/CS540/classeval_evaluation/ClassEval_4_0.py", line 108, in test_get_gpa_3
    assessment_system = AssessmentSystem()
                        ^^^^^^^^^^^^^^^^
NameError: name 'AssessmentSystem' is not defined

======================================================================
ERROR: test_get_gpa_4 (ClassEval_4_0.AssessmentSystemTestGetGPA.test_get_gpa_4)
----------------------------------------------------------------------
Traceback (most recent call last):
  File "/Users/snigdhaghoshdastidar/Desktop/CS540/classeval_evaluation/ClassEval_4_0.py", line 113, in test_get_gpa_4
    assessment_system = AssessmentSystem()
                        ^^^^^^^^^^^^^^^^
NameError: name 'AssessmentSystem' is not defined

======================================================================
ERROR: test_get_gpa_5 (ClassEval_4_0.AssessmentSystemTestGetGPA.test_get_gpa_5)
----------------------------------------------------------------------
Traceback (most recent call last):
  File "/Users/snigdhaghoshdastidar/Desktop/CS540/classeval_evaluation/ClassEval_4_0.py", line 118, in test_get_gpa_5
    assessment_system = AssessmentSystem()
                        ^^^^^^^^^^^^^^^^
NameError: name 'AssessmentSystem' is not defined

----------------------------------------------------------------------
Ran 5 tests in 0.028s

FAILED (errors=5)
EEEEE
======================================================================
ERROR: test_get_all_students_with_fail_course (ClassEval_4_0.AssessmentSystemTestGetAllStudentsWithFailCourse.test_get_all_students_with_fail_course)
----------------------------------------------------------------------
Traceback (most recent call last):
  File "/Users/snigdhaghoshdastidar/Desktop/CS540/classeval_evaluation/ClassEval_4_0.py", line 126, in test_get_all_students_with_fail_course
    assessment_system = AssessmentSystem()
                        ^^^^^^^^^^^^^^^^
NameError: name 'AssessmentSystem' is not defined

======================================================================
ERROR: test_get_all_students_with_fail_course_2 (ClassEval_4_0.AssessmentSystemTestGetAllStudentsWithFailCourse.test_get_all_students_with_fail_course_2)
----------------------------------------------------------------------
Traceback (most recent call last):
  File "/Users/snigdhaghoshdastidar/Desktop/CS540/classeval_evaluation/ClassEval_4_0.py", line 135, in test_get_all_students_with_fail_course_2
    assessment_system = AssessmentSystem()
                        ^^^^^^^^^^^^^^^^
NameError: name 'AssessmentSystem' is not defined

======================================================================
ERROR: test_get_all_students_with_fail_course_3 (ClassEval_4_0.AssessmentSystemTestGetAllStudentsWithFailCourse.test_get_all_students_with_fail_course_3)
----------------------------------------------------------------------
Traceback (most recent call last):
  File "/Users/snigdhaghoshdastidar/Desktop/CS540/classeval_evaluation/ClassEval_4_0.py", line 144, in test_get_all_students_with_fail_course_3
    assessment_system = AssessmentSystem()
                        ^^^^^^^^^^^^^^^^
NameError: name 'AssessmentSystem' is not defined

======================================================================
ERROR: test_get_all_students_with_fail_course_4 (ClassEval_4_0.AssessmentSystemTestGetAllStudentsWithFailCourse.test_get_all_students_with_fail_course_4)
----------------------------------------------------------------------
Traceback (most recent call last):
  File "/Users/snigdhaghoshdastidar/Desktop/CS540/classeval_evaluation/ClassEval_4_0.py", line 149, in test_get_all_students_with_fail_course_4
    assessment_system = AssessmentSystem()
                        ^^^^^^^^^^^^^^^^
NameError: name 'AssessmentSystem' is not defined

======================================================================
ERROR: test_get_all_students_with_fail_course_5 (ClassEval_4_0.AssessmentSystemTestGetAllStudentsWithFailCourse.test_get_all_students_with_fail_course_5)
----------------------------------------------------------------------
Traceback (most recent call last):
  File "/Users/snigdhaghoshdastidar/Desktop/CS540/classeval_evaluation/ClassEval_4_0.py", line 154, in test_get_all_students_with_fail_course_5
    assessment_system = AssessmentSystem()
                        ^^^^^^^^^^^^^^^^
NameError: name 'AssessmentSystem' is not defined

----------------------------------------------------------------------
Ran 5 tests in 0.034s

FAILED (errors=5)
EEEEE
======================================================================
ERROR: test_get_course_average_1 (ClassEval_4_0.AssessmentSystemTestGetCourseAverage.test_get_course_average_1)
----------------------------------------------------------------------
Traceback (most recent call last):
  File "/Users/snigdhaghoshdastidar/Desktop/CS540/classeval_evaluation/ClassEval_4_0.py", line 165, in test_get_course_average_1
    assessment_system = AssessmentSystem()
                        ^^^^^^^^^^^^^^^^
NameError: name 'AssessmentSystem' is not defined

======================================================================
ERROR: test_get_course_average_2 (ClassEval_4_0.AssessmentSystemTestGetCourseAverage.test_get_course_average_2)
----------------------------------------------------------------------
Traceback (most recent call last):
  File "/Users/snigdhaghoshdastidar/Desktop/CS540/classeval_evaluation/ClassEval_4_0.py", line 173, in test_get_course_average_2
    assessment_system = AssessmentSystem()
                        ^^^^^^^^^^^^^^^^
NameError: name 'AssessmentSystem' is not defined

======================================================================
ERROR: test_get_course_average_3 (ClassEval_4_0.AssessmentSystemTestGetCourseAverage.test_get_course_average_3)
----------------------------------------------------------------------
Traceback (most recent call last):
  File "/Users/snigdhaghoshdastidar/Desktop/CS540/classeval_evaluation/ClassEval_4_0.py", line 184, in test_get_course_average_3
    assessment_system = AssessmentSystem()
                        ^^^^^^^^^^^^^^^^
NameError: name 'AssessmentSystem' is not defined

======================================================================
ERROR: test_get_course_average_4 (ClassEval_4_0.AssessmentSystemTestGetCourseAverage.test_get_course_average_4)
----------------------------------------------------------------------
Traceback (most recent call last):
  File "/Users/snigdhaghoshdastidar/Desktop/CS540/classeval_evaluation/ClassEval_4_0.py", line 195, in test_get_course_average_4
    assessment_system = AssessmentSystem()
                        ^^^^^^^^^^^^^^^^
NameError: name 'AssessmentSystem' is not defined

======================================================================
ERROR: test_get_course_average_5 (ClassEval_4_0.AssessmentSystemTestGetCourseAverage.test_get_course_average_5)
----------------------------------------------------------------------
Traceback (most recent call last):
  File "/Users/snigdhaghoshdastidar/Desktop/CS540/classeval_evaluation/ClassEval_4_0.py", line 200, in test_get_course_average_5
    assessment_system = AssessmentSystem()
                        ^^^^^^^^^^^^^^^^
NameError: name 'AssessmentSystem' is not defined

----------------------------------------------------------------------
Ran 5 tests in 0.024s

FAILED (errors=5)
EEEEE
======================================================================
ERROR: test_get_top_student (ClassEval_4_0.AssessmentSystemTestGetTopStudent.test_get_top_student)
----------------------------------------------------------------------
Traceback (most recent call last):
  File "/Users/snigdhaghoshdastidar/Desktop/CS540/classeval_evaluation/ClassEval_4_0.py", line 213, in test_get_top_student
    assessment_system = AssessmentSystem()
                        ^^^^^^^^^^^^^^^^
NameError: name 'AssessmentSystem' is not defined

======================================================================
ERROR: test_get_top_student_2 (ClassEval_4_0.AssessmentSystemTestGetTopStudent.test_get_top_student_2)
----------------------------------------------------------------------
Traceback (most recent call last):
  File "/Users/snigdhaghoshdastidar/Desktop/CS540/classeval_evaluation/ClassEval_4_0.py", line 222, in test_get_top_student_2
    assessment_system = AssessmentSystem()
                        ^^^^^^^^^^^^^^^^
NameError: name 'AssessmentSystem' is not defined

======================================================================
ERROR: test_get_top_student_3 (ClassEval_4_0.AssessmentSystemTestGetTopStudent.test_get_top_student_3)
----------------------------------------------------------------------
Traceback (most recent call last):
  File "/Users/snigdhaghoshdastidar/Desktop/CS540/classeval_evaluation/ClassEval_4_0.py", line 233, in test_get_top_student_3
    assessment_system = AssessmentSystem()
                        ^^^^^^^^^^^^^^^^
NameError: name 'AssessmentSystem' is not defined

======================================================================
ERROR: test_get_top_student_4 (ClassEval_4_0.AssessmentSystemTestGetTopStudent.test_get_top_student_4)
----------------------------------------------------------------------
Traceback (most recent call last):
  File "/Users/snigdhaghoshdastidar/Desktop/CS540/classeval_evaluation/ClassEval_4_0.py", line 238, in test_get_top_student_4
    assessment_system = AssessmentSystem()
                        ^^^^^^^^^^^^^^^^
NameError: name 'AssessmentSystem' is not defined

======================================================================
ERROR: test_get_top_student_5 (ClassEval_4_0.AssessmentSystemTestGetTopStudent.test_get_top_student_5)
----------------------------------------------------------------------
Traceback (most recent call last):
  File "/Users/snigdhaghoshdastidar/Desktop/CS540/classeval_evaluation/ClassEval_4_0.py", line 249, in test_get_top_student_5
    assessment_system = AssessmentSystem()
                        ^^^^^^^^^^^^^^^^
NameError: name 'AssessmentSystem' is not defined

----------------------------------------------------------------------
Ran 5 tests in 0.021s

FAILED (errors=5)
E
======================================================================
ERROR: test_main (ClassEval_4_0.AssessmentSystemTestMain.test_main)
----------------------------------------------------------------------
Traceback (most recent call last):
  File "/Users/snigdhaghoshdastidar/Desktop/CS540/classeval_evaluation/ClassEval_4_0.py", line 264, in test_main
    system = AssessmentSystem()
             ^^^^^^^^^^^^^^^^
NameError: name 'AssessmentSystem' is not defined

----------------------------------------------------------------------
Ran 1 test in 0.006s

FAILED (errors=1)
EEEEE
======================================================================
ERROR: test_add_book_1 (ClassEval_13_0.BookManagementTestAddBook.test_add_book_1)
----------------------------------------------------------------------
Traceback (most recent call last):
  File "/Users/snigdhaghoshdastidar/Desktop/CS540/classeval_evaluation/ClassEval_13_0.py", line 8, in test_add_book_1
    bookManagement = BookManagement()
                     ^^^^^^^^^^^^^^
NameError: name 'BookManagement' is not defined

======================================================================
ERROR: test_add_book_2 (ClassEval_13_0.BookManagementTestAddBook.test_add_book_2)
----------------------------------------------------------------------
Traceback (most recent call last):
  File "/Users/snigdhaghoshdastidar/Desktop/CS540/classeval_evaluation/ClassEval_13_0.py", line 13, in test_add_book_2
    bookManagement = BookManagement()
                     ^^^^^^^^^^^^^^
NameError: name 'BookManagement' is not defined

======================================================================
ERROR: test_add_book_3 (ClassEval_13_0.BookManagementTestAddBook.test_add_book_3)
----------------------------------------------------------------------
Traceback (most recent call last):
  File "/Users/snigdhaghoshdastidar/Desktop/CS540/classeval_evaluation/ClassEval_13_0.py", line 17, in test_add_book_3
    bookManagement = BookManagement()
                     ^^^^^^^^^^^^^^
NameError: name 'BookManagement' is not defined

======================================================================
ERROR: test_add_book_4 (ClassEval_13_0.BookManagementTestAddBook.test_add_book_4)
----------------------------------------------------------------------
Traceback (most recent call last):
  File "/Users/snigdhaghoshdastidar/Desktop/CS540/classeval_evaluation/ClassEval_13_0.py", line 23, in test_add_book_4
    bookManagement = BookManagement()
                     ^^^^^^^^^^^^^^
NameError: name 'BookManagement' is not defined

======================================================================
ERROR: test_add_book_5 (ClassEval_13_0.BookManagementTestAddBook.test_add_book_5)
----------------------------------------------------------------------
Traceback (most recent call last):
  File "/Users/snigdhaghoshdastidar/Desktop/CS540/classeval_evaluation/ClassEval_13_0.py", line 28, in test_add_book_5
    bookManagement = BookManagement()
                     ^^^^^^^^^^^^^^
NameError: name 'BookManagement' is not defined

----------------------------------------------------------------------
Ran 5 tests in 0.030s

FAILED (errors=5)
EEEEE
======================================================================
ERROR: test_remove_book_1 (ClassEval_13_0.BookManagementTestRemoveBook.test_remove_book_1)
----------------------------------------------------------------------
Traceback (most recent call last):
  File "/Users/snigdhaghoshdastidar/Desktop/CS540/classeval_evaluation/ClassEval_13_0.py", line 36, in setUp
    self.bookManagement = BookManagement()
                          ^^^^^^^^^^^^^^
NameError: name 'BookManagement' is not defined

======================================================================
ERROR: test_remove_book_2 (ClassEval_13_0.BookManagementTestRemoveBook.test_remove_book_2)
----------------------------------------------------------------------
Traceback (most recent call last):
  File "/Users/snigdhaghoshdastidar/Desktop/CS540/classeval_evaluation/ClassEval_13_0.py", line 36, in setUp
    self.bookManagement = BookManagement()
                          ^^^^^^^^^^^^^^
NameError: name 'BookManagement' is not defined

======================================================================
ERROR: test_remove_book_3 (ClassEval_13_0.BookManagementTestRemoveBook.test_remove_book_3)
----------------------------------------------------------------------
Traceback (most recent call last):
  File "/Users/snigdhaghoshdastidar/Desktop/CS540/classeval_evaluation/ClassEval_13_0.py", line 36, in setUp
    self.bookManagement = BookManagement()
                          ^^^^^^^^^^^^^^
NameError: name 'BookManagement' is not defined

======================================================================
ERROR: test_remove_book_4 (ClassEval_13_0.BookManagementTestRemoveBook.test_remove_book_4)
----------------------------------------------------------------------
Traceback (most recent call last):
  File "/Users/snigdhaghoshdastidar/Desktop/CS540/classeval_evaluation/ClassEval_13_0.py", line 36, in setUp
    self.bookManagement = BookManagement()
                          ^^^^^^^^^^^^^^
NameError: name 'BookManagement' is not defined

======================================================================
ERROR: test_remove_book_5 (ClassEval_13_0.BookManagementTestRemoveBook.test_remove_book_5)
----------------------------------------------------------------------
Traceback (most recent call last):
  File "/Users/snigdhaghoshdastidar/Desktop/CS540/classeval_evaluation/ClassEval_13_0.py", line 36, in setUp
    self.bookManagement = BookManagement()
                          ^^^^^^^^^^^^^^
NameError: name 'BookManagement' is not defined

----------------------------------------------------------------------
Ran 5 tests in 0.022s

FAILED (errors=5)
EEEEE
======================================================================
ERROR: test_view_inventory_1 (ClassEval_13_0.BookManagementTestViewInventory.test_view_inventory_1)
----------------------------------------------------------------------
Traceback (most recent call last):
  File "/Users/snigdhaghoshdastidar/Desktop/CS540/classeval_evaluation/ClassEval_13_0.py", line 67, in test_view_inventory_1
    bookManagement = BookManagement()
                     ^^^^^^^^^^^^^^
NameError: name 'BookManagement' is not defined

======================================================================
ERROR: test_view_inventory_2 (ClassEval_13_0.BookManagementTestViewInventory.test_view_inventory_2)
----------------------------------------------------------------------
Traceback (most recent call last):
  File "/Users/snigdhaghoshdastidar/Desktop/CS540/classeval_evaluation/ClassEval_13_0.py", line 74, in test_view_inventory_2
    bookManagement = BookManagement()
                     ^^^^^^^^^^^^^^
NameError: name 'BookManagement' is not defined

======================================================================
ERROR: test_view_inventory_3 (ClassEval_13_0.BookManagementTestViewInventory.test_view_inventory_3)
----------------------------------------------------------------------
Traceback (most recent call last):
  File "/Users/snigdhaghoshdastidar/Desktop/CS540/classeval_evaluation/ClassEval_13_0.py", line 79, in test_view_inventory_3
    bookManagement = BookManagement()
                     ^^^^^^^^^^^^^^
NameError: name 'BookManagement' is not defined

======================================================================
ERROR: test_view_inventory_4 (ClassEval_13_0.BookManagementTestViewInventory.test_view_inventory_4)
----------------------------------------------------------------------
Traceback (most recent call last):
  File "/Users/snigdhaghoshdastidar/Desktop/CS540/classeval_evaluation/ClassEval_13_0.py", line 86, in test_view_inventory_4
    bookManagement = BookManagement()
                     ^^^^^^^^^^^^^^
NameError: name 'BookManagement' is not defined

======================================================================
ERROR: test_view_inventory_5 (ClassEval_13_0.BookManagementTestViewInventory.test_view_inventory_5)
----------------------------------------------------------------------
Traceback (most recent call last):
  File "/Users/snigdhaghoshdastidar/Desktop/CS540/classeval_evaluation/ClassEval_13_0.py", line 94, in test_view_inventory_5
    bookManagement = BookManagement()
                     ^^^^^^^^^^^^^^
NameError: name 'BookManagement' is not defined

----------------------------------------------------------------------
Ran 5 tests in 0.021s

FAILED (errors=5)
EEEEE
======================================================================
ERROR: test_view_book_quantity_1 (ClassEval_13_0.BookManagementTestViewBookQuantity.test_view_book_quantity_1)
----------------------------------------------------------------------
Traceback (most recent call last):
  File "/Users/snigdhaghoshdastidar/Desktop/CS540/classeval_evaluation/ClassEval_13_0.py", line 105, in test_view_book_quantity_1
    bookManagement = BookManagement()
                     ^^^^^^^^^^^^^^
NameError: name 'BookManagement' is not defined

======================================================================
ERROR: test_view_book_quantity_2 (ClassEval_13_0.BookManagementTestViewBookQuantity.test_view_book_quantity_2)
----------------------------------------------------------------------
Traceback (most recent call last):
  File "/Users/snigdhaghoshdastidar/Desktop/CS540/classeval_evaluation/ClassEval_13_0.py", line 110, in test_view_book_quantity_2
    bookManagement = BookManagement()
                     ^^^^^^^^^^^^^^
NameError: name 'BookManagement' is not defined

======================================================================
ERROR: test_view_book_quantity_3 (ClassEval_13_0.BookManagementTestViewBookQuantity.test_view_book_quantity_3)
----------------------------------------------------------------------
Traceback (most recent call last):
  File "/Users/snigdhaghoshdastidar/Desktop/CS540/classeval_evaluation/ClassEval_13_0.py", line 114, in test_view_book_quantity_3
    bookManagement = BookManagement()
                     ^^^^^^^^^^^^^^
NameError: name 'BookManagement' is not defined

======================================================================
ERROR: test_view_book_quantity_4 (ClassEval_13_0.BookManagementTestViewBookQuantity.test_view_book_quantity_4)
----------------------------------------------------------------------
Traceback (most recent call last):
  File "/Users/snigdhaghoshdastidar/Desktop/CS540/classeval_evaluation/ClassEval_13_0.py", line 119, in test_view_book_quantity_4
    bookManagement = BookManagement()
                     ^^^^^^^^^^^^^^
NameError: name 'BookManagement' is not defined

======================================================================
ERROR: test_view_book_quantity_5 (ClassEval_13_0.BookManagementTestViewBookQuantity.test_view_book_quantity_5)
----------------------------------------------------------------------
Traceback (most recent call last):
  File "/Users/snigdhaghoshdastidar/Desktop/CS540/classeval_evaluation/ClassEval_13_0.py", line 125, in test_view_book_quantity_5
    bookManagement = BookManagement()
                     ^^^^^^^^^^^^^^
NameError: name 'BookManagement' is not defined

----------------------------------------------------------------------
Ran 5 tests in 0.025s

FAILED (errors=5)
E
======================================================================
ERROR: test_main (ClassEval_13_0.BookManagementTestMain.test_main)
----------------------------------------------------------------------
Traceback (most recent call last):
  File "/Users/snigdhaghoshdastidar/Desktop/CS540/classeval_evaluation/ClassEval_13_0.py", line 133, in test_main
    bookManagement = BookManagement()
                     ^^^^^^^^^^^^^^
NameError: name 'BookManagement' is not defined

----------------------------------------------------------------------
Ran 1 test in 0.004s

FAILED (errors=1)
EEEEE
======================================================================
ERROR: test_add_event (ClassEval_17_0.CalendarTestAddEvent.test_add_event)
----------------------------------------------------------------------
Traceback (most recent call last):
  File "/Users/snigdhaghoshdastidar/Desktop/CS540/classeval_evaluation/ClassEval_17_0.py", line 9, in test_add_event
    calendar = CalendarUtil()
               ^^^^^^^^^^^^
NameError: name 'CalendarUtil' is not defined

======================================================================
ERROR: test_add_event_2 (ClassEval_17_0.CalendarTestAddEvent.test_add_event_2)
----------------------------------------------------------------------
Traceback (most recent call last):
  File "/Users/snigdhaghoshdastidar/Desktop/CS540/classeval_evaluation/ClassEval_17_0.py", line 17, in test_add_event_2
    calendar = CalendarUtil()
               ^^^^^^^^^^^^
NameError: name 'CalendarUtil' is not defined

======================================================================
ERROR: test_add_event_3 (ClassEval_17_0.CalendarTestAddEvent.test_add_event_3)
----------------------------------------------------------------------
Traceback (most recent call last):
  File "/Users/snigdhaghoshdastidar/Desktop/CS540/classeval_evaluation/ClassEval_17_0.py", line 29, in test_add_event_3
    calendar = CalendarUtil()
               ^^^^^^^^^^^^
NameError: name 'CalendarUtil' is not defined

======================================================================
ERROR: test_add_event_4 (ClassEval_17_0.CalendarTestAddEvent.test_add_event_4)
----------------------------------------------------------------------
Traceback (most recent call last):
  File "/Users/snigdhaghoshdastidar/Desktop/CS540/classeval_evaluation/ClassEval_17_0.py", line 37, in test_add_event_4
    calendar = CalendarUtil()
               ^^^^^^^^^^^^
NameError: name 'CalendarUtil' is not defined

======================================================================
ERROR: test_add_event_5 (ClassEval_17_0.CalendarTestAddEvent.test_add_event_5)
----------------------------------------------------------------------
Traceback (most recent call last):
  File "/Users/snigdhaghoshdastidar/Desktop/CS540/classeval_evaluation/ClassEval_17_0.py", line 45, in test_add_event_5
    calendar = CalendarUtil()
               ^^^^^^^^^^^^
NameError: name 'CalendarUtil' is not defined

----------------------------------------------------------------------
Ran 5 tests in 0.025s

FAILED (errors=5)
EEEEEE
======================================================================
ERROR: test_remove_event (ClassEval_17_0.CalendarTestRemoveEvent.test_remove_event)
----------------------------------------------------------------------
Traceback (most recent call last):
  File "/Users/snigdhaghoshdastidar/Desktop/CS540/classeval_evaluation/ClassEval_17_0.py", line 55, in test_remove_event
    calendar = CalendarUtil()
               ^^^^^^^^^^^^
NameError: name 'CalendarUtil' is not defined

======================================================================
ERROR: test_remove_event_2 (ClassEval_17_0.CalendarTestRemoveEvent.test_remove_event_2)
----------------------------------------------------------------------
Traceback (most recent call last):
  File "/Users/snigdhaghoshdastidar/Desktop/CS540/classeval_evaluation/ClassEval_17_0.py", line 63, in test_remove_event_2
    calendar = CalendarUtil()
               ^^^^^^^^^^^^
NameError: name 'CalendarUtil' is not defined

======================================================================
ERROR: test_remove_event_3 (ClassEval_17_0.CalendarTestRemoveEvent.test_remove_event_3)
----------------------------------------------------------------------
Traceback (most recent call last):
  File "/Users/snigdhaghoshdastidar/Desktop/CS540/classeval_evaluation/ClassEval_17_0.py", line 75, in test_remove_event_3
    calendar = CalendarUtil()
               ^^^^^^^^^^^^
NameError: name 'CalendarUtil' is not defined

======================================================================
ERROR: test_remove_event_4 (ClassEval_17_0.CalendarTestRemoveEvent.test_remove_event_4)
----------------------------------------------------------------------
Traceback (most recent call last):
  File "/Users/snigdhaghoshdastidar/Desktop/CS540/classeval_evaluation/ClassEval_17_0.py", line 87, in test_remove_event_4
    calendar = CalendarUtil()
               ^^^^^^^^^^^^
NameError: name 'CalendarUtil' is not defined

======================================================================
ERROR: test_remove_event_5 (ClassEval_17_0.CalendarTestRemoveEvent.test_remove_event_5)
----------------------------------------------------------------------
Traceback (most recent call last):
  File "/Users/snigdhaghoshdastidar/Desktop/CS540/classeval_evaluation/ClassEval_17_0.py", line 99, in test_remove_event_5
    calendar = CalendarUtil()
               ^^^^^^^^^^^^
NameError: name 'CalendarUtil' is not defined

======================================================================
ERROR: test_remove_event_6 (ClassEval_17_0.CalendarTestRemoveEvent.test_remove_event_6)
----------------------------------------------------------------------
Traceback (most recent call last):
  File "/Users/snigdhaghoshdastidar/Desktop/CS540/classeval_evaluation/ClassEval_17_0.py", line 111, in test_remove_event_6
    calendar = CalendarUtil()
               ^^^^^^^^^^^^
NameError: name 'CalendarUtil' is not defined

----------------------------------------------------------------------
Ran 6 tests in 0.022s

FAILED (errors=6)
EE
======================================================================
ERROR: test_get_events (ClassEval_17_0.CalendarTestGetEvents.test_get_events)
----------------------------------------------------------------------
Traceback (most recent call last):
  File "/Users/snigdhaghoshdastidar/Desktop/CS540/classeval_evaluation/ClassEval_17_0.py", line 120, in test_get_events
    calendar = CalendarUtil()
               ^^^^^^^^^^^^
NameError: name 'CalendarUtil' is not defined

======================================================================
ERROR: test_get_events_2 (ClassEval_17_0.CalendarTestGetEvents.test_get_events_2)
----------------------------------------------------------------------
Traceback (most recent call last):
  File "/Users/snigdhaghoshdastidar/Desktop/CS540/classeval_evaluation/ClassEval_17_0.py", line 128, in test_get_events_2
    calendar = CalendarUtil()
               ^^^^^^^^^^^^
NameError: name 'CalendarUtil' is not defined

----------------------------------------------------------------------
Ran 2 tests in 0.006s

FAILED (errors=2)
EEEEE
======================================================================
ERROR: test_is_available (ClassEval_17_0.CalendarTestIsAvailable.test_is_available)
----------------------------------------------------------------------
Traceback (most recent call last):
  File "/Users/snigdhaghoshdastidar/Desktop/CS540/classeval_evaluation/ClassEval_17_0.py", line 136, in test_is_available
    calendar = CalendarUtil()
               ^^^^^^^^^^^^
NameError: name 'CalendarUtil' is not defined

======================================================================
ERROR: test_is_available_2 (ClassEval_17_0.CalendarTestIsAvailable.test_is_available_2)
----------------------------------------------------------------------
Traceback (most recent call last):
  File "/Users/snigdhaghoshdastidar/Desktop/CS540/classeval_evaluation/ClassEval_17_0.py", line 142, in test_is_available_2
    calendar = CalendarUtil()
               ^^^^^^^^^^^^
NameError: name 'CalendarUtil' is not defined

======================================================================
ERROR: test_is_available_3 (ClassEval_17_0.CalendarTestIsAvailable.test_is_available_3)
----------------------------------------------------------------------
Traceback (most recent call last):
  File "/Users/snigdhaghoshdastidar/Desktop/CS540/classeval_evaluation/ClassEval_17_0.py", line 148, in test_is_available_3
    calendar = CalendarUtil()
               ^^^^^^^^^^^^
NameError: name 'CalendarUtil' is not defined

======================================================================
ERROR: test_is_available_4 (ClassEval_17_0.CalendarTestIsAvailable.test_is_available_4)
----------------------------------------------------------------------
Traceback (most recent call last):
  File "/Users/snigdhaghoshdastidar/Desktop/CS540/classeval_evaluation/ClassEval_17_0.py", line 154, in test_is_available_4
    calendar = CalendarUtil()
               ^^^^^^^^^^^^
NameError: name 'CalendarUtil' is not defined

======================================================================
ERROR: test_is_available_5 (ClassEval_17_0.CalendarTestIsAvailable.test_is_available_5)
----------------------------------------------------------------------
Traceback (most recent call last):
  File "/Users/snigdhaghoshdastidar/Desktop/CS540/classeval_evaluation/ClassEval_17_0.py", line 160, in test_is_available_5
    calendar = CalendarUtil()
               ^^^^^^^^^^^^
NameError: name 'CalendarUtil' is not defined

----------------------------------------------------------------------
Ran 5 tests in 0.019s

FAILED (errors=5)
EEEEE
======================================================================
ERROR: test_get_available_slots (ClassEval_17_0.CalendarTestGetAvailableSlots.test_get_available_slots)
----------------------------------------------------------------------
Traceback (most recent call last):
  File "/Users/snigdhaghoshdastidar/Desktop/CS540/classeval_evaluation/ClassEval_17_0.py", line 168, in test_get_available_slots
    calendar = CalendarUtil()
               ^^^^^^^^^^^^
NameError: name 'CalendarUtil' is not defined

======================================================================
ERROR: test_get_available_slots_2 (ClassEval_17_0.CalendarTestGetAvailableSlots.test_get_available_slots_2)
----------------------------------------------------------------------
Traceback (most recent call last):
  File "/Users/snigdhaghoshdastidar/Desktop/CS540/classeval_evaluation/ClassEval_17_0.py", line 175, in test_get_available_slots_2
    calendar = CalendarUtil()
               ^^^^^^^^^^^^
NameError: name 'CalendarUtil' is not defined

======================================================================
ERROR: test_get_available_slots_3 (ClassEval_17_0.CalendarTestGetAvailableSlots.test_get_available_slots_3)
----------------------------------------------------------------------
Traceback (most recent call last):
  File "/Users/snigdhaghoshdastidar/Desktop/CS540/classeval_evaluation/ClassEval_17_0.py", line 181, in test_get_available_slots_3
    calendar = CalendarUtil()
               ^^^^^^^^^^^^
NameError: name 'CalendarUtil' is not defined

======================================================================
ERROR: test_get_available_slots_4 (ClassEval_17_0.CalendarTestGetAvailableSlots.test_get_available_slots_4)
----------------------------------------------------------------------
Traceback (most recent call last):
  File "/Users/snigdhaghoshdastidar/Desktop/CS540/classeval_evaluation/ClassEval_17_0.py", line 187, in test_get_available_slots_4
    calendar = CalendarUtil()
               ^^^^^^^^^^^^
NameError: name 'CalendarUtil' is not defined

======================================================================
ERROR: test_get_available_slots_5 (ClassEval_17_0.CalendarTestGetAvailableSlots.test_get_available_slots_5)
----------------------------------------------------------------------
Traceback (most recent call last):
  File "/Users/snigdhaghoshdastidar/Desktop/CS540/classeval_evaluation/ClassEval_17_0.py", line 193, in test_get_available_slots_5
    calendar = CalendarUtil()
               ^^^^^^^^^^^^
NameError: name 'CalendarUtil' is not defined

----------------------------------------------------------------------
Ran 5 tests in 0.021s

FAILED (errors=5)
EEEEE
======================================================================
ERROR: test_get_upcoming_events (ClassEval_17_0.CalendarTestGetUpcomingEvents.test_get_upcoming_events)
----------------------------------------------------------------------
Traceback (most recent call last):
  File "/Users/snigdhaghoshdastidar/Desktop/CS540/classeval_evaluation/ClassEval_17_0.py", line 201, in test_get_upcoming_events
    calendar = CalendarUtil()
               ^^^^^^^^^^^^
NameError: name 'CalendarUtil' is not defined

======================================================================
ERROR: test_get_upcoming_events_2 (ClassEval_17_0.CalendarTestGetUpcomingEvents.test_get_upcoming_events_2)
----------------------------------------------------------------------
Traceback (most recent call last):
  File "/Users/snigdhaghoshdastidar/Desktop/CS540/classeval_evaluation/ClassEval_17_0.py", line 207, in test_get_upcoming_events_2
    calendar = CalendarUtil()
               ^^^^^^^^^^^^
NameError: name 'CalendarUtil' is not defined

======================================================================
ERROR: test_get_upcoming_events_3 (ClassEval_17_0.CalendarTestGetUpcomingEvents.test_get_upcoming_events_3)
----------------------------------------------------------------------
Traceback (most recent call last):
  File "/Users/snigdhaghoshdastidar/Desktop/CS540/classeval_evaluation/ClassEval_17_0.py", line 213, in test_get_upcoming_events_3
    calendar = CalendarUtil()
               ^^^^^^^^^^^^
NameError: name 'CalendarUtil' is not defined

======================================================================
ERROR: test_get_upcoming_events_4 (ClassEval_17_0.CalendarTestGetUpcomingEvents.test_get_upcoming_events_4)
----------------------------------------------------------------------
Traceback (most recent call last):
  File "/Users/snigdhaghoshdastidar/Desktop/CS540/classeval_evaluation/ClassEval_17_0.py", line 219, in test_get_upcoming_events_4
    calendar = CalendarUtil()
               ^^^^^^^^^^^^
NameError: name 'CalendarUtil' is not defined

======================================================================
ERROR: test_get_upcoming_events_5 (ClassEval_17_0.CalendarTestGetUpcomingEvents.test_get_upcoming_events_5)
----------------------------------------------------------------------
Traceback (most recent call last):
  File "/Users/snigdhaghoshdastidar/Desktop/CS540/classeval_evaluation/ClassEval_17_0.py", line 225, in test_get_upcoming_events_5
    calendar = CalendarUtil()
               ^^^^^^^^^^^^
NameError: name 'CalendarUtil' is not defined

----------------------------------------------------------------------
Ran 5 tests in 0.015s

FAILED (errors=5)
E
======================================================================
ERROR: test_main (ClassEval_17_0.CalendarTestMain.test_main)
----------------------------------------------------------------------
Traceback (most recent call last):
  File "/Users/snigdhaghoshdastidar/Desktop/CS540/classeval_evaluation/ClassEval_17_0.py", line 238, in test_main
    calendar = CalendarUtil()
               ^^^^^^^^^^^^
NameError: name 'CalendarUtil' is not defined

----------------------------------------------------------------------
Ran 1 test in 0.003s

FAILED (errors=1)
.....
----------------------------------------------------------------------
Ran 5 tests in 0.000s

OK
.....
----------------------------------------------------------------------
Ran 5 tests in 0.000s

OK
F....
======================================================================
FAIL: test_send_message (ClassEval_20_0.ChatTestSendMessage.test_send_message)
----------------------------------------------------------------------
Traceback (most recent call last):
  File "/Users/snigdhaghoshdastidar/Desktop/CS540/classeval_evaluation/ClassEval_20_0.py", line 129, in test_send_message
    self.assertEqual(chat.users, {'John': [{'sender': 'John', 'receiver': 'Mary', 'message': 'Hello', 'timestamp': timestamp}], 'Mary': [{'sender': 'John', 'receiver': 'Mary', 'message': 'Hello', 'timestamp': timestamp}]})
AssertionError: {'John': [], 'Mary': [{'sender': 'John', 'receiver'[62 chars]8'}]} != {'John': [{'sender': 'John', 'receiver': 'Mary', 'm[156 chars]8'}]}
- {'John': [],
+ {'John': [{'message': 'Hello',
+            'receiver': 'Mary',
+            'sender': 'John',
+            'timestamp': '2025-04-22 01:29:58'}],
   'Mary': [{'message': 'Hello',
             'receiver': 'Mary',
             'sender': 'John',
             'timestamp': '2025-04-22 01:29:58'}]}

----------------------------------------------------------------------
Ran 5 tests in 0.001s

FAILED (failures=1)
.....
----------------------------------------------------------------------
Ran 5 tests in 0.000s

OK
FF
======================================================================
FAIL: test_main (ClassEval_20_0.ChatTestMain.test_main)
----------------------------------------------------------------------
Traceback (most recent call last):
  File "/Users/snigdhaghoshdastidar/Desktop/CS540/classeval_evaluation/ClassEval_20_0.py", line 197, in test_main
    self.assertEqual(chat.users, {'John': [{'sender': 'John', 'receiver': 'Mary', 'message': 'Hello', 'timestamp': timestamp}], 'Mary': [{'sender': 'John', 'receiver': 'Mary', 'message': 'Hello', 'timestamp': timestamp}]})
AssertionError: {'John': [], 'Mary': [{'sender': 'John', 'receiver'[62 chars]8'}]} != {'John': [{'sender': 'John', 'receiver': 'Mary', 'm[156 chars]8'}]}
- {'John': [],
+ {'John': [{'message': 'Hello',
+            'receiver': 'Mary',
+            'sender': 'John',
+            'timestamp': '2025-04-22 01:29:58'}],
   'Mary': [{'message': 'Hello',
             'receiver': 'Mary',
             'sender': 'John',
             'timestamp': '2025-04-22 01:29:58'}]}

======================================================================
FAIL: test_main_2 (ClassEval_20_0.ChatTestMain.test_main_2)
----------------------------------------------------------------------
Traceback (most recent call last):
  File "/Users/snigdhaghoshdastidar/Desktop/CS540/classeval_evaluation/ClassEval_20_0.py", line 212, in test_main_2
    self.assertEqual(chat.users, {'John': [{'sender': 'John', 'receiver': 'Mary', 'message': 'Hello', 'timestamp': timestamp}], 'Mary': [{'sender': 'John', 'receiver': 'Mary', 'message': 'Hello', 'timestamp': timestamp}]})
AssertionError: {'John': [], 'Mary': [{'sender': 'John', 'receiver'[62 chars]8'}]} != {'John': [{'sender': 'John', 'receiver': 'Mary', 'm[156 chars]8'}]}
- {'John': [],
+ {'John': [{'message': 'Hello',
+            'receiver': 'Mary',
+            'sender': 'John',
+            'timestamp': '2025-04-22 01:29:58'}],
   'Mary': [{'message': 'Hello',
             'receiver': 'Mary',
             'sender': 'John',
             'timestamp': '2025-04-22 01:29:58'}]}

----------------------------------------------------------------------
Ran 2 tests in 0.001s

FAILED (failures=2)
EEEEEE
======================================================================
ERROR: test_add_course_1 (ClassEval_21_0.ClassroomTestAddCourse.test_add_course_1)
----------------------------------------------------------------------
Traceback (most recent call last):
  File "/Users/snigdhaghoshdastidar/Desktop/CS540/classeval_evaluation/ClassEval_21_0.py", line 9, in test_add_course_1
    classroom = Classroom(1)
                ^^^^^^^^^
NameError: name 'Classroom' is not defined

======================================================================
ERROR: test_add_course_2 (ClassEval_21_0.ClassroomTestAddCourse.test_add_course_2)
----------------------------------------------------------------------
Traceback (most recent call last):
  File "/Users/snigdhaghoshdastidar/Desktop/CS540/classeval_evaluation/ClassEval_21_0.py", line 15, in test_add_course_2
    classroom = Classroom(1)
                ^^^^^^^^^
NameError: name 'Classroom' is not defined

======================================================================
ERROR: test_add_course_3 (ClassEval_21_0.ClassroomTestAddCourse.test_add_course_3)
----------------------------------------------------------------------
Traceback (most recent call last):
  File "/Users/snigdhaghoshdastidar/Desktop/CS540/classeval_evaluation/ClassEval_21_0.py", line 21, in test_add_course_3
    classroom = Classroom(1)
                ^^^^^^^^^
NameError: name 'Classroom' is not defined

======================================================================
ERROR: test_add_course_4 (ClassEval_21_0.ClassroomTestAddCourse.test_add_course_4)
----------------------------------------------------------------------
Traceback (most recent call last):
  File "/Users/snigdhaghoshdastidar/Desktop/CS540/classeval_evaluation/ClassEval_21_0.py", line 27, in test_add_course_4
    classroom = Classroom(1)
                ^^^^^^^^^
NameError: name 'Classroom' is not defined

======================================================================
ERROR: test_add_course_5 (ClassEval_21_0.ClassroomTestAddCourse.test_add_course_5)
----------------------------------------------------------------------
Traceback (most recent call last):
  File "/Users/snigdhaghoshdastidar/Desktop/CS540/classeval_evaluation/ClassEval_21_0.py", line 33, in test_add_course_5
    classroom = Classroom(1)
                ^^^^^^^^^
NameError: name 'Classroom' is not defined

======================================================================
ERROR: test_add_course_6 (ClassEval_21_0.ClassroomTestAddCourse.test_add_course_6)
----------------------------------------------------------------------
Traceback (most recent call last):
  File "/Users/snigdhaghoshdastidar/Desktop/CS540/classeval_evaluation/ClassEval_21_0.py", line 39, in test_add_course_6
    classroom = Classroom(1)
                ^^^^^^^^^
NameError: name 'Classroom' is not defined

----------------------------------------------------------------------
Ran 6 tests in 0.017s

FAILED (errors=6)
EEEEEE
======================================================================
ERROR: test_remove_course_1 (ClassEval_21_0.ClassroomTestRemoveCourse.test_remove_course_1)
----------------------------------------------------------------------
Traceback (most recent call last):
  File "/Users/snigdhaghoshdastidar/Desktop/CS540/classeval_evaluation/ClassEval_21_0.py", line 48, in test_remove_course_1
    classroom = Classroom(1)
                ^^^^^^^^^
NameError: name 'Classroom' is not defined

======================================================================
ERROR: test_remove_course_2 (ClassEval_21_0.ClassroomTestRemoveCourse.test_remove_course_2)
----------------------------------------------------------------------
Traceback (most recent call last):
  File "/Users/snigdhaghoshdastidar/Desktop/CS540/classeval_evaluation/ClassEval_21_0.py", line 55, in test_remove_course_2
    classroom = Classroom(1)
                ^^^^^^^^^
NameError: name 'Classroom' is not defined

======================================================================
ERROR: test_remove_course_3 (ClassEval_21_0.ClassroomTestRemoveCourse.test_remove_course_3)
----------------------------------------------------------------------
Traceback (most recent call last):
  File "/Users/snigdhaghoshdastidar/Desktop/CS540/classeval_evaluation/ClassEval_21_0.py", line 62, in test_remove_course_3
    classroom = Classroom(1)
                ^^^^^^^^^
NameError: name 'Classroom' is not defined

======================================================================
ERROR: test_remove_course_4 (ClassEval_21_0.ClassroomTestRemoveCourse.test_remove_course_4)
----------------------------------------------------------------------
Traceback (most recent call last):
  File "/Users/snigdhaghoshdastidar/Desktop/CS540/classeval_evaluation/ClassEval_21_0.py", line 69, in test_remove_course_4
    classroom = Classroom(1)
                ^^^^^^^^^
NameError: name 'Classroom' is not defined

======================================================================
ERROR: test_remove_course_5 (ClassEval_21_0.ClassroomTestRemoveCourse.test_remove_course_5)
----------------------------------------------------------------------
Traceback (most recent call last):
  File "/Users/snigdhaghoshdastidar/Desktop/CS540/classeval_evaluation/ClassEval_21_0.py", line 76, in test_remove_course_5
    classroom = Classroom(1)
                ^^^^^^^^^
NameError: name 'Classroom' is not defined

======================================================================
ERROR: test_remove_course_6 (ClassEval_21_0.ClassroomTestRemoveCourse.test_remove_course_6)
----------------------------------------------------------------------
Traceback (most recent call last):
  File "/Users/snigdhaghoshdastidar/Desktop/CS540/classeval_evaluation/ClassEval_21_0.py", line 83, in test_remove_course_6
    classroom = Classroom(1)
                ^^^^^^^^^
NameError: name 'Classroom' is not defined

----------------------------------------------------------------------
Ran 6 tests in 0.016s

FAILED (errors=6)
EEEEE
======================================================================
ERROR: test_is_free_at_1 (ClassEval_21_0.ClassroomTestIsFreeAt.test_is_free_at_1)
----------------------------------------------------------------------
Traceback (most recent call last):
  File "/Users/snigdhaghoshdastidar/Desktop/CS540/classeval_evaluation/ClassEval_21_0.py", line 91, in test_is_free_at_1
    classroom = Classroom(1)
                ^^^^^^^^^
NameError: name 'Classroom' is not defined

======================================================================
ERROR: test_is_free_at_2 (ClassEval_21_0.ClassroomTestIsFreeAt.test_is_free_at_2)
----------------------------------------------------------------------
Traceback (most recent call last):
  File "/Users/snigdhaghoshdastidar/Desktop/CS540/classeval_evaluation/ClassEval_21_0.py", line 99, in test_is_free_at_2
    classroom = Classroom(1)
                ^^^^^^^^^
NameError: name 'Classroom' is not defined

======================================================================
ERROR: test_is_free_at_3 (ClassEval_21_0.ClassroomTestIsFreeAt.test_is_free_at_3)
----------------------------------------------------------------------
Traceback (most recent call last):
  File "/Users/snigdhaghoshdastidar/Desktop/CS540/classeval_evaluation/ClassEval_21_0.py", line 107, in test_is_free_at_3
    classroom = Classroom(1)
                ^^^^^^^^^
NameError: name 'Classroom' is not defined

======================================================================
ERROR: test_is_free_at_4 (ClassEval_21_0.ClassroomTestIsFreeAt.test_is_free_at_4)
----------------------------------------------------------------------
Traceback (most recent call last):
  File "/Users/snigdhaghoshdastidar/Desktop/CS540/classeval_evaluation/ClassEval_21_0.py", line 115, in test_is_free_at_4
    classroom = Classroom(1)
                ^^^^^^^^^
NameError: name 'Classroom' is not defined

======================================================================
ERROR: test_is_free_at_5 (ClassEval_21_0.ClassroomTestIsFreeAt.test_is_free_at_5)
----------------------------------------------------------------------
Traceback (most recent call last):
  File "/Users/snigdhaghoshdastidar/Desktop/CS540/classeval_evaluation/ClassEval_21_0.py", line 123, in test_is_free_at_5
    classroom = Classroom(1)
                ^^^^^^^^^
NameError: name 'Classroom' is not defined

----------------------------------------------------------------------
Ran 5 tests in 0.015s

FAILED (errors=5)
EEEEEE
======================================================================
ERROR: test_check_course_conflict_1 (ClassEval_21_0.ClassroomTestCheckCourseConflict.test_check_course_conflict_1)
----------------------------------------------------------------------
Traceback (most recent call last):
  File "/Users/snigdhaghoshdastidar/Desktop/CS540/classeval_evaluation/ClassEval_21_0.py", line 133, in test_check_course_conflict_1
    classroom = Classroom(1)
                ^^^^^^^^^
NameError: name 'Classroom' is not defined

======================================================================
ERROR: test_check_course_conflict_2 (ClassEval_21_0.ClassroomTestCheckCourseConflict.test_check_course_conflict_2)
----------------------------------------------------------------------
Traceback (most recent call last):
  File "/Users/snigdhaghoshdastidar/Desktop/CS540/classeval_evaluation/ClassEval_21_0.py", line 141, in test_check_course_conflict_2
    classroom = Classroom(1)
                ^^^^^^^^^
NameError: name 'Classroom' is not defined

======================================================================
ERROR: test_check_course_conflict_3 (ClassEval_21_0.ClassroomTestCheckCourseConflict.test_check_course_conflict_3)
----------------------------------------------------------------------
Traceback (most recent call last):
  File "/Users/snigdhaghoshdastidar/Desktop/CS540/classeval_evaluation/ClassEval_21_0.py", line 151, in test_check_course_conflict_3
    classroom = Classroom(1)
                ^^^^^^^^^
NameError: name 'Classroom' is not defined

======================================================================
ERROR: test_check_course_conflict_4 (ClassEval_21_0.ClassroomTestCheckCourseConflict.test_check_course_conflict_4)
----------------------------------------------------------------------
Traceback (most recent call last):
  File "/Users/snigdhaghoshdastidar/Desktop/CS540/classeval_evaluation/ClassEval_21_0.py", line 159, in test_check_course_conflict_4
    classroom = Classroom(1)
                ^^^^^^^^^
NameError: name 'Classroom' is not defined

======================================================================
ERROR: test_check_course_conflict_5 (ClassEval_21_0.ClassroomTestCheckCourseConflict.test_check_course_conflict_5)
----------------------------------------------------------------------
Traceback (most recent call last):
  File "/Users/snigdhaghoshdastidar/Desktop/CS540/classeval_evaluation/ClassEval_21_0.py", line 167, in test_check_course_conflict_5
    classroom = Classroom(1)
                ^^^^^^^^^
NameError: name 'Classroom' is not defined

======================================================================
ERROR: test_check_course_conflict_6 (ClassEval_21_0.ClassroomTestCheckCourseConflict.test_check_course_conflict_6)
----------------------------------------------------------------------
Traceback (most recent call last):
  File "/Users/snigdhaghoshdastidar/Desktop/CS540/classeval_evaluation/ClassEval_21_0.py", line 175, in test_check_course_conflict_6
    classroom = Classroom(1)
                ^^^^^^^^^
NameError: name 'Classroom' is not defined

----------------------------------------------------------------------
Ran 6 tests in 0.014s

FAILED (errors=6)
E
======================================================================
ERROR: test_main (ClassEval_21_0.ClassroomTestMain.test_main)
----------------------------------------------------------------------
Traceback (most recent call last):
  File "/Users/snigdhaghoshdastidar/Desktop/CS540/classeval_evaluation/ClassEval_21_0.py", line 185, in test_main
    classroom = Classroom(1)
                ^^^^^^^^^
NameError: name 'Classroom' is not defined

----------------------------------------------------------------------
Ran 1 test in 0.002s

FAILED (errors=1)
EEE
======================================================================
ERROR: test_register_student (ClassEval_22_0.ClassRegistrationSystemTestRegisterStudent.test_register_student)
----------------------------------------------------------------------
Traceback (most recent call last):
  File "/Users/snigdhaghoshdastidar/Desktop/CS540/classeval_evaluation/ClassEval_22_0.py", line 9, in setUp
    self.registration_system = ClassRegistrationSystem()
                               ^^^^^^^^^^^^^^^^^^^^^^^
NameError: name 'ClassRegistrationSystem' is not defined. Did you mean: 'ClassRegistrationSystemTest'?

======================================================================
ERROR: test_register_student2 (ClassEval_22_0.ClassRegistrationSystemTestRegisterStudent.test_register_student2)
----------------------------------------------------------------------
Traceback (most recent call last):
  File "/Users/snigdhaghoshdastidar/Desktop/CS540/classeval_evaluation/ClassEval_22_0.py", line 9, in setUp
    self.registration_system = ClassRegistrationSystem()
                               ^^^^^^^^^^^^^^^^^^^^^^^
NameError: name 'ClassRegistrationSystem' is not defined. Did you mean: 'ClassRegistrationSystemTest'?

======================================================================
ERROR: test_register_student3 (ClassEval_22_0.ClassRegistrationSystemTestRegisterStudent.test_register_student3)
----------------------------------------------------------------------
Traceback (most recent call last):
  File "/Users/snigdhaghoshdastidar/Desktop/CS540/classeval_evaluation/ClassEval_22_0.py", line 9, in setUp
    self.registration_system = ClassRegistrationSystem()
                               ^^^^^^^^^^^^^^^^^^^^^^^
NameError: name 'ClassRegistrationSystem' is not defined. Did you mean: 'ClassRegistrationSystemTest'?

----------------------------------------------------------------------
Ran 3 tests in 0.003s

FAILED (errors=3)
EEE
======================================================================
ERROR: test_register_class (ClassEval_22_0.ClassRegistrationSystemTestRegisterClass.test_register_class)
----------------------------------------------------------------------
Traceback (most recent call last):
  File "/Users/snigdhaghoshdastidar/Desktop/CS540/classeval_evaluation/ClassEval_22_0.py", line 30, in setUp
    self.registration_system = ClassRegistrationSystem()
                               ^^^^^^^^^^^^^^^^^^^^^^^
NameError: name 'ClassRegistrationSystem' is not defined. Did you mean: 'ClassRegistrationSystemTest'?

======================================================================
ERROR: test_register_class2 (ClassEval_22_0.ClassRegistrationSystemTestRegisterClass.test_register_class2)
----------------------------------------------------------------------
Traceback (most recent call last):
  File "/Users/snigdhaghoshdastidar/Desktop/CS540/classeval_evaluation/ClassEval_22_0.py", line 30, in setUp
    self.registration_system = ClassRegistrationSystem()
                               ^^^^^^^^^^^^^^^^^^^^^^^
NameError: name 'ClassRegistrationSystem' is not defined. Did you mean: 'ClassRegistrationSystemTest'?

======================================================================
ERROR: test_register_class3 (ClassEval_22_0.ClassRegistrationSystemTestRegisterClass.test_register_class3)
----------------------------------------------------------------------
Traceback (most recent call last):
  File "/Users/snigdhaghoshdastidar/Desktop/CS540/classeval_evaluation/ClassEval_22_0.py", line 30, in setUp
    self.registration_system = ClassRegistrationSystem()
                               ^^^^^^^^^^^^^^^^^^^^^^^
NameError: name 'ClassRegistrationSystem' is not defined. Did you mean: 'ClassRegistrationSystemTest'?

----------------------------------------------------------------------
Ran 3 tests in 0.003s

FAILED (errors=3)
EEEE
======================================================================
ERROR: test_get_students_by_major (ClassEval_22_0.ClassRegistrationSystemTestGetStudent.test_get_students_by_major)
----------------------------------------------------------------------
Traceback (most recent call last):
  File "/Users/snigdhaghoshdastidar/Desktop/CS540/classeval_evaluation/ClassEval_22_0.py", line 49, in setUp
    self.registration_system = ClassRegistrationSystem()
                               ^^^^^^^^^^^^^^^^^^^^^^^
NameError: name 'ClassRegistrationSystem' is not defined. Did you mean: 'ClassRegistrationSystemTest'?

======================================================================
ERROR: test_get_students_by_major2 (ClassEval_22_0.ClassRegistrationSystemTestGetStudent.test_get_students_by_major2)
----------------------------------------------------------------------
Traceback (most recent call last):
  File "/Users/snigdhaghoshdastidar/Desktop/CS540/classeval_evaluation/ClassEval_22_0.py", line 49, in setUp
    self.registration_system = ClassRegistrationSystem()
                               ^^^^^^^^^^^^^^^^^^^^^^^
NameError: name 'ClassRegistrationSystem' is not defined. Did you mean: 'ClassRegistrationSystemTest'?

======================================================================
ERROR: test_get_students_by_major3 (ClassEval_22_0.ClassRegistrationSystemTestGetStudent.test_get_students_by_major3)
----------------------------------------------------------------------
Traceback (most recent call last):
  File "/Users/snigdhaghoshdastidar/Desktop/CS540/classeval_evaluation/ClassEval_22_0.py", line 49, in setUp
    self.registration_system = ClassRegistrationSystem()
                               ^^^^^^^^^^^^^^^^^^^^^^^
NameError: name 'ClassRegistrationSystem' is not defined. Did you mean: 'ClassRegistrationSystemTest'?

======================================================================
ERROR: test_get_students_by_major4 (ClassEval_22_0.ClassRegistrationSystemTestGetStudent.test_get_students_by_major4)
----------------------------------------------------------------------
Traceback (most recent call last):
  File "/Users/snigdhaghoshdastidar/Desktop/CS540/classeval_evaluation/ClassEval_22_0.py", line 49, in setUp
    self.registration_system = ClassRegistrationSystem()
                               ^^^^^^^^^^^^^^^^^^^^^^^
NameError: name 'ClassRegistrationSystem' is not defined. Did you mean: 'ClassRegistrationSystemTest'?

----------------------------------------------------------------------
Ran 4 tests in 0.004s

FAILED (errors=4)
EEE
======================================================================
ERROR: test_get_all_major (ClassEval_22_0.ClassRegistrationSystemTestGetMajor.test_get_all_major)
----------------------------------------------------------------------
Traceback (most recent call last):
  File "/Users/snigdhaghoshdastidar/Desktop/CS540/classeval_evaluation/ClassEval_22_0.py", line 97, in setUp
    self.registration_system = ClassRegistrationSystem()
                               ^^^^^^^^^^^^^^^^^^^^^^^
NameError: name 'ClassRegistrationSystem' is not defined. Did you mean: 'ClassRegistrationSystemTest'?

======================================================================
ERROR: test_get_all_major2 (ClassEval_22_0.ClassRegistrationSystemTestGetMajor.test_get_all_major2)
----------------------------------------------------------------------
Traceback (most recent call last):
  File "/Users/snigdhaghoshdastidar/Desktop/CS540/classeval_evaluation/ClassEval_22_0.py", line 97, in setUp
    self.registration_system = ClassRegistrationSystem()
                               ^^^^^^^^^^^^^^^^^^^^^^^
NameError: name 'ClassRegistrationSystem' is not defined. Did you mean: 'ClassRegistrationSystemTest'?

======================================================================
ERROR: test_get_all_major3 (ClassEval_22_0.ClassRegistrationSystemTestGetMajor.test_get_all_major3)
----------------------------------------------------------------------
Traceback (most recent call last):
  File "/Users/snigdhaghoshdastidar/Desktop/CS540/classeval_evaluation/ClassEval_22_0.py", line 97, in setUp
    self.registration_system = ClassRegistrationSystem()
                               ^^^^^^^^^^^^^^^^^^^^^^^
NameError: name 'ClassRegistrationSystem' is not defined. Did you mean: 'ClassRegistrationSystemTest'?

----------------------------------------------------------------------
Ran 3 tests in 0.003s

FAILED (errors=3)
EE
======================================================================
ERROR: test_get_most_popular_class_in_major (ClassEval_22_0.ClassRegistrationSystemTestPopularClass.test_get_most_popular_class_in_major)
----------------------------------------------------------------------
Traceback (most recent call last):
  File "/Users/snigdhaghoshdastidar/Desktop/CS540/classeval_evaluation/ClassEval_22_0.py", line 130, in setUp
    self.registration_system = ClassRegistrationSystem()
                               ^^^^^^^^^^^^^^^^^^^^^^^
NameError: name 'ClassRegistrationSystem' is not defined. Did you mean: 'ClassRegistrationSystemTest'?

======================================================================
ERROR: test_get_most_popular_class_in_major2 (ClassEval_22_0.ClassRegistrationSystemTestPopularClass.test_get_most_popular_class_in_major2)
----------------------------------------------------------------------
Traceback (most recent call last):
  File "/Users/snigdhaghoshdastidar/Desktop/CS540/classeval_evaluation/ClassEval_22_0.py", line 130, in setUp
    self.registration_system = ClassRegistrationSystem()
                               ^^^^^^^^^^^^^^^^^^^^^^^
NameError: name 'ClassRegistrationSystem' is not defined. Did you mean: 'ClassRegistrationSystemTest'?

----------------------------------------------------------------------
Ran 2 tests in 0.001s

FAILED (errors=2)
E
======================================================================
ERROR: test (ClassEval_22_0.ClassRegistrationSystemTest.test)
----------------------------------------------------------------------
Traceback (most recent call last):
  File "/Users/snigdhaghoshdastidar/Desktop/CS540/classeval_evaluation/ClassEval_22_0.py", line 168, in setUp
    self.registration_system = ClassRegistrationSystem()
                               ^^^^^^^^^^^^^^^^^^^^^^^
NameError: name 'ClassRegistrationSystem' is not defined. Did you mean: 'ClassRegistrationSystemTest'?

----------------------------------------------------------------------
Ran 1 test in 0.001s

FAILED (errors=1)
.....
----------------------------------------------------------------------
Ran 5 tests in 0.002s

OK
.....E
======================================================================
ERROR: test_load_cookies_6 (ClassEval_25_0.CookiesUtilTestLoadCookies.test_load_cookies_6)
----------------------------------------------------------------------
Traceback (most recent call last):
  File "/Users/snigdhaghoshdastidar/Desktop/CS540/classeval_evaluation/ClassEval_25_0.py", line 130, in test_load_cookies_6
    self.assertEqual(self.cookies_util.load_cookies(), {})
                     ^^^^^^^^^^^^^^^^^^^^^^^^^^^^^^^^
  File "/Users/snigdhaghoshdastidar/Desktop/CS540/classeval_evaluation/ClassEval_25_0.py", line 33, in load_cookies
    with open(self.cookies_file, 'r') as f:
         ^^^^^^^^^^^^^^^^^^^^^^^^^^^^
FileNotFoundError: [Errno 2] No such file or directory: ''

----------------------------------------------------------------------
Ran 6 tests in 0.001s

FAILED (errors=1)
......
----------------------------------------------------------------------
Ran 6 tests in 0.002s

OK
E
======================================================================
ERROR: test_set_cookies (ClassEval_25_0.CookiesUtilTestSetCookies.test_set_cookies)
----------------------------------------------------------------------
Traceback (most recent call last):
  File "/Users/snigdhaghoshdastidar/Desktop/CS540/classeval_evaluation/ClassEval_25_0.py", line 179, in test_set_cookies
    self.cookies_util.set_cookies(request)
    ^^^^^^^^^^^^^^^^^^^^^^^^^^^^^
AttributeError: 'CookiesUtil' object has no attribute 'set_cookies'. Did you mean: 'get_cookies'?

----------------------------------------------------------------------
Ran 1 test in 0.001s

FAILED (errors=1)
.
----------------------------------------------------------------------
Ran 1 test in 0.001s

OK
EEEEE
======================================================================
ERROR: test_total_1 (ClassEval_33_0.DiscountStrategyTestTotal.test_total_1)
----------------------------------------------------------------------
Traceback (most recent call last):
  File "/Users/snigdhaghoshdastidar/Desktop/CS540/classeval_evaluation/ClassEval_33_0.py", line 11, in test_total_1
    order = DiscountStrategy(customer, cart)
            ^^^^^^^^^^^^^^^^
NameError: name 'DiscountStrategy' is not defined. Did you mean: 'DiscountStrategyTest'?

======================================================================
ERROR: test_total_2 (ClassEval_33_0.DiscountStrategyTestTotal.test_total_2)
----------------------------------------------------------------------
Traceback (most recent call last):
  File "/Users/snigdhaghoshdastidar/Desktop/CS540/classeval_evaluation/ClassEval_33_0.py", line 20, in test_total_2
    order = DiscountStrategy(customer, cart)
            ^^^^^^^^^^^^^^^^
NameError: name 'DiscountStrategy' is not defined. Did you mean: 'DiscountStrategyTest'?

======================================================================
ERROR: test_total_3 (ClassEval_33_0.DiscountStrategyTestTotal.test_total_3)
----------------------------------------------------------------------
Traceback (most recent call last):
  File "/Users/snigdhaghoshdastidar/Desktop/CS540/classeval_evaluation/ClassEval_33_0.py", line 29, in test_total_3
    order = DiscountStrategy(customer, cart)
            ^^^^^^^^^^^^^^^^
NameError: name 'DiscountStrategy' is not defined. Did you mean: 'DiscountStrategyTest'?

======================================================================
ERROR: test_total_4 (ClassEval_33_0.DiscountStrategyTestTotal.test_total_4)
----------------------------------------------------------------------
Traceback (most recent call last):
  File "/Users/snigdhaghoshdastidar/Desktop/CS540/classeval_evaluation/ClassEval_33_0.py", line 38, in test_total_4
    order = DiscountStrategy(customer, cart)
            ^^^^^^^^^^^^^^^^
NameError: name 'DiscountStrategy' is not defined. Did you mean: 'DiscountStrategyTest'?

======================================================================
ERROR: test_total_5 (ClassEval_33_0.DiscountStrategyTestTotal.test_total_5)
----------------------------------------------------------------------
Traceback (most recent call last):
  File "/Users/snigdhaghoshdastidar/Desktop/CS540/classeval_evaluation/ClassEval_33_0.py", line 46, in test_total_5
    order = DiscountStrategy(customer, cart)
            ^^^^^^^^^^^^^^^^
NameError: name 'DiscountStrategy' is not defined. Did you mean: 'DiscountStrategyTest'?

----------------------------------------------------------------------
Ran 5 tests in 0.015s

FAILED (errors=5)
EEEEE
======================================================================
ERROR: test_due_1 (ClassEval_33_0.DiscountStrategyTestDue.test_due_1)
----------------------------------------------------------------------
Traceback (most recent call last):
  File "/Users/snigdhaghoshdastidar/Desktop/CS540/classeval_evaluation/ClassEval_33_0.py", line 57, in test_due_1
    order = DiscountStrategy(customer, cart)
            ^^^^^^^^^^^^^^^^
NameError: name 'DiscountStrategy' is not defined. Did you mean: 'DiscountStrategyTest'?

======================================================================
ERROR: test_due_2 (ClassEval_33_0.DiscountStrategyTestDue.test_due_2)
----------------------------------------------------------------------
Traceback (most recent call last):
  File "/Users/snigdhaghoshdastidar/Desktop/CS540/classeval_evaluation/ClassEval_33_0.py", line 66, in test_due_2
    order = DiscountStrategy(customer, cart, DiscountStrategy.FidelityPromo)
            ^^^^^^^^^^^^^^^^
NameError: name 'DiscountStrategy' is not defined. Did you mean: 'DiscountStrategyTest'?

======================================================================
ERROR: test_due_3 (ClassEval_33_0.DiscountStrategyTestDue.test_due_3)
----------------------------------------------------------------------
Traceback (most recent call last):
  File "/Users/snigdhaghoshdastidar/Desktop/CS540/classeval_evaluation/ClassEval_33_0.py", line 75, in test_due_3
    order = DiscountStrategy(customer, cart, DiscountStrategy.BulkItemPromo)
            ^^^^^^^^^^^^^^^^
NameError: name 'DiscountStrategy' is not defined. Did you mean: 'DiscountStrategyTest'?

======================================================================
ERROR: test_due_4 (ClassEval_33_0.DiscountStrategyTestDue.test_due_4)
----------------------------------------------------------------------
Traceback (most recent call last):
  File "/Users/snigdhaghoshdastidar/Desktop/CS540/classeval_evaluation/ClassEval_33_0.py", line 83, in test_due_4
    order = DiscountStrategy(customer, cart, DiscountStrategy.LargeOrderPromo)
            ^^^^^^^^^^^^^^^^
NameError: name 'DiscountStrategy' is not defined. Did you mean: 'DiscountStrategyTest'?

======================================================================
ERROR: test_due_5 (ClassEval_33_0.DiscountStrategyTestDue.test_due_5)
----------------------------------------------------------------------
Traceback (most recent call last):
  File "/Users/snigdhaghoshdastidar/Desktop/CS540/classeval_evaluation/ClassEval_33_0.py", line 92, in test_due_5
    order = DiscountStrategy(customer, cart, DiscountStrategy.FidelityPromo)
            ^^^^^^^^^^^^^^^^
NameError: name 'DiscountStrategy' is not defined. Did you mean: 'DiscountStrategyTest'?

----------------------------------------------------------------------
Ran 5 tests in 0.013s

FAILED (errors=5)
EEEEE
======================================================================
ERROR: test_fidelity_promo_1 (ClassEval_33_0.DiscountStrategyTestFidelityPromo.test_fidelity_promo_1)
----------------------------------------------------------------------
Traceback (most recent call last):
  File "/Users/snigdhaghoshdastidar/Desktop/CS540/classeval_evaluation/ClassEval_33_0.py", line 103, in test_fidelity_promo_1
    order = DiscountStrategy(customer, cart, DiscountStrategy.FidelityPromo)
            ^^^^^^^^^^^^^^^^
NameError: name 'DiscountStrategy' is not defined. Did you mean: 'DiscountStrategyTest'?

======================================================================
ERROR: test_fidelity_promo_2 (ClassEval_33_0.DiscountStrategyTestFidelityPromo.test_fidelity_promo_2)
----------------------------------------------------------------------
Traceback (most recent call last):
  File "/Users/snigdhaghoshdastidar/Desktop/CS540/classeval_evaluation/ClassEval_33_0.py", line 112, in test_fidelity_promo_2
    order = DiscountStrategy(customer, cart, DiscountStrategy.FidelityPromo)
            ^^^^^^^^^^^^^^^^
NameError: name 'DiscountStrategy' is not defined. Did you mean: 'DiscountStrategyTest'?

======================================================================
ERROR: test_fidelity_promo_3 (ClassEval_33_0.DiscountStrategyTestFidelityPromo.test_fidelity_promo_3)
----------------------------------------------------------------------
Traceback (most recent call last):
  File "/Users/snigdhaghoshdastidar/Desktop/CS540/classeval_evaluation/ClassEval_33_0.py", line 121, in test_fidelity_promo_3
    order = DiscountStrategy(customer, cart, DiscountStrategy.FidelityPromo)
            ^^^^^^^^^^^^^^^^
NameError: name 'DiscountStrategy' is not defined. Did you mean: 'DiscountStrategyTest'?

======================================================================
ERROR: test_fidelity_promo_4 (ClassEval_33_0.DiscountStrategyTestFidelityPromo.test_fidelity_promo_4)
----------------------------------------------------------------------
Traceback (most recent call last):
  File "/Users/snigdhaghoshdastidar/Desktop/CS540/classeval_evaluation/ClassEval_33_0.py", line 130, in test_fidelity_promo_4
    order = DiscountStrategy(customer, cart, DiscountStrategy.FidelityPromo)
            ^^^^^^^^^^^^^^^^
NameError: name 'DiscountStrategy' is not defined. Did you mean: 'DiscountStrategyTest'?

======================================================================
ERROR: test_fidelity_promo_5 (ClassEval_33_0.DiscountStrategyTestFidelityPromo.test_fidelity_promo_5)
----------------------------------------------------------------------
Traceback (most recent call last):
  File "/Users/snigdhaghoshdastidar/Desktop/CS540/classeval_evaluation/ClassEval_33_0.py", line 139, in test_fidelity_promo_5
    order = DiscountStrategy(customer, cart, DiscountStrategy.FidelityPromo)
            ^^^^^^^^^^^^^^^^
NameError: name 'DiscountStrategy' is not defined. Did you mean: 'DiscountStrategyTest'?

----------------------------------------------------------------------
Ran 5 tests in 0.022s

FAILED (errors=5)
EEEEE
======================================================================
ERROR: test_bulk_item_promo_1 (ClassEval_33_0.DiscountStrategyTestBulkItemPromo.test_bulk_item_promo_1)
----------------------------------------------------------------------
Traceback (most recent call last):
  File "/Users/snigdhaghoshdastidar/Desktop/CS540/classeval_evaluation/ClassEval_33_0.py", line 150, in test_bulk_item_promo_1
    order = DiscountStrategy(customer, cart, DiscountStrategy.BulkItemPromo)
            ^^^^^^^^^^^^^^^^
NameError: name 'DiscountStrategy' is not defined. Did you mean: 'DiscountStrategyTest'?

======================================================================
ERROR: test_bulk_item_promo_2 (ClassEval_33_0.DiscountStrategyTestBulkItemPromo.test_bulk_item_promo_2)
----------------------------------------------------------------------
Traceback (most recent call last):
  File "/Users/snigdhaghoshdastidar/Desktop/CS540/classeval_evaluation/ClassEval_33_0.py", line 159, in test_bulk_item_promo_2
    order = DiscountStrategy(customer, cart, DiscountStrategy.BulkItemPromo)
            ^^^^^^^^^^^^^^^^
NameError: name 'DiscountStrategy' is not defined. Did you mean: 'DiscountStrategyTest'?

======================================================================
ERROR: test_bulk_item_promo_3 (ClassEval_33_0.DiscountStrategyTestBulkItemPromo.test_bulk_item_promo_3)
----------------------------------------------------------------------
Traceback (most recent call last):
  File "/Users/snigdhaghoshdastidar/Desktop/CS540/classeval_evaluation/ClassEval_33_0.py", line 168, in test_bulk_item_promo_3
    order = DiscountStrategy(customer, cart, DiscountStrategy.BulkItemPromo)
            ^^^^^^^^^^^^^^^^
NameError: name 'DiscountStrategy' is not defined. Did you mean: 'DiscountStrategyTest'?

======================================================================
ERROR: test_bulk_item_promo_4 (ClassEval_33_0.DiscountStrategyTestBulkItemPromo.test_bulk_item_promo_4)
----------------------------------------------------------------------
Traceback (most recent call last):
  File "/Users/snigdhaghoshdastidar/Desktop/CS540/classeval_evaluation/ClassEval_33_0.py", line 177, in test_bulk_item_promo_4
    order = DiscountStrategy(customer, cart, DiscountStrategy.BulkItemPromo)
            ^^^^^^^^^^^^^^^^
NameError: name 'DiscountStrategy' is not defined. Did you mean: 'DiscountStrategyTest'?

======================================================================
ERROR: test_bulk_item_promo_5 (ClassEval_33_0.DiscountStrategyTestBulkItemPromo.test_bulk_item_promo_5)
----------------------------------------------------------------------
Traceback (most recent call last):
  File "/Users/snigdhaghoshdastidar/Desktop/CS540/classeval_evaluation/ClassEval_33_0.py", line 186, in test_bulk_item_promo_5
    order = DiscountStrategy(customer, cart, DiscountStrategy.BulkItemPromo)
            ^^^^^^^^^^^^^^^^
NameError: name 'DiscountStrategy' is not defined. Did you mean: 'DiscountStrategyTest'?

----------------------------------------------------------------------
Ran 5 tests in 0.017s

FAILED (errors=5)
EEEEE
======================================================================
ERROR: test_large_order_promo_1 (ClassEval_33_0.DiscountStrategyTestLargeOrderPromo.test_large_order_promo_1)
----------------------------------------------------------------------
Traceback (most recent call last):
  File "/Users/snigdhaghoshdastidar/Desktop/CS540/classeval_evaluation/ClassEval_33_0.py", line 196, in test_large_order_promo_1
    order = DiscountStrategy(customer, cart, DiscountStrategy.LargeOrderPromo)
            ^^^^^^^^^^^^^^^^
NameError: name 'DiscountStrategy' is not defined. Did you mean: 'DiscountStrategyTest'?

======================================================================
ERROR: test_large_order_promo_2 (ClassEval_33_0.DiscountStrategyTestLargeOrderPromo.test_large_order_promo_2)
----------------------------------------------------------------------
Traceback (most recent call last):
  File "/Users/snigdhaghoshdastidar/Desktop/CS540/classeval_evaluation/ClassEval_33_0.py", line 204, in test_large_order_promo_2
    order = DiscountStrategy(customer, cart, DiscountStrategy.LargeOrderPromo)
            ^^^^^^^^^^^^^^^^
NameError: name 'DiscountStrategy' is not defined. Did you mean: 'DiscountStrategyTest'?

======================================================================
ERROR: test_large_order_promo_3 (ClassEval_33_0.DiscountStrategyTestLargeOrderPromo.test_large_order_promo_3)
----------------------------------------------------------------------
Traceback (most recent call last):
  File "/Users/snigdhaghoshdastidar/Desktop/CS540/classeval_evaluation/ClassEval_33_0.py", line 212, in test_large_order_promo_3
    order = DiscountStrategy(customer, cart, DiscountStrategy.LargeOrderPromo)
            ^^^^^^^^^^^^^^^^
NameError: name 'DiscountStrategy' is not defined. Did you mean: 'DiscountStrategyTest'?

======================================================================
ERROR: test_large_order_promo_4 (ClassEval_33_0.DiscountStrategyTestLargeOrderPromo.test_large_order_promo_4)
----------------------------------------------------------------------
Traceback (most recent call last):
  File "/Users/snigdhaghoshdastidar/Desktop/CS540/classeval_evaluation/ClassEval_33_0.py", line 220, in test_large_order_promo_4
    order = DiscountStrategy(customer, cart, DiscountStrategy.LargeOrderPromo)
            ^^^^^^^^^^^^^^^^
NameError: name 'DiscountStrategy' is not defined. Did you mean: 'DiscountStrategyTest'?

======================================================================
ERROR: test_large_order_promo_5 (ClassEval_33_0.DiscountStrategyTestLargeOrderPromo.test_large_order_promo_5)
----------------------------------------------------------------------
Traceback (most recent call last):
  File "/Users/snigdhaghoshdastidar/Desktop/CS540/classeval_evaluation/ClassEval_33_0.py", line 228, in test_large_order_promo_5
    order = DiscountStrategy(customer, cart, DiscountStrategy.LargeOrderPromo)
            ^^^^^^^^^^^^^^^^
NameError: name 'DiscountStrategy' is not defined. Did you mean: 'DiscountStrategyTest'?

----------------------------------------------------------------------
Ran 5 tests in 0.040s

FAILED (errors=5)
E
======================================================================
ERROR: test_DiscountStrategy (ClassEval_33_0.DiscountStrategyTest.test_DiscountStrategy)
----------------------------------------------------------------------
Traceback (most recent call last):
  File "/Users/snigdhaghoshdastidar/Desktop/CS540/classeval_evaluation/ClassEval_33_0.py", line 239, in test_DiscountStrategy
    order = DiscountStrategy(customer, cart)
            ^^^^^^^^^^^^^^^^
NameError: name 'DiscountStrategy' is not defined. Did you mean: 'DiscountStrategyTest'?

----------------------------------------------------------------------
Ran 1 test in 0.004s

FAILED (errors=1)
EEEEE
======================================================================
ERROR: test_send_to (ClassEval_36_0.EmailClientTestSendTo.test_send_to)
----------------------------------------------------------------------
Traceback (most recent call last):
  File "/Users/snigdhaghoshdastidar/Desktop/CS540/classeval_evaluation/ClassEval_36_0.py", line 7, in test_send_to
    sender = EmailClient('sender@example.com', 100)
             ^^^^^^^^^^^
NameError: name 'EmailClient' is not defined

======================================================================
ERROR: test_send_to_2 (ClassEval_36_0.EmailClientTestSendTo.test_send_to_2)
----------------------------------------------------------------------
Traceback (most recent call last):
  File "/Users/snigdhaghoshdastidar/Desktop/CS540/classeval_evaluation/ClassEval_36_0.py", line 14, in test_send_to_2
    sender = EmailClient('sender@example.com', 100)
             ^^^^^^^^^^^
NameError: name 'EmailClient' is not defined

======================================================================
ERROR: test_send_to_3 (ClassEval_36_0.EmailClientTestSendTo.test_send_to_3)
----------------------------------------------------------------------
Traceback (most recent call last):
  File "/Users/snigdhaghoshdastidar/Desktop/CS540/classeval_evaluation/ClassEval_36_0.py", line 19, in test_send_to_3
    sender = EmailClient('sender@example.com', 100)
             ^^^^^^^^^^^
NameError: name 'EmailClient' is not defined

======================================================================
ERROR: test_send_to_4 (ClassEval_36_0.EmailClientTestSendTo.test_send_to_4)
----------------------------------------------------------------------
Traceback (most recent call last):
  File "/Users/snigdhaghoshdastidar/Desktop/CS540/classeval_evaluation/ClassEval_36_0.py", line 27, in test_send_to_4
    sender = EmailClient('sender@example.com', 100)
             ^^^^^^^^^^^
NameError: name 'EmailClient' is not defined

======================================================================
ERROR: test_send_to_5 (ClassEval_36_0.EmailClientTestSendTo.test_send_to_5)
----------------------------------------------------------------------
Traceback (most recent call last):
  File "/Users/snigdhaghoshdastidar/Desktop/CS540/classeval_evaluation/ClassEval_36_0.py", line 34, in test_send_to_5
    sender = EmailClient('sender@example.com', 100)
             ^^^^^^^^^^^
NameError: name 'EmailClient' is not defined

----------------------------------------------------------------------
Ran 5 tests in 0.022s

FAILED (errors=5)
EEEEE
======================================================================
ERROR: test_fetch (ClassEval_36_0.EmailClientTestFetch.test_fetch)
----------------------------------------------------------------------
Traceback (most recent call last):
  File "/Users/snigdhaghoshdastidar/Desktop/CS540/classeval_evaluation/ClassEval_36_0.py", line 41, in test_fetch
    sender = EmailClient('sender@example.com', 100)
             ^^^^^^^^^^^
NameError: name 'EmailClient' is not defined

======================================================================
ERROR: test_fetch_2 (ClassEval_36_0.EmailClientTestFetch.test_fetch_2)
----------------------------------------------------------------------
Traceback (most recent call last):
  File "/Users/snigdhaghoshdastidar/Desktop/CS540/classeval_evaluation/ClassEval_36_0.py", line 50, in test_fetch_2
    sender = EmailClient('sender@example.com', 100)
             ^^^^^^^^^^^
NameError: name 'EmailClient' is not defined

======================================================================
ERROR: test_fetch_3 (ClassEval_36_0.EmailClientTestFetch.test_fetch_3)
----------------------------------------------------------------------
Traceback (most recent call last):
  File "/Users/snigdhaghoshdastidar/Desktop/CS540/classeval_evaluation/ClassEval_36_0.py", line 56, in test_fetch_3
    sender = EmailClient('sender@example.com', 100)
             ^^^^^^^^^^^
NameError: name 'EmailClient' is not defined

======================================================================
ERROR: test_fetch_4 (ClassEval_36_0.EmailClientTestFetch.test_fetch_4)
----------------------------------------------------------------------
Traceback (most recent call last):
  File "/Users/snigdhaghoshdastidar/Desktop/CS540/classeval_evaluation/ClassEval_36_0.py", line 65, in test_fetch_4
    sender = EmailClient('sender@example.com', 100)
             ^^^^^^^^^^^
NameError: name 'EmailClient' is not defined

======================================================================
ERROR: test_fetch_5 (ClassEval_36_0.EmailClientTestFetch.test_fetch_5)
----------------------------------------------------------------------
Traceback (most recent call last):
  File "/Users/snigdhaghoshdastidar/Desktop/CS540/classeval_evaluation/ClassEval_36_0.py", line 77, in test_fetch_5
    sender = EmailClient('sender@example.com', 100)
             ^^^^^^^^^^^
NameError: name 'EmailClient' is not defined

----------------------------------------------------------------------
Ran 5 tests in 0.020s

FAILED (errors=5)
EEEEE
======================================================================
ERROR: test_is_full_with_one_more_email (ClassEval_36_0.EmailClientTestIsFullWithOneMoreEmail.test_is_full_with_one_more_email)
----------------------------------------------------------------------
Traceback (most recent call last):
  File "/Users/snigdhaghoshdastidar/Desktop/CS540/classeval_evaluation/ClassEval_36_0.py", line 90, in test_is_full_with_one_more_email
    sender = EmailClient('sender@example.com', 100)
             ^^^^^^^^^^^
NameError: name 'EmailClient' is not defined

======================================================================
ERROR: test_is_full_with_one_more_email_2 (ClassEval_36_0.EmailClientTestIsFullWithOneMoreEmail.test_is_full_with_one_more_email_2)
----------------------------------------------------------------------
Traceback (most recent call last):
  File "/Users/snigdhaghoshdastidar/Desktop/CS540/classeval_evaluation/ClassEval_36_0.py", line 95, in test_is_full_with_one_more_email_2
    sender = EmailClient('sender@example.com', 100)
             ^^^^^^^^^^^
NameError: name 'EmailClient' is not defined

======================================================================
ERROR: test_is_full_with_one_more_email_3 (ClassEval_36_0.EmailClientTestIsFullWithOneMoreEmail.test_is_full_with_one_more_email_3)
----------------------------------------------------------------------
Traceback (most recent call last):
  File "/Users/snigdhaghoshdastidar/Desktop/CS540/classeval_evaluation/ClassEval_36_0.py", line 100, in test_is_full_with_one_more_email_3
    sender = EmailClient('sender@example.com', 100)
             ^^^^^^^^^^^
NameError: name 'EmailClient' is not defined

======================================================================
ERROR: test_is_full_with_one_more_email_4 (ClassEval_36_0.EmailClientTestIsFullWithOneMoreEmail.test_is_full_with_one_more_email_4)
----------------------------------------------------------------------
Traceback (most recent call last):
  File "/Users/snigdhaghoshdastidar/Desktop/CS540/classeval_evaluation/ClassEval_36_0.py", line 105, in test_is_full_with_one_more_email_4
    sender = EmailClient('sender@example.com', 100)
             ^^^^^^^^^^^
NameError: name 'EmailClient' is not defined

======================================================================
ERROR: test_is_full_with_one_more_email_5 (ClassEval_36_0.EmailClientTestIsFullWithOneMoreEmail.test_is_full_with_one_more_email_5)
----------------------------------------------------------------------
Traceback (most recent call last):
  File "/Users/snigdhaghoshdastidar/Desktop/CS540/classeval_evaluation/ClassEval_36_0.py", line 110, in test_is_full_with_one_more_email_5
    sender = EmailClient('sender@example.com', 100)
             ^^^^^^^^^^^
NameError: name 'EmailClient' is not defined

----------------------------------------------------------------------
Ran 5 tests in 0.020s

FAILED (errors=5)
EEEEE
======================================================================
ERROR: test_get_occupied_size (ClassEval_36_0.EmailClientTestGetOccupiedSize.test_get_occupied_size)
----------------------------------------------------------------------
Traceback (most recent call last):
  File "/Users/snigdhaghoshdastidar/Desktop/CS540/classeval_evaluation/ClassEval_36_0.py", line 116, in test_get_occupied_size
    sender = EmailClient('sender@example.com', 100)
             ^^^^^^^^^^^
NameError: name 'EmailClient' is not defined

======================================================================
ERROR: test_get_occupied_size_2 (ClassEval_36_0.EmailClientTestGetOccupiedSize.test_get_occupied_size_2)
----------------------------------------------------------------------
Traceback (most recent call last):
  File "/Users/snigdhaghoshdastidar/Desktop/CS540/classeval_evaluation/ClassEval_36_0.py", line 122, in test_get_occupied_size_2
    sender = EmailClient('sender@example.com', 100)
             ^^^^^^^^^^^
NameError: name 'EmailClient' is not defined

======================================================================
ERROR: test_get_occupied_size_3 (ClassEval_36_0.EmailClientTestGetOccupiedSize.test_get_occupied_size_3)
----------------------------------------------------------------------
Traceback (most recent call last):
  File "/Users/snigdhaghoshdastidar/Desktop/CS540/classeval_evaluation/ClassEval_36_0.py", line 128, in test_get_occupied_size_3
    sender = EmailClient('sender@example.com', 100)
             ^^^^^^^^^^^
NameError: name 'EmailClient' is not defined

======================================================================
ERROR: test_get_occupied_size_4 (ClassEval_36_0.EmailClientTestGetOccupiedSize.test_get_occupied_size_4)
----------------------------------------------------------------------
Traceback (most recent call last):
  File "/Users/snigdhaghoshdastidar/Desktop/CS540/classeval_evaluation/ClassEval_36_0.py", line 136, in test_get_occupied_size_4
    sender = EmailClient('sender@example.com', 100)
             ^^^^^^^^^^^
NameError: name 'EmailClient' is not defined

======================================================================
ERROR: test_get_occupied_size_5 (ClassEval_36_0.EmailClientTestGetOccupiedSize.test_get_occupied_size_5)
----------------------------------------------------------------------
Traceback (most recent call last):
  File "/Users/snigdhaghoshdastidar/Desktop/CS540/classeval_evaluation/ClassEval_36_0.py", line 146, in test_get_occupied_size_5
    sender = EmailClient('sender@example.com', 100)
             ^^^^^^^^^^^
NameError: name 'EmailClient' is not defined

----------------------------------------------------------------------
Ran 5 tests in 0.023s

FAILED (errors=5)
EEEEE
======================================================================
ERROR: test_clear_inbox (ClassEval_36_0.EmailClientTestClearInbox.test_clear_inbox)
----------------------------------------------------------------------
Traceback (most recent call last):
  File "/Users/snigdhaghoshdastidar/Desktop/CS540/classeval_evaluation/ClassEval_36_0.py", line 157, in test_clear_inbox
    sender = EmailClient('sender@example.com', 100)
             ^^^^^^^^^^^
NameError: name 'EmailClient' is not defined

======================================================================
ERROR: test_clear_inbox_2 (ClassEval_36_0.EmailClientTestClearInbox.test_clear_inbox_2)
----------------------------------------------------------------------
Traceback (most recent call last):
  File "/Users/snigdhaghoshdastidar/Desktop/CS540/classeval_evaluation/ClassEval_36_0.py", line 164, in test_clear_inbox_2
    sender = EmailClient('sender@example.com', 100)
             ^^^^^^^^^^^
NameError: name 'EmailClient' is not defined

======================================================================
ERROR: test_clear_inbox_3 (ClassEval_36_0.EmailClientTestClearInbox.test_clear_inbox_3)
----------------------------------------------------------------------
Traceback (most recent call last):
  File "/Users/snigdhaghoshdastidar/Desktop/CS540/classeval_evaluation/ClassEval_36_0.py", line 171, in test_clear_inbox_3
    sender = EmailClient('sender@example.com', 100)
             ^^^^^^^^^^^
NameError: name 'EmailClient' is not defined

======================================================================
ERROR: test_clear_inbox_4 (ClassEval_36_0.EmailClientTestClearInbox.test_clear_inbox_4)
----------------------------------------------------------------------
Traceback (most recent call last):
  File "/Users/snigdhaghoshdastidar/Desktop/CS540/classeval_evaluation/ClassEval_36_0.py", line 177, in test_clear_inbox_4
    sender = EmailClient('sender@example.com', 100)
             ^^^^^^^^^^^
NameError: name 'EmailClient' is not defined

======================================================================
ERROR: test_clear_inbox_5 (ClassEval_36_0.EmailClientTestClearInbox.test_clear_inbox_5)
----------------------------------------------------------------------
Traceback (most recent call last):
  File "/Users/snigdhaghoshdastidar/Desktop/CS540/classeval_evaluation/ClassEval_36_0.py", line 183, in test_clear_inbox_5
    sender = EmailClient('sender@example.com', 100)
             ^^^^^^^^^^^
NameError: name 'EmailClient' is not defined

----------------------------------------------------------------------
Ran 5 tests in 0.022s

FAILED (errors=5)
E
======================================================================
ERROR: test_main (ClassEval_36_0.EmailClientTestMain.test_main)
----------------------------------------------------------------------
Traceback (most recent call last):
  File "/Users/snigdhaghoshdastidar/Desktop/CS540/classeval_evaluation/ClassEval_36_0.py", line 194, in test_main
    sender = EmailClient('sender@example.com', 100)
             ^^^^^^^^^^^
NameError: name 'EmailClient' is not defined

----------------------------------------------------------------------
Ran 1 test in 0.005s

FAILED (errors=1)
EEEEE
======================================================================
ERROR: test_get_BMI (ClassEval_40_0.FitnessTrackerTestGetBMI.test_get_BMI)
----------------------------------------------------------------------
Traceback (most recent call last):
  File "/Users/snigdhaghoshdastidar/Desktop/CS540/classeval_evaluation/ClassEval_40_0.py", line 8, in test_get_BMI
    fitnessTracker = FitnessTracker(1.8, 70, 20, "male")
                     ^^^^^^^^^^^^^^
NameError: name 'FitnessTracker' is not defined

======================================================================
ERROR: test_get_BMI_2 (ClassEval_40_0.FitnessTrackerTestGetBMI.test_get_BMI_2)
----------------------------------------------------------------------
Traceback (most recent call last):
  File "/Users/snigdhaghoshdastidar/Desktop/CS540/classeval_evaluation/ClassEval_40_0.py", line 12, in test_get_BMI_2
    fitnessTracker = FitnessTracker(1.8, 50, 20, "male")
                     ^^^^^^^^^^^^^^
NameError: name 'FitnessTracker' is not defined

======================================================================
ERROR: test_get_BMI_3 (ClassEval_40_0.FitnessTrackerTestGetBMI.test_get_BMI_3)
----------------------------------------------------------------------
Traceback (most recent call last):
  File "/Users/snigdhaghoshdastidar/Desktop/CS540/classeval_evaluation/ClassEval_40_0.py", line 16, in test_get_BMI_3
    fitnessTracker = FitnessTracker(1.72, 53, 20, "male")
                     ^^^^^^^^^^^^^^
NameError: name 'FitnessTracker' is not defined

======================================================================
ERROR: test_get_BMI_4 (ClassEval_40_0.FitnessTrackerTestGetBMI.test_get_BMI_4)
----------------------------------------------------------------------
Traceback (most recent call last):
  File "/Users/snigdhaghoshdastidar/Desktop/CS540/classeval_evaluation/ClassEval_40_0.py", line 20, in test_get_BMI_4
    fitnessTracker = FitnessTracker(1.72, 60, 20, "male")
                     ^^^^^^^^^^^^^^
NameError: name 'FitnessTracker' is not defined

======================================================================
ERROR: test_get_BMI_5 (ClassEval_40_0.FitnessTrackerTestGetBMI.test_get_BMI_5)
----------------------------------------------------------------------
Traceback (most recent call last):
  File "/Users/snigdhaghoshdastidar/Desktop/CS540/classeval_evaluation/ClassEval_40_0.py", line 24, in test_get_BMI_5
    fitnessTracker = FitnessTracker(1.72, 65, 20, "male")
                     ^^^^^^^^^^^^^^
NameError: name 'FitnessTracker' is not defined

----------------------------------------------------------------------
Ran 5 tests in 0.034s

FAILED (errors=5)
EEEEE
======================================================================
ERROR: test_condition_judge (ClassEval_40_0.FitnessTrackerTestConditionJudge.test_condition_judge)
----------------------------------------------------------------------
Traceback (most recent call last):
  File "/Users/snigdhaghoshdastidar/Desktop/CS540/classeval_evaluation/ClassEval_40_0.py", line 30, in test_condition_judge
    fitnessTracker = FitnessTracker(1.8, 45, 20, "female")
                     ^^^^^^^^^^^^^^
NameError: name 'FitnessTracker' is not defined

======================================================================
ERROR: test_condition_judge_2 (ClassEval_40_0.FitnessTrackerTestConditionJudge.test_condition_judge_2)
----------------------------------------------------------------------
Traceback (most recent call last):
  File "/Users/snigdhaghoshdastidar/Desktop/CS540/classeval_evaluation/ClassEval_40_0.py", line 34, in test_condition_judge_2
    fitnessTracker = FitnessTracker(1.72, 80, 22, "female")
                     ^^^^^^^^^^^^^^
NameError: name 'FitnessTracker' is not defined

======================================================================
ERROR: test_condition_judge_3 (ClassEval_40_0.FitnessTrackerTestConditionJudge.test_condition_judge_3)
----------------------------------------------------------------------
Traceback (most recent call last):
  File "/Users/snigdhaghoshdastidar/Desktop/CS540/classeval_evaluation/ClassEval_40_0.py", line 38, in test_condition_judge_3
    fitnessTracker = FitnessTracker(1.72, 53, 22, "male")
                     ^^^^^^^^^^^^^^
NameError: name 'FitnessTracker' is not defined

======================================================================
ERROR: test_condition_judge_4 (ClassEval_40_0.FitnessTrackerTestConditionJudge.test_condition_judge_4)
----------------------------------------------------------------------
Traceback (most recent call last):
  File "/Users/snigdhaghoshdastidar/Desktop/CS540/classeval_evaluation/ClassEval_40_0.py", line 42, in test_condition_judge_4
    fitnessTracker = FitnessTracker(1.72, 60, 22, "male")
                     ^^^^^^^^^^^^^^
NameError: name 'FitnessTracker' is not defined

======================================================================
ERROR: test_condition_judge_5 (ClassEval_40_0.FitnessTrackerTestConditionJudge.test_condition_judge_5)
----------------------------------------------------------------------
Traceback (most recent call last):
  File "/Users/snigdhaghoshdastidar/Desktop/CS540/classeval_evaluation/ClassEval_40_0.py", line 46, in test_condition_judge_5
    fitnessTracker = FitnessTracker(1.72, 75, 22, "male")
                     ^^^^^^^^^^^^^^
NameError: name 'FitnessTracker' is not defined

----------------------------------------------------------------------
Ran 5 tests in 0.031s

FAILED (errors=5)
EEEEE
======================================================================
ERROR: test_calculate_calorie_intake (ClassEval_40_0.FitnessTrackerTestCaculateCalorieIntake.test_calculate_calorie_intake)
----------------------------------------------------------------------
Traceback (most recent call last):
  File "/Users/snigdhaghoshdastidar/Desktop/CS540/classeval_evaluation/ClassEval_40_0.py", line 52, in test_calculate_calorie_intake
    fitnessTracker = FitnessTracker(1.8, 70, 20, "female")
                     ^^^^^^^^^^^^^^
NameError: name 'FitnessTracker' is not defined

======================================================================
ERROR: test_calculate_calorie_intake_2 (ClassEval_40_0.FitnessTrackerTestCaculateCalorieIntake.test_calculate_calorie_intake_2)
----------------------------------------------------------------------
Traceback (most recent call last):
  File "/Users/snigdhaghoshdastidar/Desktop/CS540/classeval_evaluation/ClassEval_40_0.py", line 56, in test_calculate_calorie_intake_2
    fitnessTracker = FitnessTracker(1.72, 80, 22, "female")
                     ^^^^^^^^^^^^^^
NameError: name 'FitnessTracker' is not defined

======================================================================
ERROR: test_calculate_calorie_intake_3 (ClassEval_40_0.FitnessTrackerTestCaculateCalorieIntake.test_calculate_calorie_intake_3)
----------------------------------------------------------------------
Traceback (most recent call last):
  File "/Users/snigdhaghoshdastidar/Desktop/CS540/classeval_evaluation/ClassEval_40_0.py", line 60, in test_calculate_calorie_intake_3
    fitnessTracker = FitnessTracker(1.72, 53, 22, "male")
                     ^^^^^^^^^^^^^^
NameError: name 'FitnessTracker' is not defined

======================================================================
ERROR: test_calculate_calorie_intake_4 (ClassEval_40_0.FitnessTrackerTestCaculateCalorieIntake.test_calculate_calorie_intake_4)
----------------------------------------------------------------------
Traceback (most recent call last):
  File "/Users/snigdhaghoshdastidar/Desktop/CS540/classeval_evaluation/ClassEval_40_0.py", line 64, in test_calculate_calorie_intake_4
    fitnessTracker = FitnessTracker(1.72, 60, 22, "male")
                     ^^^^^^^^^^^^^^
NameError: name 'FitnessTracker' is not defined

======================================================================
ERROR: test_calculate_calorie_intake_5 (ClassEval_40_0.FitnessTrackerTestCaculateCalorieIntake.test_calculate_calorie_intake_5)
----------------------------------------------------------------------
Traceback (most recent call last):
  File "/Users/snigdhaghoshdastidar/Desktop/CS540/classeval_evaluation/ClassEval_40_0.py", line 68, in test_calculate_calorie_intake_5
    fitnessTracker = FitnessTracker(1.72, 75, 22, "male")
                     ^^^^^^^^^^^^^^
NameError: name 'FitnessTracker' is not defined

----------------------------------------------------------------------
Ran 5 tests in 0.031s

FAILED (errors=5)
E
======================================================================
ERROR: test_main (ClassEval_40_0.FitnessTrackerTestMain.test_main)
----------------------------------------------------------------------
Traceback (most recent call last):
  File "/Users/snigdhaghoshdastidar/Desktop/CS540/classeval_evaluation/ClassEval_40_0.py", line 74, in test_main
    fitnessTracker = FitnessTracker(1.8, 70, 20, "male")
                     ^^^^^^^^^^^^^^
NameError: name 'FitnessTracker' is not defined

----------------------------------------------------------------------
Ran 1 test in 0.006s

FAILED (errors=1)
EEEEE
======================================================================
ERROR: test_post_job (ClassEval_49_0.JobMarketplaceTestPostJob.test_post_job)
----------------------------------------------------------------------
Traceback (most recent call last):
  File "/Users/snigdhaghoshdastidar/Desktop/CS540/classeval_evaluation/ClassEval_49_0.py", line 6, in test_post_job
    jobMarketplace = JobMarketplace()
                     ^^^^^^^^^^^^^^
NameError: name 'JobMarketplace' is not defined

======================================================================
ERROR: test_post_job_2 (ClassEval_49_0.JobMarketplaceTestPostJob.test_post_job_2)
----------------------------------------------------------------------
Traceback (most recent call last):
  File "/Users/snigdhaghoshdastidar/Desktop/CS540/classeval_evaluation/ClassEval_49_0.py", line 11, in test_post_job_2
    jobMarketplace = JobMarketplace()
                     ^^^^^^^^^^^^^^
NameError: name 'JobMarketplace' is not defined

======================================================================
ERROR: test_post_job_3 (ClassEval_49_0.JobMarketplaceTestPostJob.test_post_job_3)
----------------------------------------------------------------------
Traceback (most recent call last):
  File "/Users/snigdhaghoshdastidar/Desktop/CS540/classeval_evaluation/ClassEval_49_0.py", line 16, in test_post_job_3
    jobMarketplace = JobMarketplace()
                     ^^^^^^^^^^^^^^
NameError: name 'JobMarketplace' is not defined

======================================================================
ERROR: test_post_job_4 (ClassEval_49_0.JobMarketplaceTestPostJob.test_post_job_4)
----------------------------------------------------------------------
Traceback (most recent call last):
  File "/Users/snigdhaghoshdastidar/Desktop/CS540/classeval_evaluation/ClassEval_49_0.py", line 22, in test_post_job_4
    jobMarketplace = JobMarketplace()
                     ^^^^^^^^^^^^^^
NameError: name 'JobMarketplace' is not defined

======================================================================
ERROR: test_post_job_5 (ClassEval_49_0.JobMarketplaceTestPostJob.test_post_job_5)
----------------------------------------------------------------------
Traceback (most recent call last):
  File "/Users/snigdhaghoshdastidar/Desktop/CS540/classeval_evaluation/ClassEval_49_0.py", line 29, in test_post_job_5
    jobMarketplace = JobMarketplace()
                     ^^^^^^^^^^^^^^
NameError: name 'JobMarketplace' is not defined

----------------------------------------------------------------------
Ran 5 tests in 0.030s

FAILED (errors=5)
EEEEE
======================================================================
ERROR: test_remove_job (ClassEval_49_0.JobMarketplaceTestRemoveJob.test_remove_job)
----------------------------------------------------------------------
Traceback (most recent call last):
  File "/Users/snigdhaghoshdastidar/Desktop/CS540/classeval_evaluation/ClassEval_49_0.py", line 38, in test_remove_job
    jobMarketplace = JobMarketplace()
                     ^^^^^^^^^^^^^^
NameError: name 'JobMarketplace' is not defined

======================================================================
ERROR: test_remove_job_2 (ClassEval_49_0.JobMarketplaceTestRemoveJob.test_remove_job_2)
----------------------------------------------------------------------
Traceback (most recent call last):
  File "/Users/snigdhaghoshdastidar/Desktop/CS540/classeval_evaluation/ClassEval_49_0.py", line 44, in test_remove_job_2
    jobMarketplace = JobMarketplace()
                     ^^^^^^^^^^^^^^
NameError: name 'JobMarketplace' is not defined

======================================================================
ERROR: test_remove_job_3 (ClassEval_49_0.JobMarketplaceTestRemoveJob.test_remove_job_3)
----------------------------------------------------------------------
Traceback (most recent call last):
  File "/Users/snigdhaghoshdastidar/Desktop/CS540/classeval_evaluation/ClassEval_49_0.py", line 50, in test_remove_job_3
    jobMarketplace = JobMarketplace()
                     ^^^^^^^^^^^^^^
NameError: name 'JobMarketplace' is not defined

======================================================================
ERROR: test_remove_job_4 (ClassEval_49_0.JobMarketplaceTestRemoveJob.test_remove_job_4)
----------------------------------------------------------------------
Traceback (most recent call last):
  File "/Users/snigdhaghoshdastidar/Desktop/CS540/classeval_evaluation/ClassEval_49_0.py", line 57, in test_remove_job_4
    jobMarketplace = JobMarketplace()
                     ^^^^^^^^^^^^^^
NameError: name 'JobMarketplace' is not defined

======================================================================
ERROR: test_remove_job_5 (ClassEval_49_0.JobMarketplaceTestRemoveJob.test_remove_job_5)
----------------------------------------------------------------------
Traceback (most recent call last):
  File "/Users/snigdhaghoshdastidar/Desktop/CS540/classeval_evaluation/ClassEval_49_0.py", line 64, in test_remove_job_5
    jobMarketplace = JobMarketplace()
                     ^^^^^^^^^^^^^^
NameError: name 'JobMarketplace' is not defined

----------------------------------------------------------------------
Ran 5 tests in 0.028s

FAILED (errors=5)
EEEEE
======================================================================
ERROR: test_submit_resume (ClassEval_49_0.JobMarketplaceTestSubmitResume.test_submit_resume)
----------------------------------------------------------------------
Traceback (most recent call last):
  File "/Users/snigdhaghoshdastidar/Desktop/CS540/classeval_evaluation/ClassEval_49_0.py", line 76, in test_submit_resume
    jobMarketplace = JobMarketplace()
                     ^^^^^^^^^^^^^^
NameError: name 'JobMarketplace' is not defined

======================================================================
ERROR: test_submit_resume_2 (ClassEval_49_0.JobMarketplaceTestSubmitResume.test_submit_resume_2)
----------------------------------------------------------------------
Traceback (most recent call last):
  File "/Users/snigdhaghoshdastidar/Desktop/CS540/classeval_evaluation/ClassEval_49_0.py", line 81, in test_submit_resume_2
    jobMarketplace = JobMarketplace()
                     ^^^^^^^^^^^^^^
NameError: name 'JobMarketplace' is not defined

======================================================================
ERROR: test_submit_resume_3 (ClassEval_49_0.JobMarketplaceTestSubmitResume.test_submit_resume_3)
----------------------------------------------------------------------
Traceback (most recent call last):
  File "/Users/snigdhaghoshdastidar/Desktop/CS540/classeval_evaluation/ClassEval_49_0.py", line 87, in test_submit_resume_3
    jobMarketplace = JobMarketplace()
                     ^^^^^^^^^^^^^^
NameError: name 'JobMarketplace' is not defined

======================================================================
ERROR: test_submit_resume_4 (ClassEval_49_0.JobMarketplaceTestSubmitResume.test_submit_resume_4)
----------------------------------------------------------------------
Traceback (most recent call last):
  File "/Users/snigdhaghoshdastidar/Desktop/CS540/classeval_evaluation/ClassEval_49_0.py", line 94, in test_submit_resume_4
    jobMarketplace = JobMarketplace()
                     ^^^^^^^^^^^^^^
NameError: name 'JobMarketplace' is not defined

======================================================================
ERROR: test_submit_resume_5 (ClassEval_49_0.JobMarketplaceTestSubmitResume.test_submit_resume_5)
----------------------------------------------------------------------
Traceback (most recent call last):
  File "/Users/snigdhaghoshdastidar/Desktop/CS540/classeval_evaluation/ClassEval_49_0.py", line 102, in test_submit_resume_5
    jobMarketplace = JobMarketplace()
                     ^^^^^^^^^^^^^^
NameError: name 'JobMarketplace' is not defined

----------------------------------------------------------------------
Ran 5 tests in 0.028s

FAILED (errors=5)
EEEEE
======================================================================
ERROR: test_withdraw_resume (ClassEval_49_0.JobMarketplaceTestWithdrawResume.test_withdraw_resume)
----------------------------------------------------------------------
Traceback (most recent call last):
  File "/Users/snigdhaghoshdastidar/Desktop/CS540/classeval_evaluation/ClassEval_49_0.py", line 113, in test_withdraw_resume
    jobMarketplace = JobMarketplace()
                     ^^^^^^^^^^^^^^
NameError: name 'JobMarketplace' is not defined

======================================================================
ERROR: test_withdraw_resume_2 (ClassEval_49_0.JobMarketplaceTestWithdrawResume.test_withdraw_resume_2)
----------------------------------------------------------------------
Traceback (most recent call last):
  File "/Users/snigdhaghoshdastidar/Desktop/CS540/classeval_evaluation/ClassEval_49_0.py", line 119, in test_withdraw_resume_2
    jobMarketplace = JobMarketplace()
                     ^^^^^^^^^^^^^^
NameError: name 'JobMarketplace' is not defined

======================================================================
ERROR: test_withdraw_resume_3 (ClassEval_49_0.JobMarketplaceTestWithdrawResume.test_withdraw_resume_3)
----------------------------------------------------------------------
Traceback (most recent call last):
  File "/Users/snigdhaghoshdastidar/Desktop/CS540/classeval_evaluation/ClassEval_49_0.py", line 125, in test_withdraw_resume_3
    jobMarketplace = JobMarketplace()
                     ^^^^^^^^^^^^^^
NameError: name 'JobMarketplace' is not defined

======================================================================
ERROR: test_withdraw_resume_4 (ClassEval_49_0.JobMarketplaceTestWithdrawResume.test_withdraw_resume_4)
----------------------------------------------------------------------
Traceback (most recent call last):
  File "/Users/snigdhaghoshdastidar/Desktop/CS540/classeval_evaluation/ClassEval_49_0.py", line 132, in test_withdraw_resume_4
    jobMarketplace = JobMarketplace()
                     ^^^^^^^^^^^^^^
NameError: name 'JobMarketplace' is not defined

======================================================================
ERROR: test_withdraw_resume_5 (ClassEval_49_0.JobMarketplaceTestWithdrawResume.test_withdraw_resume_5)
----------------------------------------------------------------------
Traceback (most recent call last):
  File "/Users/snigdhaghoshdastidar/Desktop/CS540/classeval_evaluation/ClassEval_49_0.py", line 139, in test_withdraw_resume_5
    jobMarketplace = JobMarketplace()
                     ^^^^^^^^^^^^^^
NameError: name 'JobMarketplace' is not defined

----------------------------------------------------------------------
Ran 5 tests in 0.028s

FAILED (errors=5)
EEEEE
======================================================================
ERROR: test_search_jobs (ClassEval_49_0.JobMarketplaceTestSearchJobs.test_search_jobs)
----------------------------------------------------------------------
Traceback (most recent call last):
  File "/Users/snigdhaghoshdastidar/Desktop/CS540/classeval_evaluation/ClassEval_49_0.py", line 146, in test_search_jobs
    jobMarketplace = JobMarketplace()
                     ^^^^^^^^^^^^^^
NameError: name 'JobMarketplace' is not defined

======================================================================
ERROR: test_search_jobs_2 (ClassEval_49_0.JobMarketplaceTestSearchJobs.test_search_jobs_2)
----------------------------------------------------------------------
Traceback (most recent call last):
  File "/Users/snigdhaghoshdastidar/Desktop/CS540/classeval_evaluation/ClassEval_49_0.py", line 151, in test_search_jobs_2
    jobMarketplace = JobMarketplace()
                     ^^^^^^^^^^^^^^
NameError: name 'JobMarketplace' is not defined

======================================================================
ERROR: test_search_jobs_3 (ClassEval_49_0.JobMarketplaceTestSearchJobs.test_search_jobs_3)
----------------------------------------------------------------------
Traceback (most recent call last):
  File "/Users/snigdhaghoshdastidar/Desktop/CS540/classeval_evaluation/ClassEval_49_0.py", line 156, in test_search_jobs_3
    jobMarketplace = JobMarketplace()
                     ^^^^^^^^^^^^^^
NameError: name 'JobMarketplace' is not defined

======================================================================
ERROR: test_search_jobs_4 (ClassEval_49_0.JobMarketplaceTestSearchJobs.test_search_jobs_4)
----------------------------------------------------------------------
Traceback (most recent call last):
  File "/Users/snigdhaghoshdastidar/Desktop/CS540/classeval_evaluation/ClassEval_49_0.py", line 161, in test_search_jobs_4
    jobMarketplace = JobMarketplace()
                     ^^^^^^^^^^^^^^
NameError: name 'JobMarketplace' is not defined

======================================================================
ERROR: test_search_jobs_5 (ClassEval_49_0.JobMarketplaceTestSearchJobs.test_search_jobs_5)
----------------------------------------------------------------------
Traceback (most recent call last):
  File "/Users/snigdhaghoshdastidar/Desktop/CS540/classeval_evaluation/ClassEval_49_0.py", line 166, in test_search_jobs_5
    jobMarketplace = JobMarketplace()
                     ^^^^^^^^^^^^^^
NameError: name 'JobMarketplace' is not defined

----------------------------------------------------------------------
Ran 5 tests in 0.030s

FAILED (errors=5)
EEEEE
======================================================================
ERROR: test_get_job_applicants (ClassEval_49_0.JobMarketplaceTestGetJobApplicants.test_get_job_applicants)
----------------------------------------------------------------------
Traceback (most recent call last):
  File "/Users/snigdhaghoshdastidar/Desktop/CS540/classeval_evaluation/ClassEval_49_0.py", line 172, in test_get_job_applicants
    jobMarketplace = JobMarketplace()
                     ^^^^^^^^^^^^^^
NameError: name 'JobMarketplace' is not defined

======================================================================
ERROR: test_get_job_applicants_2 (ClassEval_49_0.JobMarketplaceTestGetJobApplicants.test_get_job_applicants_2)
----------------------------------------------------------------------
Traceback (most recent call last):
  File "/Users/snigdhaghoshdastidar/Desktop/CS540/classeval_evaluation/ClassEval_49_0.py", line 178, in test_get_job_applicants_2
    jobMarketplace = JobMarketplace()
                     ^^^^^^^^^^^^^^
NameError: name 'JobMarketplace' is not defined

======================================================================
ERROR: test_get_job_applicants_3 (ClassEval_49_0.JobMarketplaceTestGetJobApplicants.test_get_job_applicants_3)
----------------------------------------------------------------------
Traceback (most recent call last):
  File "/Users/snigdhaghoshdastidar/Desktop/CS540/classeval_evaluation/ClassEval_49_0.py", line 184, in test_get_job_applicants_3
    jobMarketplace = JobMarketplace()
                     ^^^^^^^^^^^^^^
NameError: name 'JobMarketplace' is not defined

======================================================================
ERROR: test_get_job_applicants_4 (ClassEval_49_0.JobMarketplaceTestGetJobApplicants.test_get_job_applicants_4)
----------------------------------------------------------------------
Traceback (most recent call last):
  File "/Users/snigdhaghoshdastidar/Desktop/CS540/classeval_evaluation/ClassEval_49_0.py", line 190, in test_get_job_applicants_4
    jobMarketplace = JobMarketplace()
                     ^^^^^^^^^^^^^^
NameError: name 'JobMarketplace' is not defined

======================================================================
ERROR: test_get_job_applicants_5 (ClassEval_49_0.JobMarketplaceTestGetJobApplicants.test_get_job_applicants_5)
----------------------------------------------------------------------
Traceback (most recent call last):
  File "/Users/snigdhaghoshdastidar/Desktop/CS540/classeval_evaluation/ClassEval_49_0.py", line 196, in test_get_job_applicants_5
    jobMarketplace = JobMarketplace()
                     ^^^^^^^^^^^^^^
NameError: name 'JobMarketplace' is not defined

----------------------------------------------------------------------
Ran 5 tests in 0.031s

FAILED (errors=5)
EEEEE
======================================================================
ERROR: test_matches_requirements (ClassEval_49_0.JobMarketplaceTestMatchesRequirements.test_matches_requirements)
----------------------------------------------------------------------
Traceback (most recent call last):
  File "/Users/snigdhaghoshdastidar/Desktop/CS540/classeval_evaluation/ClassEval_49_0.py", line 203, in test_matches_requirements
    jobMarketplace = JobMarketplace()
                     ^^^^^^^^^^^^^^
NameError: name 'JobMarketplace' is not defined

======================================================================
ERROR: test_matches_requirements_2 (ClassEval_49_0.JobMarketplaceTestMatchesRequirements.test_matches_requirements_2)
----------------------------------------------------------------------
Traceback (most recent call last):
  File "/Users/snigdhaghoshdastidar/Desktop/CS540/classeval_evaluation/ClassEval_49_0.py", line 207, in test_matches_requirements_2
    jobMarketplace = JobMarketplace()
                     ^^^^^^^^^^^^^^
NameError: name 'JobMarketplace' is not defined

======================================================================
ERROR: test_matches_requirements_3 (ClassEval_49_0.JobMarketplaceTestMatchesRequirements.test_matches_requirements_3)
----------------------------------------------------------------------
Traceback (most recent call last):
  File "/Users/snigdhaghoshdastidar/Desktop/CS540/classeval_evaluation/ClassEval_49_0.py", line 211, in test_matches_requirements_3
    jobMarketplace = JobMarketplace()
                     ^^^^^^^^^^^^^^
NameError: name 'JobMarketplace' is not defined

======================================================================
ERROR: test_matches_requirements_4 (ClassEval_49_0.JobMarketplaceTestMatchesRequirements.test_matches_requirements_4)
----------------------------------------------------------------------
Traceback (most recent call last):
  File "/Users/snigdhaghoshdastidar/Desktop/CS540/classeval_evaluation/ClassEval_49_0.py", line 215, in test_matches_requirements_4
    jobMarketplace = JobMarketplace()
                     ^^^^^^^^^^^^^^
NameError: name 'JobMarketplace' is not defined

======================================================================
ERROR: test_matches_requirements_5 (ClassEval_49_0.JobMarketplaceTestMatchesRequirements.test_matches_requirements_5)
----------------------------------------------------------------------
Traceback (most recent call last):
  File "/Users/snigdhaghoshdastidar/Desktop/CS540/classeval_evaluation/ClassEval_49_0.py", line 219, in test_matches_requirements_5
    jobMarketplace = JobMarketplace()
                     ^^^^^^^^^^^^^^
NameError: name 'JobMarketplace' is not defined

----------------------------------------------------------------------
Ran 5 tests in 0.027s

FAILED (errors=5)
E
======================================================================
ERROR: test_main (ClassEval_49_0.JobMarketplaceTestMain.test_main)
----------------------------------------------------------------------
Traceback (most recent call last):
  File "/Users/snigdhaghoshdastidar/Desktop/CS540/classeval_evaluation/ClassEval_49_0.py", line 224, in test_main
    jobMarketplace = JobMarketplace()
                     ^^^^^^^^^^^^^^
NameError: name 'JobMarketplace' is not defined

----------------------------------------------------------------------
Ran 1 test in 0.005s

FAILED (errors=1)
EEEEE
======================================================================
ERROR: test_add_movie_1 (ClassEval_59_0.MovieBookingSystemTestAddMovie.test_add_movie_1)
----------------------------------------------------------------------
Traceback (most recent call last):
  File "/Users/snigdhaghoshdastidar/Desktop/CS540/classeval_evaluation/ClassEval_59_0.py", line 9, in setUp
    self.system = MovieBookingSystem()
                  ^^^^^^^^^^^^^^^^^^
NameError: name 'MovieBookingSystem' is not defined

======================================================================
ERROR: test_add_movie_2 (ClassEval_59_0.MovieBookingSystemTestAddMovie.test_add_movie_2)
----------------------------------------------------------------------
Traceback (most recent call last):
  File "/Users/snigdhaghoshdastidar/Desktop/CS540/classeval_evaluation/ClassEval_59_0.py", line 9, in setUp
    self.system = MovieBookingSystem()
                  ^^^^^^^^^^^^^^^^^^
NameError: name 'MovieBookingSystem' is not defined

======================================================================
ERROR: test_add_movie_3 (ClassEval_59_0.MovieBookingSystemTestAddMovie.test_add_movie_3)
----------------------------------------------------------------------
Traceback (most recent call last):
  File "/Users/snigdhaghoshdastidar/Desktop/CS540/classeval_evaluation/ClassEval_59_0.py", line 9, in setUp
    self.system = MovieBookingSystem()
                  ^^^^^^^^^^^^^^^^^^
NameError: name 'MovieBookingSystem' is not defined

======================================================================
ERROR: test_add_movie_4 (ClassEval_59_0.MovieBookingSystemTestAddMovie.test_add_movie_4)
----------------------------------------------------------------------
Traceback (most recent call last):
  File "/Users/snigdhaghoshdastidar/Desktop/CS540/classeval_evaluation/ClassEval_59_0.py", line 9, in setUp
    self.system = MovieBookingSystem()
                  ^^^^^^^^^^^^^^^^^^
NameError: name 'MovieBookingSystem' is not defined

======================================================================
ERROR: test_add_movie_5 (ClassEval_59_0.MovieBookingSystemTestAddMovie.test_add_movie_5)
----------------------------------------------------------------------
Traceback (most recent call last):
  File "/Users/snigdhaghoshdastidar/Desktop/CS540/classeval_evaluation/ClassEval_59_0.py", line 9, in setUp
    self.system = MovieBookingSystem()
                  ^^^^^^^^^^^^^^^^^^
NameError: name 'MovieBookingSystem' is not defined

----------------------------------------------------------------------
Ran 5 tests in 0.029s

FAILED (errors=5)
EEEEE
======================================================================
ERROR: test_book_ticket_1 (ClassEval_59_0.MovieBookingSystemTestBookTicket.test_book_ticket_1)
----------------------------------------------------------------------
Traceback (most recent call last):
  File "/Users/snigdhaghoshdastidar/Desktop/CS540/classeval_evaluation/ClassEval_59_0.py", line 60, in setUp
    self.system = MovieBookingSystem()
                  ^^^^^^^^^^^^^^^^^^
NameError: name 'MovieBookingSystem' is not defined

======================================================================
ERROR: test_book_ticket_2 (ClassEval_59_0.MovieBookingSystemTestBookTicket.test_book_ticket_2)
----------------------------------------------------------------------
Traceback (most recent call last):
  File "/Users/snigdhaghoshdastidar/Desktop/CS540/classeval_evaluation/ClassEval_59_0.py", line 60, in setUp
    self.system = MovieBookingSystem()
                  ^^^^^^^^^^^^^^^^^^
NameError: name 'MovieBookingSystem' is not defined

======================================================================
ERROR: test_book_ticket_3 (ClassEval_59_0.MovieBookingSystemTestBookTicket.test_book_ticket_3)
----------------------------------------------------------------------
Traceback (most recent call last):
  File "/Users/snigdhaghoshdastidar/Desktop/CS540/classeval_evaluation/ClassEval_59_0.py", line 60, in setUp
    self.system = MovieBookingSystem()
                  ^^^^^^^^^^^^^^^^^^
NameError: name 'MovieBookingSystem' is not defined

======================================================================
ERROR: test_book_ticket_4 (ClassEval_59_0.MovieBookingSystemTestBookTicket.test_book_ticket_4)
----------------------------------------------------------------------
Traceback (most recent call last):
  File "/Users/snigdhaghoshdastidar/Desktop/CS540/classeval_evaluation/ClassEval_59_0.py", line 60, in setUp
    self.system = MovieBookingSystem()
                  ^^^^^^^^^^^^^^^^^^
NameError: name 'MovieBookingSystem' is not defined

======================================================================
ERROR: test_book_ticket_5 (ClassEval_59_0.MovieBookingSystemTestBookTicket.test_book_ticket_5)
----------------------------------------------------------------------
Traceback (most recent call last):
  File "/Users/snigdhaghoshdastidar/Desktop/CS540/classeval_evaluation/ClassEval_59_0.py", line 60, in setUp
    self.system = MovieBookingSystem()
                  ^^^^^^^^^^^^^^^^^^
NameError: name 'MovieBookingSystem' is not defined

----------------------------------------------------------------------
Ran 5 tests in 0.027s

FAILED (errors=5)
EEEEE
======================================================================
ERROR: test_available_movies_1 (ClassEval_59_0.MovieBookingSystemTestAvailableMovies.test_available_movies_1)
----------------------------------------------------------------------
Traceback (most recent call last):
  File "/Users/snigdhaghoshdastidar/Desktop/CS540/classeval_evaluation/ClassEval_59_0.py", line 97, in setUp
    self.system = MovieBookingSystem()
                  ^^^^^^^^^^^^^^^^^^
NameError: name 'MovieBookingSystem' is not defined

======================================================================
ERROR: test_available_movies_2 (ClassEval_59_0.MovieBookingSystemTestAvailableMovies.test_available_movies_2)
----------------------------------------------------------------------
Traceback (most recent call last):
  File "/Users/snigdhaghoshdastidar/Desktop/CS540/classeval_evaluation/ClassEval_59_0.py", line 97, in setUp
    self.system = MovieBookingSystem()
                  ^^^^^^^^^^^^^^^^^^
NameError: name 'MovieBookingSystem' is not defined

======================================================================
ERROR: test_available_movies_3 (ClassEval_59_0.MovieBookingSystemTestAvailableMovies.test_available_movies_3)
----------------------------------------------------------------------
Traceback (most recent call last):
  File "/Users/snigdhaghoshdastidar/Desktop/CS540/classeval_evaluation/ClassEval_59_0.py", line 97, in setUp
    self.system = MovieBookingSystem()
                  ^^^^^^^^^^^^^^^^^^
NameError: name 'MovieBookingSystem' is not defined

======================================================================
ERROR: test_available_movies_4 (ClassEval_59_0.MovieBookingSystemTestAvailableMovies.test_available_movies_4)
----------------------------------------------------------------------
Traceback (most recent call last):
  File "/Users/snigdhaghoshdastidar/Desktop/CS540/classeval_evaluation/ClassEval_59_0.py", line 97, in setUp
    self.system = MovieBookingSystem()
                  ^^^^^^^^^^^^^^^^^^
NameError: name 'MovieBookingSystem' is not defined

======================================================================
ERROR: test_available_movies_5 (ClassEval_59_0.MovieBookingSystemTestAvailableMovies.test_available_movies_5)
----------------------------------------------------------------------
Traceback (most recent call last):
  File "/Users/snigdhaghoshdastidar/Desktop/CS540/classeval_evaluation/ClassEval_59_0.py", line 97, in setUp
    self.system = MovieBookingSystem()
                  ^^^^^^^^^^^^^^^^^^
NameError: name 'MovieBookingSystem' is not defined

----------------------------------------------------------------------
Ran 5 tests in 0.023s

FAILED (errors=5)
E
======================================================================
ERROR: test_main (ClassEval_59_0.MovieBookingSystemTestMain.test_main)
----------------------------------------------------------------------
Traceback (most recent call last):
  File "/Users/snigdhaghoshdastidar/Desktop/CS540/classeval_evaluation/ClassEval_59_0.py", line 124, in test_main
    system = MovieBookingSystem()
             ^^^^^^^^^^^^^^^^^^
NameError: name 'MovieBookingSystem' is not defined

----------------------------------------------------------------------
Ran 1 test in 0.005s

FAILED (errors=1)
EEEEE
======================================================================
ERROR: test_add_song (ClassEval_61_0.MusicPlayerTestAddSong.test_add_song)
----------------------------------------------------------------------
Traceback (most recent call last):
  File "/Users/snigdhaghoshdastidar/Desktop/CS540/classeval_evaluation/ClassEval_61_0.py", line 15, in test_add_song
    musicPlayer = MusicPlayer()
                  ^^^^^^^^^^^
NameError: name 'MusicPlayer' is not defined

======================================================================
ERROR: test_add_song2 (ClassEval_61_0.MusicPlayerTestAddSong.test_add_song2)
----------------------------------------------------------------------
Traceback (most recent call last):
  File "/Users/snigdhaghoshdastidar/Desktop/CS540/classeval_evaluation/ClassEval_61_0.py", line 20, in test_add_song2
    musicPlayer = MusicPlayer()
                  ^^^^^^^^^^^
NameError: name 'MusicPlayer' is not defined

======================================================================
ERROR: test_add_song3 (ClassEval_61_0.MusicPlayerTestAddSong.test_add_song3)
----------------------------------------------------------------------
Traceback (most recent call last):
  File "/Users/snigdhaghoshdastidar/Desktop/CS540/classeval_evaluation/ClassEval_61_0.py", line 26, in test_add_song3
    musicPlayer = MusicPlayer()
                  ^^^^^^^^^^^
NameError: name 'MusicPlayer' is not defined

======================================================================
ERROR: test_add_song4 (ClassEval_61_0.MusicPlayerTestAddSong.test_add_song4)
----------------------------------------------------------------------
Traceback (most recent call last):
  File "/Users/snigdhaghoshdastidar/Desktop/CS540/classeval_evaluation/ClassEval_61_0.py", line 33, in test_add_song4
    musicPlayer = MusicPlayer()
                  ^^^^^^^^^^^
NameError: name 'MusicPlayer' is not defined

======================================================================
ERROR: test_add_song5 (ClassEval_61_0.MusicPlayerTestAddSong.test_add_song5)
----------------------------------------------------------------------
Traceback (most recent call last):
  File "/Users/snigdhaghoshdastidar/Desktop/CS540/classeval_evaluation/ClassEval_61_0.py", line 41, in test_add_song5
    musicPlayer = MusicPlayer()
                  ^^^^^^^^^^^
NameError: name 'MusicPlayer' is not defined

----------------------------------------------------------------------
Ran 5 tests in 0.022s

FAILED (errors=5)
EEEEEE
======================================================================
ERROR: test_remove_song (ClassEval_61_0.MusicPlayerTestRemoveSong.test_remove_song)
----------------------------------------------------------------------
Traceback (most recent call last):
  File "/Users/snigdhaghoshdastidar/Desktop/CS540/classeval_evaluation/ClassEval_61_0.py", line 51, in test_remove_song
    musicPlayer = MusicPlayer()
                  ^^^^^^^^^^^
NameError: name 'MusicPlayer' is not defined

======================================================================
ERROR: test_remove_song2 (ClassEval_61_0.MusicPlayerTestRemoveSong.test_remove_song2)
----------------------------------------------------------------------
Traceback (most recent call last):
  File "/Users/snigdhaghoshdastidar/Desktop/CS540/classeval_evaluation/ClassEval_61_0.py", line 57, in test_remove_song2
    musicPlayer = MusicPlayer()
                  ^^^^^^^^^^^
NameError: name 'MusicPlayer' is not defined

======================================================================
ERROR: test_remove_song3 (ClassEval_61_0.MusicPlayerTestRemoveSong.test_remove_song3)
----------------------------------------------------------------------
Traceback (most recent call last):
  File "/Users/snigdhaghoshdastidar/Desktop/CS540/classeval_evaluation/ClassEval_61_0.py", line 64, in test_remove_song3
    musicPlayer = MusicPlayer()
                  ^^^^^^^^^^^
NameError: name 'MusicPlayer' is not defined

======================================================================
ERROR: test_remove_song4 (ClassEval_61_0.MusicPlayerTestRemoveSong.test_remove_song4)
----------------------------------------------------------------------
Traceback (most recent call last):
  File "/Users/snigdhaghoshdastidar/Desktop/CS540/classeval_evaluation/ClassEval_61_0.py", line 71, in test_remove_song4
    musicPlayer = MusicPlayer()
                  ^^^^^^^^^^^
NameError: name 'MusicPlayer' is not defined

======================================================================
ERROR: test_remove_song5 (ClassEval_61_0.MusicPlayerTestRemoveSong.test_remove_song5)
----------------------------------------------------------------------
Traceback (most recent call last):
  File "/Users/snigdhaghoshdastidar/Desktop/CS540/classeval_evaluation/ClassEval_61_0.py", line 77, in test_remove_song5
    musicPlayer = MusicPlayer()
                  ^^^^^^^^^^^
NameError: name 'MusicPlayer' is not defined

======================================================================
ERROR: test_remove_song6 (ClassEval_61_0.MusicPlayerTestRemoveSong.test_remove_song6)
----------------------------------------------------------------------
Traceback (most recent call last):
  File "/Users/snigdhaghoshdastidar/Desktop/CS540/classeval_evaluation/ClassEval_61_0.py", line 84, in test_remove_song6
    musicPlayer = MusicPlayer()
                  ^^^^^^^^^^^
NameError: name 'MusicPlayer' is not defined

----------------------------------------------------------------------
Ran 6 tests in 0.027s

FAILED (errors=6)
EEEEE
======================================================================
ERROR: test_play (ClassEval_61_0.MusicPlayerTestPlay.test_play)
----------------------------------------------------------------------
Traceback (most recent call last):
  File "/Users/snigdhaghoshdastidar/Desktop/CS540/classeval_evaluation/ClassEval_61_0.py", line 92, in test_play
    musicPlayer = MusicPlayer()
                  ^^^^^^^^^^^
NameError: name 'MusicPlayer' is not defined

======================================================================
ERROR: test_play_2 (ClassEval_61_0.MusicPlayerTestPlay.test_play_2)
----------------------------------------------------------------------
Traceback (most recent call last):
  File "/Users/snigdhaghoshdastidar/Desktop/CS540/classeval_evaluation/ClassEval_61_0.py", line 98, in test_play_2
    musicPlayer = MusicPlayer()
                  ^^^^^^^^^^^
NameError: name 'MusicPlayer' is not defined

======================================================================
ERROR: test_play_3 (ClassEval_61_0.MusicPlayerTestPlay.test_play_3)
----------------------------------------------------------------------
Traceback (most recent call last):
  File "/Users/snigdhaghoshdastidar/Desktop/CS540/classeval_evaluation/ClassEval_61_0.py", line 104, in test_play_3
    musicPlayer = MusicPlayer()
                  ^^^^^^^^^^^
NameError: name 'MusicPlayer' is not defined

======================================================================
ERROR: test_play_4 (ClassEval_61_0.MusicPlayerTestPlay.test_play_4)
----------------------------------------------------------------------
Traceback (most recent call last):
  File "/Users/snigdhaghoshdastidar/Desktop/CS540/classeval_evaluation/ClassEval_61_0.py", line 109, in test_play_4
    musicPlayer = MusicPlayer()
                  ^^^^^^^^^^^
NameError: name 'MusicPlayer' is not defined

======================================================================
ERROR: test_play_5 (ClassEval_61_0.MusicPlayerTestPlay.test_play_5)
----------------------------------------------------------------------
Traceback (most recent call last):
  File "/Users/snigdhaghoshdastidar/Desktop/CS540/classeval_evaluation/ClassEval_61_0.py", line 115, in test_play_5
    musicPlayer = MusicPlayer()
                  ^^^^^^^^^^^
NameError: name 'MusicPlayer' is not defined

----------------------------------------------------------------------
Ran 5 tests in 0.020s

FAILED (errors=5)
EEEEE
======================================================================
ERROR: test_stop (ClassEval_61_0.MusicPlayerTestStop.test_stop)
----------------------------------------------------------------------
Traceback (most recent call last):
  File "/Users/snigdhaghoshdastidar/Desktop/CS540/classeval_evaluation/ClassEval_61_0.py", line 122, in test_stop
    musicPlayer = MusicPlayer()
                  ^^^^^^^^^^^
NameError: name 'MusicPlayer' is not defined

======================================================================
ERROR: test_stop_2 (ClassEval_61_0.MusicPlayerTestStop.test_stop_2)
----------------------------------------------------------------------
Traceback (most recent call last):
  File "/Users/snigdhaghoshdastidar/Desktop/CS540/classeval_evaluation/ClassEval_61_0.py", line 128, in test_stop_2
    musicPlayer = MusicPlayer()
                  ^^^^^^^^^^^
NameError: name 'MusicPlayer' is not defined

======================================================================
ERROR: test_stop_3 (ClassEval_61_0.MusicPlayerTestStop.test_stop_3)
----------------------------------------------------------------------
Traceback (most recent call last):
  File "/Users/snigdhaghoshdastidar/Desktop/CS540/classeval_evaluation/ClassEval_61_0.py", line 134, in test_stop_3
    musicPlayer = MusicPlayer()
                  ^^^^^^^^^^^
NameError: name 'MusicPlayer' is not defined

======================================================================
ERROR: test_stop_4 (ClassEval_61_0.MusicPlayerTestStop.test_stop_4)
----------------------------------------------------------------------
Traceback (most recent call last):
  File "/Users/snigdhaghoshdastidar/Desktop/CS540/classeval_evaluation/ClassEval_61_0.py", line 139, in test_stop_4
    musicPlayer = MusicPlayer()
                  ^^^^^^^^^^^
NameError: name 'MusicPlayer' is not defined

======================================================================
ERROR: test_stop_5 (ClassEval_61_0.MusicPlayerTestStop.test_stop_5)
----------------------------------------------------------------------
Traceback (most recent call last):
  File "/Users/snigdhaghoshdastidar/Desktop/CS540/classeval_evaluation/ClassEval_61_0.py", line 145, in test_stop_5
    musicPlayer = MusicPlayer()
                  ^^^^^^^^^^^
NameError: name 'MusicPlayer' is not defined

----------------------------------------------------------------------
Ran 5 tests in 0.021s

FAILED (errors=5)
EEEEE
======================================================================
ERROR: test_switch_song (ClassEval_61_0.MusicPlayerTestSwitchSong.test_switch_song)
----------------------------------------------------------------------
Traceback (most recent call last):
  File "/Users/snigdhaghoshdastidar/Desktop/CS540/classeval_evaluation/ClassEval_61_0.py", line 152, in test_switch_song
    musicPlayer = MusicPlayer()
                  ^^^^^^^^^^^
NameError: name 'MusicPlayer' is not defined

======================================================================
ERROR: test_switch_song2 (ClassEval_61_0.MusicPlayerTestSwitchSong.test_switch_song2)
----------------------------------------------------------------------
Traceback (most recent call last):
  File "/Users/snigdhaghoshdastidar/Desktop/CS540/classeval_evaluation/ClassEval_61_0.py", line 158, in test_switch_song2
    musicPlayer = MusicPlayer()
                  ^^^^^^^^^^^
NameError: name 'MusicPlayer' is not defined

======================================================================
ERROR: test_switch_song3 (ClassEval_61_0.MusicPlayerTestSwitchSong.test_switch_song3)
----------------------------------------------------------------------
Traceback (most recent call last):
  File "/Users/snigdhaghoshdastidar/Desktop/CS540/classeval_evaluation/ClassEval_61_0.py", line 164, in test_switch_song3
    musicPlayer = MusicPlayer()
                  ^^^^^^^^^^^
NameError: name 'MusicPlayer' is not defined

======================================================================
ERROR: test_switch_song4 (ClassEval_61_0.MusicPlayerTestSwitchSong.test_switch_song4)
----------------------------------------------------------------------
Traceback (most recent call last):
  File "/Users/snigdhaghoshdastidar/Desktop/CS540/classeval_evaluation/ClassEval_61_0.py", line 170, in test_switch_song4
    musicPlayer = MusicPlayer()
                  ^^^^^^^^^^^
NameError: name 'MusicPlayer' is not defined

======================================================================
ERROR: test_switch_song5 (ClassEval_61_0.MusicPlayerTestSwitchSong.test_switch_song5)
----------------------------------------------------------------------
Traceback (most recent call last):
  File "/Users/snigdhaghoshdastidar/Desktop/CS540/classeval_evaluation/ClassEval_61_0.py", line 175, in test_switch_song5
    musicPlayer = MusicPlayer()
                  ^^^^^^^^^^^
NameError: name 'MusicPlayer' is not defined

----------------------------------------------------------------------
Ran 5 tests in 0.022s

FAILED (errors=5)
EEEEE
======================================================================
ERROR: test_previous_song (ClassEval_61_0.MusicPlayerTestPreviousSong.test_previous_song)
----------------------------------------------------------------------
Traceback (most recent call last):
  File "/Users/snigdhaghoshdastidar/Desktop/CS540/classeval_evaluation/ClassEval_61_0.py", line 181, in test_previous_song
    musicPlayer = MusicPlayer()
                  ^^^^^^^^^^^
NameError: name 'MusicPlayer' is not defined

======================================================================
ERROR: test_previous_song2 (ClassEval_61_0.MusicPlayerTestPreviousSong.test_previous_song2)
----------------------------------------------------------------------
Traceback (most recent call last):
  File "/Users/snigdhaghoshdastidar/Desktop/CS540/classeval_evaluation/ClassEval_61_0.py", line 187, in test_previous_song2
    musicPlayer = MusicPlayer()
                  ^^^^^^^^^^^
NameError: name 'MusicPlayer' is not defined

======================================================================
ERROR: test_previous_song3 (ClassEval_61_0.MusicPlayerTestPreviousSong.test_previous_song3)
----------------------------------------------------------------------
Traceback (most recent call last):
  File "/Users/snigdhaghoshdastidar/Desktop/CS540/classeval_evaluation/ClassEval_61_0.py", line 193, in test_previous_song3
    musicPlayer = MusicPlayer()
                  ^^^^^^^^^^^
NameError: name 'MusicPlayer' is not defined

======================================================================
ERROR: test_previous_song4 (ClassEval_61_0.MusicPlayerTestPreviousSong.test_previous_song4)
----------------------------------------------------------------------
Traceback (most recent call last):
  File "/Users/snigdhaghoshdastidar/Desktop/CS540/classeval_evaluation/ClassEval_61_0.py", line 199, in test_previous_song4
    musicPlayer = MusicPlayer()
                  ^^^^^^^^^^^
NameError: name 'MusicPlayer' is not defined

======================================================================
ERROR: test_previous_song5 (ClassEval_61_0.MusicPlayerTestPreviousSong.test_previous_song5)
----------------------------------------------------------------------
Traceback (most recent call last):
  File "/Users/snigdhaghoshdastidar/Desktop/CS540/classeval_evaluation/ClassEval_61_0.py", line 204, in test_previous_song5
    musicPlayer = MusicPlayer()
                  ^^^^^^^^^^^
NameError: name 'MusicPlayer' is not defined

----------------------------------------------------------------------
Ran 5 tests in 0.022s

FAILED (errors=5)
EEEEE
======================================================================
ERROR: test_set_volume (ClassEval_61_0.MusicPlayerTestSetVolume.test_set_volume)
----------------------------------------------------------------------
Traceback (most recent call last):
  File "/Users/snigdhaghoshdastidar/Desktop/CS540/classeval_evaluation/ClassEval_61_0.py", line 210, in test_set_volume
    musicPlayer = MusicPlayer()
                  ^^^^^^^^^^^
NameError: name 'MusicPlayer' is not defined

======================================================================
ERROR: test_set_volume2 (ClassEval_61_0.MusicPlayerTestSetVolume.test_set_volume2)
----------------------------------------------------------------------
Traceback (most recent call last):
  File "/Users/snigdhaghoshdastidar/Desktop/CS540/classeval_evaluation/ClassEval_61_0.py", line 215, in test_set_volume2
    musicPlayer = MusicPlayer()
                  ^^^^^^^^^^^
NameError: name 'MusicPlayer' is not defined

======================================================================
ERROR: test_set_volume3 (ClassEval_61_0.MusicPlayerTestSetVolume.test_set_volume3)
----------------------------------------------------------------------
Traceback (most recent call last):
  File "/Users/snigdhaghoshdastidar/Desktop/CS540/classeval_evaluation/ClassEval_61_0.py", line 220, in test_set_volume3
    musicPlayer = MusicPlayer()
                  ^^^^^^^^^^^
NameError: name 'MusicPlayer' is not defined

======================================================================
ERROR: test_set_volume4 (ClassEval_61_0.MusicPlayerTestSetVolume.test_set_volume4)
----------------------------------------------------------------------
Traceback (most recent call last):
  File "/Users/snigdhaghoshdastidar/Desktop/CS540/classeval_evaluation/ClassEval_61_0.py", line 225, in test_set_volume4
    musicPlayer = MusicPlayer()
                  ^^^^^^^^^^^
NameError: name 'MusicPlayer' is not defined

======================================================================
ERROR: test_set_volume5 (ClassEval_61_0.MusicPlayerTestSetVolume.test_set_volume5)
----------------------------------------------------------------------
Traceback (most recent call last):
  File "/Users/snigdhaghoshdastidar/Desktop/CS540/classeval_evaluation/ClassEval_61_0.py", line 230, in test_set_volume5
    musicPlayer = MusicPlayer()
                  ^^^^^^^^^^^
NameError: name 'MusicPlayer' is not defined

----------------------------------------------------------------------
Ran 5 tests in 0.020s

FAILED (errors=5)
EEEEE
======================================================================
ERROR: test_shuffle (ClassEval_61_0.MusicPlayerTestShuffle.test_shuffle)
----------------------------------------------------------------------
Traceback (most recent call last):
  File "/Users/snigdhaghoshdastidar/Desktop/CS540/classeval_evaluation/ClassEval_61_0.py", line 236, in test_shuffle
    musicPlayer = MusicPlayer()
                  ^^^^^^^^^^^
NameError: name 'MusicPlayer' is not defined

======================================================================
ERROR: test_shuffle_2 (ClassEval_61_0.MusicPlayerTestShuffle.test_shuffle_2)
----------------------------------------------------------------------
Traceback (most recent call last):
  File "/Users/snigdhaghoshdastidar/Desktop/CS540/classeval_evaluation/ClassEval_61_0.py", line 241, in test_shuffle_2
    musicPlayer = MusicPlayer()
                  ^^^^^^^^^^^
NameError: name 'MusicPlayer' is not defined

======================================================================
ERROR: test_shuffle_3 (ClassEval_61_0.MusicPlayerTestShuffle.test_shuffle_3)
----------------------------------------------------------------------
Traceback (most recent call last):
  File "/Users/snigdhaghoshdastidar/Desktop/CS540/classeval_evaluation/ClassEval_61_0.py", line 247, in test_shuffle_3
    musicPlayer = MusicPlayer()
                  ^^^^^^^^^^^
NameError: name 'MusicPlayer' is not defined

======================================================================
ERROR: test_shuffle_4 (ClassEval_61_0.MusicPlayerTestShuffle.test_shuffle_4)
----------------------------------------------------------------------
Traceback (most recent call last):
  File "/Users/snigdhaghoshdastidar/Desktop/CS540/classeval_evaluation/ClassEval_61_0.py", line 253, in test_shuffle_4
    musicPlayer = MusicPlayer()
                  ^^^^^^^^^^^
NameError: name 'MusicPlayer' is not defined

======================================================================
ERROR: test_shuffle_5 (ClassEval_61_0.MusicPlayerTestShuffle.test_shuffle_5)
----------------------------------------------------------------------
Traceback (most recent call last):
  File "/Users/snigdhaghoshdastidar/Desktop/CS540/classeval_evaluation/ClassEval_61_0.py", line 259, in test_shuffle_5
    musicPlayer = MusicPlayer()
                  ^^^^^^^^^^^
NameError: name 'MusicPlayer' is not defined

----------------------------------------------------------------------
Ran 5 tests in 0.021s

FAILED (errors=5)
E
======================================================================
ERROR: test_main (ClassEval_61_0.MusicPlayerTestMain.test_main)
----------------------------------------------------------------------
Traceback (most recent call last):
  File "/Users/snigdhaghoshdastidar/Desktop/CS540/classeval_evaluation/ClassEval_61_0.py", line 266, in test_main
    musicPlayer = MusicPlayer()
                  ^^^^^^^^^^^
NameError: name 'MusicPlayer' is not defined

----------------------------------------------------------------------
Ran 1 test in 0.004s

FAILED (errors=1)
EEEEEE
======================================================================
ERROR: test_add_dish_1 (ClassEval_67_0.OrderTestAddDish.test_add_dish_1)
----------------------------------------------------------------------
Traceback (most recent call last):
  File "/Users/snigdhaghoshdastidar/Desktop/CS540/classeval_evaluation/ClassEval_67_0.py", line 8, in setUp
    self.order = Order()
                 ^^^^^
NameError: name 'Order' is not defined

======================================================================
ERROR: test_add_dish_2 (ClassEval_67_0.OrderTestAddDish.test_add_dish_2)
----------------------------------------------------------------------
Traceback (most recent call last):
  File "/Users/snigdhaghoshdastidar/Desktop/CS540/classeval_evaluation/ClassEval_67_0.py", line 8, in setUp
    self.order = Order()
                 ^^^^^
NameError: name 'Order' is not defined

======================================================================
ERROR: test_add_dish_3 (ClassEval_67_0.OrderTestAddDish.test_add_dish_3)
----------------------------------------------------------------------
Traceback (most recent call last):
  File "/Users/snigdhaghoshdastidar/Desktop/CS540/classeval_evaluation/ClassEval_67_0.py", line 8, in setUp
    self.order = Order()
                 ^^^^^
NameError: name 'Order' is not defined

======================================================================
ERROR: test_add_dish_4 (ClassEval_67_0.OrderTestAddDish.test_add_dish_4)
----------------------------------------------------------------------
Traceback (most recent call last):
  File "/Users/snigdhaghoshdastidar/Desktop/CS540/classeval_evaluation/ClassEval_67_0.py", line 8, in setUp
    self.order = Order()
                 ^^^^^
NameError: name 'Order' is not defined

======================================================================
ERROR: test_add_dish_5 (ClassEval_67_0.OrderTestAddDish.test_add_dish_5)
----------------------------------------------------------------------
Traceback (most recent call last):
  File "/Users/snigdhaghoshdastidar/Desktop/CS540/classeval_evaluation/ClassEval_67_0.py", line 8, in setUp
    self.order = Order()
                 ^^^^^
NameError: name 'Order' is not defined

======================================================================
ERROR: test_add_dish_6 (ClassEval_67_0.OrderTestAddDish.test_add_dish_6)
----------------------------------------------------------------------
Traceback (most recent call last):
  File "/Users/snigdhaghoshdastidar/Desktop/CS540/classeval_evaluation/ClassEval_67_0.py", line 8, in setUp
    self.order = Order()
                 ^^^^^
NameError: name 'Order' is not defined

----------------------------------------------------------------------
Ran 6 tests in 0.007s

FAILED (errors=6)
EEEEE
======================================================================
ERROR: test_calculate_total_1 (ClassEval_67_0.OrderTestCalculateTotal.test_calculate_total_1)
----------------------------------------------------------------------
Traceback (most recent call last):
  File "/Users/snigdhaghoshdastidar/Desktop/CS540/classeval_evaluation/ClassEval_67_0.py", line 99, in setUp
    self.order = Order()
                 ^^^^^
NameError: name 'Order' is not defined

======================================================================
ERROR: test_calculate_total_2 (ClassEval_67_0.OrderTestCalculateTotal.test_calculate_total_2)
----------------------------------------------------------------------
Traceback (most recent call last):
  File "/Users/snigdhaghoshdastidar/Desktop/CS540/classeval_evaluation/ClassEval_67_0.py", line 99, in setUp
    self.order = Order()
                 ^^^^^
NameError: name 'Order' is not defined

======================================================================
ERROR: test_calculate_total_3 (ClassEval_67_0.OrderTestCalculateTotal.test_calculate_total_3)
----------------------------------------------------------------------
Traceback (most recent call last):
  File "/Users/snigdhaghoshdastidar/Desktop/CS540/classeval_evaluation/ClassEval_67_0.py", line 99, in setUp
    self.order = Order()
                 ^^^^^
NameError: name 'Order' is not defined

======================================================================
ERROR: test_calculate_total_4 (ClassEval_67_0.OrderTestCalculateTotal.test_calculate_total_4)
----------------------------------------------------------------------
Traceback (most recent call last):
  File "/Users/snigdhaghoshdastidar/Desktop/CS540/classeval_evaluation/ClassEval_67_0.py", line 99, in setUp
    self.order = Order()
                 ^^^^^
NameError: name 'Order' is not defined

======================================================================
ERROR: test_calculate_total_5 (ClassEval_67_0.OrderTestCalculateTotal.test_calculate_total_5)
----------------------------------------------------------------------
Traceback (most recent call last):
  File "/Users/snigdhaghoshdastidar/Desktop/CS540/classeval_evaluation/ClassEval_67_0.py", line 99, in setUp
    self.order = Order()
                 ^^^^^
NameError: name 'Order' is not defined

----------------------------------------------------------------------
Ran 5 tests in 0.007s

FAILED (errors=5)
EEEEE
======================================================================
ERROR: test_checkout_1 (ClassEval_67_0.OrderTestCheckout.test_checkout_1)
----------------------------------------------------------------------
Traceback (most recent call last):
  File "/Users/snigdhaghoshdastidar/Desktop/CS540/classeval_evaluation/ClassEval_67_0.py", line 138, in setUp
    self.order = Order()
                 ^^^^^
NameError: name 'Order' is not defined

======================================================================
ERROR: test_checkout_2 (ClassEval_67_0.OrderTestCheckout.test_checkout_2)
----------------------------------------------------------------------
Traceback (most recent call last):
  File "/Users/snigdhaghoshdastidar/Desktop/CS540/classeval_evaluation/ClassEval_67_0.py", line 138, in setUp
    self.order = Order()
                 ^^^^^
NameError: name 'Order' is not defined

======================================================================
ERROR: test_checkout_3 (ClassEval_67_0.OrderTestCheckout.test_checkout_3)
----------------------------------------------------------------------
Traceback (most recent call last):
  File "/Users/snigdhaghoshdastidar/Desktop/CS540/classeval_evaluation/ClassEval_67_0.py", line 138, in setUp
    self.order = Order()
                 ^^^^^
NameError: name 'Order' is not defined

======================================================================
ERROR: test_checkout_4 (ClassEval_67_0.OrderTestCheckout.test_checkout_4)
----------------------------------------------------------------------
Traceback (most recent call last):
  File "/Users/snigdhaghoshdastidar/Desktop/CS540/classeval_evaluation/ClassEval_67_0.py", line 138, in setUp
    self.order = Order()
                 ^^^^^
NameError: name 'Order' is not defined

======================================================================
ERROR: test_checkout_5 (ClassEval_67_0.OrderTestCheckout.test_checkout_5)
----------------------------------------------------------------------
Traceback (most recent call last):
  File "/Users/snigdhaghoshdastidar/Desktop/CS540/classeval_evaluation/ClassEval_67_0.py", line 138, in setUp
    self.order = Order()
                 ^^^^^
NameError: name 'Order' is not defined

----------------------------------------------------------------------
Ran 5 tests in 0.006s

FAILED (errors=5)
E
======================================================================
ERROR: test_order (ClassEval_67_0.OrderTest.test_order)
----------------------------------------------------------------------
Traceback (most recent call last):
  File "/Users/snigdhaghoshdastidar/Desktop/CS540/classeval_evaluation/ClassEval_67_0.py", line 218, in setUp
    self.order = Order()
                 ^^^^^
NameError: name 'Order' is not defined

----------------------------------------------------------------------
Ran 1 test in 0.002s

FAILED (errors=1)
EEEEE
======================================================================
ERROR: test_get_page_1 (ClassEval_68_0.PageUtilTestGetPage.test_get_page_1)
----------------------------------------------------------------------
Traceback (most recent call last):
  File "/Users/snigdhaghoshdastidar/Desktop/CS540/classeval_evaluation/ClassEval_68_0.py", line 22, in test_get_page_1
    actual_page = self.page_util.get_page(page_number)
                  ^^^^^^^^^^^^^^^^^^^^^^^
AttributeError: 'PageUtil' object has no attribute 'get_page'

======================================================================
ERROR: test_get_page_2 (ClassEval_68_0.PageUtilTestGetPage.test_get_page_2)
----------------------------------------------------------------------
Traceback (most recent call last):
  File "/Users/snigdhaghoshdastidar/Desktop/CS540/classeval_evaluation/ClassEval_68_0.py", line 28, in test_get_page_2
    actual_page = self.page_util.get_page(page_number)
                  ^^^^^^^^^^^^^^^^^^^^^^^
AttributeError: 'PageUtil' object has no attribute 'get_page'

======================================================================
ERROR: test_get_page_3 (ClassEval_68_0.PageUtilTestGetPage.test_get_page_3)
----------------------------------------------------------------------
Traceback (most recent call last):
  File "/Users/snigdhaghoshdastidar/Desktop/CS540/classeval_evaluation/ClassEval_68_0.py", line 34, in test_get_page_3
    actual_page = self.page_util.get_page(page_number)
                  ^^^^^^^^^^^^^^^^^^^^^^^
AttributeError: 'PageUtil' object has no attribute 'get_page'

======================================================================
ERROR: test_get_page_4 (ClassEval_68_0.PageUtilTestGetPage.test_get_page_4)
----------------------------------------------------------------------
Traceback (most recent call last):
  File "/Users/snigdhaghoshdastidar/Desktop/CS540/classeval_evaluation/ClassEval_68_0.py", line 40, in test_get_page_4
    actual_page = self.page_util.get_page(page_number)
                  ^^^^^^^^^^^^^^^^^^^^^^^
AttributeError: 'PageUtil' object has no attribute 'get_page'

======================================================================
ERROR: test_get_page_5 (ClassEval_68_0.PageUtilTestGetPage.test_get_page_5)
----------------------------------------------------------------------
Traceback (most recent call last):
  File "/Users/snigdhaghoshdastidar/Desktop/CS540/classeval_evaluation/ClassEval_68_0.py", line 46, in test_get_page_5
    actual_page = self.page_util.get_page(invalid_page_number)
                  ^^^^^^^^^^^^^^^^^^^^^^^
AttributeError: 'PageUtil' object has no attribute 'get_page'

----------------------------------------------------------------------
Ran 5 tests in 0.005s

FAILED (errors=5)
EEEEE
======================================================================
ERROR: test_get_page_info_1 (ClassEval_68_0.PageUtilTestGetPageInfo.test_get_page_info_1)
----------------------------------------------------------------------
Traceback (most recent call last):
  File "/Users/snigdhaghoshdastidar/Desktop/CS540/classeval_evaluation/ClassEval_68_0.py", line 67, in test_get_page_info_1
    actual_info = self.page_util.get_page_info(page_number)
                  ^^^^^^^^^^^^^^^^^^^^^^^^^^^^
AttributeError: 'PageUtil' object has no attribute 'get_page_info'

======================================================================
ERROR: test_get_page_info_2 (ClassEval_68_0.PageUtilTestGetPageInfo.test_get_page_info_2)
----------------------------------------------------------------------
Traceback (most recent call last):
  File "/Users/snigdhaghoshdastidar/Desktop/CS540/classeval_evaluation/ClassEval_68_0.py", line 81, in test_get_page_info_2
    actual_info = self.page_util.get_page_info(page_number)
                  ^^^^^^^^^^^^^^^^^^^^^^^^^^^^
AttributeError: 'PageUtil' object has no attribute 'get_page_info'

======================================================================
ERROR: test_get_page_info_3 (ClassEval_68_0.PageUtilTestGetPageInfo.test_get_page_info_3)
----------------------------------------------------------------------
Traceback (most recent call last):
  File "/Users/snigdhaghoshdastidar/Desktop/CS540/classeval_evaluation/ClassEval_68_0.py", line 95, in test_get_page_info_3
    actual_info = self.page_util.get_page_info(page_number)
                  ^^^^^^^^^^^^^^^^^^^^^^^^^^^^
AttributeError: 'PageUtil' object has no attribute 'get_page_info'

======================================================================
ERROR: test_get_page_info_4 (ClassEval_68_0.PageUtilTestGetPageInfo.test_get_page_info_4)
----------------------------------------------------------------------
Traceback (most recent call last):
  File "/Users/snigdhaghoshdastidar/Desktop/CS540/classeval_evaluation/ClassEval_68_0.py", line 109, in test_get_page_info_4
    actual_info = self.page_util.get_page_info(page_number)
                  ^^^^^^^^^^^^^^^^^^^^^^^^^^^^
AttributeError: 'PageUtil' object has no attribute 'get_page_info'

======================================================================
ERROR: test_get_page_info_5 (ClassEval_68_0.PageUtilTestGetPageInfo.test_get_page_info_5)
----------------------------------------------------------------------
Traceback (most recent call last):
  File "/Users/snigdhaghoshdastidar/Desktop/CS540/classeval_evaluation/ClassEval_68_0.py", line 115, in test_get_page_info_5
    actual_info = self.page_util.get_page_info(invalid_page_number)
                  ^^^^^^^^^^^^^^^^^^^^^^^^^^^^
AttributeError: 'PageUtil' object has no attribute 'get_page_info'

----------------------------------------------------------------------
Ran 5 tests in 0.006s

FAILED (errors=5)
EEEEE
======================================================================
ERROR: test_search_1 (ClassEval_68_0.PageUtilTestSearch.test_search_1)
----------------------------------------------------------------------
Traceback (most recent call last):
  File "/Users/snigdhaghoshdastidar/Desktop/CS540/classeval_evaluation/ClassEval_68_0.py", line 133, in test_search_1
    actual_results = self.page_util.search(keyword)
                     ^^^^^^^^^^^^^^^^^^^^^
AttributeError: 'PageUtil' object has no attribute 'search'

======================================================================
ERROR: test_search_2 (ClassEval_68_0.PageUtilTestSearch.test_search_2)
----------------------------------------------------------------------
Traceback (most recent call last):
  File "/Users/snigdhaghoshdastidar/Desktop/CS540/classeval_evaluation/ClassEval_68_0.py", line 144, in test_search_2
    actual_results = self.page_util.search(keyword)
                     ^^^^^^^^^^^^^^^^^^^^^
AttributeError: 'PageUtil' object has no attribute 'search'

======================================================================
ERROR: test_search_3 (ClassEval_68_0.PageUtilTestSearch.test_search_3)
----------------------------------------------------------------------
Traceback (most recent call last):
  File "/Users/snigdhaghoshdastidar/Desktop/CS540/classeval_evaluation/ClassEval_68_0.py", line 155, in test_search_3
    actual_results = self.page_util.search(keyword)
                     ^^^^^^^^^^^^^^^^^^^^^
AttributeError: 'PageUtil' object has no attribute 'search'

======================================================================
ERROR: test_search_4 (ClassEval_68_0.PageUtilTestSearch.test_search_4)
----------------------------------------------------------------------
Traceback (most recent call last):
  File "/Users/snigdhaghoshdastidar/Desktop/CS540/classeval_evaluation/ClassEval_68_0.py", line 166, in test_search_4
    actual_results = self.page_util.search(keyword)
                     ^^^^^^^^^^^^^^^^^^^^^
AttributeError: 'PageUtil' object has no attribute 'search'

======================================================================
ERROR: test_search_5 (ClassEval_68_0.PageUtilTestSearch.test_search_5)
----------------------------------------------------------------------
Traceback (most recent call last):
  File "/Users/snigdhaghoshdastidar/Desktop/CS540/classeval_evaluation/ClassEval_68_0.py", line 177, in test_search_5
    actual_results = self.page_util.search(keyword)
                     ^^^^^^^^^^^^^^^^^^^^^
AttributeError: 'PageUtil' object has no attribute 'search'

----------------------------------------------------------------------
Ran 5 tests in 0.002s

FAILED (errors=5)
E
======================================================================
ERROR: test_pageutil (ClassEval_68_0.PageUtilTest.test_pageutil)
----------------------------------------------------------------------
Traceback (most recent call last):
  File "/Users/snigdhaghoshdastidar/Desktop/CS540/classeval_evaluation/ClassEval_68_0.py", line 190, in test_pageutil
    actual_page = self.page_util.get_page(page_number)
                  ^^^^^^^^^^^^^^^^^^^^^^^
AttributeError: 'PageUtil' object has no attribute 'get_page'

----------------------------------------------------------------------
Ran 1 test in 0.001s

FAILED (errors=1)
EEEEEE
======================================================================
ERROR: test_add_item_1 (ClassEval_75_0.ShoppingCartTestAddItem.test_add_item_1)
----------------------------------------------------------------------
Traceback (most recent call last):
  File "/Users/snigdhaghoshdastidar/Desktop/CS540/classeval_evaluation/ClassEval_75_0.py", line 8, in test_add_item_1
    shoppingcart = ShoppingCart()
                   ^^^^^^^^^^^^
NameError: name 'ShoppingCart' is not defined. Did you mean: 'ShoppingCartTest'?

======================================================================
ERROR: test_add_item_2 (ClassEval_75_0.ShoppingCartTestAddItem.test_add_item_2)
----------------------------------------------------------------------
Traceback (most recent call last):
  File "/Users/snigdhaghoshdastidar/Desktop/CS540/classeval_evaluation/ClassEval_75_0.py", line 13, in test_add_item_2
    shoppingcart = ShoppingCart()
                   ^^^^^^^^^^^^
NameError: name 'ShoppingCart' is not defined. Did you mean: 'ShoppingCartTest'?

======================================================================
ERROR: test_add_item_3 (ClassEval_75_0.ShoppingCartTestAddItem.test_add_item_3)
----------------------------------------------------------------------
Traceback (most recent call last):
  File "/Users/snigdhaghoshdastidar/Desktop/CS540/classeval_evaluation/ClassEval_75_0.py", line 18, in test_add_item_3
    shoppingcart = ShoppingCart()
                   ^^^^^^^^^^^^
NameError: name 'ShoppingCart' is not defined. Did you mean: 'ShoppingCartTest'?

======================================================================
ERROR: test_add_item_4 (ClassEval_75_0.ShoppingCartTestAddItem.test_add_item_4)
----------------------------------------------------------------------
Traceback (most recent call last):
  File "/Users/snigdhaghoshdastidar/Desktop/CS540/classeval_evaluation/ClassEval_75_0.py", line 23, in test_add_item_4
    shoppingcart = ShoppingCart()
                   ^^^^^^^^^^^^
NameError: name 'ShoppingCart' is not defined. Did you mean: 'ShoppingCartTest'?

======================================================================
ERROR: test_add_item_5 (ClassEval_75_0.ShoppingCartTestAddItem.test_add_item_5)
----------------------------------------------------------------------
Traceback (most recent call last):
  File "/Users/snigdhaghoshdastidar/Desktop/CS540/classeval_evaluation/ClassEval_75_0.py", line 28, in test_add_item_5
    shoppingcart = ShoppingCart()
                   ^^^^^^^^^^^^
NameError: name 'ShoppingCart' is not defined. Did you mean: 'ShoppingCartTest'?

======================================================================
ERROR: test_add_item_6 (ClassEval_75_0.ShoppingCartTestAddItem.test_add_item_6)
----------------------------------------------------------------------
Traceback (most recent call last):
  File "/Users/snigdhaghoshdastidar/Desktop/CS540/classeval_evaluation/ClassEval_75_0.py", line 33, in test_add_item_6
    shoppingcart = ShoppingCart()
                   ^^^^^^^^^^^^
NameError: name 'ShoppingCart' is not defined. Did you mean: 'ShoppingCartTest'?

----------------------------------------------------------------------
Ran 6 tests in 0.017s

FAILED (errors=6)
EEEEEE
======================================================================
ERROR: test_remove_item_1 (ClassEval_75_0.ShoppingCartTestRemoveItem.test_remove_item_1)
----------------------------------------------------------------------
Traceback (most recent call last):
  File "/Users/snigdhaghoshdastidar/Desktop/CS540/classeval_evaluation/ClassEval_75_0.py", line 41, in test_remove_item_1
    shoppingcart = ShoppingCart()
                   ^^^^^^^^^^^^
NameError: name 'ShoppingCart' is not defined. Did you mean: 'ShoppingCartTest'?

======================================================================
ERROR: test_remove_item_2 (ClassEval_75_0.ShoppingCartTestRemoveItem.test_remove_item_2)
----------------------------------------------------------------------
Traceback (most recent call last):
  File "/Users/snigdhaghoshdastidar/Desktop/CS540/classeval_evaluation/ClassEval_75_0.py", line 47, in test_remove_item_2
    shoppingcart = ShoppingCart()
                   ^^^^^^^^^^^^
NameError: name 'ShoppingCart' is not defined. Did you mean: 'ShoppingCartTest'?

======================================================================
ERROR: test_remove_item_3 (ClassEval_75_0.ShoppingCartTestRemoveItem.test_remove_item_3)
----------------------------------------------------------------------
Traceback (most recent call last):
  File "/Users/snigdhaghoshdastidar/Desktop/CS540/classeval_evaluation/ClassEval_75_0.py", line 53, in test_remove_item_3
    shoppingcart = ShoppingCart()
                   ^^^^^^^^^^^^
NameError: name 'ShoppingCart' is not defined. Did you mean: 'ShoppingCartTest'?

======================================================================
ERROR: test_remove_item_4 (ClassEval_75_0.ShoppingCartTestRemoveItem.test_remove_item_4)
----------------------------------------------------------------------
Traceback (most recent call last):
  File "/Users/snigdhaghoshdastidar/Desktop/CS540/classeval_evaluation/ClassEval_75_0.py", line 59, in test_remove_item_4
    shoppingcart = ShoppingCart()
                   ^^^^^^^^^^^^
NameError: name 'ShoppingCart' is not defined. Did you mean: 'ShoppingCartTest'?

======================================================================
ERROR: test_remove_item_5 (ClassEval_75_0.ShoppingCartTestRemoveItem.test_remove_item_5)
----------------------------------------------------------------------
Traceback (most recent call last):
  File "/Users/snigdhaghoshdastidar/Desktop/CS540/classeval_evaluation/ClassEval_75_0.py", line 65, in test_remove_item_5
    shoppingcart = ShoppingCart()
                   ^^^^^^^^^^^^
NameError: name 'ShoppingCart' is not defined. Did you mean: 'ShoppingCartTest'?

======================================================================
ERROR: test_remove_item_6 (ClassEval_75_0.ShoppingCartTestRemoveItem.test_remove_item_6)
----------------------------------------------------------------------
Traceback (most recent call last):
  File "/Users/snigdhaghoshdastidar/Desktop/CS540/classeval_evaluation/ClassEval_75_0.py", line 71, in test_remove_item_6
    shoppingcart = ShoppingCart()
                   ^^^^^^^^^^^^
NameError: name 'ShoppingCart' is not defined. Did you mean: 'ShoppingCartTest'?

----------------------------------------------------------------------
Ran 6 tests in 0.020s

FAILED (errors=6)
EEEEE
======================================================================
ERROR: test_view_items_1 (ClassEval_75_0.ShoppingCartTestViewItems.test_view_items_1)
----------------------------------------------------------------------
Traceback (most recent call last):
  File "/Users/snigdhaghoshdastidar/Desktop/CS540/classeval_evaluation/ClassEval_75_0.py", line 79, in test_view_items_1
    shoppingcart = ShoppingCart()
                   ^^^^^^^^^^^^
NameError: name 'ShoppingCart' is not defined. Did you mean: 'ShoppingCartTest'?

======================================================================
ERROR: test_view_items_2 (ClassEval_75_0.ShoppingCartTestViewItems.test_view_items_2)
----------------------------------------------------------------------
Traceback (most recent call last):
  File "/Users/snigdhaghoshdastidar/Desktop/CS540/classeval_evaluation/ClassEval_75_0.py", line 84, in test_view_items_2
    shoppingcart = ShoppingCart()
                   ^^^^^^^^^^^^
NameError: name 'ShoppingCart' is not defined. Did you mean: 'ShoppingCartTest'?

======================================================================
ERROR: test_view_items_3 (ClassEval_75_0.ShoppingCartTestViewItems.test_view_items_3)
----------------------------------------------------------------------
Traceback (most recent call last):
  File "/Users/snigdhaghoshdastidar/Desktop/CS540/classeval_evaluation/ClassEval_75_0.py", line 89, in test_view_items_3
    shoppingcart = ShoppingCart()
                   ^^^^^^^^^^^^
NameError: name 'ShoppingCart' is not defined. Did you mean: 'ShoppingCartTest'?

======================================================================
ERROR: test_view_items_4 (ClassEval_75_0.ShoppingCartTestViewItems.test_view_items_4)
----------------------------------------------------------------------
Traceback (most recent call last):
  File "/Users/snigdhaghoshdastidar/Desktop/CS540/classeval_evaluation/ClassEval_75_0.py", line 94, in test_view_items_4
    shoppingcart = ShoppingCart()
                   ^^^^^^^^^^^^
NameError: name 'ShoppingCart' is not defined. Did you mean: 'ShoppingCartTest'?

======================================================================
ERROR: test_view_items_5 (ClassEval_75_0.ShoppingCartTestViewItems.test_view_items_5)
----------------------------------------------------------------------
Traceback (most recent call last):
  File "/Users/snigdhaghoshdastidar/Desktop/CS540/classeval_evaluation/ClassEval_75_0.py", line 99, in test_view_items_5
    shoppingcart = ShoppingCart()
                   ^^^^^^^^^^^^
NameError: name 'ShoppingCart' is not defined. Did you mean: 'ShoppingCartTest'?

----------------------------------------------------------------------
Ran 5 tests in 0.015s

FAILED (errors=5)
EEEEE
======================================================================
ERROR: test_total_price_1 (ClassEval_75_0.ShoppingCartTestTotalPrice.test_total_price_1)
----------------------------------------------------------------------
Traceback (most recent call last):
  File "/Users/snigdhaghoshdastidar/Desktop/CS540/classeval_evaluation/ClassEval_75_0.py", line 106, in test_total_price_1
    shoppingcart = ShoppingCart()
                   ^^^^^^^^^^^^
NameError: name 'ShoppingCart' is not defined. Did you mean: 'ShoppingCartTest'?

======================================================================
ERROR: test_total_price_2 (ClassEval_75_0.ShoppingCartTestTotalPrice.test_total_price_2)
----------------------------------------------------------------------
Traceback (most recent call last):
  File "/Users/snigdhaghoshdastidar/Desktop/CS540/classeval_evaluation/ClassEval_75_0.py", line 112, in test_total_price_2
    shoppingcart = ShoppingCart()
                   ^^^^^^^^^^^^
NameError: name 'ShoppingCart' is not defined. Did you mean: 'ShoppingCartTest'?

======================================================================
ERROR: test_total_price_3 (ClassEval_75_0.ShoppingCartTestTotalPrice.test_total_price_3)
----------------------------------------------------------------------
Traceback (most recent call last):
  File "/Users/snigdhaghoshdastidar/Desktop/CS540/classeval_evaluation/ClassEval_75_0.py", line 119, in test_total_price_3
    shoppingcart = ShoppingCart()
                   ^^^^^^^^^^^^
NameError: name 'ShoppingCart' is not defined. Did you mean: 'ShoppingCartTest'?

======================================================================
ERROR: test_total_price_4 (ClassEval_75_0.ShoppingCartTestTotalPrice.test_total_price_4)
----------------------------------------------------------------------
Traceback (most recent call last):
  File "/Users/snigdhaghoshdastidar/Desktop/CS540/classeval_evaluation/ClassEval_75_0.py", line 125, in test_total_price_4
    shoppingcart = ShoppingCart()
                   ^^^^^^^^^^^^
NameError: name 'ShoppingCart' is not defined. Did you mean: 'ShoppingCartTest'?

======================================================================
ERROR: test_total_price_5 (ClassEval_75_0.ShoppingCartTestTotalPrice.test_total_price_5)
----------------------------------------------------------------------
Traceback (most recent call last):
  File "/Users/snigdhaghoshdastidar/Desktop/CS540/classeval_evaluation/ClassEval_75_0.py", line 131, in test_total_price_5
    shoppingcart = ShoppingCart()
                   ^^^^^^^^^^^^
NameError: name 'ShoppingCart' is not defined. Did you mean: 'ShoppingCartTest'?

----------------------------------------------------------------------
Ran 5 tests in 0.014s

FAILED (errors=5)
E
======================================================================
ERROR: test_shoppingcart (ClassEval_75_0.ShoppingCartTest.test_shoppingcart)
----------------------------------------------------------------------
Traceback (most recent call last):
  File "/Users/snigdhaghoshdastidar/Desktop/CS540/classeval_evaluation/ClassEval_75_0.py", line 139, in test_shoppingcart
    shoppingcart = ShoppingCart()
                   ^^^^^^^^^^^^
NameError: name 'ShoppingCart' is not defined. Did you mean: 'ShoppingCartTest'?

----------------------------------------------------------------------
Ran 1 test in 0.003s

FAILED (errors=1)
.....
----------------------------------------------------------------------
Ran 5 tests in 0.000s

OK
.....
----------------------------------------------------------------------
Ran 5 tests in 0.000s

OK
.....
----------------------------------------------------------------------
Ran 5 tests in 0.000s

OK
.....
----------------------------------------------------------------------
Ran 5 tests in 0.000s

OK
.....
----------------------------------------------------------------------
Ran 5 tests in 0.000s

OK
.
----------------------------------------------------------------------
Ran 1 test in 0.000s

OK
EEEEE
======================================================================
ERROR: test_add_item (ClassEval_94_0.VendingMachineTestAddItem.test_add_item)
----------------------------------------------------------------------
Traceback (most recent call last):
  File "/Users/snigdhaghoshdastidar/Desktop/CS540/classeval_evaluation/ClassEval_94_0.py", line 6, in test_add_item
    vendingMachine = VendingMachine()
                     ^^^^^^^^^^^^^^
NameError: name 'VendingMachine' is not defined

======================================================================
ERROR: test_add_item_2 (ClassEval_94_0.VendingMachineTestAddItem.test_add_item_2)
----------------------------------------------------------------------
Traceback (most recent call last):
  File "/Users/snigdhaghoshdastidar/Desktop/CS540/classeval_evaluation/ClassEval_94_0.py", line 11, in test_add_item_2
    vendingMachine = VendingMachine()
                     ^^^^^^^^^^^^^^
NameError: name 'VendingMachine' is not defined

======================================================================
ERROR: test_add_item_3 (ClassEval_94_0.VendingMachineTestAddItem.test_add_item_3)
----------------------------------------------------------------------
Traceback (most recent call last):
  File "/Users/snigdhaghoshdastidar/Desktop/CS540/classeval_evaluation/ClassEval_94_0.py", line 17, in test_add_item_3
    vendingMachine = VendingMachine()
                     ^^^^^^^^^^^^^^
NameError: name 'VendingMachine' is not defined

======================================================================
ERROR: test_add_item_4 (ClassEval_94_0.VendingMachineTestAddItem.test_add_item_4)
----------------------------------------------------------------------
Traceback (most recent call last):
  File "/Users/snigdhaghoshdastidar/Desktop/CS540/classeval_evaluation/ClassEval_94_0.py", line 23, in test_add_item_4
    vendingMachine = VendingMachine()
                     ^^^^^^^^^^^^^^
NameError: name 'VendingMachine' is not defined

======================================================================
ERROR: test_add_item_5 (ClassEval_94_0.VendingMachineTestAddItem.test_add_item_5)
----------------------------------------------------------------------
Traceback (most recent call last):
  File "/Users/snigdhaghoshdastidar/Desktop/CS540/classeval_evaluation/ClassEval_94_0.py", line 30, in test_add_item_5
    vendingMachine = VendingMachine()
                     ^^^^^^^^^^^^^^
NameError: name 'VendingMachine' is not defined

----------------------------------------------------------------------
Ran 5 tests in 0.029s

FAILED (errors=5)
EEEEE
======================================================================
ERROR: test_insert_coin (ClassEval_94_0.VendingMachineTestInsertCoin.test_insert_coin)
----------------------------------------------------------------------
Traceback (most recent call last):
  File "/Users/snigdhaghoshdastidar/Desktop/CS540/classeval_evaluation/ClassEval_94_0.py", line 39, in test_insert_coin
    vendingMachine = VendingMachine()
                     ^^^^^^^^^^^^^^
NameError: name 'VendingMachine' is not defined

======================================================================
ERROR: test_insert_coin_2 (ClassEval_94_0.VendingMachineTestInsertCoin.test_insert_coin_2)
----------------------------------------------------------------------
Traceback (most recent call last):
  File "/Users/snigdhaghoshdastidar/Desktop/CS540/classeval_evaluation/ClassEval_94_0.py", line 43, in test_insert_coin_2
    vendingMachine = VendingMachine()
                     ^^^^^^^^^^^^^^
NameError: name 'VendingMachine' is not defined

======================================================================
ERROR: test_insert_coin_3 (ClassEval_94_0.VendingMachineTestInsertCoin.test_insert_coin_3)
----------------------------------------------------------------------
Traceback (most recent call last):
  File "/Users/snigdhaghoshdastidar/Desktop/CS540/classeval_evaluation/ClassEval_94_0.py", line 47, in test_insert_coin_3
    vendingMachine = VendingMachine()
                     ^^^^^^^^^^^^^^
NameError: name 'VendingMachine' is not defined

======================================================================
ERROR: test_insert_coin_4 (ClassEval_94_0.VendingMachineTestInsertCoin.test_insert_coin_4)
----------------------------------------------------------------------
Traceback (most recent call last):
  File "/Users/snigdhaghoshdastidar/Desktop/CS540/classeval_evaluation/ClassEval_94_0.py", line 53, in test_insert_coin_4
    vendingMachine = VendingMachine()
                     ^^^^^^^^^^^^^^
NameError: name 'VendingMachine' is not defined

======================================================================
ERROR: test_insert_coin_5 (ClassEval_94_0.VendingMachineTestInsertCoin.test_insert_coin_5)
----------------------------------------------------------------------
Traceback (most recent call last):
  File "/Users/snigdhaghoshdastidar/Desktop/CS540/classeval_evaluation/ClassEval_94_0.py", line 61, in test_insert_coin_5
    vendingMachine = VendingMachine()
                     ^^^^^^^^^^^^^^
NameError: name 'VendingMachine' is not defined

----------------------------------------------------------------------
Ran 5 tests in 0.027s

FAILED (errors=5)
EEEEE
======================================================================
ERROR: test_purchase_item (ClassEval_94_0.VendingMachineTestPurchaseItem.test_purchase_item)
----------------------------------------------------------------------
Traceback (most recent call last):
  File "/Users/snigdhaghoshdastidar/Desktop/CS540/classeval_evaluation/ClassEval_94_0.py", line 71, in test_purchase_item
    vendingMachine = VendingMachine()
                     ^^^^^^^^^^^^^^
NameError: name 'VendingMachine' is not defined

======================================================================
ERROR: test_purchase_item_2 (ClassEval_94_0.VendingMachineTestPurchaseItem.test_purchase_item_2)
----------------------------------------------------------------------
Traceback (most recent call last):
  File "/Users/snigdhaghoshdastidar/Desktop/CS540/classeval_evaluation/ClassEval_94_0.py", line 78, in test_purchase_item_2
    vendingMachine = VendingMachine()
                     ^^^^^^^^^^^^^^
NameError: name 'VendingMachine' is not defined

======================================================================
ERROR: test_purchase_item_3 (ClassEval_94_0.VendingMachineTestPurchaseItem.test_purchase_item_3)
----------------------------------------------------------------------
Traceback (most recent call last):
  File "/Users/snigdhaghoshdastidar/Desktop/CS540/classeval_evaluation/ClassEval_94_0.py", line 85, in test_purchase_item_3
    vendingMachine = VendingMachine()
                     ^^^^^^^^^^^^^^
NameError: name 'VendingMachine' is not defined

======================================================================
ERROR: test_purchase_item_4 (ClassEval_94_0.VendingMachineTestPurchaseItem.test_purchase_item_4)
----------------------------------------------------------------------
Traceback (most recent call last):
  File "/Users/snigdhaghoshdastidar/Desktop/CS540/classeval_evaluation/ClassEval_94_0.py", line 92, in test_purchase_item_4
    vendingMachine = VendingMachine()
                     ^^^^^^^^^^^^^^
NameError: name 'VendingMachine' is not defined

======================================================================
ERROR: test_purchase_item_5 (ClassEval_94_0.VendingMachineTestPurchaseItem.test_purchase_item_5)
----------------------------------------------------------------------
Traceback (most recent call last):
  File "/Users/snigdhaghoshdastidar/Desktop/CS540/classeval_evaluation/ClassEval_94_0.py", line 99, in test_purchase_item_5
    vendingMachine = VendingMachine()
                     ^^^^^^^^^^^^^^
NameError: name 'VendingMachine' is not defined

----------------------------------------------------------------------
Ran 5 tests in 0.022s

FAILED (errors=5)
EEEEE
======================================================================
ERROR: test_restock_item (ClassEval_94_0.VendingMachineTestRestockItem.test_restock_item)
----------------------------------------------------------------------
Traceback (most recent call last):
  File "/Users/snigdhaghoshdastidar/Desktop/CS540/classeval_evaluation/ClassEval_94_0.py", line 107, in test_restock_item
    vendingMachine = VendingMachine()
                     ^^^^^^^^^^^^^^
NameError: name 'VendingMachine' is not defined

======================================================================
ERROR: test_restock_item_2 (ClassEval_94_0.VendingMachineTestRestockItem.test_restock_item_2)
----------------------------------------------------------------------
Traceback (most recent call last):
  File "/Users/snigdhaghoshdastidar/Desktop/CS540/classeval_evaluation/ClassEval_94_0.py", line 113, in test_restock_item_2
    vendingMachine = VendingMachine()
                     ^^^^^^^^^^^^^^
NameError: name 'VendingMachine' is not defined

======================================================================
ERROR: test_restock_item_3 (ClassEval_94_0.VendingMachineTestRestockItem.test_restock_item_3)
----------------------------------------------------------------------
Traceback (most recent call last):
  File "/Users/snigdhaghoshdastidar/Desktop/CS540/classeval_evaluation/ClassEval_94_0.py", line 119, in test_restock_item_3
    vendingMachine = VendingMachine()
                     ^^^^^^^^^^^^^^
NameError: name 'VendingMachine' is not defined

======================================================================
ERROR: test_restock_item_4 (ClassEval_94_0.VendingMachineTestRestockItem.test_restock_item_4)
----------------------------------------------------------------------
Traceback (most recent call last):
  File "/Users/snigdhaghoshdastidar/Desktop/CS540/classeval_evaluation/ClassEval_94_0.py", line 125, in test_restock_item_4
    vendingMachine = VendingMachine()
                     ^^^^^^^^^^^^^^
NameError: name 'VendingMachine' is not defined

======================================================================
ERROR: test_restock_item_5 (ClassEval_94_0.VendingMachineTestRestockItem.test_restock_item_5)
----------------------------------------------------------------------
Traceback (most recent call last):
  File "/Users/snigdhaghoshdastidar/Desktop/CS540/classeval_evaluation/ClassEval_94_0.py", line 131, in test_restock_item_5
    vendingMachine = VendingMachine()
                     ^^^^^^^^^^^^^^
NameError: name 'VendingMachine' is not defined

----------------------------------------------------------------------
Ran 5 tests in 0.021s

FAILED (errors=5)
EEEEE
======================================================================
ERROR: test_display_items (ClassEval_94_0.VendingMachineTestDisplayItems.test_display_items)
----------------------------------------------------------------------
Traceback (most recent call last):
  File "/Users/snigdhaghoshdastidar/Desktop/CS540/classeval_evaluation/ClassEval_94_0.py", line 137, in test_display_items
    vendingMachine = VendingMachine()
                     ^^^^^^^^^^^^^^
NameError: name 'VendingMachine' is not defined

======================================================================
ERROR: test_display_items_2 (ClassEval_94_0.VendingMachineTestDisplayItems.test_display_items_2)
----------------------------------------------------------------------
Traceback (most recent call last):
  File "/Users/snigdhaghoshdastidar/Desktop/CS540/classeval_evaluation/ClassEval_94_0.py", line 142, in test_display_items_2
    vendingMachine = VendingMachine()
                     ^^^^^^^^^^^^^^
NameError: name 'VendingMachine' is not defined

======================================================================
ERROR: test_display_items_3 (ClassEval_94_0.VendingMachineTestDisplayItems.test_display_items_3)
----------------------------------------------------------------------
Traceback (most recent call last):
  File "/Users/snigdhaghoshdastidar/Desktop/CS540/classeval_evaluation/ClassEval_94_0.py", line 146, in test_display_items_3
    vendingMachine = VendingMachine()
                     ^^^^^^^^^^^^^^
NameError: name 'VendingMachine' is not defined

======================================================================
ERROR: test_display_items_4 (ClassEval_94_0.VendingMachineTestDisplayItems.test_display_items_4)
----------------------------------------------------------------------
Traceback (most recent call last):
  File "/Users/snigdhaghoshdastidar/Desktop/CS540/classeval_evaluation/ClassEval_94_0.py", line 151, in test_display_items_4
    vendingMachine = VendingMachine()
                     ^^^^^^^^^^^^^^
NameError: name 'VendingMachine' is not defined

======================================================================
ERROR: test_display_items_5 (ClassEval_94_0.VendingMachineTestDisplayItems.test_display_items_5)
----------------------------------------------------------------------
Traceback (most recent call last):
  File "/Users/snigdhaghoshdastidar/Desktop/CS540/classeval_evaluation/ClassEval_94_0.py", line 156, in test_display_items_5
    vendingMachine = VendingMachine()
                     ^^^^^^^^^^^^^^
NameError: name 'VendingMachine' is not defined

----------------------------------------------------------------------
Ran 5 tests in 0.023s

FAILED (errors=5)
EE
======================================================================
ERROR: test_main (ClassEval_94_0.VendingMachineTestMain.test_main)
----------------------------------------------------------------------
Traceback (most recent call last):
  File "/Users/snigdhaghoshdastidar/Desktop/CS540/classeval_evaluation/ClassEval_94_0.py", line 162, in test_main
    vendingMachine = VendingMachine()
                     ^^^^^^^^^^^^^^
NameError: name 'VendingMachine' is not defined

======================================================================
ERROR: test_main_2 (ClassEval_94_0.VendingMachineTestMain.test_main_2)
----------------------------------------------------------------------
Traceback (most recent call last):
  File "/Users/snigdhaghoshdastidar/Desktop/CS540/classeval_evaluation/ClassEval_94_0.py", line 176, in test_main_2
    vendingMachine = VendingMachine()
                     ^^^^^^^^^^^^^^
NameError: name 'VendingMachine' is not defined

----------------------------------------------------------------------
Ran 2 tests in 0.009s

FAILED (errors=2)
EEEEEE
======================================================================
ERROR: test_add_product_1 (ClassEval_95_0.WarehouseTestAddProduct.test_add_product_1)
----------------------------------------------------------------------
Traceback (most recent call last):
  File "/Users/snigdhaghoshdastidar/Desktop/CS540/classeval_evaluation/ClassEval_95_0.py", line 8, in test_add_product_1
    warehouse = Warehouse()
                ^^^^^^^^^
NameError: name 'Warehouse' is not defined

======================================================================
ERROR: test_add_product_2 (ClassEval_95_0.WarehouseTestAddProduct.test_add_product_2)
----------------------------------------------------------------------
Traceback (most recent call last):
  File "/Users/snigdhaghoshdastidar/Desktop/CS540/classeval_evaluation/ClassEval_95_0.py", line 13, in test_add_product_2
    warehouse = Warehouse()
                ^^^^^^^^^
NameError: name 'Warehouse' is not defined

======================================================================
ERROR: test_add_product_3 (ClassEval_95_0.WarehouseTestAddProduct.test_add_product_3)
----------------------------------------------------------------------
Traceback (most recent call last):
  File "/Users/snigdhaghoshdastidar/Desktop/CS540/classeval_evaluation/ClassEval_95_0.py", line 20, in test_add_product_3
    warehouse = Warehouse()
                ^^^^^^^^^
NameError: name 'Warehouse' is not defined

======================================================================
ERROR: test_add_product_4 (ClassEval_95_0.WarehouseTestAddProduct.test_add_product_4)
----------------------------------------------------------------------
Traceback (most recent call last):
  File "/Users/snigdhaghoshdastidar/Desktop/CS540/classeval_evaluation/ClassEval_95_0.py", line 25, in test_add_product_4
    warehouse = Warehouse()
                ^^^^^^^^^
NameError: name 'Warehouse' is not defined

======================================================================
ERROR: test_add_product_5 (ClassEval_95_0.WarehouseTestAddProduct.test_add_product_5)
----------------------------------------------------------------------
Traceback (most recent call last):
  File "/Users/snigdhaghoshdastidar/Desktop/CS540/classeval_evaluation/ClassEval_95_0.py", line 30, in test_add_product_5
    warehouse = Warehouse()
                ^^^^^^^^^
NameError: name 'Warehouse' is not defined

======================================================================
ERROR: test_add_product_6 (ClassEval_95_0.WarehouseTestAddProduct.test_add_product_6)
----------------------------------------------------------------------
Traceback (most recent call last):
  File "/Users/snigdhaghoshdastidar/Desktop/CS540/classeval_evaluation/ClassEval_95_0.py", line 35, in test_add_product_6
    warehouse = Warehouse()
                ^^^^^^^^^
NameError: name 'Warehouse' is not defined

----------------------------------------------------------------------
Ran 6 tests in 0.019s

FAILED (errors=6)
EEEEE
======================================================================
ERROR: test_update_product_quantity_1 (ClassEval_95_0.WarehouseTestUpdateProductQuantity.test_update_product_quantity_1)
----------------------------------------------------------------------
Traceback (most recent call last):
  File "/Users/snigdhaghoshdastidar/Desktop/CS540/classeval_evaluation/ClassEval_95_0.py", line 43, in test_update_product_quantity_1
    warehouse = Warehouse()
                ^^^^^^^^^
NameError: name 'Warehouse' is not defined

======================================================================
ERROR: test_update_product_quantity_2 (ClassEval_95_0.WarehouseTestUpdateProductQuantity.test_update_product_quantity_2)
----------------------------------------------------------------------
Traceback (most recent call last):
  File "/Users/snigdhaghoshdastidar/Desktop/CS540/classeval_evaluation/ClassEval_95_0.py", line 50, in test_update_product_quantity_2
    warehouse = Warehouse()
                ^^^^^^^^^
NameError: name 'Warehouse' is not defined

======================================================================
ERROR: test_update_product_quantity_3 (ClassEval_95_0.WarehouseTestUpdateProductQuantity.test_update_product_quantity_3)
----------------------------------------------------------------------
Traceback (most recent call last):
  File "/Users/snigdhaghoshdastidar/Desktop/CS540/classeval_evaluation/ClassEval_95_0.py", line 56, in test_update_product_quantity_3
    warehouse = Warehouse()
                ^^^^^^^^^
NameError: name 'Warehouse' is not defined

======================================================================
ERROR: test_update_product_quantity_4 (ClassEval_95_0.WarehouseTestUpdateProductQuantity.test_update_product_quantity_4)
----------------------------------------------------------------------
Traceback (most recent call last):
  File "/Users/snigdhaghoshdastidar/Desktop/CS540/classeval_evaluation/ClassEval_95_0.py", line 61, in test_update_product_quantity_4
    warehouse = Warehouse()
                ^^^^^^^^^
NameError: name 'Warehouse' is not defined

======================================================================
ERROR: test_update_product_quantity_5 (ClassEval_95_0.WarehouseTestUpdateProductQuantity.test_update_product_quantity_5)
----------------------------------------------------------------------
Traceback (most recent call last):
  File "/Users/snigdhaghoshdastidar/Desktop/CS540/classeval_evaluation/ClassEval_95_0.py", line 67, in test_update_product_quantity_5
    warehouse = Warehouse()
                ^^^^^^^^^
NameError: name 'Warehouse' is not defined

----------------------------------------------------------------------
Ran 5 tests in 0.016s

FAILED (errors=5)
EEEEE
======================================================================
ERROR: test_get_product_quantity_1 (ClassEval_95_0.WarehouseTestGetProductQuantity.test_get_product_quantity_1)
----------------------------------------------------------------------
Traceback (most recent call last):
  File "/Users/snigdhaghoshdastidar/Desktop/CS540/classeval_evaluation/ClassEval_95_0.py", line 75, in test_get_product_quantity_1
    warehouse = Warehouse()
                ^^^^^^^^^
NameError: name 'Warehouse' is not defined

======================================================================
ERROR: test_get_product_quantity_2 (ClassEval_95_0.WarehouseTestGetProductQuantity.test_get_product_quantity_2)
----------------------------------------------------------------------
Traceback (most recent call last):
  File "/Users/snigdhaghoshdastidar/Desktop/CS540/classeval_evaluation/ClassEval_95_0.py", line 80, in test_get_product_quantity_2
    warehouse = Warehouse()
                ^^^^^^^^^
NameError: name 'Warehouse' is not defined

======================================================================
ERROR: test_get_product_quantity_3 (ClassEval_95_0.WarehouseTestGetProductQuantity.test_get_product_quantity_3)
----------------------------------------------------------------------
Traceback (most recent call last):
  File "/Users/snigdhaghoshdastidar/Desktop/CS540/classeval_evaluation/ClassEval_95_0.py", line 84, in test_get_product_quantity_3
    warehouse = Warehouse()
                ^^^^^^^^^
NameError: name 'Warehouse' is not defined

======================================================================
ERROR: test_get_product_quantity_4 (ClassEval_95_0.WarehouseTestGetProductQuantity.test_get_product_quantity_4)
----------------------------------------------------------------------
Traceback (most recent call last):
  File "/Users/snigdhaghoshdastidar/Desktop/CS540/classeval_evaluation/ClassEval_95_0.py", line 89, in test_get_product_quantity_4
    warehouse = Warehouse()
                ^^^^^^^^^
NameError: name 'Warehouse' is not defined

======================================================================
ERROR: test_get_product_quantity_5 (ClassEval_95_0.WarehouseTestGetProductQuantity.test_get_product_quantity_5)
----------------------------------------------------------------------
Traceback (most recent call last):
  File "/Users/snigdhaghoshdastidar/Desktop/CS540/classeval_evaluation/ClassEval_95_0.py", line 94, in test_get_product_quantity_5
    warehouse = Warehouse()
                ^^^^^^^^^
NameError: name 'Warehouse' is not defined

----------------------------------------------------------------------
Ran 5 tests in 0.018s

FAILED (errors=5)
EEEEE
======================================================================
ERROR: test_create_order_1 (ClassEval_95_0.WarehouseTestCreateOrder.test_create_order_1)
----------------------------------------------------------------------
Traceback (most recent call last):
  File "/Users/snigdhaghoshdastidar/Desktop/CS540/classeval_evaluation/ClassEval_95_0.py", line 101, in test_create_order_1
    warehouse = Warehouse()
                ^^^^^^^^^
NameError: name 'Warehouse' is not defined

======================================================================
ERROR: test_create_order_2 (ClassEval_95_0.WarehouseTestCreateOrder.test_create_order_2)
----------------------------------------------------------------------
Traceback (most recent call last):
  File "/Users/snigdhaghoshdastidar/Desktop/CS540/classeval_evaluation/ClassEval_95_0.py", line 107, in test_create_order_2
    warehouse = Warehouse()
                ^^^^^^^^^
NameError: name 'Warehouse' is not defined

======================================================================
ERROR: test_create_order_3 (ClassEval_95_0.WarehouseTestCreateOrder.test_create_order_3)
----------------------------------------------------------------------
Traceback (most recent call last):
  File "/Users/snigdhaghoshdastidar/Desktop/CS540/classeval_evaluation/ClassEval_95_0.py", line 113, in test_create_order_3
    warehouse = Warehouse()
                ^^^^^^^^^
NameError: name 'Warehouse' is not defined

======================================================================
ERROR: test_create_order_4 (ClassEval_95_0.WarehouseTestCreateOrder.test_create_order_4)
----------------------------------------------------------------------
Traceback (most recent call last):
  File "/Users/snigdhaghoshdastidar/Desktop/CS540/classeval_evaluation/ClassEval_95_0.py", line 119, in test_create_order_4
    warehouse = Warehouse()
                ^^^^^^^^^
NameError: name 'Warehouse' is not defined

======================================================================
ERROR: test_create_order_5 (ClassEval_95_0.WarehouseTestCreateOrder.test_create_order_5)
----------------------------------------------------------------------
Traceback (most recent call last):
  File "/Users/snigdhaghoshdastidar/Desktop/CS540/classeval_evaluation/ClassEval_95_0.py", line 125, in test_create_order_5
    warehouse = Warehouse()
                ^^^^^^^^^
NameError: name 'Warehouse' is not defined

----------------------------------------------------------------------
Ran 5 tests in 0.019s

FAILED (errors=5)
EEEEE
======================================================================
ERROR: test_change_order_status_1 (ClassEval_95_0.WarehouseTestChangeOrderStatus.test_change_order_status_1)
----------------------------------------------------------------------
Traceback (most recent call last):
  File "/Users/snigdhaghoshdastidar/Desktop/CS540/classeval_evaluation/ClassEval_95_0.py", line 133, in test_change_order_status_1
    warehouse = Warehouse()
                ^^^^^^^^^
NameError: name 'Warehouse' is not defined

======================================================================
ERROR: test_change_order_status_2 (ClassEval_95_0.WarehouseTestChangeOrderStatus.test_change_order_status_2)
----------------------------------------------------------------------
Traceback (most recent call last):
  File "/Users/snigdhaghoshdastidar/Desktop/CS540/classeval_evaluation/ClassEval_95_0.py", line 140, in test_change_order_status_2
    warehouse = Warehouse()
                ^^^^^^^^^
NameError: name 'Warehouse' is not defined

======================================================================
ERROR: test_change_order_status_3 (ClassEval_95_0.WarehouseTestChangeOrderStatus.test_change_order_status_3)
----------------------------------------------------------------------
Traceback (most recent call last):
  File "/Users/snigdhaghoshdastidar/Desktop/CS540/classeval_evaluation/ClassEval_95_0.py", line 145, in test_change_order_status_3
    warehouse = Warehouse()
                ^^^^^^^^^
NameError: name 'Warehouse' is not defined

======================================================================
ERROR: test_change_order_status_4 (ClassEval_95_0.WarehouseTestChangeOrderStatus.test_change_order_status_4)
----------------------------------------------------------------------
Traceback (most recent call last):
  File "/Users/snigdhaghoshdastidar/Desktop/CS540/classeval_evaluation/ClassEval_95_0.py", line 152, in test_change_order_status_4
    warehouse = Warehouse()
                ^^^^^^^^^
NameError: name 'Warehouse' is not defined

======================================================================
ERROR: test_change_order_status_5 (ClassEval_95_0.WarehouseTestChangeOrderStatus.test_change_order_status_5)
----------------------------------------------------------------------
Traceback (most recent call last):
  File "/Users/snigdhaghoshdastidar/Desktop/CS540/classeval_evaluation/ClassEval_95_0.py", line 159, in test_change_order_status_5
    warehouse = Warehouse()
                ^^^^^^^^^
NameError: name 'Warehouse' is not defined

----------------------------------------------------------------------
Ran 5 tests in 0.018s

FAILED (errors=5)
EEEEE
======================================================================
ERROR: test_track_order_1 (ClassEval_95_0.WarehouseTestTrackOrder.test_track_order_1)
----------------------------------------------------------------------
Traceback (most recent call last):
  File "/Users/snigdhaghoshdastidar/Desktop/CS540/classeval_evaluation/ClassEval_95_0.py", line 166, in test_track_order_1
    warehouse = Warehouse()
                ^^^^^^^^^
NameError: name 'Warehouse' is not defined

======================================================================
ERROR: test_track_order_2 (ClassEval_95_0.WarehouseTestTrackOrder.test_track_order_2)
----------------------------------------------------------------------
Traceback (most recent call last):
  File "/Users/snigdhaghoshdastidar/Desktop/CS540/classeval_evaluation/ClassEval_95_0.py", line 172, in test_track_order_2
    warehouse = Warehouse()
                ^^^^^^^^^
NameError: name 'Warehouse' is not defined

======================================================================
ERROR: test_track_order_3 (ClassEval_95_0.WarehouseTestTrackOrder.test_track_order_3)
----------------------------------------------------------------------
Traceback (most recent call last):
  File "/Users/snigdhaghoshdastidar/Desktop/CS540/classeval_evaluation/ClassEval_95_0.py", line 177, in test_track_order_3
    warehouse = Warehouse()
                ^^^^^^^^^
NameError: name 'Warehouse' is not defined

======================================================================
ERROR: test_track_order_4 (ClassEval_95_0.WarehouseTestTrackOrder.test_track_order_4)
----------------------------------------------------------------------
Traceback (most recent call last):
  File "/Users/snigdhaghoshdastidar/Desktop/CS540/classeval_evaluation/ClassEval_95_0.py", line 183, in test_track_order_4
    warehouse = Warehouse()
                ^^^^^^^^^
NameError: name 'Warehouse' is not defined

======================================================================
ERROR: test_track_order_5 (ClassEval_95_0.WarehouseTestTrackOrder.test_track_order_5)
----------------------------------------------------------------------
Traceback (most recent call last):
  File "/Users/snigdhaghoshdastidar/Desktop/CS540/classeval_evaluation/ClassEval_95_0.py", line 189, in test_track_order_5
    warehouse = Warehouse()
                ^^^^^^^^^
NameError: name 'Warehouse' is not defined

----------------------------------------------------------------------
Ran 5 tests in 0.018s

FAILED (errors=5)
E
======================================================================
ERROR: test_main (ClassEval_95_0.WarehouseTestMain.test_main)
----------------------------------------------------------------------
Traceback (most recent call last):
  File "/Users/snigdhaghoshdastidar/Desktop/CS540/classeval_evaluation/ClassEval_95_0.py", line 197, in test_main
    warehouse = Warehouse()
                ^^^^^^^^^
NameError: name 'Warehouse' is not defined

----------------------------------------------------------------------
Ran 1 test in 0.004s

FAILED (errors=1)
FF....
======================================================================
FAIL: test_query (ClassEval_96_0.WeatherSystemTestQuery.test_query)
----------------------------------------------------------------------
Traceback (most recent call last):
  File "/Users/snigdhaghoshdastidar/Desktop/CS540/classeval_evaluation/ClassEval_96_0.py", line 75, in test_query
    self.assertEqual(weatherSystem.query(weather_list), (27, 'sunny'))
AssertionError: Tuples differ: (-2.7777777777777777, 'sunny') != (27, 'sunny')

First differing element 0:
-2.7777777777777777
27

- (-2.7777777777777777, 'sunny')
+ (27, 'sunny')

======================================================================
FAIL: test_query_2 (ClassEval_96_0.WeatherSystemTestQuery.test_query_2)
----------------------------------------------------------------------
Traceback (most recent call last):
  File "/Users/snigdhaghoshdastidar/Desktop/CS540/classeval_evaluation/ClassEval_96_0.py", line 91, in test_query_2
    self.assertEqual(weatherSystem.query(weather_list), False)
AssertionError: None != False

----------------------------------------------------------------------
Ran 6 tests in 0.001s

FAILED (failures=2)
.....
----------------------------------------------------------------------
Ran 5 tests in 0.000s

OK
.....
----------------------------------------------------------------------
Ran 5 tests in 0.000s

OK
.....
----------------------------------------------------------------------
Ran 5 tests in 0.001s

OK
F
======================================================================
FAIL: test_main (ClassEval_96_0.WeatherSystemTestMain.test_main)
----------------------------------------------------------------------
Traceback (most recent call last):
  File "/Users/snigdhaghoshdastidar/Desktop/CS540/classeval_evaluation/ClassEval_96_0.py", line 254, in test_main
    self.assertEqual(weatherSystem.query(weather_list), (27, 'sunny'))
AssertionError: Tuples differ: (-2.7777777777777777, 'sunny') != (27, 'sunny')

First differing element 0:
-2.7777777777777777
27

- (-2.7777777777777777, 'sunny')
+ (27, 'sunny')

----------------------------------------------------------------------
Ran 1 test in 0.001s

FAILED (failures=1)
