EEEEE
======================================================================
ERROR: test_calculate_circle_area (ClassEval_1_0.AreaCalculatorTestCalculateCircleArea.test_calculate_circle_area)
----------------------------------------------------------------------
Traceback (most recent call last):
  File "/Users/snigdhaghoshdastidar/Desktop/CS540/classeval_evaluation/ClassEval_1_0.py", line 7, in test_calculate_circle_area
    areaCalculator = AreaCalculator(2)
                     ^^^^^^^^^^^^^^
NameError: name 'AreaCalculator' is not defined

======================================================================
ERROR: test_calculate_circle_area_2 (ClassEval_1_0.AreaCalculatorTestCalculateCircleArea.test_calculate_circle_area_2)
----------------------------------------------------------------------
Traceback (most recent call last):
  File "/Users/snigdhaghoshdastidar/Desktop/CS540/classeval_evaluation/ClassEval_1_0.py", line 10, in test_calculate_circle_area_2
    areaCalculator = AreaCalculator(2.5)
                     ^^^^^^^^^^^^^^
NameError: name 'AreaCalculator' is not defined

======================================================================
ERROR: test_calculate_circle_area_3 (ClassEval_1_0.AreaCalculatorTestCalculateCircleArea.test_calculate_circle_area_3)
----------------------------------------------------------------------
Traceback (most recent call last):
  File "/Users/snigdhaghoshdastidar/Desktop/CS540/classeval_evaluation/ClassEval_1_0.py", line 14, in test_calculate_circle_area_3
    areaCalculator = AreaCalculator(2000)
                     ^^^^^^^^^^^^^^
NameError: name 'AreaCalculator' is not defined

======================================================================
ERROR: test_calculate_circle_area_4 (ClassEval_1_0.AreaCalculatorTestCalculateCircleArea.test_calculate_circle_area_4)
----------------------------------------------------------------------
Traceback (most recent call last):
  File "/Users/snigdhaghoshdastidar/Desktop/CS540/classeval_evaluation/ClassEval_1_0.py", line 18, in test_calculate_circle_area_4
    areaCalculator = AreaCalculator(0)
                     ^^^^^^^^^^^^^^
NameError: name 'AreaCalculator' is not defined

======================================================================
ERROR: test_calculate_circle_area_5 (ClassEval_1_0.AreaCalculatorTestCalculateCircleArea.test_calculate_circle_area_5)
----------------------------------------------------------------------
Traceback (most recent call last):
  File "/Users/snigdhaghoshdastidar/Desktop/CS540/classeval_evaluation/ClassEval_1_0.py", line 22, in test_calculate_circle_area_5
    areaCalculator = AreaCalculator(0.1)
                     ^^^^^^^^^^^^^^
NameError: name 'AreaCalculator' is not defined

----------------------------------------------------------------------
Ran 5 tests in 0.023s

FAILED (errors=5)
EEEEE
======================================================================
ERROR: test_calculate_sphere_area (ClassEval_1_0.AreaCalculatorTestCalculateSphereArea.test_calculate_sphere_area)
----------------------------------------------------------------------
Traceback (most recent call last):
  File "/Users/snigdhaghoshdastidar/Desktop/CS540/classeval_evaluation/ClassEval_1_0.py", line 28, in test_calculate_sphere_area
    areaCalculator = AreaCalculator(2)
                     ^^^^^^^^^^^^^^
NameError: name 'AreaCalculator' is not defined

======================================================================
ERROR: test_calculate_sphere_area_2 (ClassEval_1_0.AreaCalculatorTestCalculateSphereArea.test_calculate_sphere_area_2)
----------------------------------------------------------------------
Traceback (most recent call last):
  File "/Users/snigdhaghoshdastidar/Desktop/CS540/classeval_evaluation/ClassEval_1_0.py", line 32, in test_calculate_sphere_area_2
    areaCalculator = AreaCalculator(2.5)
                     ^^^^^^^^^^^^^^
NameError: name 'AreaCalculator' is not defined

======================================================================
ERROR: test_calculate_sphere_area_3 (ClassEval_1_0.AreaCalculatorTestCalculateSphereArea.test_calculate_sphere_area_3)
----------------------------------------------------------------------
Traceback (most recent call last):
  File "/Users/snigdhaghoshdastidar/Desktop/CS540/classeval_evaluation/ClassEval_1_0.py", line 36, in test_calculate_sphere_area_3
    areaCalculator = AreaCalculator(2000)
                     ^^^^^^^^^^^^^^
NameError: name 'AreaCalculator' is not defined

======================================================================
ERROR: test_calculate_sphere_area_4 (ClassEval_1_0.AreaCalculatorTestCalculateSphereArea.test_calculate_sphere_area_4)
----------------------------------------------------------------------
Traceback (most recent call last):
  File "/Users/snigdhaghoshdastidar/Desktop/CS540/classeval_evaluation/ClassEval_1_0.py", line 40, in test_calculate_sphere_area_4
    areaCalculator = AreaCalculator(0)
                     ^^^^^^^^^^^^^^
NameError: name 'AreaCalculator' is not defined

======================================================================
ERROR: test_calculate_sphere_area_5 (ClassEval_1_0.AreaCalculatorTestCalculateSphereArea.test_calculate_sphere_area_5)
----------------------------------------------------------------------
Traceback (most recent call last):
  File "/Users/snigdhaghoshdastidar/Desktop/CS540/classeval_evaluation/ClassEval_1_0.py", line 44, in test_calculate_sphere_area_5
    areaCalculator = AreaCalculator(0.1)
                     ^^^^^^^^^^^^^^
NameError: name 'AreaCalculator' is not defined

----------------------------------------------------------------------
Ran 5 tests in 0.028s

FAILED (errors=5)
EEEEE
======================================================================
ERROR: test_calculate_cylinder_area (ClassEval_1_0.AreaCalculatorTestCalculateCylinderArea.test_calculate_cylinder_area)
----------------------------------------------------------------------
Traceback (most recent call last):
  File "/Users/snigdhaghoshdastidar/Desktop/CS540/classeval_evaluation/ClassEval_1_0.py", line 50, in test_calculate_cylinder_area
    areaCalculator = AreaCalculator(2)
                     ^^^^^^^^^^^^^^
NameError: name 'AreaCalculator' is not defined

======================================================================
ERROR: test_calculate_cylinder_area_2 (ClassEval_1_0.AreaCalculatorTestCalculateCylinderArea.test_calculate_cylinder_area_2)
----------------------------------------------------------------------
Traceback (most recent call last):
  File "/Users/snigdhaghoshdastidar/Desktop/CS540/classeval_evaluation/ClassEval_1_0.py", line 54, in test_calculate_cylinder_area_2
    areaCalculator = AreaCalculator(2)
                     ^^^^^^^^^^^^^^
NameError: name 'AreaCalculator' is not defined

======================================================================
ERROR: test_calculate_cylinder_area_3 (ClassEval_1_0.AreaCalculatorTestCalculateCylinderArea.test_calculate_cylinder_area_3)
----------------------------------------------------------------------
Traceback (most recent call last):
  File "/Users/snigdhaghoshdastidar/Desktop/CS540/classeval_evaluation/ClassEval_1_0.py", line 58, in test_calculate_cylinder_area_3
    areaCalculator = AreaCalculator(0)
                     ^^^^^^^^^^^^^^
NameError: name 'AreaCalculator' is not defined

======================================================================
ERROR: test_calculate_cylinder_area_4 (ClassEval_1_0.AreaCalculatorTestCalculateCylinderArea.test_calculate_cylinder_area_4)
----------------------------------------------------------------------
Traceback (most recent call last):
  File "/Users/snigdhaghoshdastidar/Desktop/CS540/classeval_evaluation/ClassEval_1_0.py", line 62, in test_calculate_cylinder_area_4
    areaCalculator = AreaCalculator(2.5)
                     ^^^^^^^^^^^^^^
NameError: name 'AreaCalculator' is not defined

======================================================================
ERROR: test_calculate_cylinder_area_5 (ClassEval_1_0.AreaCalculatorTestCalculateCylinderArea.test_calculate_cylinder_area_5)
----------------------------------------------------------------------
Traceback (most recent call last):
  File "/Users/snigdhaghoshdastidar/Desktop/CS540/classeval_evaluation/ClassEval_1_0.py", line 66, in test_calculate_cylinder_area_5
    areaCalculator = AreaCalculator(2.5)
                     ^^^^^^^^^^^^^^
NameError: name 'AreaCalculator' is not defined

----------------------------------------------------------------------
Ran 5 tests in 0.027s

FAILED (errors=5)
EEEEE
======================================================================
ERROR: test5_calculate_sector_area_5 (ClassEval_1_0.AreaCalculatorTestCalculateSectorArea.test5_calculate_sector_area_5)
----------------------------------------------------------------------
Traceback (most recent call last):
  File "/Users/snigdhaghoshdastidar/Desktop/CS540/classeval_evaluation/ClassEval_1_0.py", line 87, in test5_calculate_sector_area_5
    areaCalculator = AreaCalculator(0)
                     ^^^^^^^^^^^^^^
NameError: name 'AreaCalculator' is not defined

======================================================================
ERROR: test_calculate_sector_area (ClassEval_1_0.AreaCalculatorTestCalculateSectorArea.test_calculate_sector_area)
----------------------------------------------------------------------
Traceback (most recent call last):
  File "/Users/snigdhaghoshdastidar/Desktop/CS540/classeval_evaluation/ClassEval_1_0.py", line 71, in test_calculate_sector_area
    areaCalculator = AreaCalculator(1.5)
                     ^^^^^^^^^^^^^^
NameError: name 'AreaCalculator' is not defined

======================================================================
ERROR: test_calculate_sector_area_2 (ClassEval_1_0.AreaCalculatorTestCalculateSectorArea.test_calculate_sector_area_2)
----------------------------------------------------------------------
Traceback (most recent call last):
  File "/Users/snigdhaghoshdastidar/Desktop/CS540/classeval_evaluation/ClassEval_1_0.py", line 75, in test_calculate_sector_area_2
    areaCalculator = AreaCalculator(2)
                     ^^^^^^^^^^^^^^
NameError: name 'AreaCalculator' is not defined

======================================================================
ERROR: test_calculate_sector_area_3 (ClassEval_1_0.AreaCalculatorTestCalculateSectorArea.test_calculate_sector_area_3)
----------------------------------------------------------------------
Traceback (most recent call last):
  File "/Users/snigdhaghoshdastidar/Desktop/CS540/classeval_evaluation/ClassEval_1_0.py", line 79, in test_calculate_sector_area_3
    areaCalculator = AreaCalculator(2)
                     ^^^^^^^^^^^^^^
NameError: name 'AreaCalculator' is not defined

======================================================================
ERROR: test_calculate_sector_area_4 (ClassEval_1_0.AreaCalculatorTestCalculateSectorArea.test_calculate_sector_area_4)
----------------------------------------------------------------------
Traceback (most recent call last):
  File "/Users/snigdhaghoshdastidar/Desktop/CS540/classeval_evaluation/ClassEval_1_0.py", line 83, in test_calculate_sector_area_4
    areaCalculator = AreaCalculator(2)
                     ^^^^^^^^^^^^^^
NameError: name 'AreaCalculator' is not defined

----------------------------------------------------------------------
Ran 5 tests in 0.028s

FAILED (errors=5)
EEEEE
======================================================================
ERROR: test_calculate_annulus_area (ClassEval_1_0.AreaCalculatorTestCalculateAnnulusArea.test_calculate_annulus_area)
----------------------------------------------------------------------
Traceback (most recent call last):
  File "/Users/snigdhaghoshdastidar/Desktop/CS540/classeval_evaluation/ClassEval_1_0.py", line 92, in test_calculate_annulus_area
    areaCalculator = AreaCalculator(2)
                     ^^^^^^^^^^^^^^
NameError: name 'AreaCalculator' is not defined

======================================================================
ERROR: test_calculate_annulus_area_2 (ClassEval_1_0.AreaCalculatorTestCalculateAnnulusArea.test_calculate_annulus_area_2)
----------------------------------------------------------------------
Traceback (most recent call last):
  File "/Users/snigdhaghoshdastidar/Desktop/CS540/classeval_evaluation/ClassEval_1_0.py", line 96, in test_calculate_annulus_area_2
    areaCalculator = AreaCalculator(2.5)
                     ^^^^^^^^^^^^^^
NameError: name 'AreaCalculator' is not defined

======================================================================
ERROR: test_calculate_annulus_area_3 (ClassEval_1_0.AreaCalculatorTestCalculateAnnulusArea.test_calculate_annulus_area_3)
----------------------------------------------------------------------
Traceback (most recent call last):
  File "/Users/snigdhaghoshdastidar/Desktop/CS540/classeval_evaluation/ClassEval_1_0.py", line 100, in test_calculate_annulus_area_3
    areaCalculator = AreaCalculator(2000)
                     ^^^^^^^^^^^^^^
NameError: name 'AreaCalculator' is not defined

======================================================================
ERROR: test_calculate_annulus_area_4 (ClassEval_1_0.AreaCalculatorTestCalculateAnnulusArea.test_calculate_annulus_area_4)
----------------------------------------------------------------------
Traceback (most recent call last):
  File "/Users/snigdhaghoshdastidar/Desktop/CS540/classeval_evaluation/ClassEval_1_0.py", line 104, in test_calculate_annulus_area_4
    areaCalculator = AreaCalculator(0)
                     ^^^^^^^^^^^^^^
NameError: name 'AreaCalculator' is not defined

======================================================================
ERROR: test_calculate_annulus_area_5 (ClassEval_1_0.AreaCalculatorTestCalculateAnnulusArea.test_calculate_annulus_area_5)
----------------------------------------------------------------------
Traceback (most recent call last):
  File "/Users/snigdhaghoshdastidar/Desktop/CS540/classeval_evaluation/ClassEval_1_0.py", line 108, in test_calculate_annulus_area_5
    areaCalculator = AreaCalculator(2.5)
                     ^^^^^^^^^^^^^^
NameError: name 'AreaCalculator' is not defined

----------------------------------------------------------------------
Ran 5 tests in 0.030s

FAILED (errors=5)
E
======================================================================
ERROR: test_main (ClassEval_1_0.AreaCalculatorTestCalculateMain.test_main)
----------------------------------------------------------------------
Traceback (most recent call last):
  File "/Users/snigdhaghoshdastidar/Desktop/CS540/classeval_evaluation/ClassEval_1_0.py", line 113, in test_main
    areaCalculator = AreaCalculator(2)
                     ^^^^^^^^^^^^^^
NameError: name 'AreaCalculator' is not defined

----------------------------------------------------------------------
Ran 1 test in 0.006s

FAILED (errors=1)
.....
----------------------------------------------------------------------
Ran 5 tests in 0.000s

OK
F.FFF
======================================================================
FAIL: test_count_all_1 (ClassEval_3_0.ArrangementCalculatorTestCountAll.test_count_all_1)
----------------------------------------------------------------------
Traceback (most recent call last):
  File "/Users/snigdhaghoshdastidar/Desktop/CS540/classeval_evaluation/ClassEval_3_0.py", line 98, in test_count_all_1
    self.assertEqual(res, 64)
AssertionError: 4 != 64

======================================================================
FAIL: test_count_all_3 (ClassEval_3_0.ArrangementCalculatorTestCountAll.test_count_all_3)
----------------------------------------------------------------------
Traceback (most recent call last):
  File "/Users/snigdhaghoshdastidar/Desktop/CS540/classeval_evaluation/ClassEval_3_0.py", line 106, in test_count_all_3
    self.assertEqual(res, 4)
AssertionError: 2 != 4

======================================================================
FAIL: test_count_all_4 (ClassEval_3_0.ArrangementCalculatorTestCountAll.test_count_all_4)
----------------------------------------------------------------------
Traceback (most recent call last):
  File "/Users/snigdhaghoshdastidar/Desktop/CS540/classeval_evaluation/ClassEval_3_0.py", line 110, in test_count_all_4
    self.assertEqual(res, 15)
AssertionError: 3 != 15

======================================================================
FAIL: test_count_all_5 (ClassEval_3_0.ArrangementCalculatorTestCountAll.test_count_all_5)
----------------------------------------------------------------------
Traceback (most recent call last):
  File "/Users/snigdhaghoshdastidar/Desktop/CS540/classeval_evaluation/ClassEval_3_0.py", line 114, in test_count_all_5
    self.assertEqual(res, 325)
AssertionError: 5 != 325

----------------------------------------------------------------------
Ran 5 tests in 0.002s

FAILED (failures=4)
FFFFFF
======================================================================
FAIL: test_select_1 (ClassEval_3_0.ArrangementCalculatorTestSelect.test_select_1)
----------------------------------------------------------------------
Traceback (most recent call last):
  File "/Users/snigdhaghoshdastidar/Desktop/CS540/classeval_evaluation/ClassEval_3_0.py", line 122, in test_select_1
    self.assertEqual(res, expected)
AssertionError: Lists differ: [(1, 2), (1, 3), (1, 4), (2, 1), (2, 3), ([49 chars], 3)] != [[1, 2], [1, 3], [1, 4], [2, 1], [2, 3], [[49 chars], 3]]

First differing element 0:
(1, 2)
[1, 2]

- [(1, 2),
?  ^    ^

+ [[1, 2],
?  ^    ^

-  (1, 3),
?  ^    ^

+  [1, 3],
?  ^    ^

-  (1, 4),
?  ^    ^

+  [1, 4],
?  ^    ^

-  (2, 1),
?  ^    ^

+  [2, 1],
?  ^    ^

-  (2, 3),
?  ^    ^

+  [2, 3],
?  ^    ^

-  (2, 4),
?  ^    ^

+  [2, 4],
?  ^    ^

-  (3, 1),
?  ^    ^

+  [3, 1],
?  ^    ^

-  (3, 2),
?  ^    ^

+  [3, 2],
?  ^    ^

-  (3, 4),
?  ^    ^

+  [3, 4],
?  ^    ^

-  (4, 1),
?  ^    ^

+  [4, 1],
?  ^    ^

-  (4, 2),
?  ^    ^

+  [4, 2],
?  ^    ^

-  (4, 3)]
?  ^    -

+  [4, 3]]
?  ^     +


======================================================================
FAIL: test_select_2 (ClassEval_3_0.ArrangementCalculatorTestSelect.test_select_2)
----------------------------------------------------------------------
Traceback (most recent call last):
  File "/Users/snigdhaghoshdastidar/Desktop/CS540/classeval_evaluation/ClassEval_3_0.py", line 128, in test_select_2
    self.assertEqual(res, expected)
AssertionError: Lists differ: [(1, 2), (1, 3), (2, 1), (2, 3), (3, 1), (3, 2)] != [[1, 2], [1, 3], [2, 1], [2, 3], [3, 1], [3, 2]]

First differing element 0:
(1, 2)
[1, 2]

- [(1, 2), (1, 3), (2, 1), (2, 3), (3, 1), (3, 2)]
?  ^    ^  ^    ^  ^    ^  ^    ^  ^    ^  ^    -

+ [[1, 2], [1, 3], [2, 1], [2, 3], [3, 1], [3, 2]]
?  ^    ^  ^    ^  ^    ^  ^    ^  ^    ^  ^     +


======================================================================
FAIL: test_select_3 (ClassEval_3_0.ArrangementCalculatorTestSelect.test_select_3)
----------------------------------------------------------------------
Traceback (most recent call last):
  File "/Users/snigdhaghoshdastidar/Desktop/CS540/classeval_evaluation/ClassEval_3_0.py", line 134, in test_select_3
    self.assertEqual(res, expected)
AssertionError: Lists differ: [(2, 3), (2, 4), (3, 2), (3, 4), (4, 2), (4, 3)] != [[2, 3], [2, 4], [3, 2], [3, 4], [4, 2], [4, 3]]

First differing element 0:
(2, 3)
[2, 3]

- [(2, 3), (2, 4), (3, 2), (3, 4), (4, 2), (4, 3)]
?  ^    ^  ^    ^  ^    ^  ^    ^  ^    ^  ^    -

+ [[2, 3], [2, 4], [3, 2], [3, 4], [4, 2], [4, 3]]
?  ^    ^  ^    ^  ^    ^  ^    ^  ^    ^  ^     +


======================================================================
FAIL: test_select_4 (ClassEval_3_0.ArrangementCalculatorTestSelect.test_select_4)
----------------------------------------------------------------------
Traceback (most recent call last):
  File "/Users/snigdhaghoshdastidar/Desktop/CS540/classeval_evaluation/ClassEval_3_0.py", line 140, in test_select_4
    self.assertEqual(res, expected)
AssertionError: Lists differ: [(1, 2), (2, 1)] != [[1, 2], [2, 1]]

First differing element 0:
(1, 2)
[1, 2]

- [(1, 2), (2, 1)]
?  ^    ^  ^    -

+ [[1, 2], [2, 1]]
?  ^    ^  ^     +


======================================================================
FAIL: test_select_5 (ClassEval_3_0.ArrangementCalculatorTestSelect.test_select_5)
----------------------------------------------------------------------
Traceback (most recent call last):
  File "/Users/snigdhaghoshdastidar/Desktop/CS540/classeval_evaluation/ClassEval_3_0.py", line 146, in test_select_5
    self.assertEqual(res, expected)
AssertionError: Lists differ: [(1,), (2,), (3,), (4,)] != [[1], [2], [3], [4]]

First differing element 0:
(1,)
[1]

- [(1,), (2,), (3,), (4,)]
+ [[1], [2], [3], [4]]

======================================================================
FAIL: test_select_6 (ClassEval_3_0.ArrangementCalculatorTestSelect.test_select_6)
----------------------------------------------------------------------
Traceback (most recent call last):
  File "/Users/snigdhaghoshdastidar/Desktop/CS540/classeval_evaluation/ClassEval_3_0.py", line 152, in test_select_6
    self.assertEqual(res, expected)
AssertionError: Lists differ: [(1, 2), (2, 1)] != [[1, 2], [2, 1]]

First differing element 0:
(1, 2)
[1, 2]

- [(1, 2), (2, 1)]
?  ^    ^  ^    -

+ [[1, 2], [2, 1]]
?  ^    ^  ^     +


----------------------------------------------------------------------
Ran 6 tests in 0.008s

FAILED (failures=6)
FFFFF
======================================================================
FAIL: test_select_all_1 (ClassEval_3_0.ArrangementCalculatorTestSelectAll.test_select_all_1)
----------------------------------------------------------------------
Traceback (most recent call last):
  File "/Users/snigdhaghoshdastidar/Desktop/CS540/classeval_evaluation/ClassEval_3_0.py", line 161, in test_select_all_1
    self.assertEqual(res, expected)
AssertionError: Lists differ: [(1, 2, 3), (1, 3, 2), (2, 1, 3), (2, 3, 1[19 chars], 1)] != [[1], [2], [3], [1, 2], [1, 3], [2, 1], [2[82 chars], 1]]

First differing element 0:
(1, 2, 3)
[1]

Second list contains 9 additional elements.
First extra element 6:
[2, 3]

- [(1, 2, 3), (1, 3, 2), (2, 1, 3), (2, 3, 1), (3, 1, 2), (3, 2, 1)]
+ [[1],
+  [2],
+  [3],
+  [1, 2],
+  [1, 3],
+  [2, 1],
+  [2, 3],
+  [3, 1],
+  [3, 2],
+  [1, 2, 3],
+  [1, 3, 2],
+  [2, 1, 3],
+  [2, 3, 1],
+  [3, 1, 2],
+  [3, 2, 1]]

======================================================================
FAIL: test_select_all_2 (ClassEval_3_0.ArrangementCalculatorTestSelectAll.test_select_all_2)
----------------------------------------------------------------------
Traceback (most recent call last):
  File "/Users/snigdhaghoshdastidar/Desktop/CS540/classeval_evaluation/ClassEval_3_0.py", line 168, in test_select_all_2
    self.assertEqual(res, expected)
AssertionError: Lists differ: [(1, 2, 4), (1, 4, 2), (2, 1, 4), (2, 4, 1[19 chars], 1)] != [[1], [2], [4], [1, 2], [1, 4], [2, 1], [2[82 chars], 1]]

First differing element 0:
(1, 2, 4)
[1]

Second list contains 9 additional elements.
First extra element 6:
[2, 4]

- [(1, 2, 4), (1, 4, 2), (2, 1, 4), (2, 4, 1), (4, 1, 2), (4, 2, 1)]
+ [[1],
+  [2],
+  [4],
+  [1, 2],
+  [1, 4],
+  [2, 1],
+  [2, 4],
+  [4, 1],
+  [4, 2],
+  [1, 2, 4],
+  [1, 4, 2],
+  [2, 1, 4],
+  [2, 4, 1],
+  [4, 1, 2],
+  [4, 2, 1]]

======================================================================
FAIL: test_select_all_3 (ClassEval_3_0.ArrangementCalculatorTestSelectAll.test_select_all_3)
----------------------------------------------------------------------
Traceback (most recent call last):
  File "/Users/snigdhaghoshdastidar/Desktop/CS540/classeval_evaluation/ClassEval_3_0.py", line 174, in test_select_all_3
    self.assertEqual(res, expected)
AssertionError: Lists differ: [(1, 2), (2, 1)] != [[1], [2], [1, 2], [2, 1]]

First differing element 0:
(1, 2)
[1]

Second list contains 2 additional elements.
First extra element 2:
[1, 2]

- [(1, 2), (2, 1)]
+ [[1], [2], [1, 2], [2, 1]]

======================================================================
FAIL: test_select_all_4 (ClassEval_3_0.ArrangementCalculatorTestSelectAll.test_select_all_4)
----------------------------------------------------------------------
Traceback (most recent call last):
  File "/Users/snigdhaghoshdastidar/Desktop/CS540/classeval_evaluation/ClassEval_3_0.py", line 180, in test_select_all_4
    self.assertEqual(res, expected)
AssertionError: Lists differ: [(1, 3), (3, 1)] != [[1], [3], [1, 3], [3, 1]]

First differing element 0:
(1, 3)
[1]

Second list contains 2 additional elements.
First extra element 2:
[1, 3]

- [(1, 3), (3, 1)]
+ [[1], [3], [1, 3], [3, 1]]

======================================================================
FAIL: test_select_all_5 (ClassEval_3_0.ArrangementCalculatorTestSelectAll.test_select_all_5)
----------------------------------------------------------------------
Traceback (most recent call last):
  File "/Users/snigdhaghoshdastidar/Desktop/CS540/classeval_evaluation/ClassEval_3_0.py", line 186, in test_select_all_5
    self.assertEqual(res, expected)
AssertionError: Lists differ: [(1,)] != [[1]]

First differing element 0:
(1,)
[1]

- [(1,)]
+ [[1]]

----------------------------------------------------------------------
Ran 5 tests in 0.003s

FAILED (failures=5)
.....
----------------------------------------------------------------------
Ran 5 tests in 0.000s

OK
F
======================================================================
FAIL: test_arrangementcalculator (ClassEval_3_0.ArrangementCalculatorTest.test_arrangementcalculator)
----------------------------------------------------------------------
Traceback (most recent call last):
  File "/Users/snigdhaghoshdastidar/Desktop/CS540/classeval_evaluation/ClassEval_3_0.py", line 217, in test_arrangementcalculator
    self.assertEqual(res, 64)
AssertionError: 4 != 64

----------------------------------------------------------------------
Ran 1 test in 0.003s

FAILED (failures=1)
.....
----------------------------------------------------------------------
Ran 5 tests in 0.001s

OK
FF.F.
======================================================================
FAIL: test_subtract (ClassEval_9_0.BigNumCalculatorTestSubtract.test_subtract)
----------------------------------------------------------------------
Traceback (most recent call last):
  File "/Users/snigdhaghoshdastidar/Desktop/CS540/classeval_evaluation/ClassEval_9_0.py", line 109, in test_subtract
    self.assertEqual(bigNum.subtract("12345678901234567890", "98765432109876543210"), "-86419753208641975320")
AssertionError: '13580246791358024680' != '-86419753208641975320'
- 13580246791358024680
+ -86419753208641975320


======================================================================
FAIL: test_subtract_2 (ClassEval_9_0.BigNumCalculatorTestSubtract.test_subtract_2)
----------------------------------------------------------------------
Traceback (most recent call last):
  File "/Users/snigdhaghoshdastidar/Desktop/CS540/classeval_evaluation/ClassEval_9_0.py", line 113, in test_subtract_2
    self.assertEqual(bigNum.subtract("123456789012345678922", "98765432109876543210"), "24691356902469135712")
AssertionError: '024691356902469135712' != '24691356902469135712'
- 024691356902469135712
? -
+ 24691356902469135712


======================================================================
FAIL: test_subtract_4 (ClassEval_9_0.BigNumCalculatorTestSubtract.test_subtract_4)
----------------------------------------------------------------------
Traceback (most recent call last):
  File "/Users/snigdhaghoshdastidar/Desktop/CS540/classeval_evaluation/ClassEval_9_0.py", line 121, in test_subtract_4
    self.assertEqual(bigNum.subtract("12345678901234567", "98765432109876543210"), "-98753086430975308643")
AssertionError: '99946913569024691357' != '-98753086430975308643'
- 99946913569024691357
+ -98753086430975308643


----------------------------------------------------------------------
Ran 5 tests in 0.002s

FAILED (failures=3)
EEEEEE
======================================================================
ERROR: test_multiply (ClassEval_9_0.BigNumCalculatorTestMultiply.test_multiply)
----------------------------------------------------------------------
Traceback (most recent call last):
  File "/Users/snigdhaghoshdastidar/Desktop/CS540/classeval_evaluation/ClassEval_9_0.py", line 130, in test_multiply
    self.assertEqual(bigNum.multiply("12345678901234567890", "98765432109876543210"), "1219326311370217952237463801111263526900")
                     ^^^^^^^^^^^^^^^^^^^^^^^^^^^^^^^^^^^^^^^^^^^^^^^^^^^^^^^^^^^^^^^
  File "/Users/snigdhaghoshdastidar/Desktop/CS540/classeval_evaluation/ClassEval_9_0.py", line 75, in multiply
    digit_product = int(num1[i]) * int(num2[j]) + carry + int(result[i+j])
                                                              ~~~~~~^^^^^
IndexError: string index out of range

======================================================================
ERROR: test_multiply_2 (ClassEval_9_0.BigNumCalculatorTestMultiply.test_multiply_2)
----------------------------------------------------------------------
Traceback (most recent call last):
  File "/Users/snigdhaghoshdastidar/Desktop/CS540/classeval_evaluation/ClassEval_9_0.py", line 134, in test_multiply_2
    self.assertEqual(bigNum.multiply("123456789012345678922", "98765432109876543210"), "12193263113702179524547477517529919219620")
                     ^^^^^^^^^^^^^^^^^^^^^^^^^^^^^^^^^^^^^^^^^^^^^^^^^^^^^^^^^^^^^^^^
  File "/Users/snigdhaghoshdastidar/Desktop/CS540/classeval_evaluation/ClassEval_9_0.py", line 75, in multiply
    digit_product = int(num1[i]) * int(num2[j]) + carry + int(result[i+j])
                                                              ~~~~~~^^^^^
IndexError: string index out of range

======================================================================
ERROR: test_multiply_3 (ClassEval_9_0.BigNumCalculatorTestMultiply.test_multiply_3)
----------------------------------------------------------------------
Traceback (most recent call last):
  File "/Users/snigdhaghoshdastidar/Desktop/CS540/classeval_evaluation/ClassEval_9_0.py", line 138, in test_multiply_3
    self.assertEqual(bigNum.multiply("123456789012345678934", "98765432109876543"), "12193263113702179499806737010255845162")
                     ^^^^^^^^^^^^^^^^^^^^^^^^^^^^^^^^^^^^^^^^^^^^^^^^^^^^^^^^^^^^^
  File "/Users/snigdhaghoshdastidar/Desktop/CS540/classeval_evaluation/ClassEval_9_0.py", line 75, in multiply
    digit_product = int(num1[i]) * int(num2[j]) + carry + int(result[i+j])
                                                              ~~~~~~^^^^^
IndexError: string index out of range

======================================================================
ERROR: test_multiply_4 (ClassEval_9_0.BigNumCalculatorTestMultiply.test_multiply_4)
----------------------------------------------------------------------
Traceback (most recent call last):
  File "/Users/snigdhaghoshdastidar/Desktop/CS540/classeval_evaluation/ClassEval_9_0.py", line 142, in test_multiply_4
    self.assertEqual(bigNum.multiply("12345678901234567", "98765432109876543210"), "1219326311370217864336229223321140070")
                     ^^^^^^^^^^^^^^^^^^^^^^^^^^^^^^^^^^^^^^^^^^^^^^^^^^^^^^^^^^^^
  File "/Users/snigdhaghoshdastidar/Desktop/CS540/classeval_evaluation/ClassEval_9_0.py", line 75, in multiply
    digit_product = int(num1[i]) * int(num2[j]) + carry + int(result[i+j])
                                                              ~~~~~~^^^^^
IndexError: string index out of range

======================================================================
ERROR: test_multiply_5 (ClassEval_9_0.BigNumCalculatorTestMultiply.test_multiply_5)
----------------------------------------------------------------------
Traceback (most recent call last):
  File "/Users/snigdhaghoshdastidar/Desktop/CS540/classeval_evaluation/ClassEval_9_0.py", line 146, in test_multiply_5
    self.assertEqual(bigNum.multiply("923456789", "187654321"), "173290656712635269")
                     ^^^^^^^^^^^^^^^^^^^^^^^^^^^^^^^^^^^^^^^^^
  File "/Users/snigdhaghoshdastidar/Desktop/CS540/classeval_evaluation/ClassEval_9_0.py", line 75, in multiply
    digit_product = int(num1[i]) * int(num2[j]) + carry + int(result[i+j])
                                                              ~~~~~~^^^^^
IndexError: string index out of range

======================================================================
ERROR: test_multiply_6 (ClassEval_9_0.BigNumCalculatorTestMultiply.test_multiply_6)
----------------------------------------------------------------------
Traceback (most recent call last):
  File "/Users/snigdhaghoshdastidar/Desktop/CS540/classeval_evaluation/ClassEval_9_0.py", line 150, in test_multiply_6
    self.assertEqual(bigNum.multiply("000000001", "000000001"), "1")
                     ^^^^^^^^^^^^^^^^^^^^^^^^^^^^^^^^^^^^^^^^^
  File "/Users/snigdhaghoshdastidar/Desktop/CS540/classeval_evaluation/ClassEval_9_0.py", line 75, in multiply
    digit_product = int(num1[i]) * int(num2[j]) + carry + int(result[i+j])
                                                              ~~~~~~^^^^^
IndexError: string index out of range

----------------------------------------------------------------------
Ran 6 tests in 0.002s

FAILED (errors=6)
F
======================================================================
FAIL: test_main (ClassEval_9_0.BigNumCalculatorTestMain.test_main)
----------------------------------------------------------------------
Traceback (most recent call last):
  File "/Users/snigdhaghoshdastidar/Desktop/CS540/classeval_evaluation/ClassEval_9_0.py", line 156, in test_main
    self.assertEqual(bigNum.subtract("12345678901234567890", "98765432109876543210"), "-86419753208641975320")
AssertionError: '13580246791358024680' != '-86419753208641975320'
- 13580246791358024680
+ -86419753208641975320


----------------------------------------------------------------------
Ran 1 test in 0.001s

FAILED (failures=1)
E.....
----------------------------------------------------------------------
Ran 5 tests in 0.028s

OK
.....
----------------------------------------------------------------------
Ran 5 tests in 0.030s

OK
EEE
======================================================================
ERROR: test_calculator (ClassEval_16_0.CalculatorTest.test_calculator)
----------------------------------------------------------------------
Traceback (most recent call last):
  File "/Users/snigdhaghoshdastidar/Desktop/CS540/classeval_evaluation/ClassEval_16_0.py", line 214, in test_calculator
    res = calculator.calculate('1+2')
          ^^^^^^^^^^^^^^^^^^^^^^^^^^^
  File "/Users/snigdhaghoshdastidar/Desktop/CS540/classeval_evaluation/ClassEval_16_0.py", line 52, in calculate
    self.apply_operator(operand_stack, operator_stack)
  File "/Users/snigdhaghoshdastidar/Desktop/CS540/classeval_evaluation/ClassEval_16_0.py", line 74, in apply_operator
    def apply_operator(self, operand_stack, operator_stack):
    
func_timeout.dafunc.FunctionTimedOut4621476293450162798: Function run_unit_test (args=(<test_pipeline.AutoTest object at 0x11942a990>, 'ClassEval_16_0', 'CalculatorTest', 'WizardCoder_greedy_Mathematical_Operations')) (kwargs={}) timed out after 5.000000 seconds.


----------------------------------------------------------------------
Ran 1 test in 5.025s

FAILED (errors=1)
.....
----------------------------------------------------------------------
Ran 5 tests in 0.019s

OK
.....
----------------------------------------------------------------------
Ran 5 tests in 0.018s

OK
.
----------------------------------------------------------------------
Ran 1 test in 0.006s

OK
.....
----------------------------------------------------------------------
Ran 5 tests in 0.000s

OK
FFFFF
======================================================================
FAIL: test_count_all (ClassEval_23_0.CombinationCalculatorTestCountAll.test_count_all)
----------------------------------------------------------------------
Traceback (most recent call last):
  File "/Users/snigdhaghoshdastidar/Desktop/CS540/classeval_evaluation/ClassEval_23_0.py", line 91, in test_count_all
    self.assertEqual(CombinationCalculator.count_all(4), 15)
AssertionError: 16 != 15

======================================================================
FAIL: test_count_all_2 (ClassEval_23_0.CombinationCalculatorTestCountAll.test_count_all_2)
----------------------------------------------------------------------
Traceback (most recent call last):
  File "/Users/snigdhaghoshdastidar/Desktop/CS540/classeval_evaluation/ClassEval_23_0.py", line 94, in test_count_all_2
    self.assertEqual(CombinationCalculator.count_all(-1), False)
AssertionError: 0.5 != False

======================================================================
FAIL: test_count_all_3 (ClassEval_23_0.CombinationCalculatorTestCountAll.test_count_all_3)
----------------------------------------------------------------------
Traceback (most recent call last):
  File "/Users/snigdhaghoshdastidar/Desktop/CS540/classeval_evaluation/ClassEval_23_0.py", line 97, in test_count_all_3
    self.assertEqual(CombinationCalculator.count_all(65), False)
AssertionError: inf != False

======================================================================
FAIL: test_count_all_4 (ClassEval_23_0.CombinationCalculatorTestCountAll.test_count_all_4)
----------------------------------------------------------------------
Traceback (most recent call last):
  File "/Users/snigdhaghoshdastidar/Desktop/CS540/classeval_evaluation/ClassEval_23_0.py", line 100, in test_count_all_4
    self.assertEqual(CombinationCalculator.count_all(0), 0)
AssertionError: 1 != 0

======================================================================
FAIL: test_count_all_5 (ClassEval_23_0.CombinationCalculatorTestCountAll.test_count_all_5)
----------------------------------------------------------------------
Traceback (most recent call last):
  File "/Users/snigdhaghoshdastidar/Desktop/CS540/classeval_evaluation/ClassEval_23_0.py", line 103, in test_count_all_5
    self.assertEqual(CombinationCalculator.count_all(63), float("inf"))
AssertionError: 9223372036854775808 != inf

----------------------------------------------------------------------
Ran 5 tests in 0.043s

FAILED (failures=5)
.....
----------------------------------------------------------------------
Ran 5 tests in 0.017s

OK
.FFF.
======================================================================
FAIL: test_select_all_2 (ClassEval_23_0.CombinationCalculatorTestSelectAll.test_select_all_2)
----------------------------------------------------------------------
Traceback (most recent call last):
  File "/Users/snigdhaghoshdastidar/Desktop/CS540/classeval_evaluation/ClassEval_23_0.py", line 133, in test_select_all_2
    self.assertEqual(calc.select_all(), [['A'], ['B'], ['A', 'B']])
AssertionError: Lists differ: [['A', 'B']] != [['A'], ['B'], ['A', 'B']]

First differing element 0:
['A', 'B']
['A']

Second list contains 2 additional elements.
First extra element 1:
['B']

- [['A', 'B']]
+ [['A'], ['B'], ['A', 'B']]

======================================================================
FAIL: test_select_all_3 (ClassEval_23_0.CombinationCalculatorTestSelectAll.test_select_all_3)
----------------------------------------------------------------------
Traceback (most recent call last):
  File "/Users/snigdhaghoshdastidar/Desktop/CS540/classeval_evaluation/ClassEval_23_0.py", line 137, in test_select_all_3
    self.assertEqual(calc.select_all(),[['A'], ['B'], ['C'], ['A', 'B'], ['A', 'C'], ['B', 'C'], ['A', 'B', 'C']])
AssertionError: Lists differ: [['A', 'B', 'C']] != [['A'], ['B'], ['C'], ['A', 'B'], ['A', 'C'], ['B', 'C'], ['A', 'B', 'C']]

First differing element 0:
['A', 'B', 'C']
['A']

Second list contains 6 additional elements.
First extra element 1:
['B']

- [['A', 'B', 'C']]
+ [['A'], ['B'], ['C'], ['A', 'B'], ['A', 'C'], ['B', 'C'], ['A', 'B', 'C']]

======================================================================
FAIL: test_select_all_4 (ClassEval_23_0.CombinationCalculatorTestSelectAll.test_select_all_4)
----------------------------------------------------------------------
Traceback (most recent call last):
  File "/Users/snigdhaghoshdastidar/Desktop/CS540/classeval_evaluation/ClassEval_23_0.py", line 141, in test_select_all_4
    self.assertEqual(calc.select_all(),[])
AssertionError: Lists differ: [[]] != []

First list contains 1 additional elements.
First extra element 0:
[]

- [[]]
+ []

----------------------------------------------------------------------
Ran 5 tests in 0.008s

FAILED (failures=3)
.....
E----------------------------------------------------------------------
Ran 5 tests in 0.012s

OK
F
======================================================================
FAIL: test_main (ClassEval_23_0.CombinationCalculatorTestMain.test_main)
----------------------------------------------------------------------
Traceback (most recent call last):
  File "/Users/snigdhaghoshdastidar/Desktop/CS540/classeval_evaluation/ClassEval_23_0.py", line 183, in test_main
    self.assertEqual(calc.count_all(4), 15)
AssertionError: 16 != 15

----------------------------------------------------------------------
Ran 1 test in 0.006s

FAILED (failures=1)
.....
----------------------------------------------------------------------
Ran 5 tests in 0.025s

OK
.....
----------------------------------------------------------------------
Ran 5 tests in 0.012s

OK
.....
----------------------------------------------------------------------
Ran 5 tests in 0.000s

OK
.....
----------------------------------------------------------------------
Ran 5 tests in 0.006s

OK
.
----------------------------------------------------------------------
Ran 1 test in 0.000s

OK
EEEEE
======================================================================
ERROR: test_mean_1 (ClassEval_29_0.DataStatisticsTestMean.test_mean_1)
----------------------------------------------------------------------
Traceback (most recent call last):
  File "/Users/snigdhaghoshdastidar/Desktop/CS540/classeval_evaluation/ClassEval_29_0.py", line 8, in test_mean_1
    ds = DataStatistics()
         ^^^^^^^^^^^^^^
NameError: name 'DataStatistics' is not defined. Did you mean: 'DataStatisticsTest'?

======================================================================
ERROR: test_mean_2 (ClassEval_29_0.DataStatisticsTestMean.test_mean_2)
----------------------------------------------------------------------
Traceback (most recent call last):
  File "/Users/snigdhaghoshdastidar/Desktop/CS540/classeval_evaluation/ClassEval_29_0.py", line 13, in test_mean_2
    ds = DataStatistics()
         ^^^^^^^^^^^^^^
NameError: name 'DataStatistics' is not defined. Did you mean: 'DataStatisticsTest'?

======================================================================
ERROR: test_mean_3 (ClassEval_29_0.DataStatisticsTestMean.test_mean_3)
----------------------------------------------------------------------
Traceback (most recent call last):
  File "/Users/snigdhaghoshdastidar/Desktop/CS540/classeval_evaluation/ClassEval_29_0.py", line 18, in test_mean_3
    ds = DataStatistics()
         ^^^^^^^^^^^^^^
NameError: name 'DataStatistics' is not defined. Did you mean: 'DataStatisticsTest'?

======================================================================
ERROR: test_mean_4 (ClassEval_29_0.DataStatisticsTestMean.test_mean_4)
----------------------------------------------------------------------
Traceback (most recent call last):
  File "/Users/snigdhaghoshdastidar/Desktop/CS540/classeval_evaluation/ClassEval_29_0.py", line 23, in test_mean_4
    ds = DataStatistics()
         ^^^^^^^^^^^^^^
NameError: name 'DataStatistics' is not defined. Did you mean: 'DataStatisticsTest'?

======================================================================
ERROR: test_mean_5 (ClassEval_29_0.DataStatisticsTestMean.test_mean_5)
----------------------------------------------------------------------
Traceback (most recent call last):
  File "/Users/snigdhaghoshdastidar/Desktop/CS540/classeval_evaluation/ClassEval_29_0.py", line 28, in test_mean_5
    ds = DataStatistics()
         ^^^^^^^^^^^^^^
NameError: name 'DataStatistics' is not defined. Did you mean: 'DataStatisticsTest'?

----------------------------------------------------------------------
Ran 5 tests in 0.127s

FAILED (errors=5)
EEEEE
======================================================================
ERROR: test_median_1 (ClassEval_29_0.DataStatisticsTestMedian.test_median_1)
----------------------------------------------------------------------
Traceback (most recent call last):
  File "/Users/snigdhaghoshdastidar/Desktop/CS540/classeval_evaluation/ClassEval_29_0.py", line 35, in test_median_1
    ds = DataStatistics()
         ^^^^^^^^^^^^^^
NameError: name 'DataStatistics' is not defined. Did you mean: 'DataStatisticsTest'?

======================================================================
ERROR: test_median_2 (ClassEval_29_0.DataStatisticsTestMedian.test_median_2)
----------------------------------------------------------------------
Traceback (most recent call last):
  File "/Users/snigdhaghoshdastidar/Desktop/CS540/classeval_evaluation/ClassEval_29_0.py", line 40, in test_median_2
    ds = DataStatistics()
         ^^^^^^^^^^^^^^
NameError: name 'DataStatistics' is not defined. Did you mean: 'DataStatisticsTest'?

======================================================================
ERROR: test_median_3 (ClassEval_29_0.DataStatisticsTestMedian.test_median_3)
----------------------------------------------------------------------
Traceback (most recent call last):
  File "/Users/snigdhaghoshdastidar/Desktop/CS540/classeval_evaluation/ClassEval_29_0.py", line 45, in test_median_3
    ds = DataStatistics()
         ^^^^^^^^^^^^^^
NameError: name 'DataStatistics' is not defined. Did you mean: 'DataStatisticsTest'?

======================================================================
ERROR: test_median_4 (ClassEval_29_0.DataStatisticsTestMedian.test_median_4)
----------------------------------------------------------------------
Traceback (most recent call last):
  File "/Users/snigdhaghoshdastidar/Desktop/CS540/classeval_evaluation/ClassEval_29_0.py", line 50, in test_median_4
    ds = DataStatistics()
         ^^^^^^^^^^^^^^
NameError: name 'DataStatistics' is not defined. Did you mean: 'DataStatisticsTest'?

======================================================================
ERROR: test_median_5 (ClassEval_29_0.DataStatisticsTestMedian.test_median_5)
----------------------------------------------------------------------
Traceback (most recent call last):
  File "/Users/snigdhaghoshdastidar/Desktop/CS540/classeval_evaluation/ClassEval_29_0.py", line 55, in test_median_5
    ds = DataStatistics()
         ^^^^^^^^^^^^^^
NameError: name 'DataStatistics' is not defined. Did you mean: 'DataStatisticsTest'?

----------------------------------------------------------------------
Ran 5 tests in 0.009s

FAILED (errors=5)
EEEEE
======================================================================
ERROR: test_mode_1 (ClassEval_29_0.DataStatisticsTestMode.test_mode_1)
----------------------------------------------------------------------
Traceback (most recent call last):
  File "/Users/snigdhaghoshdastidar/Desktop/CS540/classeval_evaluation/ClassEval_29_0.py", line 62, in test_mode_1
    ds = DataStatistics()
         ^^^^^^^^^^^^^^
NameError: name 'DataStatistics' is not defined. Did you mean: 'DataStatisticsTest'?

======================================================================
ERROR: test_mode_2 (ClassEval_29_0.DataStatisticsTestMode.test_mode_2)
----------------------------------------------------------------------
Traceback (most recent call last):
  File "/Users/snigdhaghoshdastidar/Desktop/CS540/classeval_evaluation/ClassEval_29_0.py", line 67, in test_mode_2
    ds = DataStatistics()
         ^^^^^^^^^^^^^^
NameError: name 'DataStatistics' is not defined. Did you mean: 'DataStatisticsTest'?

======================================================================
ERROR: test_mode_3 (ClassEval_29_0.DataStatisticsTestMode.test_mode_3)
----------------------------------------------------------------------
Traceback (most recent call last):
  File "/Users/snigdhaghoshdastidar/Desktop/CS540/classeval_evaluation/ClassEval_29_0.py", line 72, in test_mode_3
    ds = DataStatistics()
         ^^^^^^^^^^^^^^
NameError: name 'DataStatistics' is not defined. Did you mean: 'DataStatisticsTest'?

======================================================================
ERROR: test_mode_4 (ClassEval_29_0.DataStatisticsTestMode.test_mode_4)
----------------------------------------------------------------------
Traceback (most recent call last):
  File "/Users/snigdhaghoshdastidar/Desktop/CS540/classeval_evaluation/ClassEval_29_0.py", line 77, in test_mode_4
    ds = DataStatistics()
         ^^^^^^^^^^^^^^
NameError: name 'DataStatistics' is not defined. Did you mean: 'DataStatisticsTest'?

======================================================================
ERROR: test_mode_5 (ClassEval_29_0.DataStatisticsTestMode.test_mode_5)
----------------------------------------------------------------------
Traceback (most recent call last):
  File "/Users/snigdhaghoshdastidar/Desktop/CS540/classeval_evaluation/ClassEval_29_0.py", line 82, in test_mode_5
    ds = DataStatistics()
         ^^^^^^^^^^^^^^
NameError: name 'DataStatistics' is not defined. Did you mean: 'DataStatisticsTest'?

----------------------------------------------------------------------
Ran 5 tests in 0.021s

FAILED (errors=5)
E
======================================================================
ERROR: test_datastatistics (ClassEval_29_0.DataStatisticsTest.test_datastatistics)
----------------------------------------------------------------------
Traceback (most recent call last):
  File "/Users/snigdhaghoshdastidar/Desktop/CS540/classeval_evaluation/ClassEval_29_0.py", line 89, in test_datastatistics
    ds = DataStatistics()
         ^^^^^^^^^^^^^^
NameError: name 'DataStatistics' is not defined. Did you mean: 'DataStatisticsTest'?

----------------------------------------------------------------------
Ran 1 test in 0.008s

FAILED (errors=1)
.....
----------------------------------------------------------------------
Ran 5 tests in 0.028s

OK
.....
----------------------------------------------------------------------
Ran 5 tests in 0.006s

OK
.....
----------------------------------------------------------------------
Ran 5 tests in 0.029s

OK
.....
----------------------------------------------------------------------
Ran 5 tests in 0.018s

OK
.....
----------------------------------------------------------------------
Ran 5 tests in 0.013s

OK
EEEEE
======================================================================
ERROR: test_get_correlation_1 (ClassEval_30_0.DataStatistics2TestGetCorrelation.test_get_correlation_1)
----------------------------------------------------------------------
Traceback (most recent call last):
  File "/Users/snigdhaghoshdastidar/Desktop/CS540/classeval_evaluation/ClassEval_30_0.py", line 200, in test_get_correlation_1
    res = ds2.get_correlation()
          ^^^^^^^^^^^^^^^^^^^^^
  File "/Users/snigdhaghoshdastidar/Desktop/CS540/classeval_evaluation/ClassEval_30_0.py", line 57, in get_correlation
    return np.corrcoef(self.data)[0][1]
           ~~~~~~~~~~~~~~~~~~~~~~^^^
IndexError: invalid index to scalar variable.

======================================================================
ERROR: test_get_correlation_2 (ClassEval_30_0.DataStatistics2TestGetCorrelation.test_get_correlation_2)
----------------------------------------------------------------------
Traceback (most recent call last):
  File "/Users/snigdhaghoshdastidar/Desktop/CS540/classeval_evaluation/ClassEval_30_0.py", line 205, in test_get_correlation_2
    res = ds2.get_correlation()
          ^^^^^^^^^^^^^^^^^^^^^
  File "/Users/snigdhaghoshdastidar/Desktop/CS540/classeval_evaluation/ClassEval_30_0.py", line 57, in get_correlation
    return np.corrcoef(self.data)[0][1]
           ~~~~~~~~~~~~~~~~~~~~~~^^^
IndexError: invalid index to scalar variable.

======================================================================
ERROR: test_get_correlation_3 (ClassEval_30_0.DataStatistics2TestGetCorrelation.test_get_correlation_3)
----------------------------------------------------------------------
Traceback (most recent call last):
  File "/Users/snigdhaghoshdastidar/Desktop/CS540/classeval_evaluation/ClassEval_30_0.py", line 210, in test_get_correlation_3
    res = ds2.get_correlation()
          ^^^^^^^^^^^^^^^^^^^^^
  File "/Users/snigdhaghoshdastidar/Desktop/CS540/classeval_evaluation/ClassEval_30_0.py", line 57, in get_correlation
    return np.corrcoef(self.data)[0][1]
           ~~~~~~~~~~~~~~~~~~~~~~^^^
IndexError: invalid index to scalar variable.

======================================================================
ERROR: test_get_correlation_4 (ClassEval_30_0.DataStatistics2TestGetCorrelation.test_get_correlation_4)
----------------------------------------------------------------------
Traceback (most recent call last):
  File "/Users/snigdhaghoshdastidar/Desktop/CS540/classeval_evaluation/ClassEval_30_0.py", line 215, in test_get_correlation_4
    res = ds2.get_correlation()
          ^^^^^^^^^^^^^^^^^^^^^
  File "/Users/snigdhaghoshdastidar/Desktop/CS540/classeval_evaluation/ClassEval_30_0.py", line 57, in get_correlation
    return np.corrcoef(self.data)[0][1]
           ~~~~~~~~~~~~~~~~~~~~~~^^^
IndexError: invalid index to scalar variable.

======================================================================
ERROR: test_get_correlation_5 (ClassEval_30_0.DataStatistics2TestGetCorrelation.test_get_correlation_5)
----------------------------------------------------------------------
Traceback (most recent call last):
  File "/Users/snigdhaghoshdastidar/Desktop/CS540/classeval_evaluation/ClassEval_30_0.py", line 220, in test_get_correlation_5
    res = ds2.get_correlation()
          ^^^^^^^^^^^^^^^^^^^^^
  File "/Users/snigdhaghoshdastidar/Desktop/CS540/classeval_evaluation/ClassEval_30_0.py", line 57, in get_correlation
    return np.corrcoef(self.data)[0][1]
           ~~~~~~~~~~~~~~~~~~~~~~^^^
IndexError: invalid index to scalar variable.

----------------------------------------------------------------------
Ran 5 tests in 0.058s

FAILED (errors=5)
E
======================================================================
ERROR: test_datastatistics2 (ClassEval_30_0.DataStatistics2Test.test_datastatistics2)
----------------------------------------------------------------------
Traceback (most recent call last):
  File "/Users/snigdhaghoshdastidar/Desktop/CS540/classeval_evaluation/ClassEval_30_0.py", line 242, in test_datastatistics2
    res = ds2.get_correlation()
          ^^^^^^^^^^^^^^^^^^^^^
  File "/Users/snigdhaghoshdastidar/Desktop/CS540/classeval_evaluation/ClassEval_30_0.py", line 57, in get_correlation
    return np.corrcoef(self.data)[0][1]
           ~~~~~~~~~~~~~~~~~~~~~~^^^
IndexError: invalid index to scalar variable.

----------------------------------------------------------------------
Ran 1 test in 0.001s

FAILED (errors=1)
FEFFF
======================================================================
ERROR: test_correlation_coefficient_2 (ClassEval_31_0.DataStatistics4TestCorrelationCoefficient.test_correlation_coefficient_2)
----------------------------------------------------------------------
Traceback (most recent call last):
  File "/Users/snigdhaghoshdastidar/Desktop/CS540/classeval_evaluation/ClassEval_31_0.py", line 91, in test_correlation_coefficient_2
    self.assertEqual(DataStatistics4.correlation_coefficient([1, 1, 1], [2, 2, 2]), 0)
                     ^^^^^^^^^^^^^^^^^^^^^^^^^^^^^^^^^^^^^^^^^^^^^^^^^^^^^^^^^^^^^
  File "/Users/snigdhaghoshdastidar/Desktop/CS540/classeval_evaluation/ClassEval_31_0.py", line 28, in correlation_coefficient
    return cov / math.sqrt(var1 * var2)
           ~~~~^~~~~~~~~~~~~~~~~~~~~~~~
ZeroDivisionError: float division by zero

======================================================================
FAIL: test_correlation_coefficient (ClassEval_31_0.DataStatistics4TestCorrelationCoefficient.test_correlation_coefficient)
----------------------------------------------------------------------
Traceback (most recent call last):
  File "/Users/snigdhaghoshdastidar/Desktop/CS540/classeval_evaluation/ClassEval_31_0.py", line 88, in test_correlation_coefficient
    self.assertEqual(DataStatistics4.correlation_coefficient([1, 2, 3], [4, 5, 6]), 0.9999999999999998)
AssertionError: 1.0 != 0.9999999999999998

======================================================================
FAIL: test_correlation_coefficient_3 (ClassEval_31_0.DataStatistics4TestCorrelationCoefficient.test_correlation_coefficient_3)
----------------------------------------------------------------------
Traceback (most recent call last):
  File "/Users/snigdhaghoshdastidar/Desktop/CS540/classeval_evaluation/ClassEval_31_0.py", line 94, in test_correlation_coefficient_3
    self.assertEqual(DataStatistics4.correlation_coefficient([1, 2, 3], [1, 2, 3]), 0.9999999999999998)
AssertionError: 1.0 != 0.9999999999999998

======================================================================
FAIL: test_correlation_coefficient_4 (ClassEval_31_0.DataStatistics4TestCorrelationCoefficient.test_correlation_coefficient_4)
----------------------------------------------------------------------
Traceback (most recent call last):
  File "/Users/snigdhaghoshdastidar/Desktop/CS540/classeval_evaluation/ClassEval_31_0.py", line 97, in test_correlation_coefficient_4
    self.assertEqual(DataStatistics4.correlation_coefficient([1, 2, 3], [1, 2, 4]), 0.9819805060619659)
AssertionError: 0.9819805060619656 != 0.9819805060619659

======================================================================
FAIL: test_correlation_coefficient_5 (ClassEval_31_0.DataStatistics4TestCorrelationCoefficient.test_correlation_coefficient_5)
----------------------------------------------------------------------
Traceback (most recent call last):
  File "/Users/snigdhaghoshdastidar/Desktop/CS540/classeval_evaluation/ClassEval_31_0.py", line 100, in test_correlation_coefficient_5
    self.assertEqual(DataStatistics4.correlation_coefficient([1, 2, 3], [1, 5, 3]), 0.4999999999999999)
AssertionError: 0.5 != 0.4999999999999999

----------------------------------------------------------------------
Ran 5 tests in 0.057s

FAILED (failures=4, errors=1)
FE.F.
======================================================================
ERROR: test_skewness_2 (ClassEval_31_0.DataStatistics4TestSkewness.test_skewness_2)
----------------------------------------------------------------------
Traceback (most recent call last):
  File "/Users/snigdhaghoshdastidar/Desktop/CS540/classeval_evaluation/ClassEval_31_0.py", line 108, in test_skewness_2
    self.assertEqual(DataStatistics4.skewness([1, 1, 1]), 0)
                     ^^^^^^^^^^^^^^^^^^^^^^^^^^^^^^^^^^^
  File "/Users/snigdhaghoshdastidar/Desktop/CS540/classeval_evaluation/ClassEval_31_0.py", line 45, in skewness
    skew = sum([(x - mean) ** 3 for x in data]) / (n * std ** 3)
           ~~~~~~~~~~~~~~~~~~~~~~~~~~~~~~~~~~~~~^~~~~~~~~~~~~~~~
ZeroDivisionError: float division by zero

======================================================================
FAIL: test_skewness (ClassEval_31_0.DataStatistics4TestSkewness.test_skewness)
----------------------------------------------------------------------
Traceback (most recent call last):
  File "/Users/snigdhaghoshdastidar/Desktop/CS540/classeval_evaluation/ClassEval_31_0.py", line 105, in test_skewness
    self.assertEqual(DataStatistics4.skewness([1, 2, 5]), 2.3760224064818463)
AssertionError: 0.528004979218188 != 2.3760224064818463

======================================================================
FAIL: test_skewness_4 (ClassEval_31_0.DataStatistics4TestSkewness.test_skewness_4)
----------------------------------------------------------------------
Traceback (most recent call last):
  File "/Users/snigdhaghoshdastidar/Desktop/CS540/classeval_evaluation/ClassEval_31_0.py", line 114, in test_skewness_4
    self.assertEqual(DataStatistics4.skewness([1, 2, 4]), 1.7181079837227264)
AssertionError: 0.38180177416060584 != 1.7181079837227264

----------------------------------------------------------------------
Ran 5 tests in 0.001s

FAILED (failures=2, errors=1)
.E.F.
======================================================================
ERROR: test_kurtosis_2 (ClassEval_31_0.DataStatistics4TestKurtosis.test_kurtosis_2)
----------------------------------------------------------------------
Traceback (most recent call last):
  File "/Users/snigdhaghoshdastidar/Desktop/CS540/classeval_evaluation/ClassEval_31_0.py", line 125, in test_kurtosis_2
    self.assertTrue(math.isnan(DataStatistics4.kurtosis([1, 1, 1])))
                               ^^^^^^^^^^^^^^^^^^^^^^^^^^^^^^^^^^^
  File "/Users/snigdhaghoshdastidar/Desktop/CS540/classeval_evaluation/ClassEval_31_0.py", line 63, in kurtosis
    kurt = sum([(x - mean) ** 4 for x in data]) / (n * std ** 4) - 3
           ~~~~~~~~~~~~~~~~~~~~~~~~~~~~~~~~~~~~~^~~~~~~~~~~~~~~~
ZeroDivisionError: float division by zero

======================================================================
FAIL: test_kurtosis_4 (ClassEval_31_0.DataStatistics4TestKurtosis.test_kurtosis_4)
----------------------------------------------------------------------
Traceback (most recent call last):
  File "/Users/snigdhaghoshdastidar/Desktop/CS540/classeval_evaluation/ClassEval_31_0.py", line 131, in test_kurtosis_4
    self.assertEqual(DataStatistics4.kurtosis([1, 2, 4]), -1.4999999999999996)
AssertionError: -1.4999999999999998 != -1.4999999999999996

----------------------------------------------------------------------
Ran 5 tests in 0.040s

FAILED (failures=1, errors=1)
.....
----------------------------------------------------------------------
Ran 5 tests in 0.057s

OK
F
======================================================================
FAIL: test_main (ClassEval_31_0.DataStatistics4TestMain.test_main)
----------------------------------------------------------------------
Traceback (most recent call last):
  File "/Users/snigdhaghoshdastidar/Desktop/CS540/classeval_evaluation/ClassEval_31_0.py", line 161, in test_main
    self.assertEqual(DataStatistics4.correlation_coefficient([1, 2, 3], [4, 5, 6]), 0.9999999999999998)
AssertionError: 1.0 != 0.9999999999999998

----------------------------------------------------------------------
Ran 1 test in 0.000s

FAILED (failures=1)
EEEEE
======================================================================
ERROR: test_calculate_1 (ClassEval_39_0.ExpressionCalculatorTestCalculate.test_calculate_1)
----------------------------------------------------------------------
Traceback (most recent call last):
  File "/Users/snigdhaghoshdastidar/Desktop/CS540/classeval_evaluation/ClassEval_39_0.py", line 155, in test_calculate_1
    result = self.expression_calculator.calculate("2 + 3 * 4")
             ^^^^^^^^^^^^^^^^^^^^^^^^^^^^^^^^^^^^^^^^^^^^^^^^^
  File "/Users/snigdhaghoshdastidar/Desktop/CS540/classeval_evaluation/ClassEval_39_0.py", line 28, in calculate
    result = self.postfix_eval(postfix_expression)
             ^^^^^^^^^^^^^^^^^^^^^^^^^^^^^^^^^^^^^
  File "/Users/snigdhaghoshdastidar/Desktop/CS540/classeval_evaluation/ClassEval_39_0.py", line 73, in postfix_eval
    result_stack.append(decimal.Decimal(token))
                        ^^^^^^^^^^^^^^^^^^^^^^
decimal.InvalidOperation: [<class 'decimal.ConversionSyntax'>]

======================================================================
ERROR: test_calculate_2 (ClassEval_39_0.ExpressionCalculatorTestCalculate.test_calculate_2)
----------------------------------------------------------------------
Traceback (most recent call last):
  File "/Users/snigdhaghoshdastidar/Desktop/CS540/classeval_evaluation/ClassEval_39_0.py", line 159, in test_calculate_2
    result = self.expression_calculator.calculate("2 + 3 + 4")
             ^^^^^^^^^^^^^^^^^^^^^^^^^^^^^^^^^^^^^^^^^^^^^^^^^
  File "/Users/snigdhaghoshdastidar/Desktop/CS540/classeval_evaluation/ClassEval_39_0.py", line 28, in calculate
    result = self.postfix_eval(postfix_expression)
             ^^^^^^^^^^^^^^^^^^^^^^^^^^^^^^^^^^^^^
  File "/Users/snigdhaghoshdastidar/Desktop/CS540/classeval_evaluation/ClassEval_39_0.py", line 73, in postfix_eval
    result_stack.append(decimal.Decimal(token))
                        ^^^^^^^^^^^^^^^^^^^^^^
decimal.InvalidOperation: [<class 'decimal.ConversionSyntax'>]

======================================================================
ERROR: test_calculate_3 (ClassEval_39_0.ExpressionCalculatorTestCalculate.test_calculate_3)
----------------------------------------------------------------------
Traceback (most recent call last):
  File "/Users/snigdhaghoshdastidar/Desktop/CS540/classeval_evaluation/ClassEval_39_0.py", line 163, in test_calculate_3
    result = self.expression_calculator.calculate("2 * 3 * 4")
             ^^^^^^^^^^^^^^^^^^^^^^^^^^^^^^^^^^^^^^^^^^^^^^^^^
  File "/Users/snigdhaghoshdastidar/Desktop/CS540/classeval_evaluation/ClassEval_39_0.py", line 28, in calculate
    result = self.postfix_eval(postfix_expression)
             ^^^^^^^^^^^^^^^^^^^^^^^^^^^^^^^^^^^^^
  File "/Users/snigdhaghoshdastidar/Desktop/CS540/classeval_evaluation/ClassEval_39_0.py", line 73, in postfix_eval
    result_stack.append(decimal.Decimal(token))
                        ^^^^^^^^^^^^^^^^^^^^^^
decimal.InvalidOperation: [<class 'decimal.ConversionSyntax'>]

======================================================================
ERROR: test_calculate_4 (ClassEval_39_0.ExpressionCalculatorTestCalculate.test_calculate_4)
----------------------------------------------------------------------
Traceback (most recent call last):
  File "/Users/snigdhaghoshdastidar/Desktop/CS540/classeval_evaluation/ClassEval_39_0.py", line 167, in test_calculate_4
    result = self.expression_calculator.calculate("2 + 4 / 4")
             ^^^^^^^^^^^^^^^^^^^^^^^^^^^^^^^^^^^^^^^^^^^^^^^^^
  File "/Users/snigdhaghoshdastidar/Desktop/CS540/classeval_evaluation/ClassEval_39_0.py", line 28, in calculate
    result = self.postfix_eval(postfix_expression)
             ^^^^^^^^^^^^^^^^^^^^^^^^^^^^^^^^^^^^^
  File "/Users/snigdhaghoshdastidar/Desktop/CS540/classeval_evaluation/ClassEval_39_0.py", line 73, in postfix_eval
    result_stack.append(decimal.Decimal(token))
                        ^^^^^^^^^^^^^^^^^^^^^^
decimal.InvalidOperation: [<class 'decimal.ConversionSyntax'>]

======================================================================
ERROR: test_calculate_5 (ClassEval_39_0.ExpressionCalculatorTestCalculate.test_calculate_5)
----------------------------------------------------------------------
Traceback (most recent call last):
  File "/Users/snigdhaghoshdastidar/Desktop/CS540/classeval_evaluation/ClassEval_39_0.py", line 171, in test_calculate_5
    result = self.expression_calculator.calculate("(2 + 3) * 4")
             ^^^^^^^^^^^^^^^^^^^^^^^^^^^^^^^^^^^^^^^^^^^^^^^^^^^
  File "/Users/snigdhaghoshdastidar/Desktop/CS540/classeval_evaluation/ClassEval_39_0.py", line 28, in calculate
    result = self.postfix_eval(postfix_expression)
             ^^^^^^^^^^^^^^^^^^^^^^^^^^^^^^^^^^^^^
  File "/Users/snigdhaghoshdastidar/Desktop/CS540/classeval_evaluation/ClassEval_39_0.py", line 73, in postfix_eval
    result_stack.append(decimal.Decimal(token))
                        ^^^^^^^^^^^^^^^^^^^^^^
decimal.InvalidOperation: [<class 'decimal.ConversionSyntax'>]

----------------------------------------------------------------------
Ran 5 tests in 0.019s

FAILED (errors=5)
EFFFFF.
======================================================================
FAIL: test_prepare_1 (ClassEval_39_0.ExpressionCalculatorTestPrepare.test_prepare_1)
----------------------------------------------------------------------
Traceback (most recent call last):
  File "/Users/snigdhaghoshdastidar/Desktop/CS540/classeval_evaluation/ClassEval_39_0.py", line 181, in test_prepare_1
    self.assertEqual(self.expression_calculator.postfix_stack, deque(['2', '3', '4', '*', '+']))
AssertionError: deque(['2+3*4']) != deque(['2', '3', '4', '*', '+'])

======================================================================
FAIL: test_prepare_2 (ClassEval_39_0.ExpressionCalculatorTestPrepare.test_prepare_2)
----------------------------------------------------------------------
Traceback (most recent call last):
  File "/Users/snigdhaghoshdastidar/Desktop/CS540/classeval_evaluation/ClassEval_39_0.py", line 185, in test_prepare_2
    self.assertEqual(self.expression_calculator.postfix_stack, deque(['2', '3', '4', '/', '+']))
AssertionError: deque(['2+3/4']) != deque(['2', '3', '4', '/', '+'])

======================================================================
FAIL: test_prepare_3 (ClassEval_39_0.ExpressionCalculatorTestPrepare.test_prepare_3)
----------------------------------------------------------------------
Traceback (most recent call last):
  File "/Users/snigdhaghoshdastidar/Desktop/CS540/classeval_evaluation/ClassEval_39_0.py", line 189, in test_prepare_3
    self.assertEqual(self.expression_calculator.postfix_stack, deque(['2', '3', '4', '*', '-']))
AssertionError: deque(['2-3*4']) != deque(['2', '3', '4', '*', '-'])

======================================================================
FAIL: test_prepare_4 (ClassEval_39_0.ExpressionCalculatorTestPrepare.test_prepare_4)
----------------------------------------------------------------------
Traceback (most recent call last):
  File "/Users/snigdhaghoshdastidar/Desktop/CS540/classeval_evaluation/ClassEval_39_0.py", line 193, in test_prepare_4
    self.assertEqual(self.expression_calculator.postfix_stack, deque(['1', '3', '4', '*', '+']))
AssertionError: deque(['1+3*4']) != deque(['1', '3', '4', '*', '+'])

======================================================================
FAIL: test_prepare_5 (ClassEval_39_0.ExpressionCalculatorTestPrepare.test_prepare_5)
----------------------------------------------------------------------
Traceback (most recent call last):
  File "/Users/snigdhaghoshdastidar/Desktop/CS540/classeval_evaluation/ClassEval_39_0.py", line 197, in test_prepare_5
    self.assertEqual(self.expression_calculator.postfix_stack, deque(['2', '3', '+', '4', '*']))
AssertionError: deque(['(2+3)*4']) != deque(['2', '3', '+', '4', '*'])

----------------------------------------------------------------------
Ran 6 tests in 0.025s

FAILED (failures=5)
.....
----------------------------------------------------------------------
Ran 5 tests in 0.007s

OK
F.FFFF.
======================================================================
FAIL: test_compare_1 (ClassEval_39_0.ExpressionCalculatorTestCompare.test_compare_1)
----------------------------------------------------------------------
Traceback (most recent call last):
  File "/Users/snigdhaghoshdastidar/Desktop/CS540/classeval_evaluation/ClassEval_39_0.py", line 230, in test_compare_1
    self.assertTrue(result)
AssertionError: False is not true

======================================================================
FAIL: test_compare_3 (ClassEval_39_0.ExpressionCalculatorTestCompare.test_compare_3)
----------------------------------------------------------------------
Traceback (most recent call last):
  File "/Users/snigdhaghoshdastidar/Desktop/CS540/classeval_evaluation/ClassEval_39_0.py", line 238, in test_compare_3
    self.assertTrue(result)
AssertionError: False is not true

======================================================================
FAIL: test_compare_4 (ClassEval_39_0.ExpressionCalculatorTestCompare.test_compare_4)
----------------------------------------------------------------------
Traceback (most recent call last):
  File "/Users/snigdhaghoshdastidar/Desktop/CS540/classeval_evaluation/ClassEval_39_0.py", line 242, in test_compare_4
    self.assertFalse(result)
AssertionError: True is not false

======================================================================
FAIL: test_compare_5 (ClassEval_39_0.ExpressionCalculatorTestCompare.test_compare_5)
----------------------------------------------------------------------
Traceback (most recent call last):
  File "/Users/snigdhaghoshdastidar/Desktop/CS540/classeval_evaluation/ClassEval_39_0.py", line 246, in test_compare_5
    self.assertFalse(result)
AssertionError: True is not false

======================================================================
FAIL: test_compare_6 (ClassEval_39_0.ExpressionCalculatorTestCompare.test_compare_6)
----------------------------------------------------------------------
Traceback (most recent call last):
  File "/Users/snigdhaghoshdastidar/Desktop/CS540/classeval_evaluation/ClassEval_39_0.py", line 250, in test_compare_6
    self.assertFalse(result)
AssertionError: True is not false

----------------------------------------------------------------------
Ran 7 tests in 0.025s

FAILED (failures=5)
.......
----------------------------------------------------------------------
Ran 7 tests in 0.031s

OK
....FF
======================================================================
FAIL: test_transform_5 (ClassEval_39_0.ExpressionCalculatorTestTransform.test_transform_5)
----------------------------------------------------------------------
Traceback (most recent call last):
  File "/Users/snigdhaghoshdastidar/Desktop/CS540/classeval_evaluation/ClassEval_39_0.py", line 314, in test_transform_5
    self.assertEqual(result, "~2+(~3)*4")
AssertionError: '-2+(-3)*4' != '~2+(~3)*4'
- -2+(-3)*4
? ^   ^
+ ~2+(~3)*4
? ^   ^


======================================================================
FAIL: test_transform_6 (ClassEval_39_0.ExpressionCalculatorTestTransform.test_transform_6)
----------------------------------------------------------------------
Traceback (most recent call last):
  File "/Users/snigdhaghoshdastidar/Desktop/CS540/classeval_evaluation/ClassEval_39_0.py", line 318, in test_transform_6
    self.assertEqual(result, "0-(1+1)")
AssertionError: '~(1+1)' != '0-(1+1)'
- ~(1+1)
? ^
+ 0-(1+1)
? ^^


----------------------------------------------------------------------
Ran 6 tests in 0.007s

FAILED (failures=2)
E
======================================================================
ERROR: test_ExpressionCalculator (ClassEval_39_0.ExpressionCalculatorTest.test_ExpressionCalculator)
----------------------------------------------------------------------
Traceback (most recent call last):
  File "/Users/snigdhaghoshdastidar/Desktop/CS540/classeval_evaluation/ClassEval_39_0.py", line 326, in test_ExpressionCalculator
    result = self.expression_calculator.calculate("2 + 3 * 4")
             ^^^^^^^^^^^^^^^^^^^^^^^^^^^^^^^^^^^^^^^^^^^^^^^^^
  File "/Users/snigdhaghoshdastidar/Desktop/CS540/classeval_evaluation/ClassEval_39_0.py", line 28, in calculate
    result = self.postfix_eval(postfix_expression)
             ^^^^^^^^^^^^^^^^^^^^^^^^^^^^^^^^^^^^^
  File "/Users/snigdhaghoshdastidar/Desktop/CS540/classeval_evaluation/ClassEval_39_0.py", line 73, in postfix_eval
    result_stack.append(decimal.Decimal(token))
                        ^^^^^^^^^^^^^^^^^^^^^^
decimal.InvalidOperation: [<class 'decimal.ConversionSyntax'>]

----------------------------------------------------------------------
Ran 1 test in 0.007s

FAILED (errors=1)
FFFFF
======================================================================
FAIL: test_kappa_1 (ClassEval_51_0.KappaCalculatorTestKappa.test_kappa_1)
----------------------------------------------------------------------
Traceback (most recent call last):
  File "/Users/snigdhaghoshdastidar/Desktop/CS540/classeval_evaluation/ClassEval_51_0.py", line 66, in test_kappa_1
    self.assertEqual(KappaCalculator.kappa([[2, 1, 1], [1, 2, 1], [1, 1, 2]], 3), 0.25)
AssertionError: 2.0 != 0.25

======================================================================
FAIL: test_kappa_2 (ClassEval_51_0.KappaCalculatorTestKappa.test_kappa_2)
----------------------------------------------------------------------
Traceback (most recent call last):
  File "/Users/snigdhaghoshdastidar/Desktop/CS540/classeval_evaluation/ClassEval_51_0.py", line 69, in test_kappa_2
    self.assertAlmostEqual(KappaCalculator.kappa([[2, 2, 1], [1, 2, 1], [1, 1, 2]], 3), 0.19469026548672572)
AssertionError: -1.0 != 0.19469026548672572 within 7 places (1.1946902654867257 difference)

======================================================================
FAIL: test_kappa_3 (ClassEval_51_0.KappaCalculatorTestKappa.test_kappa_3)
----------------------------------------------------------------------
Traceback (most recent call last):
  File "/Users/snigdhaghoshdastidar/Desktop/CS540/classeval_evaluation/ClassEval_51_0.py", line 72, in test_kappa_3
    self.assertAlmostEqual(KappaCalculator.kappa([[2, 1, 2], [1, 2, 1], [1, 1, 2]], 3), 0.19469026548672572)
AssertionError: -1.0 != 0.19469026548672572 within 7 places (1.1946902654867257 difference)

======================================================================
FAIL: test_kappa_4 (ClassEval_51_0.KappaCalculatorTestKappa.test_kappa_4)
----------------------------------------------------------------------
Traceback (most recent call last):
  File "/Users/snigdhaghoshdastidar/Desktop/CS540/classeval_evaluation/ClassEval_51_0.py", line 75, in test_kappa_4
    self.assertAlmostEqual(KappaCalculator.kappa([[2, 1, 1], [2, 2, 1], [1, 1, 2]], 3), 0.19469026548672572)
AssertionError: -1.0 != 0.19469026548672572 within 7 places (1.1946902654867257 difference)

======================================================================
FAIL: test_kappa_5 (ClassEval_51_0.KappaCalculatorTestKappa.test_kappa_5)
----------------------------------------------------------------------
Traceback (most recent call last):
  File "/Users/snigdhaghoshdastidar/Desktop/CS540/classeval_evaluation/ClassEval_51_0.py", line 78, in test_kappa_5
    self.assertAlmostEqual(KappaCalculator.kappa([[2, 1, 1], [1, 2, 2], [1, 1, 2]], 3), 0.19469026548672572)
AssertionError: -1.0 != 0.19469026548672572 within 7 places (1.1946902654867257 difference)

----------------------------------------------------------------------
Ran 5 tests in 0.031s

FAILED (failures=5)
FFFFF
======================================================================
FAIL: test_fleiss_kappa_1 (ClassEval_51_0.KappaCalculatorTestFleissKappa.test_fleiss_kappa_1)
----------------------------------------------------------------------
Traceback (most recent call last):
  File "/Users/snigdhaghoshdastidar/Desktop/CS540/classeval_evaluation/ClassEval_51_0.py", line 83, in test_fleiss_kappa_1
    self.assertEqual(KappaCalculator.fleiss_kappa([[0, 0, 0, 0, 14],
AssertionError: -0.13211636782602432 != 0.20993070442195522

======================================================================
FAIL: test_fleiss_kappa_2 (ClassEval_51_0.KappaCalculatorTestFleissKappa.test_fleiss_kappa_2)
----------------------------------------------------------------------
Traceback (most recent call last):
  File "/Users/snigdhaghoshdastidar/Desktop/CS540/classeval_evaluation/ClassEval_51_0.py", line 95, in test_fleiss_kappa_2
    self.assertEqual(KappaCalculator.fleiss_kappa([[1, 0, 0, 0, 14],
AssertionError: -0.1341513779683901 != 0.2115748928799344

======================================================================
FAIL: test_fleiss_kappa_3 (ClassEval_51_0.KappaCalculatorTestFleissKappa.test_fleiss_kappa_3)
----------------------------------------------------------------------
Traceback (most recent call last):
  File "/Users/snigdhaghoshdastidar/Desktop/CS540/classeval_evaluation/ClassEval_51_0.py", line 107, in test_fleiss_kappa_3
    self.assertEqual(KappaCalculator.fleiss_kappa([[0, 1, 0, 0, 14],
AssertionError: -0.1353433508965936 != 0.21076904123090398

======================================================================
FAIL: test_fleiss_kappa_4 (ClassEval_51_0.KappaCalculatorTestFleissKappa.test_fleiss_kappa_4)
----------------------------------------------------------------------
Traceback (most recent call last):
  File "/Users/snigdhaghoshdastidar/Desktop/CS540/classeval_evaluation/ClassEval_51_0.py", line 119, in test_fleiss_kappa_4
    self.assertEqual(KappaCalculator.fleiss_kappa([[0, 0, 1, 0, 14],
AssertionError: -0.13698637077570042 != 0.2096583016522883

======================================================================
FAIL: test_fleiss_kappa_5 (ClassEval_51_0.KappaCalculatorTestFleissKappa.test_fleiss_kappa_5)
----------------------------------------------------------------------
Traceback (most recent call last):
  File "/Users/snigdhaghoshdastidar/Desktop/CS540/classeval_evaluation/ClassEval_51_0.py", line 131, in test_fleiss_kappa_5
    self.assertEqual(KappaCalculator.fleiss_kappa([[0, 0, 0, 1, 14],
AssertionError: -0.13430023901850768 != 0.21147425143148907

----------------------------------------------------------------------
Ran 5 tests in 0.037s

FAILED (failures=5)
F
======================================================================
FAIL: test_kappacalculator (ClassEval_51_0.KappaCalculatorTest.test_kappacalculator)
----------------------------------------------------------------------
Traceback (most recent call last):
  File "/Users/snigdhaghoshdastidar/Desktop/CS540/classeval_evaluation/ClassEval_51_0.py", line 145, in test_kappacalculator
    self.assertEqual(KappaCalculator.kappa([[2, 1, 1], [1, 2, 1], [1, 1, 2]], 3), 0.25)
AssertionError: 2.0 != 0.25

----------------------------------------------------------------------
Ran 1 test in 0.007s

FAILED (failures=1)
EEEEE
======================================================================
ERROR: test_update_1 (ClassEval_56_0.MetricsCalculatorTestUpdate.test_update_1)
----------------------------------------------------------------------
Traceback (most recent call last):
  File "/Users/snigdhaghoshdastidar/Desktop/CS540/classeval_evaluation/ClassEval_56_0.py", line 8, in test_update_1
    mc = MetricsCalculator()
         ^^^^^^^^^^^^^^^^^
NameError: name 'MetricsCalculator' is not defined. Did you mean: 'MetricsCalculatorTest'?

======================================================================
ERROR: test_update_2 (ClassEval_56_0.MetricsCalculatorTestUpdate.test_update_2)
----------------------------------------------------------------------
Traceback (most recent call last):
  File "/Users/snigdhaghoshdastidar/Desktop/CS540/classeval_evaluation/ClassEval_56_0.py", line 14, in test_update_2
    mc = MetricsCalculator()
         ^^^^^^^^^^^^^^^^^
NameError: name 'MetricsCalculator' is not defined. Did you mean: 'MetricsCalculatorTest'?

======================================================================
ERROR: test_update_3 (ClassEval_56_0.MetricsCalculatorTestUpdate.test_update_3)
----------------------------------------------------------------------
Traceback (most recent call last):
  File "/Users/snigdhaghoshdastidar/Desktop/CS540/classeval_evaluation/ClassEval_56_0.py", line 20, in test_update_3
    mc = MetricsCalculator()
         ^^^^^^^^^^^^^^^^^
NameError: name 'MetricsCalculator' is not defined. Did you mean: 'MetricsCalculatorTest'?

======================================================================
ERROR: test_update_4 (ClassEval_56_0.MetricsCalculatorTestUpdate.test_update_4)
----------------------------------------------------------------------
Traceback (most recent call last):
  File "/Users/snigdhaghoshdastidar/Desktop/CS540/classeval_evaluation/ClassEval_56_0.py", line 26, in test_update_4
    mc = MetricsCalculator()
         ^^^^^^^^^^^^^^^^^
NameError: name 'MetricsCalculator' is not defined. Did you mean: 'MetricsCalculatorTest'?

======================================================================
ERROR: test_update_5 (ClassEval_56_0.MetricsCalculatorTestUpdate.test_update_5)
----------------------------------------------------------------------
Traceback (most recent call last):
  File "/Users/snigdhaghoshdastidar/Desktop/CS540/classeval_evaluation/ClassEval_56_0.py", line 32, in test_update_5
    mc = MetricsCalculator()
         ^^^^^^^^^^^^^^^^^
NameError: name 'MetricsCalculator' is not defined. Did you mean: 'MetricsCalculatorTest'?

----------------------------------------------------------------------
Ran 5 tests in 0.027s

FAILED (errors=5)
EEEEEE
======================================================================
ERROR: test_precision_1 (ClassEval_56_0.MetricsCalculatorTestPrecision.test_precision_1)
----------------------------------------------------------------------
Traceback (most recent call last):
  File "/Users/snigdhaghoshdastidar/Desktop/CS540/classeval_evaluation/ClassEval_56_0.py", line 40, in test_precision_1
    mc = MetricsCalculator()
         ^^^^^^^^^^^^^^^^^
NameError: name 'MetricsCalculator' is not defined. Did you mean: 'MetricsCalculatorTest'?

======================================================================
ERROR: test_precision_2 (ClassEval_56_0.MetricsCalculatorTestPrecision.test_precision_2)
----------------------------------------------------------------------
Traceback (most recent call last):
  File "/Users/snigdhaghoshdastidar/Desktop/CS540/classeval_evaluation/ClassEval_56_0.py", line 45, in test_precision_2
    mc = MetricsCalculator()
         ^^^^^^^^^^^^^^^^^
NameError: name 'MetricsCalculator' is not defined. Did you mean: 'MetricsCalculatorTest'?

======================================================================
ERROR: test_precision_3 (ClassEval_56_0.MetricsCalculatorTestPrecision.test_precision_3)
----------------------------------------------------------------------
Traceback (most recent call last):
  File "/Users/snigdhaghoshdastidar/Desktop/CS540/classeval_evaluation/ClassEval_56_0.py", line 50, in test_precision_3
    mc = MetricsCalculator()
         ^^^^^^^^^^^^^^^^^
NameError: name 'MetricsCalculator' is not defined. Did you mean: 'MetricsCalculatorTest'?

======================================================================
ERROR: test_precision_4 (ClassEval_56_0.MetricsCalculatorTestPrecision.test_precision_4)
----------------------------------------------------------------------
Traceback (most recent call last):
  File "/Users/snigdhaghoshdastidar/Desktop/CS540/classeval_evaluation/ClassEval_56_0.py", line 55, in test_precision_4
    mc = MetricsCalculator()
         ^^^^^^^^^^^^^^^^^
NameError: name 'MetricsCalculator' is not defined. Did you mean: 'MetricsCalculatorTest'?

======================================================================
ERROR: test_precision_5 (ClassEval_56_0.MetricsCalculatorTestPrecision.test_precision_5)
----------------------------------------------------------------------
Traceback (most recent call last):
  File "/Users/snigdhaghoshdastidar/Desktop/CS540/classeval_evaluation/ClassEval_56_0.py", line 60, in test_precision_5
    mc = MetricsCalculator()
         ^^^^^^^^^^^^^^^^^
NameError: name 'MetricsCalculator' is not defined. Did you mean: 'MetricsCalculatorTest'?

======================================================================
ERROR: test_precision_6 (ClassEval_56_0.MetricsCalculatorTestPrecision.test_precision_6)
----------------------------------------------------------------------
Traceback (most recent call last):
  File "/Users/snigdhaghoshdastidar/Desktop/CS540/classeval_evaluation/ClassEval_56_0.py", line 65, in test_precision_6
    mc = MetricsCalculator()
         ^^^^^^^^^^^^^^^^^
NameError: name 'MetricsCalculator' is not defined. Did you mean: 'MetricsCalculatorTest'?

----------------------------------------------------------------------
Ran 6 tests in 0.028s

FAILED (errors=6)
EEEEEE
======================================================================
ERROR: test_recall_1 (ClassEval_56_0.MetricsCalculatorTestRecall.test_recall_1)
----------------------------------------------------------------------
Traceback (most recent call last):
  File "/Users/snigdhaghoshdastidar/Desktop/CS540/classeval_evaluation/ClassEval_56_0.py", line 72, in test_recall_1
    mc = MetricsCalculator()
         ^^^^^^^^^^^^^^^^^
NameError: name 'MetricsCalculator' is not defined. Did you mean: 'MetricsCalculatorTest'?

======================================================================
ERROR: test_recall_2 (ClassEval_56_0.MetricsCalculatorTestRecall.test_recall_2)
----------------------------------------------------------------------
Traceback (most recent call last):
  File "/Users/snigdhaghoshdastidar/Desktop/CS540/classeval_evaluation/ClassEval_56_0.py", line 77, in test_recall_2
    mc = MetricsCalculator()
         ^^^^^^^^^^^^^^^^^
NameError: name 'MetricsCalculator' is not defined. Did you mean: 'MetricsCalculatorTest'?

======================================================================
ERROR: test_recall_3 (ClassEval_56_0.MetricsCalculatorTestRecall.test_recall_3)
----------------------------------------------------------------------
Traceback (most recent call last):
  File "/Users/snigdhaghoshdastidar/Desktop/CS540/classeval_evaluation/ClassEval_56_0.py", line 82, in test_recall_3
    mc = MetricsCalculator()
         ^^^^^^^^^^^^^^^^^
NameError: name 'MetricsCalculator' is not defined. Did you mean: 'MetricsCalculatorTest'?

======================================================================
ERROR: test_recall_4 (ClassEval_56_0.MetricsCalculatorTestRecall.test_recall_4)
----------------------------------------------------------------------
Traceback (most recent call last):
  File "/Users/snigdhaghoshdastidar/Desktop/CS540/classeval_evaluation/ClassEval_56_0.py", line 87, in test_recall_4
    mc = MetricsCalculator()
         ^^^^^^^^^^^^^^^^^
NameError: name 'MetricsCalculator' is not defined. Did you mean: 'MetricsCalculatorTest'?

======================================================================
ERROR: test_recall_5 (ClassEval_56_0.MetricsCalculatorTestRecall.test_recall_5)
----------------------------------------------------------------------
Traceback (most recent call last):
  File "/Users/snigdhaghoshdastidar/Desktop/CS540/classeval_evaluation/ClassEval_56_0.py", line 92, in test_recall_5
    mc = MetricsCalculator()
         ^^^^^^^^^^^^^^^^^
NameError: name 'MetricsCalculator' is not defined. Did you mean: 'MetricsCalculatorTest'?

======================================================================
ERROR: test_recall_6 (ClassEval_56_0.MetricsCalculatorTestRecall.test_recall_6)
----------------------------------------------------------------------
Traceback (most recent call last):
  File "/Users/snigdhaghoshdastidar/Desktop/CS540/classeval_evaluation/ClassEval_56_0.py", line 97, in test_recall_6
    mc = MetricsCalculator()
         ^^^^^^^^^^^^^^^^^
NameError: name 'MetricsCalculator' is not defined. Did you mean: 'MetricsCalculatorTest'?

----------------------------------------------------------------------
Ran 6 tests in 0.061s

FAILED (errors=6)
EEEEEE
======================================================================
ERROR: test_f1_score_1 (ClassEval_56_0.MetricsCalculatorTestF1Score.test_f1_score_1)
----------------------------------------------------------------------
Traceback (most recent call last):
  File "/Users/snigdhaghoshdastidar/Desktop/CS540/classeval_evaluation/ClassEval_56_0.py", line 104, in test_f1_score_1
    mc = MetricsCalculator()
         ^^^^^^^^^^^^^^^^^
NameError: name 'MetricsCalculator' is not defined. Did you mean: 'MetricsCalculatorTest'?

======================================================================
ERROR: test_f1_score_2 (ClassEval_56_0.MetricsCalculatorTestF1Score.test_f1_score_2)
----------------------------------------------------------------------
Traceback (most recent call last):
  File "/Users/snigdhaghoshdastidar/Desktop/CS540/classeval_evaluation/ClassEval_56_0.py", line 109, in test_f1_score_2
    mc = MetricsCalculator()
         ^^^^^^^^^^^^^^^^^
NameError: name 'MetricsCalculator' is not defined. Did you mean: 'MetricsCalculatorTest'?

======================================================================
ERROR: test_f1_score_3 (ClassEval_56_0.MetricsCalculatorTestF1Score.test_f1_score_3)
----------------------------------------------------------------------
Traceback (most recent call last):
  File "/Users/snigdhaghoshdastidar/Desktop/CS540/classeval_evaluation/ClassEval_56_0.py", line 114, in test_f1_score_3
    mc = MetricsCalculator()
         ^^^^^^^^^^^^^^^^^
NameError: name 'MetricsCalculator' is not defined. Did you mean: 'MetricsCalculatorTest'?

======================================================================
ERROR: test_f1_score_4 (ClassEval_56_0.MetricsCalculatorTestF1Score.test_f1_score_4)
----------------------------------------------------------------------
Traceback (most recent call last):
  File "/Users/snigdhaghoshdastidar/Desktop/CS540/classeval_evaluation/ClassEval_56_0.py", line 119, in test_f1_score_4
    mc = MetricsCalculator()
         ^^^^^^^^^^^^^^^^^
NameError: name 'MetricsCalculator' is not defined. Did you mean: 'MetricsCalculatorTest'?

======================================================================
ERROR: test_f1_score_5 (ClassEval_56_0.MetricsCalculatorTestF1Score.test_f1_score_5)
----------------------------------------------------------------------
Traceback (most recent call last):
  File "/Users/snigdhaghoshdastidar/Desktop/CS540/classeval_evaluation/ClassEval_56_0.py", line 124, in test_f1_score_5
    mc = MetricsCalculator()
         ^^^^^^^^^^^^^^^^^
NameError: name 'MetricsCalculator' is not defined. Did you mean: 'MetricsCalculatorTest'?

======================================================================
ERROR: test_f1_score_6 (ClassEval_56_0.MetricsCalculatorTestF1Score.test_f1_score_6)
----------------------------------------------------------------------
Traceback (most recent call last):
  File "/Users/snigdhaghoshdastidar/Desktop/CS540/classeval_evaluation/ClassEval_56_0.py", line 129, in test_f1_score_6
    mc = MetricsCalculator()
         ^^^^^^^^^^^^^^^^^
NameError: name 'MetricsCalculator' is not defined. Did you mean: 'MetricsCalculatorTest'?

----------------------------------------------------------------------
Ran 6 tests in 0.009s

FAILED (errors=6)
EEEEEE
======================================================================
ERROR: test_accuracy_1 (ClassEval_56_0.MetricsCalculatorTestAccuracy.test_accuracy_1)
----------------------------------------------------------------------
Traceback (most recent call last):
  File "/Users/snigdhaghoshdastidar/Desktop/CS540/classeval_evaluation/ClassEval_56_0.py", line 136, in test_accuracy_1
    mc = MetricsCalculator()
         ^^^^^^^^^^^^^^^^^
NameError: name 'MetricsCalculator' is not defined. Did you mean: 'MetricsCalculatorTest'?

======================================================================
ERROR: test_accuracy_2 (ClassEval_56_0.MetricsCalculatorTestAccuracy.test_accuracy_2)
----------------------------------------------------------------------
Traceback (most recent call last):
  File "/Users/snigdhaghoshdastidar/Desktop/CS540/classeval_evaluation/ClassEval_56_0.py", line 141, in test_accuracy_2
    mc = MetricsCalculator()
         ^^^^^^^^^^^^^^^^^
NameError: name 'MetricsCalculator' is not defined. Did you mean: 'MetricsCalculatorTest'?

======================================================================
ERROR: test_accuracy_3 (ClassEval_56_0.MetricsCalculatorTestAccuracy.test_accuracy_3)
----------------------------------------------------------------------
Traceback (most recent call last):
  File "/Users/snigdhaghoshdastidar/Desktop/CS540/classeval_evaluation/ClassEval_56_0.py", line 146, in test_accuracy_3
    mc = MetricsCalculator()
         ^^^^^^^^^^^^^^^^^
NameError: name 'MetricsCalculator' is not defined. Did you mean: 'MetricsCalculatorTest'?

======================================================================
ERROR: test_accuracy_4 (ClassEval_56_0.MetricsCalculatorTestAccuracy.test_accuracy_4)
----------------------------------------------------------------------
Traceback (most recent call last):
  File "/Users/snigdhaghoshdastidar/Desktop/CS540/classeval_evaluation/ClassEval_56_0.py", line 151, in test_accuracy_4
    mc = MetricsCalculator()
         ^^^^^^^^^^^^^^^^^
NameError: name 'MetricsCalculator' is not defined. Did you mean: 'MetricsCalculatorTest'?

======================================================================
ERROR: test_accuracy_5 (ClassEval_56_0.MetricsCalculatorTestAccuracy.test_accuracy_5)
----------------------------------------------------------------------
Traceback (most recent call last):
  File "/Users/snigdhaghoshdastidar/Desktop/CS540/classeval_evaluation/ClassEval_56_0.py", line 156, in test_accuracy_5
    mc = MetricsCalculator()
         ^^^^^^^^^^^^^^^^^
NameError: name 'MetricsCalculator' is not defined. Did you mean: 'MetricsCalculatorTest'?

======================================================================
ERROR: test_accuracy_6 (ClassEval_56_0.MetricsCalculatorTestAccuracy.test_accuracy_6)
----------------------------------------------------------------------
Traceback (most recent call last):
  File "/Users/snigdhaghoshdastidar/Desktop/CS540/classeval_evaluation/ClassEval_56_0.py", line 161, in test_accuracy_6
    mc = MetricsCalculator()
         ^^^^^^^^^^^^^^^^^
NameError: name 'MetricsCalculator' is not defined. Did you mean: 'MetricsCalculatorTest'?

----------------------------------------------------------------------
Ran 6 tests in 0.063s

FAILED (errors=6)
E
======================================================================
ERROR: test_metricscalculator (ClassEval_56_0.MetricsCalculatorTest.test_metricscalculator)
----------------------------------------------------------------------
Traceback (most recent call last):
  File "/Users/snigdhaghoshdastidar/Desktop/CS540/classeval_evaluation/ClassEval_56_0.py", line 168, in test_metricscalculator
    mc = MetricsCalculator()
         ^^^^^^^^^^^^^^^^^
NameError: name 'MetricsCalculator' is not defined. Did you mean: 'MetricsCalculatorTest'?

----------------------------------------------------------------------
Ran 1 test in 0.013s

FAILED (errors=1)
EEEEE.EE
======================================================================
ERROR: test_mrr_1 (ClassEval_57_0.MetricsCalculator2TestMrr.test_mrr_1)
----------------------------------------------------------------------
Traceback (most recent call last):
  File "/Users/snigdhaghoshdastidar/Desktop/CS540/classeval_evaluation/ClassEval_57_0.py", line 8, in test_mrr_1
    mc2 = MetricsCalculator2()
          ^^^^^^^^^^^^^^^^^^
NameError: name 'MetricsCalculator2' is not defined. Did you mean: 'MetricsCalculator2Test'?

======================================================================
ERROR: test_mrr_2 (ClassEval_57_0.MetricsCalculator2TestMrr.test_mrr_2)
----------------------------------------------------------------------
Traceback (most recent call last):
  File "/Users/snigdhaghoshdastidar/Desktop/CS540/classeval_evaluation/ClassEval_57_0.py", line 14, in test_mrr_2
    res1, res2 = MetricsCalculator2.mrr(([0, 0, 0, 1], 4))
                 ^^^^^^^^^^^^^^^^^^
NameError: name 'MetricsCalculator2' is not defined. Did you mean: 'MetricsCalculator2Test'?

======================================================================
ERROR: test_mrr_3 (ClassEval_57_0.MetricsCalculator2TestMrr.test_mrr_3)
----------------------------------------------------------------------
Traceback (most recent call last):
  File "/Users/snigdhaghoshdastidar/Desktop/CS540/classeval_evaluation/ClassEval_57_0.py", line 19, in test_mrr_3
    res1, res2 = MetricsCalculator2.mrr([([1, 0, 1, 0], 4), ([0, 1, 0, 1], 4)])
                 ^^^^^^^^^^^^^^^^^^
NameError: name 'MetricsCalculator2' is not defined. Did you mean: 'MetricsCalculator2Test'?

======================================================================
ERROR: test_mrr_4 (ClassEval_57_0.MetricsCalculator2TestMrr.test_mrr_4)
----------------------------------------------------------------------
Traceback (most recent call last):
  File "/Users/snigdhaghoshdastidar/Desktop/CS540/classeval_evaluation/ClassEval_57_0.py", line 24, in test_mrr_4
    res1, res2 = MetricsCalculator2.mrr([([1, 1, 1, 0], 4), ([0, 0, 0, 1], 4)])
                 ^^^^^^^^^^^^^^^^^^
NameError: name 'MetricsCalculator2' is not defined. Did you mean: 'MetricsCalculator2Test'?

======================================================================
ERROR: test_mrr_5 (ClassEval_57_0.MetricsCalculator2TestMrr.test_mrr_5)
----------------------------------------------------------------------
Traceback (most recent call last):
  File "/Users/snigdhaghoshdastidar/Desktop/CS540/classeval_evaluation/ClassEval_57_0.py", line 29, in test_mrr_5
    res1, res2 = MetricsCalculator2.mrr([([1, 0, 1, 1], 4), ([0, 1, 0, 0], 4)])
                 ^^^^^^^^^^^^^^^^^^
NameError: name 'MetricsCalculator2' is not defined. Did you mean: 'MetricsCalculator2Test'?

======================================================================
ERROR: test_mrr_7 (ClassEval_57_0.MetricsCalculator2TestMrr.test_mrr_7)
----------------------------------------------------------------------
Traceback (most recent call last):
  File "/Users/snigdhaghoshdastidar/Desktop/CS540/classeval_evaluation/ClassEval_57_0.py", line 40, in test_mrr_7
    res1, res2 = MetricsCalculator2.mrr([])
                 ^^^^^^^^^^^^^^^^^^
NameError: name 'MetricsCalculator2' is not defined. Did you mean: 'MetricsCalculator2Test'?

======================================================================
ERROR: test_mrr_8 (ClassEval_57_0.MetricsCalculator2TestMrr.test_mrr_8)
----------------------------------------------------------------------
Traceback (most recent call last):
  File "/Users/snigdhaghoshdastidar/Desktop/CS540/classeval_evaluation/ClassEval_57_0.py", line 45, in test_mrr_8
    res1, res2 = MetricsCalculator2.mrr([([1, 0, 1, 1], 0), ([0, 1, 0, 0], 0)])
                 ^^^^^^^^^^^^^^^^^^
NameError: name 'MetricsCalculator2' is not defined. Did you mean: 'MetricsCalculator2Test'?

----------------------------------------------------------------------
Ran 8 tests in 0.068s

FAILED (errors=7)
EEEEE.EE
======================================================================
ERROR: test_map_1 (ClassEval_57_0.MetricsCalculator2TestMap.test_map_1)
----------------------------------------------------------------------
Traceback (most recent call last):
  File "/Users/snigdhaghoshdastidar/Desktop/CS540/classeval_evaluation/ClassEval_57_0.py", line 52, in test_map_1
    res1, res2 = MetricsCalculator2.map(([1, 0, 1, 0], 4))
                 ^^^^^^^^^^^^^^^^^^
NameError: name 'MetricsCalculator2' is not defined. Did you mean: 'MetricsCalculator2Test'?

======================================================================
ERROR: test_map_2 (ClassEval_57_0.MetricsCalculator2TestMap.test_map_2)
----------------------------------------------------------------------
Traceback (most recent call last):
  File "/Users/snigdhaghoshdastidar/Desktop/CS540/classeval_evaluation/ClassEval_57_0.py", line 57, in test_map_2
    res1, res2 = MetricsCalculator2.map(([0, 0, 0, 1], 4))
                 ^^^^^^^^^^^^^^^^^^
NameError: name 'MetricsCalculator2' is not defined. Did you mean: 'MetricsCalculator2Test'?

======================================================================
ERROR: test_map_3 (ClassEval_57_0.MetricsCalculator2TestMap.test_map_3)
----------------------------------------------------------------------
Traceback (most recent call last):
  File "/Users/snigdhaghoshdastidar/Desktop/CS540/classeval_evaluation/ClassEval_57_0.py", line 62, in test_map_3
    res1, res2 = MetricsCalculator2.map([([1, 0, 1, 0], 4), ([0, 1, 0, 1], 4)])
                 ^^^^^^^^^^^^^^^^^^
NameError: name 'MetricsCalculator2' is not defined. Did you mean: 'MetricsCalculator2Test'?

======================================================================
ERROR: test_map_4 (ClassEval_57_0.MetricsCalculator2TestMap.test_map_4)
----------------------------------------------------------------------
Traceback (most recent call last):
  File "/Users/snigdhaghoshdastidar/Desktop/CS540/classeval_evaluation/ClassEval_57_0.py", line 67, in test_map_4
    res1, res2 = MetricsCalculator2.map([([1, 1, 1, 0], 4), ([0, 0, 0, 1], 4)])
                 ^^^^^^^^^^^^^^^^^^
NameError: name 'MetricsCalculator2' is not defined. Did you mean: 'MetricsCalculator2Test'?

======================================================================
ERROR: test_map_5 (ClassEval_57_0.MetricsCalculator2TestMap.test_map_5)
----------------------------------------------------------------------
Traceback (most recent call last):
  File "/Users/snigdhaghoshdastidar/Desktop/CS540/classeval_evaluation/ClassEval_57_0.py", line 72, in test_map_5
    res1, res2 = MetricsCalculator2.map([([1, 0, 1, 1], 4), ([0, 1, 0, 0], 4)])
                 ^^^^^^^^^^^^^^^^^^
NameError: name 'MetricsCalculator2' is not defined. Did you mean: 'MetricsCalculator2Test'?

======================================================================
ERROR: test_map_7 (ClassEval_57_0.MetricsCalculator2TestMap.test_map_7)
----------------------------------------------------------------------
Traceback (most recent call last):
  File "/Users/snigdhaghoshdastidar/Desktop/CS540/classeval_evaluation/ClassEval_57_0.py", line 83, in test_map_7
    res1, res2 = MetricsCalculator2.map([])
                 ^^^^^^^^^^^^^^^^^^
NameError: name 'MetricsCalculator2' is not defined. Did you mean: 'MetricsCalculator2Test'?

======================================================================
ERROR: test_map_8 (ClassEval_57_0.MetricsCalculator2TestMap.test_map_8)
----------------------------------------------------------------------
Traceback (most recent call last):
  File "/Users/snigdhaghoshdastidar/Desktop/CS540/classeval_evaluation/ClassEval_57_0.py", line 88, in test_map_8
    res1, res2 = MetricsCalculator2.map([([1, 0, 1, 1], 0), ([0, 1, 0, 0], 0)])
                 ^^^^^^^^^^^^^^^^^^
NameError: name 'MetricsCalculator2' is not defined. Did you mean: 'MetricsCalculator2Test'?

----------------------------------------------------------------------
Ran 8 tests in 0.033s

FAILED (errors=7)
EEEE
======================================================================
ERROR: test_metricscalculator2_1 (ClassEval_57_0.MetricsCalculator2Test.test_metricscalculator2_1)
----------------------------------------------------------------------
Traceback (most recent call last):
  File "/Users/snigdhaghoshdastidar/Desktop/CS540/classeval_evaluation/ClassEval_57_0.py", line 95, in test_metricscalculator2_1
    res1, res2 = MetricsCalculator2.mrr(([1, 0, 1, 0], 4))
                 ^^^^^^^^^^^^^^^^^^
NameError: name 'MetricsCalculator2' is not defined. Did you mean: 'MetricsCalculator2Test'?

======================================================================
ERROR: test_metricscalculator2_2 (ClassEval_57_0.MetricsCalculator2Test.test_metricscalculator2_2)
----------------------------------------------------------------------
Traceback (most recent call last):
  File "/Users/snigdhaghoshdastidar/Desktop/CS540/classeval_evaluation/ClassEval_57_0.py", line 100, in test_metricscalculator2_2
    res1, res2 = MetricsCalculator2.mrr([([1, 0, 1, 0], 4), ([0, 1, 0, 1], 4)])
                 ^^^^^^^^^^^^^^^^^^
NameError: name 'MetricsCalculator2' is not defined. Did you mean: 'MetricsCalculator2Test'?

======================================================================
ERROR: test_metricscalculator2_3 (ClassEval_57_0.MetricsCalculator2Test.test_metricscalculator2_3)
----------------------------------------------------------------------
Traceback (most recent call last):
  File "/Users/snigdhaghoshdastidar/Desktop/CS540/classeval_evaluation/ClassEval_57_0.py", line 105, in test_metricscalculator2_3
    res1, res2 = MetricsCalculator2.map(([1, 0, 1, 0], 4))
                 ^^^^^^^^^^^^^^^^^^
NameError: name 'MetricsCalculator2' is not defined. Did you mean: 'MetricsCalculator2Test'?

======================================================================
ERROR: test_metricscalculator2_4 (ClassEval_57_0.MetricsCalculator2Test.test_metricscalculator2_4)
----------------------------------------------------------------------
Traceback (most recent call last):
  File "/Users/snigdhaghoshdastidar/Desktop/CS540/classeval_evaluation/ClassEval_57_0.py", line 110, in test_metricscalculator2_4
    res1, res2 = MetricsCalculator2.map([([1, 0, 1, 0], 4), ([0, 1, 0, 1], 4)])
                 ^^^^^^^^^^^^^^^^^^
NameError: name 'MetricsCalculator2' is not defined. Did you mean: 'MetricsCalculator2Test'?

----------------------------------------------------------------------
Ran 4 tests in 0.012s

FAILED (errors=4)
EEEEE
======================================================================
ERROR: test_median (ClassEval_81_0.Statistics3TestMedian.test_median)
----------------------------------------------------------------------
Traceback (most recent call last):
  File "/Users/snigdhaghoshdastidar/Desktop/CS540/classeval_evaluation/ClassEval_81_0.py", line 7, in test_median
    statistics3 = Statistics3()
                  ^^^^^^^^^^^
NameError: name 'Statistics3' is not defined

======================================================================
ERROR: test_median_2 (ClassEval_81_0.Statistics3TestMedian.test_median_2)
----------------------------------------------------------------------
Traceback (most recent call last):
  File "/Users/snigdhaghoshdastidar/Desktop/CS540/classeval_evaluation/ClassEval_81_0.py", line 11, in test_median_2
    statistics3 = Statistics3()
                  ^^^^^^^^^^^
NameError: name 'Statistics3' is not defined

======================================================================
ERROR: test_median_3 (ClassEval_81_0.Statistics3TestMedian.test_median_3)
----------------------------------------------------------------------
Traceback (most recent call last):
  File "/Users/snigdhaghoshdastidar/Desktop/CS540/classeval_evaluation/ClassEval_81_0.py", line 15, in test_median_3
    statistics3 = Statistics3()
                  ^^^^^^^^^^^
NameError: name 'Statistics3' is not defined

======================================================================
ERROR: test_median_4 (ClassEval_81_0.Statistics3TestMedian.test_median_4)
----------------------------------------------------------------------
Traceback (most recent call last):
  File "/Users/snigdhaghoshdastidar/Desktop/CS540/classeval_evaluation/ClassEval_81_0.py", line 19, in test_median_4
    statistics3 = Statistics3()
                  ^^^^^^^^^^^
NameError: name 'Statistics3' is not defined

======================================================================
ERROR: test_median_5 (ClassEval_81_0.Statistics3TestMedian.test_median_5)
----------------------------------------------------------------------
Traceback (most recent call last):
  File "/Users/snigdhaghoshdastidar/Desktop/CS540/classeval_evaluation/ClassEval_81_0.py", line 23, in test_median_5
    statistics3 = Statistics3()
                  ^^^^^^^^^^^
NameError: name 'Statistics3' is not defined

----------------------------------------------------------------------
Ran 5 tests in 0.029s

FAILED (errors=5)
EEEEE
======================================================================
ERROR: test_mode (ClassEval_81_0.Statistics3TestMode.test_mode)
----------------------------------------------------------------------
Traceback (most recent call last):
  File "/Users/snigdhaghoshdastidar/Desktop/CS540/classeval_evaluation/ClassEval_81_0.py", line 28, in test_mode
    statistics3 = Statistics3()
                  ^^^^^^^^^^^
NameError: name 'Statistics3' is not defined

======================================================================
ERROR: test_mode_2 (ClassEval_81_0.Statistics3TestMode.test_mode_2)
----------------------------------------------------------------------
Traceback (most recent call last):
  File "/Users/snigdhaghoshdastidar/Desktop/CS540/classeval_evaluation/ClassEval_81_0.py", line 32, in test_mode_2
    statistics3 = Statistics3()
                  ^^^^^^^^^^^
NameError: name 'Statistics3' is not defined

======================================================================
ERROR: test_mode_3 (ClassEval_81_0.Statistics3TestMode.test_mode_3)
----------------------------------------------------------------------
Traceback (most recent call last):
  File "/Users/snigdhaghoshdastidar/Desktop/CS540/classeval_evaluation/ClassEval_81_0.py", line 36, in test_mode_3
    statistics3 = Statistics3()
                  ^^^^^^^^^^^
NameError: name 'Statistics3' is not defined

======================================================================
ERROR: test_mode_4 (ClassEval_81_0.Statistics3TestMode.test_mode_4)
----------------------------------------------------------------------
Traceback (most recent call last):
  File "/Users/snigdhaghoshdastidar/Desktop/CS540/classeval_evaluation/ClassEval_81_0.py", line 40, in test_mode_4
    statistics3 = Statistics3()
                  ^^^^^^^^^^^
NameError: name 'Statistics3' is not defined

======================================================================
ERROR: test_mode_5 (ClassEval_81_0.Statistics3TestMode.test_mode_5)
----------------------------------------------------------------------
Traceback (most recent call last):
  File "/Users/snigdhaghoshdastidar/Desktop/CS540/classeval_evaluation/ClassEval_81_0.py", line 44, in test_mode_5
    statistics3 = Statistics3()
                  ^^^^^^^^^^^
NameError: name 'Statistics3' is not defined

----------------------------------------------------------------------
Ran 5 tests in 0.012s

FAILED (errors=5)
EEEEE
======================================================================
ERROR: test_correlation (ClassEval_81_0.Statistics3TestCorrelation.test_correlation)
----------------------------------------------------------------------
Traceback (most recent call last):
  File "/Users/snigdhaghoshdastidar/Desktop/CS540/classeval_evaluation/ClassEval_81_0.py", line 49, in test_correlation
    statistics3 = Statistics3()
                  ^^^^^^^^^^^
NameError: name 'Statistics3' is not defined

======================================================================
ERROR: test_correlation_2 (ClassEval_81_0.Statistics3TestCorrelation.test_correlation_2)
----------------------------------------------------------------------
Traceback (most recent call last):
  File "/Users/snigdhaghoshdastidar/Desktop/CS540/classeval_evaluation/ClassEval_81_0.py", line 53, in test_correlation_2
    statistics3 = Statistics3()
                  ^^^^^^^^^^^
NameError: name 'Statistics3' is not defined

======================================================================
ERROR: test_correlation_3 (ClassEval_81_0.Statistics3TestCorrelation.test_correlation_3)
----------------------------------------------------------------------
Traceback (most recent call last):
  File "/Users/snigdhaghoshdastidar/Desktop/CS540/classeval_evaluation/ClassEval_81_0.py", line 57, in test_correlation_3
    statistics3 = Statistics3()
                  ^^^^^^^^^^^
NameError: name 'Statistics3' is not defined

======================================================================
ERROR: test_correlation_4 (ClassEval_81_0.Statistics3TestCorrelation.test_correlation_4)
----------------------------------------------------------------------
Traceback (most recent call last):
  File "/Users/snigdhaghoshdastidar/Desktop/CS540/classeval_evaluation/ClassEval_81_0.py", line 61, in test_correlation_4
    statistics3 = Statistics3()
                  ^^^^^^^^^^^
NameError: name 'Statistics3' is not defined

E.F======================================================================
ERROR: test_correlation_5 (ClassEval_81_0.Statistics3TestCorrelation.test_correlation_5)
----------------------------------------------------------------------
Traceback (most recent call last):
  File "/Users/snigdhaghoshdastidar/Desktop/CS540/classeval_evaluation/ClassEval_81_0.py", line 65, in test_correlation_5
    statistics3 = Statistics3()
                  ^^^^^^^^^^^
NameError: name 'Statistics3' is not defined

----------------------------------------------------------------------
Ran 5 tests in 0.036s

FAILED (errors=5)

======================================================================
ERROR: test_calculate_1 (ClassEval_16_0.CalculatorTestCalculate.test_calculate_1)
----------------------------------------------------------------------
Traceback (most recent call last):
  File "/Users/snigdhaghoshdastidar/Desktop/CS540/classeval_evaluation/ClassEval_16_0.py", line 98, in test_calculate_1
    res = calculator.calculate('1+2')
          ^^^^^^^^^^^^^^^^^^^^^^^^^^^
  File "/Users/snigdhaghoshdastidar/Desktop/CS540/classeval_evaluation/ClassEval_16_0.py", line 51, in calculate
    while operator_stack:
          ^^^^^^^^^^^^^^
func_timeout.dafunc.FunctionTimedOut-519683236782323134: Function run_unit_test (args=(<test_pipeline.AutoTest object at 0x11942a990>, 'ClassEval_16_0', 'CalculatorTestCalculate', 'WizardCoder_greedy_Mathematical_Operations')) (kwargs={}) timed out after 5.000000 seconds.


======================================================================
ERROR: test_calculate_2 (ClassEval_16_0.CalculatorTestCalculate.test_calculate_2)
----------------------------------------------------------------------
Traceback (most recent call last):
  File "/Users/snigdhaghoshdastidar/Desktop/CS540/classeval_evaluation/ClassEval_16_0.py", line 103, in test_calculate_2
    res = calculator.calculate('1+2*3')
          ^^^^^^^^^^^^^^^^^^^^^^^^^^^^^
  File "/Users/snigdhaghoshdastidar/Desktop/CS540/classeval_evaluation/ClassEval_16_0.py", line 51, in calculate
    while operator_stack:
          ^^^^^^^^^^^^^^
func_timeout.dafunc.FunctionTimedOut-519683236782323134: Function run_unit_test (args=(<test_pipeline.AutoTest object at 0x11942a990>, 'ClassEval_16_0', 'CalculatorTestCalculate', 'WizardCoder_greedy_Mathematical_Operations')) (kwargs={}) timed out after 5.000000 seconds.


======================================================================
ERROR: test_calculate_3 (ClassEval_16_0.CalculatorTestCalculate.test_calculate_3)
----------------------------------------------------------------------
Traceback (most recent call last):
  File "/Users/snigdhaghoshdastidar/Desktop/CS540/classeval_evaluation/ClassEval_16_0.py", line 108, in test_calculate_3
    res = calculator.calculate('1+2*3+4')
          ^^^^^^^^^^^^^^^^^^^^^^^^^^^^^^^
  File "/Users/snigdhaghoshdastidar/Desktop/CS540/classeval_evaluation/ClassEval_16_0.py", line 34, in calculate
    while operator_stack and self.precedence(char) <= self.precedence(operator_stack[-1]):
                                                      ^^^^^^^^^^^^^^^^^^^^^^^^^^^^^^^^^^^
  File "/Users/snigdhaghoshdastidar/Desktop/CS540/classeval_evaluation/ClassEval_16_0.py", line 59, in precedence
    def precedence(self, operator):
    
func_timeout.dafunc.FunctionTimedOut-519683236782323134: Function run_unit_test (args=(<test_pipeline.AutoTest object at 0x11942a990>, 'ClassEval_16_0', 'CalculatorTestCalculate', 'WizardCoder_greedy_Mathematical_Operations')) (kwargs={}) timed out after 5.000000 seconds.


======================================================================
ERROR: test_calculate_4 (ClassEval_16_0.CalculatorTestCalculate.test_calculate_4)
----------------------------------------------------------------------
Traceback (most recent call last):
  File "/Users/snigdhaghoshdastidar/Desktop/CS540/classeval_evaluation/ClassEval_16_0.py", line 113, in test_calculate_4
    res = calculator.calculate('1+2^3*2+4*5')
          ^^^^^^^^^^^^^^^^^^^^^^^^^^^^^^^^^^^
  File "/Users/snigdhaghoshdastidar/Desktop/CS540/classeval_evaluation/ClassEval_16_0.py", line 34, in calculate
    while operator_stack and self.precedence(char) <= self.precedence(operator_stack[-1]):
                                                      ^^^^^^^^^^^^^^^^^^^^^^^^^^^^^^^^^^^
  File "/Users/snigdhaghoshdastidar/Desktop/CS540/classeval_evaluation/ClassEval_16_0.py", line 59, in precedence
    def precedence(self, operator):
    
func_timeout.dafunc.FunctionTimedOut-519683236782323134: Function run_unit_test (args=(<test_pipeline.AutoTest object at 0x11942a990>, 'ClassEval_16_0', 'CalculatorTestCalculate', 'WizardCoder_greedy_Mathematical_Operations')) (kwargs={}) timed out after 5.000000 seconds.


EEEEE
======================================================================
ERROR: test_mean (ClassEval_81_0.Statistics3TestMean.test_mean)
----------------------------------------------------------------------
Traceback (most recent call last):
  File "/Users/snigdhaghoshdastidar/Desktop/CS540/classeval_evaluation/ClassEval_81_0.py", line 70, in test_mean
    statistics3 = Statistics3()
                  ^^^^^^^^^^^
NameError: name 'Statistics3' is not defined

======================================================================
ERROR: test_mean_2 (ClassEval_81_0.Statistics3TestMean.test_mean_2)
----------------------------------------------------------------------
Traceback (most recent call last):
  File "/Users/snigdhaghoshdastidar/Desktop/CS540/classeval_evaluation/ClassEval_81_0.py", line 74, in test_mean_2
    statistics3 = Statistics3()
                  ^^^^^^^^^^^
NameError: name 'Statistics3' is not defined

======================================================================
ERROR: test_mean_3 (ClassEval_81_0.Statistics3TestMean.test_mean_3)
----------------------------------------------------------------------
Traceback (most recent call last):
  File "/Users/snigdhaghoshdastidar/Desktop/CS540/classeval_evaluation/ClassEval_81_0.py", line 78, in test_mean_3
    statistics3 = Statistics3()
                  ^^^^^^^^^^^
NameError: name 'Statistics3' is not defined

======================================================================
ERROR: test_calculate_5 (ClassEval_16_0.CalculatorTestCalculate.test_calculate_5)
----------------------------------------------------------------------
Traceback (most recent call last):
  File "/Users/snigdhaghoshdastidar/Desktop/CS540/classeval_evaluation/ClassEval_16_0.py", line 118, in test_calculate_5
    res = calculator.calculate('1+2+3')
          ^^^^^^^^^^^^^^^^^^^^^^^^^^^^^
  File "/Users/snigdhaghoshdastidar/Desktop/CS540/classeval_evaluation/ClassEval_16_0.py", line 34, in calculate
    while operator_stack and self.precedence(char) <= self.precedence(operator_stack[-1]):
                             ^^^^^^^^^^^^^^^^^^^^^
  File "/Users/snigdhaghoshdastidar/Desktop/CS540/classeval_evaluation/ClassEval_16_0.py", line 59, in precedence
    def precedence(self, operator):
    
func_timeout.dafunc.FunctionTimedOut-519683236782323134: Function run_unit_test (args=(<test_pipeline.AutoTest object at 0x11942a990>, 'ClassEval_16_0', 'CalculatorTestCalculate', 'WizardCoder_greedy_Mathematical_Operations')) (kwargs={}) timed out after 5.000000 seconds.


======================================================================
ERROR: test_mean_4 (ClassEval_81_0.Statistics3TestMean.test_mean_4)
----------------------------------------------------------------------
Traceback (most recent call last):
  File "/Users/snigdhaghoshdastidar/Desktop/CS540/classeval_evaluation/ClassEval_81_0.py", line 82, in test_mean_4
    statistics3 = Statistics3()
                  ^^^^^^^^^^^
NameError: name 'Statistics3' is not defined

======================================================================
ERROR: test_calculate_6 (ClassEval_16_0.CalculatorTestCalculate.test_calculate_6)
----------------------------------------------------------------------
Traceback (most recent call last):
  File "/Users/snigdhaghoshdastidar/Desktop/CS540/classeval_evaluation/ClassEval_16_0.py", line 123, in test_calculate_6
    res = calculator.calculate('(1+2)+3')
          ^^^^^^^^^^^^^^^^^^^^^^^^^^^^^^^
  File "/Users/snigdhaghoshdastidar/Desktop/CS540/classeval_evaluation/ClassEval_16_0.py", line 40, in calculate
    while operator_stack and operator_stack[-1]!= '(':
                             ^^^^^^^^^^^^^^^^^^^^^^^^
func_timeout.dafunc.FunctionTimedOut-519683236782323134: Function run_unit_test (args=(<test_pipeline.AutoTest object at 0x11942a990>, 'ClassEval_16_0', 'CalculatorTestCalculate', 'WizardCoder_greedy_Mathematical_Operations')) (kwargs={}) timed out after 5.000000 seconds.


======================================================================
ERROR: test_mean_5 (ClassEval_81_0.Statistics3TestMean.test_mean_5)
----------------------------------------------------------------------
Traceback (most recent call last):
  File "/Users/snigdhaghoshdastidar/Desktop/CS540/classeval_evaluation/ClassEval_81_0.py", line 86, in test_mean_5
    statistics3 = Statistics3()
                  ^^^^^^^^^^^
NameError: name 'Statistics3' is not defined

======================================================================
FAIL: test_calculate_8 (ClassEval_16_0.CalculatorTestCalculate.test_calculate_8)
----------------------------------------------------------------------
Traceback (most recent call last):
  File "/Users/snigdhaghoshdastidar/Desktop/CS540/classeval_evaluation/ClassEval_16_0.py", line 134, in test_calculate_8
    self.assertEqual(res, 3)
AssertionError: None != 3

----------------------------------------------------------------------
Ran 5 tests in 0.012s

FAILED (errors=5)
----------------------------------------------------------------------
Ran 8 tests in 15.038s

FAILED (failures=1, errors=6)
EEEEE
======================================================================
ERROR: test_correlation_matrix (ClassEval_81_0.Statistics3TestCorrelationMatrix.test_correlation_matrix)
----------------------------------------------------------------------
Traceback (most recent call last):
  File "/Users/snigdhaghoshdastidar/Desktop/CS540/classeval_evaluation/ClassEval_81_0.py", line 91, in test_correlation_matrix
    statistics3 = Statistics3()
                  ^^^^^^^^^^^
NameError: name 'Statistics3' is not defined

======================================================================
ERROR: test_correlation_matrix_2 (ClassEval_81_0.Statistics3TestCorrelationMatrix.test_correlation_matrix_2)
----------------------------------------------------------------------
Traceback (most recent call last):
  File "/Users/snigdhaghoshdastidar/Desktop/CS540/classeval_evaluation/ClassEval_81_0.py", line 95, in test_correlation_matrix_2
    statistics3 = Statistics3()
                  ^^^^^^^^^^^
NameError: name 'Statistics3' is not defined

======================================================================
ERROR: test_correlation_matrix_3 (ClassEval_81_0.Statistics3TestCorrelationMatrix.test_correlation_matrix_3)
----------------------------------------------------------------------
Traceback (most recent call last):
  File "/Users/snigdhaghoshdastidar/Desktop/CS540/classeval_evaluation/ClassEval_81_0.py", line 99, in test_correlation_matrix_3
    statistics3 = Statistics3()
                  ^^^^^^^^^^^
NameError: name 'Statistics3' is not defined

======================================================================
ERROR: test_correlation_matrix_4 (ClassEval_81_0.Statistics3TestCorrelationMatrix.test_correlation_matrix_4)
----------------------------------------------------------------------
Traceback (most recent call last):
  File "/Users/snigdhaghoshdastidar/Desktop/CS540/classeval_evaluation/ClassEval_81_0.py", line 103, in test_correlation_matrix_4
    statistics3 = Statistics3()
                  ^^^^^^^^^^^
NameError: name 'Statistics3' is not defined

======================================================================
ERROR: test_correlation_matrix_5 (ClassEval_81_0.Statistics3TestCorrelationMatrix.test_correlation_matrix_5)
----------------------------------------------------------------------
Traceback (most recent call last):
  File "/Users/snigdhaghoshdastidar/Desktop/CS540/classeval_evaluation/ClassEval_81_0.py", line 107, in test_correlation_matrix_5
    statistics3 = Statistics3()
                  ^^^^^^^^^^^
NameError: name 'Statistics3' is not defined

----------------------------------------------------------------------
Ran 5 tests in 0.012s

FAILED (errors=5)
EEEEE
======================================================================
ERROR: test_standard_deviation (ClassEval_81_0.Statistics3TestStandardDeviation.test_standard_deviation)
----------------------------------------------------------------------
Traceback (most recent call last):
  File "/Users/snigdhaghoshdastidar/Desktop/CS540/classeval_evaluation/ClassEval_81_0.py", line 112, in test_standard_deviation
    statistics3 = Statistics3()
                  ^^^^^^^^^^^
NameError: name 'Statistics3' is not defined

======================================================================
ERROR: test_standard_deviation_2 (ClassEval_81_0.Statistics3TestStandardDeviation.test_standard_deviation_2)
----------------------------------------------------------------------
Traceback (most recent call last):
  File "/Users/snigdhaghoshdastidar/Desktop/CS540/classeval_evaluation/ClassEval_81_0.py", line 116, in test_standard_deviation_2
    statistics3 = Statistics3()
                  ^^^^^^^^^^^
NameError: name 'Statistics3' is not defined

======================================================================
ERROR: test_standard_deviation_3 (ClassEval_81_0.Statistics3TestStandardDeviation.test_standard_deviation_3)
----------------------------------------------------------------------
Traceback (most recent call last):
  File "/Users/snigdhaghoshdastidar/Desktop/CS540/classeval_evaluation/ClassEval_81_0.py", line 120, in test_standard_deviation_3
    statistics3 = Statistics3()
                  ^^^^^^^^^^^
NameError: name 'Statistics3' is not defined

======================================================================
ERROR: test_standard_deviation_4 (ClassEval_81_0.Statistics3TestStandardDeviation.test_standard_deviation_4)
----------------------------------------------------------------------
Traceback (most recent call last):
  File "/Users/snigdhaghoshdastidar/Desktop/CS540/classeval_evaluation/ClassEval_81_0.py", line 124, in test_standard_deviation_4
    statistics3 = Statistics3()
                  ^^^^^^^^^^^
NameError: name 'Statistics3' is not defined

======================================================================
ERROR: test_standard_deviation_5 (ClassEval_81_0.Statistics3TestStandardDeviation.test_standard_deviation_5)
----------------------------------------------------------------------
Traceback (most recent call last):
  File "/Users/snigdhaghoshdastidar/Desktop/CS540/classeval_evaluation/ClassEval_81_0.py", line 128, in test_standard_deviation_5
    statistics3 = Statistics3()
                  ^^^^^^^^^^^
NameError: name 'Statistics3' is not defined

----------------------------------------------------------------------
Ran 5 tests in 0.012s

FAILED (errors=5)
EEEEE
======================================================================
ERROR: test_z_score (ClassEval_81_0.Statistics3TestZScore.test_z_score)
----------------------------------------------------------------------
Traceback (most recent call last):
  File "/Users/snigdhaghoshdastidar/Desktop/CS540/classeval_evaluation/ClassEval_81_0.py", line 134, in test_z_score
    statistics3 = Statistics3()
                  ^^^^^^^^^^^
NameError: name 'Statistics3' is not defined

======================================================================
ERROR: test_z_score_2 (ClassEval_81_0.Statistics3TestZScore.test_z_score_2)
----------------------------------------------------------------------
Traceback (most recent call last):
  File "/Users/snigdhaghoshdastidar/Desktop/CS540/classeval_evaluation/ClassEval_81_0.py", line 138, in test_z_score_2
    statistics3 = Statistics3()
                  ^^^^^^^^^^^
NameError: name 'Statistics3' is not defined

======================================================================
ERROR: test_z_score_3 (ClassEval_81_0.Statistics3TestZScore.test_z_score_3)
----------------------------------------------------------------------
Traceback (most recent call last):
  File "/Users/snigdhaghoshdastidar/Desktop/CS540/classeval_evaluation/ClassEval_81_0.py", line 142, in test_z_score_3
    statistics3 = Statistics3()
                  ^^^^^^^^^^^
NameError: name 'Statistics3' is not defined

======================================================================
ERROR: test_z_score_4 (ClassEval_81_0.Statistics3TestZScore.test_z_score_4)
----------------------------------------------------------------------
Traceback (most recent call last):
  File "/Users/snigdhaghoshdastidar/Desktop/CS540/classeval_evaluation/ClassEval_81_0.py", line 146, in test_z_score_4
    statistics3 = Statistics3()
                  ^^^^^^^^^^^
NameError: name 'Statistics3' is not defined

======================================================================
ERROR: test_z_score_5 (ClassEval_81_0.Statistics3TestZScore.test_z_score_5)
----------------------------------------------------------------------
Traceback (most recent call last):
  File "/Users/snigdhaghoshdastidar/Desktop/CS540/classeval_evaluation/ClassEval_81_0.py", line 150, in test_z_score_5
    statistics3 = Statistics3()
                  ^^^^^^^^^^^
NameError: name 'Statistics3' is not defined

----------------------------------------------------------------------
Ran 5 tests in 0.015s

FAILED (errors=5)
E
======================================================================
ERROR: test_main (ClassEval_81_0.Statistics3TestMain.test_main)
----------------------------------------------------------------------
Traceback (most recent call last):
  File "/Users/snigdhaghoshdastidar/Desktop/CS540/classeval_evaluation/ClassEval_81_0.py", line 156, in test_main
    statistics3 = Statistics3()
                  ^^^^^^^^^^^
NameError: name 'Statistics3' is not defined

----------------------------------------------------------------------
Ran 1 test in 0.003s

FAILED (errors=1)
EEEEE
======================================================================
ERROR: test_cos_1 (ClassEval_88_0.TriCalculatorTestCos.test_cos_1)
----------------------------------------------------------------------
Traceback (most recent call last):
  File "/Users/snigdhaghoshdastidar/Desktop/CS540/classeval_evaluation/ClassEval_88_0.py", line 8, in test_cos_1
    tricalculator = TriCalculator()
                    ^^^^^^^^^^^^^
NameError: name 'TriCalculator' is not defined. Did you mean: 'TriCalculatorTest'?

======================================================================
ERROR: test_cos_2 (ClassEval_88_0.TriCalculatorTestCos.test_cos_2)
----------------------------------------------------------------------
Traceback (most recent call last):
  File "/Users/snigdhaghoshdastidar/Desktop/CS540/classeval_evaluation/ClassEval_88_0.py", line 12, in test_cos_2
    tricalculator = TriCalculator()
                    ^^^^^^^^^^^^^
NameError: name 'TriCalculator' is not defined. Did you mean: 'TriCalculatorTest'?

======================================================================
ERROR: test_cos_3 (ClassEval_88_0.TriCalculatorTestCos.test_cos_3)
----------------------------------------------------------------------
Traceback (most recent call last):
  File "/Users/snigdhaghoshdastidar/Desktop/CS540/classeval_evaluation/ClassEval_88_0.py", line 16, in test_cos_3
    tricalculator = TriCalculator()
                    ^^^^^^^^^^^^^
NameError: name 'TriCalculator' is not defined. Did you mean: 'TriCalculatorTest'?

======================================================================
ERROR: test_cos_4 (ClassEval_88_0.TriCalculatorTestCos.test_cos_4)
----------------------------------------------------------------------
Traceback (most recent call last):
  File "/Users/snigdhaghoshdastidar/Desktop/CS540/classeval_evaluation/ClassEval_88_0.py", line 20, in test_cos_4
    tricalculator = TriCalculator()
                    ^^^^^^^^^^^^^
NameError: name 'TriCalculator' is not defined. Did you mean: 'TriCalculatorTest'?

======================================================================
ERROR: test_cos_5 (ClassEval_88_0.TriCalculatorTestCos.test_cos_5)
----------------------------------------------------------------------
Traceback (most recent call last):
  File "/Users/snigdhaghoshdastidar/Desktop/CS540/classeval_evaluation/ClassEval_88_0.py", line 24, in test_cos_5
    tricalculator = TriCalculator()
                    ^^^^^^^^^^^^^
NameError: name 'TriCalculator' is not defined. Did you mean: 'TriCalculatorTest'?

----------------------------------------------------------------------
Ran 5 tests in 0.009s

FAILED (errors=5)
EEEEE
======================================================================
ERROR: test_factorial_1 (ClassEval_88_0.TriCalculatorTestFactorial.test_factorial_1)
----------------------------------------------------------------------
Traceback (most recent call last):
  File "/Users/snigdhaghoshdastidar/Desktop/CS540/classeval_evaluation/ClassEval_88_0.py", line 30, in test_factorial_1
    tricalculator = TriCalculator()
                    ^^^^^^^^^^^^^
NameError: name 'TriCalculator' is not defined. Did you mean: 'TriCalculatorTest'?

======================================================================
ERROR: test_factorial_2 (ClassEval_88_0.TriCalculatorTestFactorial.test_factorial_2)
----------------------------------------------------------------------
Traceback (most recent call last):
  File "/Users/snigdhaghoshdastidar/Desktop/CS540/classeval_evaluation/ClassEval_88_0.py", line 34, in test_factorial_2
    tricalculator = TriCalculator()
                    ^^^^^^^^^^^^^
NameError: name 'TriCalculator' is not defined. Did you mean: 'TriCalculatorTest'?

======================================================================
ERROR: test_factorial_3 (ClassEval_88_0.TriCalculatorTestFactorial.test_factorial_3)
----------------------------------------------------------------------
Traceback (most recent call last):
  File "/Users/snigdhaghoshdastidar/Desktop/CS540/classeval_evaluation/ClassEval_88_0.py", line 38, in test_factorial_3
    tricalculator = TriCalculator()
                    ^^^^^^^^^^^^^
NameError: name 'TriCalculator' is not defined. Did you mean: 'TriCalculatorTest'?

======================================================================
ERROR: test_factorial_4 (ClassEval_88_0.TriCalculatorTestFactorial.test_factorial_4)
----------------------------------------------------------------------
Traceback (most recent call last):
  File "/Users/snigdhaghoshdastidar/Desktop/CS540/classeval_evaluation/ClassEval_88_0.py", line 42, in test_factorial_4
    tricalculator = TriCalculator()
                    ^^^^^^^^^^^^^
NameError: name 'TriCalculator' is not defined. Did you mean: 'TriCalculatorTest'?

======================================================================
ERROR: test_factorial_5 (ClassEval_88_0.TriCalculatorTestFactorial.test_factorial_5)
----------------------------------------------------------------------
Traceback (most recent call last):
  File "/Users/snigdhaghoshdastidar/Desktop/CS540/classeval_evaluation/ClassEval_88_0.py", line 46, in test_factorial_5
    tricalculator = TriCalculator()
                    ^^^^^^^^^^^^^
NameError: name 'TriCalculator' is not defined. Did you mean: 'TriCalculatorTest'?

----------------------------------------------------------------------
Ran 5 tests in 0.009s

FAILED (errors=5)
EEEEE
======================================================================
ERROR: test_taylor_1 (ClassEval_88_0.TriCalculatorTestTaylor.test_taylor_1)
----------------------------------------------------------------------
Traceback (most recent call last):
  File "/Users/snigdhaghoshdastidar/Desktop/CS540/classeval_evaluation/ClassEval_88_0.py", line 52, in test_taylor_1
    tricalculator = TriCalculator()
                    ^^^^^^^^^^^^^
NameError: name 'TriCalculator' is not defined. Did you mean: 'TriCalculatorTest'?

======================================================================
ERROR: test_taylor_2 (ClassEval_88_0.TriCalculatorTestTaylor.test_taylor_2)
----------------------------------------------------------------------
Traceback (most recent call last):
  File "/Users/snigdhaghoshdastidar/Desktop/CS540/classeval_evaluation/ClassEval_88_0.py", line 56, in test_taylor_2
    tricalculator = TriCalculator()
                    ^^^^^^^^^^^^^
NameError: name 'TriCalculator' is not defined. Did you mean: 'TriCalculatorTest'?

======================================================================
ERROR: test_taylor_3 (ClassEval_88_0.TriCalculatorTestTaylor.test_taylor_3)
----------------------------------------------------------------------
Traceback (most recent call last):
  File "/Users/snigdhaghoshdastidar/Desktop/CS540/classeval_evaluation/ClassEval_88_0.py", line 60, in test_taylor_3
    tricalculator = TriCalculator()
                    ^^^^^^^^^^^^^
NameError: name 'TriCalculator' is not defined. Did you mean: 'TriCalculatorTest'?

======================================================================
ERROR: test_taylor_4 (ClassEval_88_0.TriCalculatorTestTaylor.test_taylor_4)
----------------------------------------------------------------------
Traceback (most recent call last):
  File "/Users/snigdhaghoshdastidar/Desktop/CS540/classeval_evaluation/ClassEval_88_0.py", line 64, in test_taylor_4
    tricalculator = TriCalculator()
                    ^^^^^^^^^^^^^
NameError: name 'TriCalculator' is not defined. Did you mean: 'TriCalculatorTest'?

======================================================================
ERROR: test_taylor_5 (ClassEval_88_0.TriCalculatorTestTaylor.test_taylor_5)
----------------------------------------------------------------------
Traceback (most recent call last):
  File "/Users/snigdhaghoshdastidar/Desktop/CS540/classeval_evaluation/ClassEval_88_0.py", line 68, in test_taylor_5
    tricalculator = TriCalculator()
                    ^^^^^^^^^^^^^
NameError: name 'TriCalculator' is not defined. Did you mean: 'TriCalculatorTest'?

----------------------------------------------------------------------
Ran 5 tests in 0.009s

FAILED (errors=5)
EEEEE
======================================================================
ERROR: test_sin_1 (ClassEval_88_0.TriCalculatorTestSin.test_sin_1)
----------------------------------------------------------------------
Traceback (most recent call last):
  File "/Users/snigdhaghoshdastidar/Desktop/CS540/classeval_evaluation/ClassEval_88_0.py", line 74, in test_sin_1
    tricalculator = TriCalculator()
                    ^^^^^^^^^^^^^
NameError: name 'TriCalculator' is not defined. Did you mean: 'TriCalculatorTest'?

======================================================================
ERROR: test_sin_2 (ClassEval_88_0.TriCalculatorTestSin.test_sin_2)
----------------------------------------------------------------------
Traceback (most recent call last):
  File "/Users/snigdhaghoshdastidar/Desktop/CS540/classeval_evaluation/ClassEval_88_0.py", line 78, in test_sin_2
    tricalculator = TriCalculator()
                    ^^^^^^^^^^^^^
NameError: name 'TriCalculator' is not defined. Did you mean: 'TriCalculatorTest'?

======================================================================
ERROR: test_sin_3 (ClassEval_88_0.TriCalculatorTestSin.test_sin_3)
----------------------------------------------------------------------
Traceback (most recent call last):
  File "/Users/snigdhaghoshdastidar/Desktop/CS540/classeval_evaluation/ClassEval_88_0.py", line 82, in test_sin_3
    tricalculator = TriCalculator()
                    ^^^^^^^^^^^^^
NameError: name 'TriCalculator' is not defined. Did you mean: 'TriCalculatorTest'?

======================================================================
ERROR: test_sin_4 (ClassEval_88_0.TriCalculatorTestSin.test_sin_4)
----------------------------------------------------------------------
Traceback (most recent call last):
  File "/Users/snigdhaghoshdastidar/Desktop/CS540/classeval_evaluation/ClassEval_88_0.py", line 86, in test_sin_4
    tricalculator = TriCalculator()
                    ^^^^^^^^^^^^^
NameError: name 'TriCalculator' is not defined. Did you mean: 'TriCalculatorTest'?

======================================================================
ERROR: test_sin_5 (ClassEval_88_0.TriCalculatorTestSin.test_sin_5)
----------------------------------------------------------------------
Traceback (most recent call last):
  File "/Users/snigdhaghoshdastidar/Desktop/CS540/classeval_evaluation/ClassEval_88_0.py", line 90, in test_sin_5
    tricalculator = TriCalculator()
                    ^^^^^^^^^^^^^
NameError: name 'TriCalculator' is not defined. Did you mean: 'TriCalculatorTest'?

----------------------------------------------------------------------
Ran 5 tests in 0.008s

FAILED (errors=5)
EEEEE
======================================================================
ERROR: test_tan_1 (ClassEval_88_0.TriCalculatorTestTan.test_tan_1)
----------------------------------------------------------------------
Traceback (most recent call last):
  File "/Users/snigdhaghoshdastidar/Desktop/CS540/classeval_evaluation/ClassEval_88_0.py", line 96, in test_tan_1
    tricalculator = TriCalculator()
                    ^^^^^^^^^^^^^
NameError: name 'TriCalculator' is not defined. Did you mean: 'TriCalculatorTest'?

======================================================================
ERROR: test_tan_2 (ClassEval_88_0.TriCalculatorTestTan.test_tan_2)
----------------------------------------------------------------------
Traceback (most recent call last):
  File "/Users/snigdhaghoshdastidar/Desktop/CS540/classeval_evaluation/ClassEval_88_0.py", line 100, in test_tan_2
    tricalculator = TriCalculator()
                    ^^^^^^^^^^^^^
NameError: name 'TriCalculator' is not defined. Did you mean: 'TriCalculatorTest'?

======================================================================
ERROR: test_tan_3 (ClassEval_88_0.TriCalculatorTestTan.test_tan_3)
----------------------------------------------------------------------
Traceback (most recent call last):
  File "/Users/snigdhaghoshdastidar/Desktop/CS540/classeval_evaluation/ClassEval_88_0.py", line 104, in test_tan_3
    tricalculator = TriCalculator()
                    ^^^^^^^^^^^^^
NameError: name 'TriCalculator' is not defined. Did you mean: 'TriCalculatorTest'?

======================================================================
ERROR: test_tan_4 (ClassEval_88_0.TriCalculatorTestTan.test_tan_4)
----------------------------------------------------------------------
Traceback (most recent call last):
  File "/Users/snigdhaghoshdastidar/Desktop/CS540/classeval_evaluation/ClassEval_88_0.py", line 108, in test_tan_4
    tricalculator = TriCalculator()
                    ^^^^^^^^^^^^^
NameError: name 'TriCalculator' is not defined. Did you mean: 'TriCalculatorTest'?

======================================================================
ERROR: test_tan_5 (ClassEval_88_0.TriCalculatorTestTan.test_tan_5)
----------------------------------------------------------------------
Traceback (most recent call last):
  File "/Users/snigdhaghoshdastidar/Desktop/CS540/classeval_evaluation/ClassEval_88_0.py", line 112, in test_tan_5
    tricalculator = TriCalculator()
                    ^^^^^^^^^^^^^
NameError: name 'TriCalculator' is not defined. Did you mean: 'TriCalculatorTest'?

----------------------------------------------------------------------
Ran 5 tests in 0.009s

FAILED (errors=5)
E
======================================================================
ERROR: test_tricalculator (ClassEval_88_0.TriCalculatorTest.test_tricalculator)
----------------------------------------------------------------------
Traceback (most recent call last):
  File "/Users/snigdhaghoshdastidar/Desktop/CS540/classeval_evaluation/ClassEval_88_0.py", line 118, in test_tricalculator
    tricalculator = TriCalculator()
                    ^^^^^^^^^^^^^
NameError: name 'TriCalculator' is not defined. Did you mean: 'TriCalculatorTest'?

----------------------------------------------------------------------
Ran 1 test in 0.002s

FAILED (errors=1)
